<?xml version="1.0" encoding="utf-16"?><ShowPlanXML xmlns:xsi="http://www.w3.org/2001/XMLSchema-instance" xmlns:xsd="http://www.w3.org/2001/XMLSchema" Version="1.481" Build="14.0.3192.2" xmlns="http://schemas.microsoft.com/sqlserver/2004/07/showplan"><BatchSequence><Batch><Statements><StmtSimple StatementCompId="2" StatementEstRows="1" StatementId="1" StatementOptmLevel="TRIVIAL" CardinalityEstimationModelVersion="140" StatementSubTreeCost="3.337E-06" StatementText="INSERT INTO Variable1&#xD;&#xA;VALUES&#xD;&#xA;    (?,?)" StatementType="INSERT" QueryHash="0xCABEF4AB686A4911" QueryPlanHash="0xE10E11625DB983B1" RetrievedFromCache="true" StatementSqlHandle="0x090082B9A942D71FBD0D8B07932F6323F6020000000000000000000000000000000000000000000000000000" DatabaseContextSettingsId="26" ParentObjectId="0" BatchSqlHandle="0x020000000E0AFD0A26BD750D22BC060A0D53233A05FAF2090000000000000000000000000000000000000000" StatementParameterizationType="0" SecurityPolicyApplied="false"><StatementSetOptions ANSI_NULLS="true" ANSI_PADDING="true" ANSI_WARNINGS="true" ARITHABORT="true" CONCAT_NULL_YIELDS_NULL="true" NUMERIC_ROUNDABORT="false" QUOTED_IDENTIFIER="true" /><QueryPlan DegreeOfParallelism="0" NonParallelPlanReason="CouldNotGenerateValidParallelPlan" CachedPlanSize="16" CompileTime="1" CompileCPU="1" CompileMemory="144"><MemoryGrantInfo SerialRequiredMemory="0" SerialDesiredMemory="0" /><OptimizerHardwareDependentProperties EstimatedAvailableMemoryGrant="1494220" EstimatedPagesCached="373555" EstimatedAvailableDegreeOfParallelism="2" MaxCompileMemory="37796832" /><TraceFlags IsCompileTime="true"><TraceFlag Value="460" Scope="Global" /><TraceFlag Value="1254" Scope="Global" /><TraceFlag Value="3226" Scope="Global" /><TraceFlag Value="7745" Scope="Global" /><TraceFlag Value="7752" Scope="Global" /><TraceFlag Value="9888" Scope="Global" /></TraceFlags><TraceFlags IsCompileTime="false"><TraceFlag Value="460" Scope="Global" /><TraceFlag Value="1254" Scope="Global" /><TraceFlag Value="3226" Scope="Global" /><TraceFlag Value="7745" Scope="Global" /><TraceFlag Value="7752" Scope="Global" /><TraceFlag Value="9888" Scope="Global" /></TraceFlags><QueryTimeStats CpuTime="0" ElapsedTime="0" /><RelOp AvgRowSize="9" EstimateCPU="1.8E-07" EstimateIO="0" EstimateRebinds="0" EstimateRewinds="0" EstimatedExecutionMode="Row" EstimateRows="1" LogicalOp="Assert" NodeId="0" Parallel="false" PhysicalOp="Assert" EstimatedTotalSubtreeCost="3.337E-06"><OutputList /><RunTimeInformation><RunTimeCountersPerThread Thread="0" ActualRows="1" Batches="0" ActualEndOfScans="1" ActualExecutions="1" ActualExecutionMode="Row" ActualElapsedms="0" ActualCPUms="0" /></RunTimeInformation><Assert StartupExpression="false"><RelOp AvgRowSize="11" EstimateCPU="2E-06" EstimateIO="0" EstimateRebinds="0" EstimateRewinds="0" EstimatedExecutionMode="Row" EstimateRows="1" LogicalOp="Insert" NodeId="1" Parallel="false" PhysicalOp="Table Insert" EstimatedTotalSubtreeCost="3.157E-06"><OutputList><ColumnReference Column="Column1" /></OutputList><RunTimeInformation><RunTimeCountersPerThread Thread="0" ActualRows="1" Batches="0" ActualEndOfScans="1" ActualExecutions="1" ActualExecutionMode="Row" ActualElapsedms="0" ActualCPUms="0" /></RunTimeInformation><ScalarInsert DMLRequestSort="false"><DefinedValues><DefinedValue><ColumnReference Column="Expr1003" /><ScalarOperator ScalarString="ScalarString1"><Const ConstValue="Value2" /></ScalarOperator></DefinedValue><DefinedValue><ColumnReference Column="Expr1004" /><ScalarOperator ScalarString="ScalarString1"><Const ConstValue="Value2" /></ScalarOperator></DefinedValue></DefinedValues><Object Table="Object19" Storage="MemoryOptimized" /><Object Table="Object19" Index="Index1" IndexKind="NonClustered" Storage="MemoryOptimized" /><SetPredicate><ScalarOperator ScalarString="ScalarString2"><ScalarExpressionList><ScalarOperator><MultipleAssign><Assign><ColumnReference Column="Column2" /><ScalarOperator><Identifier><ColumnReference Column="Expr1003" /></Identifier></ScalarOperator></Assign><Assign><ColumnReference Column="Column1" /><ScalarOperator><Identifier><ColumnReference Column="Expr1004" /></Identifier></ScalarOperator></Assign></MultipleAssign></ScalarOperator></ScalarExpressionList></ScalarOperator></SetPredicate></ScalarInsert></RelOp><Predicate><ScalarOperator ScalarString="ScalarString3"><IF><Condition><ScalarOperator><Logical Operation="OR"><ScalarOperator><Compare CompareOp="LT"><ScalarOperator><Identifier><ColumnReference Column="Column1" /></Identifier></ScalarOperator><ScalarOperator><Const ConstValue="Value15" /></ScalarOperator></Compare></ScalarOperator><ScalarOperator><Compare CompareOp="GT"><ScalarOperator><Identifier><ColumnReference Column="Column1" /></Identifier></ScalarOperator><ScalarOperator><Const ConstValue="Value16" /></ScalarOperator></Compare></ScalarOperator></Logical></ScalarOperator></Condition><Then><ScalarOperator><Const ConstValue="Value5" /></ScalarOperator></Then><Else><ScalarOperator><Const ConstValue="Value7" /></ScalarOperator></Else></IF></ScalarOperator></Predicate></Assert></RelOp></QueryPlan></StmtSimple></Statements></Batch><Batch><Statements><StmtSimple StatementCompId="12" StatementEstRows="1" StatementId="2" StatementOptmLevel="FULL" StatementOptmEarlyAbortReason="GoodEnoughPlanFound" CardinalityEstimationModelVersion="140" StatementSubTreeCost="6.594E-06" StatementText="IF EXISTS (SELECT ? FROM Variable1 WHERE Column1 NOT BETWEEN ? AND ?)&#xD;&#xA; " StatementType="COND WITH QUERY" QueryHash="0x3DCD22C3C1BB4887" QueryPlanHash="0xFF99B2D58A25DF02" RetrievedFromCache="true" StatementSqlHandle="0x0900141B8F89AB953FA86B67A9C3BC411FE30000000000000000000000000000000000000000000000000000" DatabaseContextSettingsId="26" ParentObjectId="922043362" StatementParameterizationType="0" SecurityPolicyApplied="false"><StatementSetOptions ANSI_NULLS="true" ANSI_PADDING="true" ANSI_WARNINGS="true" ARITHABORT="true" CONCAT_NULL_YIELDS_NULL="true" NUMERIC_ROUNDABORT="false" QUOTED_IDENTIFIER="true" /><QueryPlan DegreeOfParallelism="1" CachedPlanSize="16" CompileTime="1" CompileCPU="1" CompileMemory="1376"><MemoryGrantInfo SerialRequiredMemory="0" SerialDesiredMemory="0" /><OptimizerHardwareDependentProperties EstimatedAvailableMemoryGrant="1494220" EstimatedPagesCached="373555" EstimatedAvailableDegreeOfParallelism="2" MaxCompileMemory="37800600" /><TraceFlags IsCompileTime="true"><TraceFlag Value="460" Scope="Global" /><TraceFlag Value="1254" Scope="Global" /><TraceFlag Value="3226" Scope="Global" /><TraceFlag Value="7745" Scope="Global" /><TraceFlag Value="7752" Scope="Global" /><TraceFlag Value="9888" Scope="Global" /></TraceFlags><TraceFlags IsCompileTime="false"><TraceFlag Value="460" Scope="Global" /><TraceFlag Value="1254" Scope="Global" /><TraceFlag Value="3226" Scope="Global" /><TraceFlag Value="7745" Scope="Global" /><TraceFlag Value="7752" Scope="Global" /><TraceFlag Value="9888" Scope="Global" /></TraceFlags><QueryTimeStats CpuTime="0" ElapsedTime="0" /><RelOp AvgRowSize="11" EstimateCPU="1E-07" EstimateIO="0" EstimateRebinds="0" EstimateRewinds="0" EstimatedExecutionMode="Row" EstimateRows="1" LogicalOp="Compute Scalar" NodeId="0" Parallel="false" PhysicalOp="Compute Scalar" EstimatedTotalSubtreeCost="6.594E-06"><OutputList><ColumnReference Column="Expr1004" /></OutputList><ComputeScalar><DefinedValues><DefinedValue><ColumnReference Column="Expr1004" /><ScalarOperator ScalarString="ScalarString4"><IF><Condition><ScalarOperator><Identifier><ColumnReference Column="Expr1005" /></Identifier></ScalarOperator></Condition><Then><ScalarOperator><Const ConstValue="Value6" /></ScalarOperator></Then><Else><ScalarOperator><Const ConstValue="Value5" /></ScalarOperator></Else></IF></ScalarOperator></DefinedValue></DefinedValues><RelOp AvgRowSize="9" EstimateCPU="4.18E-06" EstimateIO="0" EstimateRebinds="0" EstimateRewinds="0" EstimatedExecutionMode="Row" EstimateRows="1" LogicalOp="Left Semi Join" NodeId="1" Parallel="false" PhysicalOp="Nested Loops" EstimatedTotalSubtreeCost="6.494E-06"><OutputList><ColumnReference Column="Expr1005" /></OutputList><RunTimeInformation><RunTimeCountersPerThread Thread="0" ActualRows="1" Batches="0" ActualEndOfScans="1" ActualExecutions="1" ActualExecutionMode="Row" ActualElapsedms="0" ActualCPUms="0" /></RunTimeInformation><NestedLoops Optimized="false"><DefinedValues><DefinedValue><ColumnReference Column="Expr1005" /></DefinedValue></DefinedValues><ProbeColumn><ColumnReference Column="Expr1005" /></ProbeColumn><RelOp AvgRowSize="9" EstimateCPU="1.157E-06" EstimateIO="0" EstimateRebinds="0" EstimateRewinds="0" EstimatedExecutionMode="Row" EstimateRows="1" LogicalOp="Constant Scan" NodeId="2" Parallel="false" PhysicalOp="Constant Scan" EstimatedTotalSubtreeCost="1.157E-06"><OutputList /><RunTimeInformation><RunTimeCountersPerThread Thread="0" ActualRows="1" Batches="0" ActualEndOfScans="1" ActualExecutions="1" ActualExecutionMode="Row" ActualElapsedms="0" ActualCPUms="0" /></RunTimeInformation><ConstantScan /></RelOp><RelOp AvgRowSize="9" EstimateCPU="1.157E-06" EstimateIO="0" EstimateRebinds="0" EstimateRewinds="0" EstimatedExecutionMode="Row" EstimateRows="1" LogicalOp="Constant Scan" NodeId="3" Parallel="false" PhysicalOp="Constant Scan" EstimatedTotalSubtreeCost="1.157E-06"><OutputList /><RunTimeInformation><RunTimeCountersPerThread Thread="0" ActualRows="0" Batches="0" ActualEndOfScans="1" ActualExecutions="1" ActualExecutionMode="Row" ActualElapsedms="0" ActualCPUms="0" /></RunTimeInformation><ConstantScan /></RelOp></NestedLoops></RelOp></ComputeScalar></RelOp></QueryPlan></StmtSimple></Statements></Batch><Batch><Statements><StmtSimple StatementCompId="16" StatementEstRows="1" StatementId="3" StatementOptmLevel="TRIVIAL" CardinalityEstimationModelVersion="140" StatementSubTreeCost="0.0004597" StatementText="SELECT&#xD;&#xA;&#x9;&#x9;Variable2 = COALESCE(Variable2, ?)&#xD;&#xA;&#x9;&#x9;+ ? + CONVERT(NVARCHAR(10), Column2)&#xD;&#xA;&#x9;&#x9;+ ? + CONVERT(NVARCHAR(10), Column1) + ?&#xD;&#xA;&#x9;FROM Variable1" StatementType="SELECT" QueryHash="0x0B006884D64C1F21" QueryPlanHash="0x15850E61CCFFE6EF" RetrievedFromCache="true" StatementSqlHandle="0x0900817B7E760EA8B3BCB67C6B9744B022260000000000000000000000000000000000000000000000000000" DatabaseContextSettingsId="26" ParentObjectId="922043362" BatchSqlHandle="0x03001700E243F536E68E6700B0AA000001000000000000000000000000000000000000000000000000000000" StatementParameterizationType="0" SecurityPolicyApplied="false"><StatementSetOptions ANSI_NULLS="true" ANSI_PADDING="true" ANSI_WARNINGS="true" ARITHABORT="true" CONCAT_NULL_YIELDS_NULL="true" NUMERIC_ROUNDABORT="false" QUOTED_IDENTIFIER="true" /><QueryPlan DegreeOfParallelism="0" NonParallelPlanReason="CouldNotGenerateValidParallelPlan" CachedPlanSize="16" CompileTime="0" CompileCPU="0" CompileMemory="1336"><Warnings><PlanAffectingConvert ConvertIssue="Cardinality Estimate" Expression="CONVERT(nvarchar(10),[ClientDistCtrID],0)" /><PlanAffectingConvert ConvertIssue="Cardinality Estimate" Expression="CONVERT(nvarchar(10),[Quantity],0)" /></Warnings><MemoryGrantInfo SerialRequiredMemory="0" SerialDesiredMemory="0" /><OptimizerHardwareDependentProperties EstimatedAvailableMemoryGrant="1494220" EstimatedPagesCached="373555" EstimatedAvailableDegreeOfParallelism="2" MaxCompileMemory="37800600" /><TraceFlags IsCompileTime="true"><TraceFlag Value="460" Scope="Global" /><TraceFlag Value="1254" Scope="Global" /><TraceFlag Value="3226" Scope="Global" /><TraceFlag Value="7745" Scope="Global" /><TraceFlag Value="7752" Scope="Global" /><TraceFlag Value="9888" Scope="Global" /></TraceFlags><TraceFlags IsCompileTime="false"><TraceFlag Value="460" Scope="Global" /><TraceFlag Value="1254" Scope="Global" /><TraceFlag Value="3226" Scope="Global" /><TraceFlag Value="7745" Scope="Global" /><TraceFlag Value="7752" Scope="Global" /><TraceFlag Value="9888" Scope="Global" /></TraceFlags><QueryTimeStats CpuTime="0" ElapsedTime="0" /><RelOp AvgRowSize="4035" EstimateCPU="1E-07" EstimateIO="0" EstimateRebinds="0" EstimateRewinds="0" EstimatedExecutionMode="Row" EstimateRows="1" LogicalOp="Compute Scalar" NodeId="0" Parallel="false" PhysicalOp="Compute Scalar" EstimatedTotalSubtreeCost="0.0004597"><OutputList><ColumnReference Column="Expr1003" /></OutputList><ComputeScalar><DefinedValues><DefinedValue><ColumnReference Column="Expr1003" /><ScalarOperator ScalarString="ScalarString5"><Arithmetic Operation="ADD"><ScalarOperator><Arithmetic Operation="ADD"><ScalarOperator><Arithmetic Operation="ADD"><ScalarOperator><Arithmetic Operation="ADD"><ScalarOperator><Arithmetic Operation="ADD"><ScalarOperator><IF><Condition><ScalarOperator><Compare CompareOp="IS NOT"><ScalarOperator><Identifier><ColumnReference Column="Column28" /></Identifier></ScalarOperator><ScalarOperator><Const ConstValue="Value7" /></ScalarOperator></Compare></ScalarOperator></Condition><Then><ScalarOperator><Identifier><ColumnReference Column="Column28" /></Identifier></ScalarOperator></Then><Else><ScalarOperator><Convert DataType="nvarchar(max)" Length="2147483647" Style="0" Implicit="true"><ScalarOperator><Const ConstValue="Value17" /></ScalarOperator></Convert></ScalarOperator></Else></IF></ScalarOperator><ScalarOperator><Const ConstValue="Value18" /></ScalarOperator></Arithmetic></ScalarOperator><ScalarOperator><Convert DataType="nvarchar" Length="20" Style="0" Implicit="false"><ScalarOperator><Identifier><ColumnReference Column="Column2" /></Identifier></ScalarOperator></Convert></ScalarOperator></Arithmetic></ScalarOperator><ScalarOperator><Const ConstValue="Value19" /></ScalarOperator></Arithmetic></ScalarOperator><ScalarOperator><Convert DataType="nvarchar" Length="20" Style="0" Implicit="false"><ScalarOperator><Identifier><ColumnReference Column="Column1" /></Identifier></ScalarOperator></Convert></ScalarOperator></Arithmetic></ScalarOperator><ScalarOperator><Const ConstValue="Value20" /></ScalarOperator></Arithmetic></ScalarOperator></DefinedValue></DefinedValues><RelOp AvgRowSize="15" EstimateCPU="0.0004596" EstimateIO="0" EstimateRebinds="0" EstimateRewinds="0" EstimatedExecutionMode="Row" EstimateRows="1" EstimatedRowsRead="1" LogicalOp="Index Scan" NodeId="1" Parallel="false" PhysicalOp="Index Scan" EstimatedTotalSubtreeCost="0.0004596" TableCardinality="1"><OutputList><ColumnReference Column="Column2" /><ColumnReference Column="Column1" /></OutputList><RunTimeInformation><RunTimeCountersPerThread Thread="0" ActualRows="1" Batches="0" ActualEndOfScans="1" ActualExecutions="1" ActualExecutionMode="Row" ActualElapsedms="0" ActualCPUms="0" /></RunTimeInformation><IndexScan Ordered="false" ForcedIndex="false" ForceSeek="false" ForceScan="false" NoExpandHint="false" Storage="MemoryOptimized"><DefinedValues><DefinedValue><ColumnReference Column="Column2" /></DefinedValue><DefinedValue><ColumnReference Column="Column1" /></DefinedValue></DefinedValues><Object Table="Object19" Index="Index2" IndexKind="NonClustered" Storage="MemoryOptimized" /></IndexScan></RelOp></ComputeScalar></RelOp><ParameterList><ColumnReference Column="Column28" ParameterDataType="nvarchar(max)" ParameterRuntimeValue="Value1" /></ParameterList></QueryPlan></StmtSimple></Statements></Batch><Batch><Statements><StmtSimple StatementCompId="18" StatementEstRows="1.04309" StatementId="4" StatementOptmLevel="FULL" StatementOptmEarlyAbortReason="GoodEnoughPlanFound" CardinalityEstimationModelVersion="140" StatementSubTreeCost="0.0065947" StatementText="SELECT&#xD;&#xA;&#x9;&#x9;&#x9;Variable3 = Object1.Column2&#xD;&#xA;&#x9;&#x9;FROM Schema1.Object2 Object1&#xD;&#xA;&#x9;&#x9;WHERE&#xD;&#xA;&#x9;&#x9;&#x9;Column3 = Variable4&#xD;&#xA;&#x9;&#x9;&#x9;AND Object1.Column4 = Variable5" StatementType="SELECT" QueryHash="0x59C6369A4283BD5A" QueryPlanHash="0x1FEF445143E68F81" RetrievedFromCache="true" StatementSqlHandle="0x09001266DF5BB9F141EBCC7165954FEE49ED0000000000000000000000000000000000000000000000000000" DatabaseContextSettingsId="26" ParentObjectId="922043362" StatementParameterizationType="0" SecurityPolicyApplied="false"><StatementSetOptions ANSI_NULLS="true" ANSI_PADDING="true" ANSI_WARNINGS="true" ARITHABORT="true" CONCAT_NULL_YIELDS_NULL="true" NUMERIC_ROUNDABORT="false" QUOTED_IDENTIFIER="true" /><QueryPlan DegreeOfParallelism="1" CachedPlanSize="32" CompileTime="2" CompileCPU="2" CompileMemory="1632"><MemoryGrantInfo SerialRequiredMemory="0" SerialDesiredMemory="0" /><OptimizerHardwareDependentProperties EstimatedAvailableMemoryGrant="1494220" EstimatedPagesCached="373555" EstimatedAvailableDegreeOfParallelism="2" MaxCompileMemory="37800600" /><OptimizerStatsUsage><StatisticsInfo Database="Database1" Schema="Schema1" Table="Object2" Statistics="[IX_SellerItem_ItemQtyID_ClientID]" ModificationCount="14214" SamplingPercent="10.1051" LastUpdate="2020-01-21T13:30:10.24" /><StatisticsInfo Database="Database1" Schema="Schema1" Table="Object2" Statistics="[IX_SellerItem_CreateDateLTz]" ModificationCount="14174" SamplingPercent="10.0615" LastUpdate="2020-01-21T13:29:18.2" /><StatisticsInfo Database="Database1" Schema="Schema1" Table="Object2" Statistics="[_WA_Sys_00000003_613EECBB]" ModificationCount="14174" SamplingPercent="9.75156" LastUpdate="2020-01-21T13:30:16.11" /><StatisticsInfo Database="Database1" Schema="Schema1" Table="Object2" Statistics="[IX_SellerItem_ClassID_ProfileID_PartitionID]" ModificationCount="102018" SamplingPercent="10.7726" LastUpdate="2020-01-30T09:25:05.45" /><StatisticsInfo Database="Database1" Schema="Schema1" Table="Object2" Statistics="[_WA_Sys_00000004_613EECBB]" ModificationCount="14174" SamplingPercent="10.296" LastUpdate="2020-01-21T13:29:06.35" /><StatisticsInfo Database="Database1" Schema="Schema1" Table="Object2" Statistics="[_WA_Sys_00000006_613EECBB]" ModificationCount="102021" SamplingPercent="10.1733" LastUpdate="2020-01-30T09:25:01.09" /><StatisticsInfo Database="Database1" Schema="Schema1" Table="Object2" Statistics="[IX_SellerItem_PoolID_SKU]" ModificationCount="13275" SamplingPercent="100" LastUpdate="2020-01-23T03:33:26.68" /><StatisticsInfo Database="Database1" Schema="Schema1" Table="Object2" Statistics="[IX_SellerItem_ProfileID]" ModificationCount="14174" SamplingPercent="10.0303" LastUpdate="2020-01-21T13:30:04.85" /><StatisticsInfo Database="Database1" Schema="Schema1" Table="Object2" Statistics="[PK_SellerItem]" ModificationCount="6501" SamplingPercent="100" LastUpdate="2020-01-28T03:09:12.72" /><StatisticsInfo Database="Database1" Schema="Schema1" Table="Object2" Statistics="[UIX_SellerItem_ItemID_ProfileID]" ModificationCount="13275" SamplingPercent="100" LastUpdate="2020-01-23T03:34:51.14" /><StatisticsInfo Database="Database1" Schema="Schema1" Table="Object2" Statistics="[UIX_SellerItem_SKU_DeletedID]" ModificationCount="13287" SamplingPercent="100" LastUpdate="2020-01-23T03:33:06.37" /><StatisticsInfo Database="Database1" Schema="Schema1" Table="Object2" Statistics="[IX_SellerItem_RelationshipInstanceID_ProfileID]" ModificationCount="83735" SamplingPercent="10.5031" LastUpdate="2020-01-21T13:30:08.53" /><StatisticsInfo Database="Database1" Schema="Schema1" Table="Object2" Statistics="[IX_SellerItem_BlockDateGMT_Status]" ModificationCount="102018" SamplingPercent="9.9875" LastUpdate="2020-01-30T09:25:37.92" /></OptimizerStatsUsage><TraceFlags IsCompileTime="true"><TraceFlag Value="460" Scope="Global" /><TraceFlag Value="1254" Scope="Global" /><TraceFlag Value="3226" Scope="Global" /><TraceFlag Value="7745" Scope="Global" /><TraceFlag Value="7752" Scope="Global" /><TraceFlag Value="9888" Scope="Global" /></TraceFlags><TraceFlags IsCompileTime="false"><TraceFlag Value="460" Scope="Global" /><TraceFlag Value="1254" Scope="Global" /><TraceFlag Value="3226" Scope="Global" /><TraceFlag Value="7745" Scope="Global" /><TraceFlag Value="7752" Scope="Global" /><TraceFlag Value="9888" Scope="Global" /></TraceFlags><QueryTimeStats CpuTime="0" ElapsedTime="0" /><RelOp AvgRowSize="11" EstimateCPU="4.36012E-06" EstimateIO="0" EstimateRebinds="0" EstimateRewinds="0" EstimatedExecutionMode="Row" EstimateRows="1.04309" LogicalOp="Inner Join" NodeId="0" Parallel="false" PhysicalOp="Nested Loops" EstimatedTotalSubtreeCost="0.0065947"><OutputList><ColumnReference Database="Database1" Schema="Schema1" Table="Object2" Alias="Object1" Column="Column2" /></OutputList><RunTimeInformation><RunTimeCountersPerThread Thread="0" ActualRows="1" Batches="0" ActualEndOfScans="1" ActualExecutions="1" ActualExecutionMode="Row" ActualElapsedms="0" ActualCPUms="0" /></RunTimeInformation><NestedLoops Optimized="false"><OuterReferences><ColumnReference Database="Database1" Schema="Schema1" Table="Object2" Alias="Object1" Column="Column13" /><ColumnReference Database="Database1" Schema="Schema1" Table="Object2" Alias="Object1" Column="Column14" /><ColumnReference Database="Database1" Schema="Schema1" Table="Object2" Alias="Object1" Column="Column15" /></OuterReferences><RelOp AvgRowSize="16" EstimateCPU="0.000158147" EstimateIO="0.003125" EstimateRebinds="0" EstimateRewinds="0" EstimatedExecutionMode="Row" EstimateRows="1.04309" EstimatedRowsRead="1.04309" LogicalOp="Index Seek" NodeId="1" Parallel="false" PhysicalOp="Index Seek" EstimatedTotalSubtreeCost="0.00328315" TableCardinality="2472910"><OutputList><ColumnReference Database="Database1" Schema="Schema1" Table="Object2" Alias="Object1" Column="Column13" /><ColumnReference Database="Database1" Schema="Schema1" Table="Object2" Alias="Object1" Column="Column14" /><ColumnReference Database="Database1" Schema="Schema1" Table="Object2" Alias="Object1" Column="Column15" /></OutputList><RunTimeInformation><RunTimeCountersPerThread Thread="0" ActualRows="1" ActualRowsRead="1" Batches="0" ActualEndOfScans="1" ActualExecutions="1" ActualExecutionMode="Row" ActualElapsedms="0" ActualCPUms="0" ActualScans="1" ActualLogicalReads="3" ActualPhysicalReads="0" ActualReadAheads="0" ActualLobLogicalReads="0" ActualLobPhysicalReads="0" ActualLobReadAheads="0" /></RunTimeInformation><IndexScan Ordered="true" ScanDirection="FORWARD" ForcedIndex="false" ForceSeek="false" ForceScan="false" NoExpandHint="false" Storage="RowStore"><DefinedValues><DefinedValue><ColumnReference Database="Database1" Schema="Schema1" Table="Object2" Alias="Object1" Column="Column13" /></DefinedValue><DefinedValue><ColumnReference Database="Database1" Schema="Schema1" Table="Object2" Alias="Object1" Column="Column14" /></DefinedValue><DefinedValue><ColumnReference Database="Database1" Schema="Schema1" Table="Object2" Alias="Object1" Column="Column15" /></DefinedValue></DefinedValues><Object Database="Database1" Schema="Schema1" Table="Object2" Index="Index3" Alias="Object1" IndexKind="NonClustered" Storage="RowStore" /><SeekPredicates><SeekPredicateNew><SeekKeys><Prefix ScanType="EQ"><RangeColumns><ColumnReference Database="Database1" Schema="Schema1" Table="Object2" Alias="Object1" Column="Column3" /><ColumnReference Database="Database1" Schema="Schema1" Table="Object2" Alias="Object1" Column="Column4" /></RangeColumns><RangeExpressions><ScalarOperator ScalarString="ScalarString6"><Identifier><ColumnReference Column="Column29" /></Identifier></ScalarOperator><ScalarOperator ScalarString="ScalarString7"><Identifier><ColumnReference Column="Column30" /></Identifier></ScalarOperator></RangeExpressions></Prefix></SeekKeys></SeekPredicateNew></SeekPredicates></IndexScan></RelOp><RelOp AvgRowSize="11" EstimateCPU="0.0001581" EstimateIO="0.003125" EstimateRebinds="0.0430914" EstimateRewinds="0" EstimatedExecutionMode="Row" EstimateRows="1" LogicalOp="Clustered Index Seek" NodeId="3" Parallel="false" PhysicalOp="Clustered Index Seek" EstimatedTotalSubtreeCost="0.00330719" TableCardinality="2472910"><OutputList><ColumnReference Database="Database1" Schema="Schema1" Table="Object2" Alias="Object1" Column="Column2" /></OutputList><RunTimeInformation><RunTimeCountersPerThread Thread="0" ActualRows="1" ActualRowsRead="1" Batches="0" ActualEndOfScans="0" ActualExecutions="1" ActualExecutionMode="Row" ActualElapsedms="0" ActualCPUms="0" ActualScans="0" ActualLogicalReads="3" ActualPhysicalReads="0" ActualReadAheads="0" ActualLobLogicalReads="0" ActualLobPhysicalReads="0" ActualLobReadAheads="0" /></RunTimeInformation><IndexScan Lookup="true" Ordered="true" ScanDirection="FORWARD" ForcedIndex="false" ForceSeek="false" ForceScan="false" NoExpandHint="false" Storage="RowStore"><DefinedValues><DefinedValue><ColumnReference Database="Database1" Schema="Schema1" Table="Object2" Alias="Object1" Column="Column2" /></DefinedValue></DefinedValues><Object Database="Database1" Schema="Schema1" Table="Object2" Index="Index4" Alias="Object1" TableReferenceId="-1" IndexKind="Clustered" Storage="RowStore" /><SeekPredicates><SeekPredicateNew><SeekKeys><Prefix ScanType="EQ"><RangeColumns><ColumnReference Database="Database1" Schema="Schema1" Table="Object2" Alias="Object1" Column="Column13" /><ColumnReference Database="Database1" Schema="Schema1" Table="Object2" Alias="Object1" Column="Column14" /><ColumnReference Database="Database1" Schema="Schema1" Table="Object2" Alias="Object1" Column="Column15" /></RangeColumns><RangeExpressions><ScalarOperator ScalarString="ScalarString8"><Identifier><ColumnReference Database="Database1" Schema="Schema1" Table="Object2" Alias="Object1" Column="Column13" /></Identifier></ScalarOperator><ScalarOperator ScalarString="ScalarString9"><Identifier><ColumnReference Database="Database1" Schema="Schema1" Table="Object2" Alias="Object1" Column="Column14" /></Identifier></ScalarOperator><ScalarOperator ScalarString="ScalarString10"><Identifier><ColumnReference Database="Database1" Schema="Schema1" Table="Object2" Alias="Object1" Column="Column15" /></Identifier></ScalarOperator></RangeExpressions></Prefix></SeekKeys></SeekPredicateNew></SeekPredicates></IndexScan></RelOp></NestedLoops></RelOp><ParameterList><ColumnReference Column="Column31" ParameterDataType="int" ParameterRuntimeValue="Value2" /><ColumnReference Column="Column30" ParameterDataType="int" ParameterCompiledValue="Value3" ParameterRuntimeValue="Value3" /><ColumnReference Column="Column29" ParameterDataType="bigint" ParameterCompiledValue="Value4" ParameterRuntimeValue="Value4" /></ParameterList></QueryPlan></StmtSimple></Statements></Batch><Batch><Statements><StmtSimple StatementCompId="60" StatementEstRows="1" StatementId="5" StatementOptmLevel="FULL" StatementOptmEarlyAbortReason="GoodEnoughPlanFound" CardinalityEstimationModelVersion="140" StatementSubTreeCost="0.0922716" StatementText="WITH Object3 AS&#xD;&#xA;&#x9;&#x9;(&#xD;&#xA;&#x9;&#x9;&#x9;SELECT&#xD;&#xA;&#x9;&#x9;&#x9;&#x9;Column5,&#xD;&#xA;&#x9;&#x9;&#x9;&#x9;Function1(Column6) AS Column6&#xD;&#xA;&#x9;&#x9;&#x9;FROM Variable6&#xD;&#xA;&#x9;&#x9;&#x9;GROUP BY&#xD;&#xA;&#x9;&#x9;&#x9;&#x9;Column5&#xD;&#xA;&#x9;&#x9;),&#xD;&#xA;&#x9;&#x9;Object4 AS&#xD;&#xA;&#x9;&#x9;(&#xD;&#xA;&#x9;&#x9;&#x9;SELECT&#xD;&#xA;&#x9;&#x9;&#x9;&#x9;Function2(Object5.Column2, Object6.Column2) AS Column2,&#xD;&#xA;&#x9;&#x9;&#x9;&#x9;CASE WHEN Object5.Column2 IS NULL&#xD;&#xA;&#x9;&#x9;&#x9;&#x9;&#x9;THEN CASE Variable7 WHEN 1 THEN Function2(?,?) ELSE ? END&#xD;&#xA;&#x9;&#x9;&#x9;&#x9;&#x9;ELSE Function2(Object5.Column1, Object6.Column1) END AS Column1,&#xD;&#xA;&#x9;&#x9;&#x9;&#x9;Function2(CASE WHEN Variable8 = ? AND Object5.Column2 &gt;= ? THEN ? ELSE Object5.Column2 END, Object6.Column5) AS Column5&#xD;&#xA;&#x9;&#x9;&#x9;FROM Variable1 dcqt&#xD;&#xA;&#x9;&#x9;&#x9;FULL OUTER JOIN&#xD;&#xA;&#x9;&#x9;&#x9;(&#xD;&#xA;&#x9;&#x9;&#x9;&#x9;SELECT&#xD;&#xA;&#x9;&#x9;&#x9;&#x9;&#x9;Column2,&#xD;&#xA;&#x9;&#x9;&#x9;&#x9;&#x9;Column1,&#xD;&#xA;&#x9;&#x9;&#x9;&#x9;&#x9;Column5&#xD;&#xA;&#x9;&#x9;&#x9;&#x9;FROM Schema1.Object7&#xD;&#xA;&#x9;&#x9;&#x9;&#x9;WHERE&#xD;&#xA;&#x9;&#x9;&#x9;&#x9;&#x9;Column4 = Variable5&#xD;&#xA;&#x9;&#x9;&#x9;&#x9;&#x9;AND Column3 = Variable4&#xD;&#xA;&#x9;&#x9;&#x9;) Object6&#xD;&#xA;&#x9;&#x9;&#x9;&#x9;ON Object6.Column5 = CASE WHEN Variable8 = ? AND Object5.Column2 &gt;= ? THEN ? ELSE Object5.Column2 END&#xD;&#xA;&#x9;&#x9;&#x9;WHERE&#xD;&#xA;&#x9;&#x9;&#x9;&#x9;Function2(Object5.Column2, Object6.Column2) &gt;= ?&#xD;&#xA;&#x9;&#x9;)&#xD;&#xA;&#x9;&#x9;UPDATE Object6&#xD;&#xA;&#x9;&#x9;SET&#xD;&#xA;&#x9;&#x9;&#x9;Column1 = CASE WHEN (Variable7 = ?)&#xD;&#xA;&#x9;&#x9;&#x9;&#x9;THEN Object6.Column1 WHEN Variable7 = ? THEN Object5.Column1 WHEN Variable7 = ? THEN Object6.Column1 + Object5.Column1 ELSE Object5.Column1 - Function2(Object8.Column6,?)&#xD;&#xA;&#x9;&#x9;&#x9;&#x9;END,&#xD;&#xA;&#x9;&#x9;&#x9;Column7 = CASE WHEN (Variable7 &gt; ? OR (Variable7 = ? AND Object6.Column1 &lt;&gt; Object5.Column1))&#xD;&#xA;&#x9;&#x9;&#x9;&#x9;THEN Function3() ELSE Object6.Column7 END&#xD;&#xA;&#x9;&#x9;OUTPUT&#xD;&#xA;&#x9;&#x9;&#x9;Object9.Column2,&#xD;&#xA;&#x9;&#x9;&#x9;Object10.Column1,&#xD;&#xA;&#x9;&#x9;&#x9;Object9.Column1,&#xD;&#xA;&#x9;&#x9;&#x9;Variable5,&#xD;&#xA;&#x9;&#x9;&#x9;Variable4,&#xD;&#xA;&#x9;&#x9;&#x9;Object9.Column8,&#xD;&#xA;&#x9;&#x9;&#x9;Object9.Column5&#xD;&#xA;&#x9;&#x9;INTO Variable9&#xD;&#xA;&#x9;&#x9;(&#xD;&#xA;&#x9;&#x9;&#x9;Column2,&#xD;&#xA;&#x9;&#x9;&#x9;Column9,&#xD;&#xA;&#x9;&#x9;&#x9;Column10,&#xD;&#xA;&#x9;&#x9;&#x9;Column4,&#xD;&#xA;&#x9;&#x9;&#x9;Column3,&#xD;&#xA;&#x9;&#x9;&#x9;Column8,&#xD;&#xA;&#x9;&#x9;&#x9;Column5&#xD;&#xA;&#x9;&#x9;)&#xD;&#xA;&#x9;&#x9;FROM Schema1.Object7 Object6&#xD;&#xA;&#x9;&#x9;INNER JOIN Object4 Object5&#xD;&#xA;&#x9;&#x9;&#x9;ON Object6.Column5 = Object5.Column5&#xD;&#xA;&#x9;&#x9;&#x9;AND Object6.Column4 = Variable5&#xD;&#xA;&#x9;&#x9;&#x9;AND Object6.Column3 = Variable4&#xD;&#xA;&#x9;&#x9;LEFT JOIN Object3 Object8&#xD;&#xA;&#x9;&#x9;&#x9;ON Object6.Column5 = Object8.Column5&#xD;&#xA;&#x9;&#x9;WHERE&#xD;&#xA;&#x9;&#x9;&#x9;Object6.Column3 = Variable4&#xD;&#xA;&#x9;&#x9;&#x9;AND Object6.Column4 = Variable5&#xD;&#xA;&#x9;&#x9;&#x9;AND Variable10 &lt; ?" StatementType="UPDATE" QueryHash="0x1DF7B6295B8F056A" QueryPlanHash="0x7C84618567E565AB" RetrievedFromCache="true" StatementSqlHandle="0x0900D2F79DB384B69752646683148F3CD1650000000000000000000000000000000000000000000000000000" DatabaseContextSettingsId="26" ParentObjectId="922043362" BatchSqlHandle="0x03001700E243F536E68E6700B0AA000001000000000000000000000000000000000000000000000000000000" StatementParameterizationType="0" SecurityPolicyApplied="false"><StatementSetOptions ANSI_NULLS="true" ANSI_PADDING="true" ANSI_WARNINGS="true" ARITHABORT="true" CONCAT_NULL_YIELDS_NULL="true" NUMERIC_ROUNDABORT="false" QUOTED_IDENTIFIER="true" /><QueryPlan DegreeOfParallelism="0" NonParallelPlanReason="CouldNotGenerateValidParallelPlan" MemoryGrant="1024" CachedPlanSize="392" CompileTime="389" CompileCPU="216" CompileMemory="2936"><MemoryGrantInfo SerialRequiredMemory="640" SerialDesiredMemory="704" RequiredMemory="640" DesiredMemory="704" RequestedMemory="1024" GrantWaitTime="0" GrantedMemory="1024" MaxUsedMemory="16" MaxQueryMemory="11097448" /><OptimizerHardwareDependentProperties EstimatedAvailableMemoryGrant="1494220" EstimatedPagesCached="373555" EstimatedAvailableDegreeOfParallelism="2" MaxCompileMemory="37517560" /><OptimizerStatsUsage><StatisticsInfo Database="Database1" Schema="Schema1" Table="Object7" Statistics="[PK_QuantityXDistributionCenter]" ModificationCount="0" SamplingPercent="100" LastUpdate="2020-01-31T05:47:27.44" /><StatisticsInfo Database="Database1" Schema="Schema1" Table="Object7" Statistics="[_WA_Sys_0000000C_57B58281]" ModificationCount="13068" SamplingPercent="9.95089" LastUpdate="2020-01-21T13:32:06.29" /><StatisticsInfo Database="Database1" Schema="Schema1" Table="Object7" Statistics="[IX_QuantityXDistributionCenter_ClientID_ItemQtyID_ClientDistCtrID]" ModificationCount="12442" SamplingPercent="100" LastUpdate="2020-01-23T03:27:28.17" /><StatisticsInfo Database="Database1" Schema="Schema1" Table="Object20" Statistics="[_WA_Sys_00000003_46E0C791]" ModificationCount="0" SamplingPercent="4.96768" LastUpdate="2020-02-10T11:40:00.9" /><StatisticsInfo Database="Database1" Schema="Schema1" Table="Object7" Statistics="[_WA_Sys_0000000B_57B58281]" ModificationCount="98899" SamplingPercent="9.95089" LastUpdate="2020-01-21T13:32:12.55" /><StatisticsInfo Database="Database1" Schema="Schema1" Table="Object7" Statistics="[_WA_Sys_00000002_57B58281]" ModificationCount="13064" SamplingPercent="9.87463" LastUpdate="2020-01-21T13:32:09.32" /><StatisticsInfo Database="Database1" Schema="Schema1" Table="Object20" Statistics="[_WA_Sys_00000002_46E0C791]" ModificationCount="0" SamplingPercent="4.96768" LastUpdate="2020-02-10T11:40:00.76" /><StatisticsInfo Database="Database1" Schema="Schema1" Table="Object7" Statistics="[UIX_QuantityXDistributionCenter_CDCUniqueID_ItemQtyID_ClientID]" ModificationCount="98899" SamplingPercent="9.95089" LastUpdate="2020-01-21T13:32:15.23" /><StatisticsInfo Database="Database1" Schema="Schema1" Table="Object20" Statistics="[UIX_vSellerItemQty_ItemQtyID]" ModificationCount="0" SamplingPercent="100" LastUpdate="2020-02-10T11:39:55.64" /></OptimizerStatsUsage><TraceFlags IsCompileTime="true"><TraceFlag Value="460" Scope="Global" /><TraceFlag Value="1254" Scope="Global" /><TraceFlag Value="3226" Scope="Global" /><TraceFlag Value="7745" Scope="Global" /><TraceFlag Value="7752" Scope="Global" /><TraceFlag Value="9888" Scope="Global" /></TraceFlags><TraceFlags IsCompileTime="false"><TraceFlag Value="460" Scope="Global" /><TraceFlag Value="1254" Scope="Global" /><TraceFlag Value="3226" Scope="Global" /><TraceFlag Value="7745" Scope="Global" /><TraceFlag Value="7752" Scope="Global" /><TraceFlag Value="9888" Scope="Global" /></TraceFlags><QueryTimeStats CpuTime="1" ElapsedTime="1" /><RelOp AvgRowSize="9" EstimateCPU="2E-06" EstimateIO="0" EstimateRebinds="0" EstimateRewinds="0" EstimatedExecutionMode="Row" EstimateRows="1" LogicalOp="Insert" NodeId="0" Parallel="false" PhysicalOp="Table Insert" EstimatedTotalSubtreeCost="0.0922716"><OutputList /><RunTimeInformation><RunTimeCountersPerThread Thread="0" ActualRows="1" Batches="0" ActualEndOfScans="1" ActualExecutions="1" ActualExecutionMode="Row" ActualElapsedms="1" ActualCPUms="1" /></RunTimeInformation><Update DMLRequestSort="false"><Object Table="Object21" Storage="MemoryOptimized" /><Object Table="Object21" Index="Index5" IndexKind="NonClustered" Storage="MemoryOptimized" /><SetPredicate><ScalarOperator ScalarString="ScalarString11"><ScalarExpressionList><ScalarOperator><MultipleAssign><Assign><ColumnReference Column="Column2" /><ScalarOperator><Identifier><ColumnReference Database="Database1" Schema="Schema1" Table="Object7" Alias="Object6" Column="Column2" /></Identifier></ScalarOperator></Assign><Assign><ColumnReference Column="Column9" /><ScalarOperator><Identifier><ColumnReference Column="Column32" /></Identifier></ScalarOperator></Assign><Assign><ColumnReference Column="Column10" /><ScalarOperator><Identifier><ColumnReference Database="Database1" Schema="Schema1" Table="Object7" Alias="Object6" Column="Column1" /></Identifier></ScalarOperator></Assign><Assign><ColumnReference Column="Column4" /><ScalarOperator><Intrinsic FunctionName="Function5"><ScalarOperator><Identifier><ColumnReference Column="Column30" /></Identifier></ScalarOperator></Intrinsic></ScalarOperator></Assign><Assign><ColumnReference Column="Column3" /><ScalarOperator><Intrinsic FunctionName="Function5"><ScalarOperator><Identifier><ColumnReference Column="Column29" /></Identifier></ScalarOperator></Intrinsic></ScalarOperator></Assign><Assign><ColumnReference Column="Column8" /><ScalarOperator><Identifier><ColumnReference Database="Database1" Schema="Schema1" Table="Object7" Alias="Object6" Column="Column8" /></Identifier></ScalarOperator></Assign><Assign><ColumnReference Column="Column5" /><ScalarOperator><Identifier><ColumnReference Database="Database1" Schema="Schema1" Table="Object7" Alias="Object6" Column="Column5" /></Identifier></ScalarOperator></Assign></MultipleAssign></ScalarOperator></ScalarExpressionList></ScalarOperator></SetPredicate><RelOp AvgRowSize="24" EstimateCPU="4E-06" EstimateIO="0" EstimateRebinds="0" EstimateRewinds="0" EstimatedExecutionMode="Row" EstimateRows="1" LogicalOp="Sequence" NodeId="3" Parallel="false" PhysicalOp="Sequence" EstimatedTotalSubtreeCost="0.0922696"><OutputList><ColumnReference Database="Database1" Schema="Schema1" Table="Object7" Alias="Object6" Column="Column2" /><ColumnReference Database="Database1" Schema="Schema1" Table="Object7" Alias="Object6" Column="Column1" /><ColumnReference Database="Database1" Schema="Schema1" Table="Object7" Alias="Object6" Column="Column5" /><ColumnReference Database="Database1" Schema="Schema1" Table="Object7" Alias="Object6" Column="Column8" /><ColumnReference Column="Column32" /></OutputList><RunTimeInformation><RunTimeCountersPerThread Thread="0" ActualRows="1" Batches="0" ActualEndOfScans="1" ActualExecutions="1" ActualExecutionMode="Row" ActualElapsedms="1" ActualCPUms="1" /></RunTimeInformation><Sequence><RelOp AvgRowSize="98" EstimateCPU="3.35194E-05" EstimateIO="0" EstimateRebinds="0" EstimateRewinds="0" EstimatedExecutionMode="Row" EstimateRows="2" LogicalOp="Eager Spool" NodeId="4" Parallel="false" PhysicalOp="Table Spool" EstimatedTotalSubtreeCost="0.0187487"><OutputList><ColumnReference Database="Database1" Schema="Schema1" Table="Object7" Alias="Object6" Column="Column3" /><ColumnReference Database="Database1" Schema="Schema1" Table="Object7" Alias="Object6" Column="Column2" /><ColumnReference Database="Database1" Schema="Schema1" Table="Object7" Alias="Object6" Column="Column4" /><ColumnReference Database="Database1" Schema="Schema1" Table="Object7" Alias="Object6" Column="Column1" /><ColumnReference Database="Database1" Schema="Schema1" Table="Object7" Alias="Object6" Column="Column5" /><ColumnReference Database="Database1" Schema="Schema1" Table="Object7" Alias="Object6" Column="Column8" /><ColumnReference Column="Column32" /><ColumnReference Column="Expr1077" /><ColumnReference Column="Expr1078" /><ColumnReference Column="Expr1079" /><ColumnReference Column="Expr1080" /><ColumnReference Column="Expr1081" /><ColumnReference Column="Expr1082" /><ColumnReference Column="Expr1083" /><ColumnReference Column="Expr1084" /><ColumnReference Column="Expr1085" /><ColumnReference Column="Expr1086" /><ColumnReference Column="Expr1087" /><ColumnReference Column="Expr1088" /><ColumnReference Column="Expr1089" /><ColumnReference Column="Expr1090" /><ColumnReference Column="Column33" /></OutputList><RunTimeInformation><RunTimeCountersPerThread Thread="0" ActualRebinds="1" ActualRewinds="0" ActualRows="2" ActualRowsRead="2" Batches="0" ActualEndOfScans="1" ActualExecutions="1" ActualExecutionMode="Row" ActualElapsedms="0" ActualCPUms="0" ActualScans="1" ActualLogicalReads="7" ActualPhysicalReads="0" ActualReadAheads="0" ActualLobLogicalReads="0" ActualLobPhysicalReads="0" ActualLobReadAheads="0" /></RunTimeInformation><Spool><RelOp AvgRowSize="98" EstimateCPU="1.5E-06" EstimateIO="0" EstimateRebinds="0" EstimateRewinds="0" EstimatedExecutionMode="Row" EstimateRows="2" LogicalOp="Split" NodeId="5" Parallel="false" PhysicalOp="Split" EstimatedTotalSubtreeCost="0.0559456"><OutputList><ColumnReference Database="Database1" Schema="Schema1" Table="Object7" Alias="Object6" Column="Column3" /><ColumnReference Database="Database1" Schema="Schema1" Table="Object7" Alias="Object6" Column="Column2" /><ColumnReference Database="Database1" Schema="Schema1" Table="Object7" Alias="Object6" Column="Column4" /><ColumnReference Database="Database1" Schema="Schema1" Table="Object7" Alias="Object6" Column="Column1" /><ColumnReference Database="Database1" Schema="Schema1" Table="Object7" Alias="Object6" Column="Column5" /><ColumnReference Database="Database1" Schema="Schema1" Table="Object7" Alias="Object6" Column="Column8" /><ColumnReference Column="Column32" /><ColumnReference Column="Expr1077" /><ColumnReference Column="Expr1078" /><ColumnReference Column="Expr1079" /><ColumnReference Column="Expr1080" /><ColumnReference Column="Expr1081" /><ColumnReference Column="Expr1082" /><ColumnReference Column="Expr1083" /><ColumnReference Column="Expr1084" /><ColumnReference Column="Expr1085" /><ColumnReference Column="Expr1086" /><ColumnReference Column="Expr1087" /><ColumnReference Column="Expr1088" /><ColumnReference Column="Expr1089" /><ColumnReference Column="Expr1090" /><ColumnReference Column="Column33" /></OutputList><RunTimeInformation><RunTimeCountersPerThread Thread="0" ActualRows="2" Batches="0" ActualEndOfScans="1" ActualExecutions="1" ActualExecutionMode="Row" ActualElapsedms="0" ActualCPUms="0" /></RunTimeInformation><Split><DefinedValues><DefinedValue><ColumnReference Column="Column33" /></DefinedValue></DefinedValues><ActionColumn><ColumnReference Column="Column33" /></ActionColumn><RelOp AvgRowSize="152" EstimateCPU="1E-07" EstimateIO="0" EstimateRebinds="0" EstimateRewinds="0" EstimatedExecutionMode="Row" EstimateRows="1" LogicalOp="Compute Scalar" NodeId="6" Parallel="false" PhysicalOp="Compute Scalar" EstimatedTotalSubtreeCost="0.0559441"><OutputList><ColumnReference Database="Database1" Schema="Schema1" Table="Object7" Alias="Object6" Column="Column3" /><ColumnReference Database="Database1" Schema="Schema1" Table="Object7" Alias="Object6" Column="Column2" /><ColumnReference Database="Database1" Schema="Schema1" Table="Object7" Alias="Object6" Column="Column4" /><ColumnReference Database="Database1" Schema="Schema1" Table="Object7" Alias="Object6" Column="Column1" /><ColumnReference Database="Database1" Schema="Schema1" Table="Object7" Alias="Object6" Column="Column5" /><ColumnReference Database="Database1" Schema="Schema1" Table="Object7" Alias="Object6" Column="Column8" /><ColumnReference Column="Column32" /><ColumnReference Column="Expr1077" /><ColumnReference Column="Expr1078" /><ColumnReference Column="Expr1079" /><ColumnReference Column="Expr1080" /><ColumnReference Column="Expr1081" /><ColumnReference Column="Expr1082" /><ColumnReference Column="Expr1083" /><ColumnReference Column="Expr1084" /><ColumnReference Column="Expr1085" /><ColumnReference Column="Expr1086" /><ColumnReference Column="Expr1087" /><ColumnReference Column="Expr1088" /><ColumnReference Column="Expr1089" /><ColumnReference Column="Expr1090" /><ColumnReference Column="Column34" /><ColumnReference Column="Column35" /><ColumnReference Column="Column36" /><ColumnReference Column="Column37" /><ColumnReference Column="Column38" /><ColumnReference Column="Column39" /><ColumnReference Column="Column40" /><ColumnReference Column="Column41" /><ColumnReference Column="Column42" /><ColumnReference Column="Column43" /><ColumnReference Column="Column44" /><ColumnReference Column="Column45" /><ColumnReference Column="Column46" /><ColumnReference Column="Column47" /></OutputList><ComputeScalar><DefinedValues><DefinedValue><ColumnReference Column="Expr1077" /><ScalarOperator ScalarString="ScalarString12"><IF><Condition><ScalarOperator><Compare CompareOp="GE"><ScalarOperator><Identifier><ColumnReference Database="Database1" Schema="Schema1" Table="Object7" Alias="Object6" Column="Column2" /></Identifier></ScalarOperator><ScalarOperator><Const ConstValue="Value5" /></ScalarOperator></Compare></ScalarOperator></Condition><Then><ScalarOperator><Identifier><ColumnReference Database="Database1" Schema="Schema1" Table="Object7" Alias="Object6" Column="Column1" /></Identifier></ScalarOperator></Then><Else><ScalarOperator><Const ConstValue="Value5" /></ScalarOperator></Else></IF></ScalarOperator></DefinedValue><DefinedValue><ColumnReference Column="Expr1078" /><ScalarOperator ScalarString="ScalarString13"><IF><Condition><ScalarOperator><Compare CompareOp="GE"><ScalarOperator><Identifier><ColumnReference Database="Database1" Schema="Schema1" Table="Object7" Alias="Object6" Column="Column2" /></Identifier></ScalarOperator><ScalarOperator><Const ConstValue="Value5" /></ScalarOperator></Compare></ScalarOperator></Condition><Then><ScalarOperator><Const ConstValue="Value5" /></ScalarOperator></Then><Else><ScalarOperator><Identifier><ColumnReference Database="Database1" Schema="Schema1" Table="Object7" Alias="Object6" Column="Column1" /></Identifier></ScalarOperator></Else></IF></ScalarOperator></DefinedValue><DefinedValue><ColumnReference Column="Expr1079" /><ScalarOperator ScalarString="ScalarString14"><IF><Condition><ScalarOperator><Compare CompareOp="EQ"><ScalarOperator><Identifier><ColumnReference Database="Database1" Schema="Schema1" Table="Object7" Alias="Object6" Column="Column2" /></Identifier></ScalarOperator><ScalarOperator><Const ConstValue="Value21" /></ScalarOperator></Compare></ScalarOperator></Condition><Then><ScalarOperator><Identifier><ColumnReference Database="Database1" Schema="Schema1" Table="Object7" Alias="Object6" Column="Column1" /></Identifier></ScalarOperator></Then><Else><ScalarOperator><Const ConstValue="Value5" /></ScalarOperator></Else></IF></ScalarOperator></DefinedValue><DefinedValue><ColumnReference Column="Expr1080" /><ScalarOperator ScalarString="ScalarString15"><IF><Condition><ScalarOperator><Compare CompareOp="EQ"><ScalarOperator><Identifier><ColumnReference Database="Database1" Schema="Schema1" Table="Object7" Alias="Object6" Column="Column2" /></Identifier></ScalarOperator><ScalarOperator><Const ConstValue="Value22" /></ScalarOperator></Compare></ScalarOperator></Condition><Then><ScalarOperator><Identifier><ColumnReference Database="Database1" Schema="Schema1" Table="Object7" Alias="Object6" Column="Column1" /></Identifier></ScalarOperator></Then><Else><ScalarOperator><Const ConstValue="Value5" /></ScalarOperator></Else></IF></ScalarOperator></DefinedValue><DefinedValue><ColumnReference Column="Expr1081" /><ScalarOperator ScalarString="ScalarString16"><IF><Condition><ScalarOperator><Compare CompareOp="EQ"><ScalarOperator><Identifier><ColumnReference Database="Database1" Schema="Schema1" Table="Object7" Alias="Object6" Column="Column2" /></Identifier></ScalarOperator><ScalarOperator><Const ConstValue="Value23" /></ScalarOperator></Compare></ScalarOperator></Condition><Then><ScalarOperator><Identifier><ColumnReference Database="Database1" Schema="Schema1" Table="Object7" Alias="Object6" Column="Column1" /></Identifier></ScalarOperator></Then><Else><ScalarOperator><Const ConstValue="Value5" /></ScalarOperator></Else></IF></ScalarOperator></DefinedValue><DefinedValue><ColumnReference Column="Expr1082" /><ScalarOperator ScalarString="ScalarString17"><IF><Condition><ScalarOperator><Compare CompareOp="EQ"><ScalarOperator><Identifier><ColumnReference Database="Database1" Schema="Schema1" Table="Object7" Alias="Object6" Column="Column2" /></Identifier></ScalarOperator><ScalarOperator><Const ConstValue="Value24" /></ScalarOperator></Compare></ScalarOperator></Condition><Then><ScalarOperator><Identifier><ColumnReference Database="Database1" Schema="Schema1" Table="Object7" Alias="Object6" Column="Column1" /></Identifier></ScalarOperator></Then><Else><ScalarOperator><Const ConstValue="Value5" /></ScalarOperator></Else></IF></ScalarOperator></DefinedValue><DefinedValue><ColumnReference Column="Expr1083" /><ScalarOperator ScalarString="ScalarString18"><IF><Condition><ScalarOperator><Compare CompareOp="EQ"><ScalarOperator><Identifier><ColumnReference Database="Database1" Schema="Schema1" Table="Object7" Alias="Object6" Column="Column2" /></Identifier></ScalarOperator><ScalarOperator><Const ConstValue="Value25" /></ScalarOperator></Compare></ScalarOperator></Condition><Then><ScalarOperator><Identifier><ColumnReference Database="Database1" Schema="Schema1" Table="Object7" Alias="Object6" Column="Column1" /></Identifier></ScalarOperator></Then><Else><ScalarOperator><Const ConstValue="Value5" /></ScalarOperator></Else></IF></ScalarOperator></DefinedValue><DefinedValue><ColumnReference Column="Expr1084" /><ScalarOperator ScalarString="ScalarString19"><IF><Condition><ScalarOperator><Compare CompareOp="EQ"><ScalarOperator><Identifier><ColumnReference Database="Database1" Schema="Schema1" Table="Object7" Alias="Object6" Column="Column2" /></Identifier></ScalarOperator><ScalarOperator><Const ConstValue="Value26" /></ScalarOperator></Compare></ScalarOperator></Condition><Then><ScalarOperator><Identifier><ColumnReference Database="Database1" Schema="Schema1" Table="Object7" Alias="Object6" Column="Column1" /></Identifier></ScalarOperator></Then><Else><ScalarOperator><Const ConstValue="Value5" /></ScalarOperator></Else></IF></ScalarOperator></DefinedValue><DefinedValue><ColumnReference Column="Expr1085" /><ScalarOperator ScalarString="ScalarString20"><IF><Condition><ScalarOperator><Compare CompareOp="EQ"><ScalarOperator><Identifier><ColumnReference Database="Database1" Schema="Schema1" Table="Object7" Alias="Object6" Column="Column2" /></Identifier></ScalarOperator><ScalarOperator><Const ConstValue="Value27" /></ScalarOperator></Compare></ScalarOperator></Condition><Then><ScalarOperator><Identifier><ColumnReference Database="Database1" Schema="Schema1" Table="Object7" Alias="Object6" Column="Column1" /></Identifier></ScalarOperator></Then><Else><ScalarOperator><Const ConstValue="Value5" /></ScalarOperator></Else></IF></ScalarOperator></DefinedValue><DefinedValue><ColumnReference Column="Expr1086" /><ScalarOperator ScalarString="ScalarString21"><IF><Condition><ScalarOperator><Compare CompareOp="EQ"><ScalarOperator><Identifier><ColumnReference Database="Database1" Schema="Schema1" Table="Object7" Alias="Object6" Column="Column2" /></Identifier></ScalarOperator><ScalarOperator><Const ConstValue="Value28" /></ScalarOperator></Compare></ScalarOperator></Condition><Then><ScalarOperator><Identifier><ColumnReference Database="Database1" Schema="Schema1" Table="Object7" Alias="Object6" Column="Column1" /></Identifier></ScalarOperator></Then><Else><ScalarOperator><Const ConstValue="Value5" /></ScalarOperator></Else></IF></ScalarOperator></DefinedValue><DefinedValue><ColumnReference Column="Expr1087" /><ScalarOperator ScalarString="ScalarString22"><IF><Condition><ScalarOperator><Compare CompareOp="EQ"><ScalarOperator><Identifier><ColumnReference Database="Database1" Schema="Schema1" Table="Object7" Alias="Object6" Column="Column2" /></Identifier></ScalarOperator><ScalarOperator><Const ConstValue="Value29" /></ScalarOperator></Compare></ScalarOperator></Condition><Then><ScalarOperator><Identifier><ColumnReference Database="Database1" Schema="Schema1" Table="Object7" Alias="Object6" Column="Column1" /></Identifier></ScalarOperator></Then><Else><ScalarOperator><Const ConstValue="Value5" /></ScalarOperator></Else></IF></ScalarOperator></DefinedValue><DefinedValue><ColumnReference Column="Expr1088" /><ScalarOperator ScalarString="ScalarString23"><IF><Condition><ScalarOperator><Compare CompareOp="EQ"><ScalarOperator><Identifier><ColumnReference Database="Database1" Schema="Schema1" Table="Object7" Alias="Object6" Column="Column2" /></Identifier></ScalarOperator><ScalarOperator><Const ConstValue="Value30" /></ScalarOperator></Compare></ScalarOperator></Condition><Then><ScalarOperator><Identifier><ColumnReference Database="Database1" Schema="Schema1" Table="Object7" Alias="Object6" Column="Column1" /></Identifier></ScalarOperator></Then><Else><ScalarOperator><Const ConstValue="Value5" /></ScalarOperator></Else></IF></ScalarOperator></DefinedValue><DefinedValue><ColumnReference Column="Expr1089" /><ScalarOperator ScalarString="ScalarString24"><IF><Condition><ScalarOperator><Compare CompareOp="EQ"><ScalarOperator><Identifier><ColumnReference Database="Database1" Schema="Schema1" Table="Object7" Alias="Object6" Column="Column2" /></Identifier></ScalarOperator><ScalarOperator><Const ConstValue="Value31" /></ScalarOperator></Compare></ScalarOperator></Condition><Then><ScalarOperator><Identifier><ColumnReference Database="Database1" Schema="Schema1" Table="Object7" Alias="Object6" Column="Column1" /></Identifier></ScalarOperator></Then><Else><ScalarOperator><Const ConstValue="Value5" /></ScalarOperator></Else></IF></ScalarOperator></DefinedValue><DefinedValue><ColumnReference Column="Expr1090" /><ScalarOperator ScalarString="ScalarString25"><IF><Condition><ScalarOperator><Compare CompareOp="EQ"><ScalarOperator><Identifier><ColumnReference Database="Database1" Schema="Schema1" Table="Object7" Alias="Object6" Column="Column2" /></Identifier></ScalarOperator><ScalarOperator><Const ConstValue="Value32" /></ScalarOperator></Compare></ScalarOperator></Condition><Then><ScalarOperator><Identifier><ColumnReference Database="Database1" Schema="Schema1" Table="Object7" Alias="Object6" Column="Column1" /></Identifier></ScalarOperator></Then><Else><ScalarOperator><Const ConstValue="Value5" /></ScalarOperator></Else></IF></ScalarOperator></DefinedValue></DefinedValues><RelOp AvgRowSize="94" EstimateCPU="2E-06" EstimateIO="0.02" EstimateRebinds="0" EstimateRewinds="0" EstimatedExecutionMode="Row" EstimateRows="1" LogicalOp="Update" NodeId="7" Parallel="false" PhysicalOp="Clustered Index Update" EstimatedTotalSubtreeCost="0.055944"><OutputList><ColumnReference Database="Database1" Schema="Schema1" Table="Object7" Alias="Object6" Column="Column3" /><ColumnReference Database="Database1" Schema="Schema1" Table="Object7" Alias="Object6" Column="Column2" /><ColumnReference Database="Database1" Schema="Schema1" Table="Object7" Alias="Object6" Column="Column4" /><ColumnReference Database="Database1" Schema="Schema1" Table="Object7" Alias="Object6" Column="Column1" /><ColumnReference Database="Database1" Schema="Schema1" Table="Object7" Alias="Object6" Column="Column5" /><ColumnReference Database="Database1" Schema="Schema1" Table="Object7" Alias="Object6" Column="Column8" /><ColumnReference Column="Column32" /><ColumnReference Column="Column34" /><ColumnReference Column="Column35" /><ColumnReference Column="Column36" /><ColumnReference Column="Column37" /><ColumnReference Column="Column38" /><ColumnReference Column="Column39" /><ColumnReference Column="Column40" /><ColumnReference Column="Column41" /><ColumnReference Column="Column42" /><ColumnReference Column="Column43" /><ColumnReference Column="Column44" /><ColumnReference Column="Column45" /><ColumnReference Column="Column46" /><ColumnReference Column="Column47" /></OutputList><RunTimeInformation><RunTimeCountersPerThread Thread="0" ActualRows="1" ActualRowsRead="1" Batches="0" ActualEndOfScans="1" ActualExecutions="1" ActualExecutionMode="Row" ActualElapsedms="0" ActualCPUms="0" ActualScans="0" ActualLogicalReads="3" ActualPhysicalReads="0" ActualReadAheads="0" ActualLobLogicalReads="0" ActualLobPhysicalReads="0" ActualLobReadAheads="0" /></RunTimeInformation><Update DMLRequestSort="false"><Object Database="Database1" Schema="Schema1" Table="Object7" Index="Index6" Alias="Object6" IndexKind="Clustered" Storage="RowStore" /><Object Database="Database1" Schema="Schema1" Table="Object7" Index="Index7" Alias="Object6" IndexKind="NonClustered" Storage="RowStore" /><SetPredicate><ScalarOperator ScalarString="ScalarString26"><ScalarExpressionList><ScalarOperator><MultipleAssign><Assign><ColumnReference Database="Database1" Schema="Schema1" Table="Object7" Alias="Object6" Column="Column1" /><ScalarOperator><Intrinsic FunctionName="Function6"><ScalarOperator><Identifier><ColumnReference Column="Expr1020" /></Identifier></ScalarOperator></Intrinsic></ScalarOperator></Assign><Assign><ColumnReference Database="Database1" Schema="Schema1" Table="Object7" Alias="Object6" Column="Column7" /><ScalarOperator><Identifier><ColumnReference Column="Expr1021" /></Identifier></ScalarOperator></Assign></MultipleAssign></ScalarOperator></ScalarExpressionList></ScalarOperator></SetPredicate><RelOp AvgRowSize="97" EstimateCPU="1E-07" EstimateIO="0" EstimateRebinds="0" EstimateRewinds="0" EstimatedExecutionMode="Row" EstimateRows="1" LogicalOp="Compute Scalar" NodeId="8" Parallel="false" PhysicalOp="Compute Scalar" EstimatedTotalSubtreeCost="0.035942"><OutputList><ColumnReference Database="Database1" Schema="Schema1" Table="Object7" Alias="Object6" Column="Column3" /><ColumnReference Database="Database1" Schema="Schema1" Table="Object7" Alias="Object6" Column="Column2" /><ColumnReference Database="Database1" Schema="Schema1" Table="Object7" Alias="Object6" Column="Column4" /><ColumnReference Column="Expr1020" /><ColumnReference Column="Expr1021" /><ColumnReference Column="Expr1091" /><ColumnReference Column="Column34" /><ColumnReference Column="Column35" /><ColumnReference Column="Column36" /><ColumnReference Column="Column37" /><ColumnReference Column="Column38" /><ColumnReference Column="Column39" /><ColumnReference Column="Column40" /><ColumnReference Column="Column41" /><ColumnReference Column="Column42" /><ColumnReference Column="Column43" /><ColumnReference Column="Column44" /><ColumnReference Column="Column45" /><ColumnReference Column="Column46" /><ColumnReference Column="Column47" /></OutputList><RunTimeInformation><RunTimeCountersPerThread Thread="0" ActualRows="1" Batches="0" ActualEndOfScans="1" ActualExecutions="1" ActualExecutionMode="Row" ActualElapsedms="0" ActualCPUms="0" /></RunTimeInformation><ComputeScalar><DefinedValues><DefinedValue><ColumnReference Column="Column34" /><ScalarOperator ScalarString="ScalarString27"><Identifier><ColumnReference Column="Column34" /></Identifier></ScalarOperator></DefinedValue><DefinedValue><ColumnReference Column="Column35" /><ScalarOperator ScalarString="ScalarString28"><Identifier><ColumnReference Column="Column35" /></Identifier></ScalarOperator></DefinedValue><DefinedValue><ColumnReference Column="Column36" /><ScalarOperator ScalarString="ScalarString29"><Identifier><ColumnReference Column="Column36" /></Identifier></ScalarOperator></DefinedValue><DefinedValue><ColumnReference Column="Column37" /><ScalarOperator ScalarString="ScalarString30"><Identifier><ColumnReference Column="Column37" /></Identifier></ScalarOperator></DefinedValue><DefinedValue><ColumnReference Column="Column38" /><ScalarOperator ScalarString="ScalarString31"><Identifier><ColumnReference Column="Column38" /></Identifier></ScalarOperator></DefinedValue><DefinedValue><ColumnReference Column="Column39" /><ScalarOperator ScalarString="ScalarString32"><Identifier><ColumnReference Column="Column39" /></Identifier></ScalarOperator></DefinedValue><DefinedValue><ColumnReference Column="Column40" /><ScalarOperator ScalarString="ScalarString33"><Identifier><ColumnReference Column="Column40" /></Identifier></ScalarOperator></DefinedValue><DefinedValue><ColumnReference Column="Column41" /><ScalarOperator ScalarString="ScalarString34"><Identifier><ColumnReference Column="Column41" /></Identifier></ScalarOperator></DefinedValue><DefinedValue><ColumnReference Column="Column42" /><ScalarOperator ScalarString="ScalarString35"><Identifier><ColumnReference Column="Column42" /></Identifier></ScalarOperator></DefinedValue><DefinedValue><ColumnReference Column="Column43" /><ScalarOperator ScalarString="ScalarString36"><Identifier><ColumnReference Column="Column43" /></Identifier></ScalarOperator></DefinedValue><DefinedValue><ColumnReference Column="Column44" /><ScalarOperator ScalarString="ScalarString37"><Identifier><ColumnReference Column="Column44" /></Identifier></ScalarOperator></DefinedValue><DefinedValue><ColumnReference Column="Column45" /><ScalarOperator ScalarString="ScalarString38"><Identifier><ColumnReference Column="Column45" /></Identifier></ScalarOperator></DefinedValue><DefinedValue><ColumnReference Column="Column46" /><ScalarOperator ScalarString="ScalarString39"><Identifier><ColumnReference Column="Column46" /></Identifier></ScalarOperator></DefinedValue><DefinedValue><ColumnReference Column="Column47" /><ScalarOperator ScalarString="ScalarString40"><Identifier><ColumnReference Column="Column47" /></Identifier></ScalarOperator></DefinedValue><DefinedValue><ColumnReference Column="Expr1091" /><ScalarOperator ScalarString="ScalarString41"><Identifier><ColumnReference Column="Expr1091" /></Identifier></ScalarOperator></DefinedValue></DefinedValues><RelOp AvgRowSize="97" EstimateCPU="1E-07" EstimateIO="0" EstimateRebinds="0" EstimateRewinds="0" EstimatedExecutionMode="Row" EstimateRows="1" LogicalOp="Compute Scalar" NodeId="9" Parallel="false" PhysicalOp="Compute Scalar" EstimatedTotalSubtreeCost="0.035942"><OutputList><ColumnReference Database="Database1" Schema="Schema1" Table="Object7" Alias="Object6" Column="Column3" /><ColumnReference Database="Database1" Schema="Schema1" Table="Object7" Alias="Object6" Column="Column2" /><ColumnReference Database="Database1" Schema="Schema1" Table="Object7" Alias="Object6" Column="Column4" /><ColumnReference Column="Expr1020" /><ColumnReference Column="Expr1021" /><ColumnReference Column="Expr1091" /><ColumnReference Column="Column34" /><ColumnReference Column="Column35" /><ColumnReference Column="Column36" /><ColumnReference Column="Column37" /><ColumnReference Column="Column38" /><ColumnReference Column="Column39" /><ColumnReference Column="Column40" /><ColumnReference Column="Column41" /><ColumnReference Column="Column42" /><ColumnReference Column="Column43" /><ColumnReference Column="Column44" /><ColumnReference Column="Column45" /><ColumnReference Column="Column46" /><ColumnReference Column="Column47" /></OutputList><ComputeScalar><DefinedValues><DefinedValue><ColumnReference Column="Expr1091" /><ScalarOperator ScalarString="ScalarString42"><IF><Condition><ScalarOperator><Identifier><ColumnReference Column="Expr1042" /></Identifier></ScalarOperator></Condition><Then><ScalarOperator><Const ConstValue="Value5" /></ScalarOperator></Then><Else><ScalarOperator><Const ConstValue="Value6" /></ScalarOperator></Else></IF></ScalarOperator></DefinedValue><DefinedValue><ColumnReference Column="Column34" /><ScalarOperator ScalarString="ScalarString21"><IF><Condition><ScalarOperator><Compare CompareOp="EQ"><ScalarOperator><Identifier><ColumnReference Database="Database1" Schema="Schema1" Table="Object7" Alias="Object6" Column="Column2" /></Identifier></ScalarOperator><ScalarOperator><Const ConstValue="Value28" /></ScalarOperator></Compare></ScalarOperator></Condition><Then><ScalarOperator><Identifier><ColumnReference Database="Database1" Schema="Schema1" Table="Object7" Alias="Object6" Column="Column1" /></Identifier></ScalarOperator></Then><Else><ScalarOperator><Const ConstValue="Value5" /></ScalarOperator></Else></IF></ScalarOperator></DefinedValue><DefinedValue><ColumnReference Column="Column35" /><ScalarOperator ScalarString="ScalarString13"><IF><Condition><ScalarOperator><Compare CompareOp="GE"><ScalarOperator><Identifier><ColumnReference Database="Database1" Schema="Schema1" Table="Object7" Alias="Object6" Column="Column2" /></Identifier></ScalarOperator><ScalarOperator><Const ConstValue="Value5" /></ScalarOperator></Compare></ScalarOperator></Condition><Then><ScalarOperator><Const ConstValue="Value5" /></ScalarOperator></Then><Else><ScalarOperator><Identifier><ColumnReference Database="Database1" Schema="Schema1" Table="Object7" Alias="Object6" Column="Column1" /></Identifier></ScalarOperator></Else></IF></ScalarOperator></DefinedValue><DefinedValue><ColumnReference Column="Column36" /><ScalarOperator ScalarString="ScalarString23"><IF><Condition><ScalarOperator><Compare CompareOp="EQ"><ScalarOperator><Identifier><ColumnReference Database="Database1" Schema="Schema1" Table="Object7" Alias="Object6" Column="Column2" /></Identifier></ScalarOperator><ScalarOperator><Const ConstValue="Value30" /></ScalarOperator></Compare></ScalarOperator></Condition><Then><ScalarOperator><Identifier><ColumnReference Database="Database1" Schema="Schema1" Table="Object7" Alias="Object6" Column="Column1" /></Identifier></ScalarOperator></Then><Else><ScalarOperator><Const ConstValue="Value5" /></ScalarOperator></Else></IF></ScalarOperator></DefinedValue><DefinedValue><ColumnReference Column="Column37" /><ScalarOperator ScalarString="ScalarString20"><IF><Condition><ScalarOperator><Compare CompareOp="EQ"><ScalarOperator><Identifier><ColumnReference Database="Database1" Schema="Schema1" Table="Object7" Alias="Object6" Column="Column2" /></Identifier></ScalarOperator><ScalarOperator><Const ConstValue="Value27" /></ScalarOperator></Compare></ScalarOperator></Condition><Then><ScalarOperator><Identifier><ColumnReference Database="Database1" Schema="Schema1" Table="Object7" Alias="Object6" Column="Column1" /></Identifier></ScalarOperator></Then><Else><ScalarOperator><Const ConstValue="Value5" /></ScalarOperator></Else></IF></ScalarOperator></DefinedValue><DefinedValue><ColumnReference Column="Column38" /><ScalarOperator ScalarString="ScalarString16"><IF><Condition><ScalarOperator><Compare CompareOp="EQ"><ScalarOperator><Identifier><ColumnReference Database="Database1" Schema="Schema1" Table="Object7" Alias="Object6" Column="Column2" /></Identifier></ScalarOperator><ScalarOperator><Const ConstValue="Value23" /></ScalarOperator></Compare></ScalarOperator></Condition><Then><ScalarOperator><Identifier><ColumnReference Database="Database1" Schema="Schema1" Table="Object7" Alias="Object6" Column="Column1" /></Identifier></ScalarOperator></Then><Else><ScalarOperator><Const ConstValue="Value5" /></ScalarOperator></Else></IF></ScalarOperator></DefinedValue><DefinedValue><ColumnReference Column="Column39" /><ScalarOperator ScalarString="ScalarString12"><IF><Condition><ScalarOperator><Compare CompareOp="GE"><ScalarOperator><Identifier><ColumnReference Database="Database1" Schema="Schema1" Table="Object7" Alias="Object6" Column="Column2" /></Identifier></ScalarOperator><ScalarOperator><Const ConstValue="Value5" /></ScalarOperator></Compare></ScalarOperator></Condition><Then><ScalarOperator><Identifier><ColumnReference Database="Database1" Schema="Schema1" Table="Object7" Alias="Object6" Column="Column1" /></Identifier></ScalarOperator></Then><Else><ScalarOperator><Const ConstValue="Value5" /></ScalarOperator></Else></IF></ScalarOperator></DefinedValue><DefinedValue><ColumnReference Column="Column40" /><ScalarOperator ScalarString="ScalarString25"><IF><Condition><ScalarOperator><Compare CompareOp="EQ"><ScalarOperator><Identifier><ColumnReference Database="Database1" Schema="Schema1" Table="Object7" Alias="Object6" Column="Column2" /></Identifier></ScalarOperator><ScalarOperator><Const ConstValue="Value32" /></ScalarOperator></Compare></ScalarOperator></Condition><Then><ScalarOperator><Identifier><ColumnReference Database="Database1" Schema="Schema1" Table="Object7" Alias="Object6" Column="Column1" /></Identifier></ScalarOperator></Then><Else><ScalarOperator><Const ConstValue="Value5" /></ScalarOperator></Else></IF></ScalarOperator></DefinedValue><DefinedValue><ColumnReference Column="Column41" /><ScalarOperator ScalarString="ScalarString22"><IF><Condition><ScalarOperator><Compare CompareOp="EQ"><ScalarOperator><Identifier><ColumnReference Database="Database1" Schema="Schema1" Table="Object7" Alias="Object6" Column="Column2" /></Identifier></ScalarOperator><ScalarOperator><Const ConstValue="Value29" /></ScalarOperator></Compare></ScalarOperator></Condition><Then><ScalarOperator><Identifier><ColumnReference Database="Database1" Schema="Schema1" Table="Object7" Alias="Object6" Column="Column1" /></Identifier></ScalarOperator></Then><Else><ScalarOperator><Const ConstValue="Value5" /></ScalarOperator></Else></IF></ScalarOperator></DefinedValue><DefinedValue><ColumnReference Column="Column42" /><ScalarOperator ScalarString="ScalarString18"><IF><Condition><ScalarOperator><Compare CompareOp="EQ"><ScalarOperator><Identifier><ColumnReference Database="Database1" Schema="Schema1" Table="Object7" Alias="Object6" Column="Column2" /></Identifier></ScalarOperator><ScalarOperator><Const ConstValue="Value25" /></ScalarOperator></Compare></ScalarOperator></Condition><Then><ScalarOperator><Identifier><ColumnReference Database="Database1" Schema="Schema1" Table="Object7" Alias="Object6" Column="Column1" /></Identifier></ScalarOperator></Then><Else><ScalarOperator><Const ConstValue="Value5" /></ScalarOperator></Else></IF></ScalarOperator></DefinedValue><DefinedValue><ColumnReference Column="Column43" /><ScalarOperator ScalarString="ScalarString24"><IF><Condition><ScalarOperator><Compare CompareOp="EQ"><ScalarOperator><Identifier><ColumnReference Database="Database1" Schema="Schema1" Table="Object7" Alias="Object6" Column="Column2" /></Identifier></ScalarOperator><ScalarOperator><Const ConstValue="Value31" /></ScalarOperator></Compare></ScalarOperator></Condition><Then><ScalarOperator><Identifier><ColumnReference Database="Database1" Schema="Schema1" Table="Object7" Alias="Object6" Column="Column1" /></Identifier></ScalarOperator></Then><Else><ScalarOperator><Const ConstValue="Value5" /></ScalarOperator></Else></IF></ScalarOperator></DefinedValue><DefinedValue><ColumnReference Column="Column44" /><ScalarOperator ScalarString="ScalarString17"><IF><Condition><ScalarOperator><Compare CompareOp="EQ"><ScalarOperator><Identifier><ColumnReference Database="Database1" Schema="Schema1" Table="Object7" Alias="Object6" Column="Column2" /></Identifier></ScalarOperator><ScalarOperator><Const ConstValue="Value24" /></ScalarOperator></Compare></ScalarOperator></Condition><Then><ScalarOperator><Identifier><ColumnReference Database="Database1" Schema="Schema1" Table="Object7" Alias="Object6" Column="Column1" /></Identifier></ScalarOperator></Then><Else><ScalarOperator><Const ConstValue="Value5" /></ScalarOperator></Else></IF></ScalarOperator></DefinedValue><DefinedValue><ColumnReference Column="Column45" /><ScalarOperator ScalarString="ScalarString15"><IF><Condition><ScalarOperator><Compare CompareOp="EQ"><ScalarOperator><Identifier><ColumnReference Database="Database1" Schema="Schema1" Table="Object7" Alias="Object6" Column="Column2" /></Identifier></ScalarOperator><ScalarOperator><Const ConstValue="Value22" /></ScalarOperator></Compare></ScalarOperator></Condition><Then><ScalarOperator><Identifier><ColumnReference Database="Database1" Schema="Schema1" Table="Object7" Alias="Object6" Column="Column1" /></Identifier></ScalarOperator></Then><Else><ScalarOperator><Const ConstValue="Value5" /></ScalarOperator></Else></IF></ScalarOperator></DefinedValue><DefinedValue><ColumnReference Column="Column46" /><ScalarOperator ScalarString="ScalarString19"><IF><Condition><ScalarOperator><Compare CompareOp="EQ"><ScalarOperator><Identifier><ColumnReference Database="Database1" Schema="Schema1" Table="Object7" Alias="Object6" Column="Column2" /></Identifier></ScalarOperator><ScalarOperator><Const ConstValue="Value26" /></ScalarOperator></Compare></ScalarOperator></Condition><Then><ScalarOperator><Identifier><ColumnReference Database="Database1" Schema="Schema1" Table="Object7" Alias="Object6" Column="Column1" /></Identifier></ScalarOperator></Then><Else><ScalarOperator><Const ConstValue="Value5" /></ScalarOperator></Else></IF></ScalarOperator></DefinedValue><DefinedValue><ColumnReference Column="Column47" /><ScalarOperator ScalarString="ScalarString14"><IF><Condition><ScalarOperator><Compare CompareOp="EQ"><ScalarOperator><Identifier><ColumnReference Database="Database1" Schema="Schema1" Table="Object7" Alias="Object6" Column="Column2" /></Identifier></ScalarOperator><ScalarOperator><Const ConstValue="Value21" /></ScalarOperator></Compare></ScalarOperator></Condition><Then><ScalarOperator><Identifier><ColumnReference Database="Database1" Schema="Schema1" Table="Object7" Alias="Object6" Column="Column1" /></Identifier></ScalarOperator></Then><Else><ScalarOperator><Const ConstValue="Value5" /></ScalarOperator></Else></IF></ScalarOperator></DefinedValue></DefinedValues><RelOp AvgRowSize="40" EstimateCPU="1E-07" EstimateIO="0" EstimateRebinds="0" EstimateRewinds="0" EstimatedExecutionMode="Row" EstimateRows="1" LogicalOp="Compute Scalar" NodeId="10" Parallel="false" PhysicalOp="Compute Scalar" EstimatedTotalSubtreeCost="0.0359419"><OutputList><ColumnReference Database="Database1" Schema="Schema1" Table="Object7" Alias="Object6" Column="Column3" /><ColumnReference Database="Database1" Schema="Schema1" Table="Object7" Alias="Object6" Column="Column2" /><ColumnReference Database="Database1" Schema="Schema1" Table="Object7" Alias="Object6" Column="Column4" /><ColumnReference Database="Database1" Schema="Schema1" Table="Object7" Alias="Object6" Column="Column1" /><ColumnReference Column="Expr1020" /><ColumnReference Column="Expr1021" /><ColumnReference Column="Expr1042" /></OutputList><ComputeScalar><DefinedValues><DefinedValue><ColumnReference Column="Expr1020" /><ScalarOperator ScalarString="ScalarString43"><IF><Condition><ScalarOperator><Compare CompareOp="EQ"><ScalarOperator><Identifier><ColumnReference Column="Column48" /></Identifier></ScalarOperator><ScalarOperator><Const ConstValue="Value33" /></ScalarOperator></Compare></ScalarOperator></Condition><Then><ScalarOperator><Identifier><ColumnReference Database="Database1" Schema="Schema1" Table="Object7" Alias="Object6" Column="Column1" /></Identifier></ScalarOperator></Then><Else><ScalarOperator><IF><Condition><ScalarOperator><Compare CompareOp="EQ"><ScalarOperator><Identifier><ColumnReference Column="Column48" /></Identifier></ScalarOperator><ScalarOperator><Const ConstValue="Value5" /></ScalarOperator></Compare></ScalarOperator></Condition><Then><ScalarOperator><IF><Condition><ScalarOperator><Compare CompareOp="IS"><ScalarOperator><Identifier><ColumnReference Table="Object19" Alias="Object5" Column="Column2" /></Identifier></ScalarOperator><ScalarOperator><Const ConstValue="Value7" /></ScalarOperator></Compare></ScalarOperator></Condition><Then><ScalarOperator><IF><Condition><ScalarOperator><Compare CompareOp="EQ"><ScalarOperator><Identifier><ColumnReference Column="Column48" /></Identifier></ScalarOperator><ScalarOperator><Const ConstValue="Value6" /></ScalarOperator></Compare></ScalarOperator></Condition><Then><ScalarOperator><Intrinsic FunctionName="Function2"><ScalarOperator><Arithmetic Operation="MINUS"><ScalarOperator><Identifier><ColumnReference Column="Expr1009" /></Identifier></ScalarOperator></Arithmetic></ScalarOperator><ScalarOperator><Const ConstValue="Value5" /></ScalarOperator></Intrinsic></ScalarOperator></Then><Else><ScalarOperator><Const ConstValue="Value5" /></ScalarOperator></Else></IF></ScalarOperator></Then><Else><ScalarOperator><Intrinsic FunctionName="Function2"><ScalarOperator><Identifier><ColumnReference Table="Object19" Alias="Object5" Column="Column1" /></Identifier></ScalarOperator><ScalarOperator><Identifier><ColumnReference Column="Expr1009" /></Identifier></ScalarOperator></Intrinsic></ScalarOperator></Else></IF></ScalarOperator></Then><Else><ScalarOperator><IF><Condition><ScalarOperator><Compare CompareOp="EQ"><ScalarOperator><Identifier><ColumnReference Column="Column48" /></Identifier></ScalarOperator><ScalarOperator><Const ConstValue="Value6" /></ScalarOperator></Compare></ScalarOperator></Condition><Then><ScalarOperator><Arithmetic Operation="ADD"><ScalarOperator><Identifier><ColumnReference Database="Database1" Schema="Schema1" Table="Object7" Alias="Object6" Column="Column1" /></Identifier></ScalarOperator><ScalarOperator><IF><Condition><ScalarOperator><Compare CompareOp="IS"><ScalarOperator><Identifier><ColumnReference Table="Object19" Alias="Object5" Column="Column2" /></Identifier></ScalarOperator><ScalarOperator><Const ConstValue="Value7" /></ScalarOperator></Compare></ScalarOperator></Condition><Then><ScalarOperator><IF><Condition><ScalarOperator><Compare CompareOp="EQ"><ScalarOperator><Identifier><ColumnReference Column="Column48" /></Identifier></ScalarOperator><ScalarOperator><Const ConstValue="Value6" /></ScalarOperator></Compare></ScalarOperator></Condition><Then><ScalarOperator><Intrinsic FunctionName="Function2"><ScalarOperator><Arithmetic Operation="MINUS"><ScalarOperator><Identifier><ColumnReference Column="Expr1009" /></Identifier></ScalarOperator></Arithmetic></ScalarOperator><ScalarOperator><Const ConstValue="Value5" /></ScalarOperator></Intrinsic></ScalarOperator></Then><Else><ScalarOperator><Const ConstValue="Value5" /></ScalarOperator></Else></IF></ScalarOperator></Then><Else><ScalarOperator><Intrinsic FunctionName="Function2"><ScalarOperator><Identifier><ColumnReference Table="Object19" Alias="Object5" Column="Column1" /></Identifier></ScalarOperator><ScalarOperator><Identifier><ColumnReference Column="Expr1009" /></Identifier></ScalarOperator></Intrinsic></ScalarOperator></Else></IF></ScalarOperator></Arithmetic></ScalarOperator></Then><Else><ScalarOperator><Arithmetic Operation="SUB"><ScalarOperator><IF><Condition><ScalarOperator><Compare CompareOp="IS"><ScalarOperator><Identifier><ColumnReference Table="Object19" Alias="Object5" Column="Column2" /></Identifier></ScalarOperator><ScalarOperator><Const ConstValue="Value7" /></ScalarOperator></Compare></ScalarOperator></Condition><Then><ScalarOperator><IF><Condition><ScalarOperator><Compare CompareOp="EQ"><ScalarOperator><Identifier><ColumnReference Column="Column48" /></Identifier></ScalarOperator><ScalarOperator><Const ConstValue="Value6" /></ScalarOperator></Compare></ScalarOperator></Condition><Then><ScalarOperator><Intrinsic FunctionName="Function2"><ScalarOperator><Arithmetic Operation="MINUS"><ScalarOperator><Identifier><ColumnReference Column="Expr1009" /></Identifier></ScalarOperator></Arithmetic></ScalarOperator><ScalarOperator><Const ConstValue="Value5" /></ScalarOperator></Intrinsic></ScalarOperator></Then><Else><ScalarOperator><Const ConstValue="Value5" /></ScalarOperator></Else></IF></ScalarOperator></Then><Else><ScalarOperator><Intrinsic FunctionName="Function2"><ScalarOperator><Identifier><ColumnReference Table="Object19" Alias="Object5" Column="Column1" /></Identifier></ScalarOperator><ScalarOperator><Identifier><ColumnReference Column="Expr1009" /></Identifier></ScalarOperator></Intrinsic></ScalarOperator></Else></IF></ScalarOperator><ScalarOperator><Intrinsic FunctionName="Function2"><ScalarOperator><Identifier><ColumnReference Column="Expr1019" /></Identifier></ScalarOperator><ScalarOperator><Const ConstValue="Value5" /></ScalarOperator></Intrinsic></ScalarOperator></Arithmetic></ScalarOperator></Else></IF></ScalarOperator></Else></IF></ScalarOperator></Else></IF></ScalarOperator></DefinedValue><DefinedValue><ColumnReference Column="Expr1021" /><ScalarOperator ScalarString="ScalarString44"><IF><Condition><ScalarOperator><Logical Operation="OR"><ScalarOperator><Compare CompareOp="GT"><ScalarOperator><Identifier><ColumnReference Column="Column48" /></Identifier></ScalarOperator><ScalarOperator><Const ConstValue="Value5" /></ScalarOperator></Compare></ScalarOperator><ScalarOperator><Logical Operation="AND"><ScalarOperator><Compare CompareOp="EQ"><ScalarOperator><Identifier><ColumnReference Column="Column48" /></Identifier></ScalarOperator><ScalarOperator><Const ConstValue="Value5" /></ScalarOperator></Compare></ScalarOperator><ScalarOperator><Compare CompareOp="NE"><ScalarOperator><Identifier><ColumnReference Database="Database1" Schema="Schema1" Table="Object7" Alias="Object6" Column="Column1" /></Identifier></ScalarOperator><ScalarOperator><IF><Condition><ScalarOperator><Compare CompareOp="IS"><ScalarOperator><Identifier><ColumnReference Table="Object19" Alias="Object5" Column="Column2" /></Identifier></ScalarOperator><ScalarOperator><Const ConstValue="Value7" /></ScalarOperator></Compare></ScalarOperator></Condition><Then><ScalarOperator><IF><Condition><ScalarOperator><Compare CompareOp="EQ"><ScalarOperator><Identifier><ColumnReference Column="Column48" /></Identifier></ScalarOperator><ScalarOperator><Const ConstValue="Value6" /></ScalarOperator></Compare></ScalarOperator></Condition><Then><ScalarOperator><Intrinsic FunctionName="Function2"><ScalarOperator><Arithmetic Operation="MINUS"><ScalarOperator><Identifier><ColumnReference Column="Expr1009" /></Identifier></ScalarOperator></Arithmetic></ScalarOperator><ScalarOperator><Const ConstValue="Value5" /></ScalarOperator></Intrinsic></ScalarOperator></Then><Else><ScalarOperator><Const ConstValue="Value5" /></ScalarOperator></Else></IF></ScalarOperator></Then><Else><ScalarOperator><Intrinsic FunctionName="Function2"><ScalarOperator><Identifier><ColumnReference Table="Object19" Alias="Object5" Column="Column1" /></Identifier></ScalarOperator><ScalarOperator><Identifier><ColumnReference Column="Expr1009" /></Identifier></ScalarOperator></Intrinsic></ScalarOperator></Else></IF></ScalarOperator></Compare></ScalarOperator></Logical></ScalarOperator></Logical></ScalarOperator></Condition><Then><ScalarOperator><Identifier><ColumnReference Column="Column49"><ScalarOperator><Intrinsic FunctionName="Function3" /></ScalarOperator></ColumnReference></Identifier></ScalarOperator></Then><Else><ScalarOperator><Identifier><ColumnReference Database="Database1" Schema="Schema1" Table="Object7" Alias="Object6" Column="Column7" /></Identifier></ScalarOperator></Else></IF></ScalarOperator></DefinedValue><DefinedValue><ColumnReference Column="Expr1042" /><ScalarOperator ScalarString="ScalarString45"><IF><Condition><ScalarOperator><Compare CompareOp="BINARY IS"><ScalarOperator><Identifier><ColumnReference Database="Database1" Schema="Schema1" Table="Object7" Alias="Object6" Column="Column1" /></Identifier></ScalarOperator><ScalarOperator><IF><Condition><ScalarOperator><Compare CompareOp="EQ"><ScalarOperator><Identifier><ColumnReference Column="Column48" /></Identifier></ScalarOperator><ScalarOperator><Const ConstValue="Value33" /></ScalarOperator></Compare></ScalarOperator></Condition><Then><ScalarOperator><Identifier><ColumnReference Database="Database1" Schema="Schema1" Table="Object7" Alias="Object6" Column="Column1" /></Identifier></ScalarOperator></Then><Else><ScalarOperator><IF><Condition><ScalarOperator><Compare CompareOp="EQ"><ScalarOperator><Identifier><ColumnReference Column="Column48" /></Identifier></ScalarOperator><ScalarOperator><Const ConstValue="Value5" /></ScalarOperator></Compare></ScalarOperator></Condition><Then><ScalarOperator><IF><Condition><ScalarOperator><Compare CompareOp="IS"><ScalarOperator><Identifier><ColumnReference Table="Object19" Alias="Object5" Column="Column2" /></Identifier></ScalarOperator><ScalarOperator><Const ConstValue="Value7" /></ScalarOperator></Compare></ScalarOperator></Condition><Then><ScalarOperator><IF><Condition><ScalarOperator><Compare CompareOp="EQ"><ScalarOperator><Identifier><ColumnReference Column="Column48" /></Identifier></ScalarOperator><ScalarOperator><Const ConstValue="Value6" /></ScalarOperator></Compare></ScalarOperator></Condition><Then><ScalarOperator><Intrinsic FunctionName="Function2"><ScalarOperator><Arithmetic Operation="MINUS"><ScalarOperator><Identifier><ColumnReference Column="Expr1009" /></Identifier></ScalarOperator></Arithmetic></ScalarOperator><ScalarOperator><Const ConstValue="Value5" /></ScalarOperator></Intrinsic></ScalarOperator></Then><Else><ScalarOperator><Const ConstValue="Value5" /></ScalarOperator></Else></IF></ScalarOperator></Then><Else><ScalarOperator><Intrinsic FunctionName="Function2"><ScalarOperator><Identifier><ColumnReference Table="Object19" Alias="Object5" Column="Column1" /></Identifier></ScalarOperator><ScalarOperator><Identifier><ColumnReference Column="Expr1009" /></Identifier></ScalarOperator></Intrinsic></ScalarOperator></Else></IF></ScalarOperator></Then><Else><ScalarOperator><IF><Condition><ScalarOperator><Compare CompareOp="EQ"><ScalarOperator><Identifier><ColumnReference Column="Column48" /></Identifier></ScalarOperator><ScalarOperator><Const ConstValue="Value6" /></ScalarOperator></Compare></ScalarOperator></Condition><Then><ScalarOperator><Arithmetic Operation="ADD"><ScalarOperator><Identifier><ColumnReference Database="Database1" Schema="Schema1" Table="Object7" Alias="Object6" Column="Column1" /></Identifier></ScalarOperator><ScalarOperator><IF><Condition><ScalarOperator><Compare CompareOp="IS"><ScalarOperator><Identifier><ColumnReference Table="Object19" Alias="Object5" Column="Column2" /></Identifier></ScalarOperator><ScalarOperator><Const ConstValue="Value7" /></ScalarOperator></Compare></ScalarOperator></Condition><Then><ScalarOperator><IF><Condition><ScalarOperator><Compare CompareOp="EQ"><ScalarOperator><Identifier><ColumnReference Column="Column48" /></Identifier></ScalarOperator><ScalarOperator><Const ConstValue="Value6" /></ScalarOperator></Compare></ScalarOperator></Condition><Then><ScalarOperator><Intrinsic FunctionName="Function2"><ScalarOperator><Arithmetic Operation="MINUS"><ScalarOperator><Identifier><ColumnReference Column="Expr1009" /></Identifier></ScalarOperator></Arithmetic></ScalarOperator><ScalarOperator><Const ConstValue="Value5" /></ScalarOperator></Intrinsic></ScalarOperator></Then><Else><ScalarOperator><Const ConstValue="Value5" /></ScalarOperator></Else></IF></ScalarOperator></Then><Else><ScalarOperator><Intrinsic FunctionName="Function2"><ScalarOperator><Identifier><ColumnReference Table="Object19" Alias="Object5" Column="Column1" /></Identifier></ScalarOperator><ScalarOperator><Identifier><ColumnReference Column="Expr1009" /></Identifier></ScalarOperator></Intrinsic></ScalarOperator></Else></IF></ScalarOperator></Arithmetic></ScalarOperator></Then><Else><ScalarOperator><Arithmetic Operation="SUB"><ScalarOperator><IF><Condition><ScalarOperator><Compare CompareOp="IS"><ScalarOperator><Identifier><ColumnReference Table="Object19" Alias="Object5" Column="Column2" /></Identifier></ScalarOperator><ScalarOperator><Const ConstValue="Value7" /></ScalarOperator></Compare></ScalarOperator></Condition><Then><ScalarOperator><IF><Condition><ScalarOperator><Compare CompareOp="EQ"><ScalarOperator><Identifier><ColumnReference Column="Column48" /></Identifier></ScalarOperator><ScalarOperator><Const ConstValue="Value6" /></ScalarOperator></Compare></ScalarOperator></Condition><Then><ScalarOperator><Intrinsic FunctionName="Function2"><ScalarOperator><Arithmetic Operation="MINUS"><ScalarOperator><Identifier><ColumnReference Column="Expr1009" /></Identifier></ScalarOperator></Arithmetic></ScalarOperator><ScalarOperator><Const ConstValue="Value5" /></ScalarOperator></Intrinsic></ScalarOperator></Then><Else><ScalarOperator><Const ConstValue="Value5" /></ScalarOperator></Else></IF></ScalarOperator></Then><Else><ScalarOperator><Intrinsic FunctionName="Function2"><ScalarOperator><Identifier><ColumnReference Table="Object19" Alias="Object5" Column="Column1" /></Identifier></ScalarOperator><ScalarOperator><Identifier><ColumnReference Column="Expr1009" /></Identifier></ScalarOperator></Intrinsic></ScalarOperator></Else></IF></ScalarOperator><ScalarOperator><Intrinsic FunctionName="Function2"><ScalarOperator><Identifier><ColumnReference Column="Expr1019" /></Identifier></ScalarOperator><ScalarOperator><Const ConstValue="Value5" /></ScalarOperator></Intrinsic></ScalarOperator></Arithmetic></ScalarOperator></Else></IF></ScalarOperator></Else></IF></ScalarOperator></Else></IF></ScalarOperator></Compare></ScalarOperator></Condition><Then><ScalarOperator><Const ConstValue="Value6" /></ScalarOperator></Then><Else><ScalarOperator><Const ConstValue="Value5" /></ScalarOperator></Else></IF></ScalarOperator></DefinedValue></DefinedValues><RelOp AvgRowSize="52" EstimateCPU="0.000100052" EstimateIO="0.0112613" EstimateRebinds="0" EstimateRewinds="0" EstimatedExecutionMode="Row" EstimateRows="1" LogicalOp="Distinct Sort" NodeId="11" Parallel="false" PhysicalOp="Sort" EstimatedTotalSubtreeCost="0.0359418"><OutputList><ColumnReference Database="Database1" Schema="Schema1" Table="Object7" Alias="Object6" Column="Column3" /><ColumnReference Database="Database1" Schema="Schema1" Table="Object7" Alias="Object6" Column="Column2" /><ColumnReference Database="Database1" Schema="Schema1" Table="Object7" Alias="Object6" Column="Column4" /><ColumnReference Database="Database1" Schema="Schema1" Table="Object7" Alias="Object6" Column="Column1" /><ColumnReference Database="Database1" Schema="Schema1" Table="Object7" Alias="Object6" Column="Column7" /><ColumnReference Table="Object19" Alias="Object5" Column="Column2" /><ColumnReference Table="Object19" Alias="Object5" Column="Column1" /><ColumnReference Column="Expr1009" /><ColumnReference Column="Expr1019" /></OutputList><MemoryFractions Input="1" Output="1" /><RunTimeInformation><RunTimeCountersPerThread Thread="0" ActualRebinds="1" ActualRewinds="0" ActualRows="1" Batches="0" ActualEndOfScans="1" ActualExecutions="1" ActualExecutionMode="Row" ActualElapsedms="0" ActualCPUms="0" ActualScans="0" ActualLogicalReads="0" ActualPhysicalReads="0" ActualReadAheads="0" ActualLobLogicalReads="0" ActualLobPhysicalReads="0" ActualLobReadAheads="0" InputMemoryGrant="896" OutputMemoryGrant="512" UsedMemoryGrant="0" /></RunTimeInformation><Sort Distinct="true"><OrderBy><OrderByColumn Ascending="true"><ColumnReference Database="Database1" Schema="Schema1" Table="Object7" Alias="Object6" Column="Column2" /></OrderByColumn></OrderBy><RelOp AvgRowSize="52" EstimateCPU="4.18E-06" EstimateIO="0" EstimateRebinds="0" EstimateRewinds="0" EstimatedExecutionMode="Row" EstimateRows="1" LogicalOp="Left Outer Join" NodeId="12" Parallel="false" PhysicalOp="Nested Loops" EstimatedTotalSubtreeCost="0.0245805"><OutputList><ColumnReference Database="Database1" Schema="Schema1" Table="Object7" Alias="Object6" Column="Column3" /><ColumnReference Database="Database1" Schema="Schema1" Table="Object7" Alias="Object6" Column="Column2" /><ColumnReference Database="Database1" Schema="Schema1" Table="Object7" Alias="Object6" Column="Column4" /><ColumnReference Database="Database1" Schema="Schema1" Table="Object7" Alias="Object6" Column="Column1" /><ColumnReference Database="Database1" Schema="Schema1" Table="Object7" Alias="Object6" Column="Column7" /><ColumnReference Table="Object19" Alias="Object5" Column="Column2" /><ColumnReference Table="Object19" Alias="Object5" Column="Column1" /><ColumnReference Column="Expr1009" /><ColumnReference Column="Expr1019" /></OutputList><RunTimeInformation><RunTimeCountersPerThread Thread="0" ActualRows="1" Batches="0" ActualEndOfScans="1" ActualExecutions="1" ActualExecutionMode="Row" ActualElapsedms="0" ActualCPUms="0" /></RunTimeInformation><NestedLoops Optimized="false"><OuterReferences><ColumnReference Database="Database1" Schema="Schema1" Table="Object7" Alias="Object6" Column="Column5" /></OuterReferences><RelOp AvgRowSize="52" EstimateCPU="4.18E-06" EstimateIO="0" EstimateRebinds="0" EstimateRewinds="0" EstimatedExecutionMode="Row" EstimateRows="1" LogicalOp="Inner Join" NodeId="13" Parallel="false" PhysicalOp="Nested Loops" EstimatedTotalSubtreeCost="0.0241155"><OutputList><ColumnReference Database="Database1" Schema="Schema1" Table="Object7" Alias="Object6" Column="Column3" /><ColumnReference Database="Database1" Schema="Schema1" Table="Object7" Alias="Object6" Column="Column2" /><ColumnReference Database="Database1" Schema="Schema1" Table="Object7" Alias="Object6" Column="Column4" /><ColumnReference Database="Database1" Schema="Schema1" Table="Object7" Alias="Object6" Column="Column1" /><ColumnReference Database="Database1" Schema="Schema1" Table="Object7" Alias="Object6" Column="Column7" /><ColumnReference Database="Database1" Schema="Schema1" Table="Object7" Alias="Object6" Column="Column5" /><ColumnReference Table="Object19" Alias="Object5" Column="Column2" /><ColumnReference Table="Object19" Alias="Object5" Column="Column1" /><ColumnReference Column="Expr1009" /></OutputList><RunTimeInformation><RunTimeCountersPerThread Thread="0" ActualRows="1" Batches="0" ActualEndOfScans="1" ActualExecutions="1" ActualExecutionMode="Row" ActualElapsedms="0" ActualCPUms="0" /></RunTimeInformation><NestedLoops Optimized="false"><OuterReferences><ColumnReference Database="Database1" Schema="Schema1" Table="Object7" Alias="Object6" Column="Column3" /><ColumnReference Database="Database1" Schema="Schema1" Table="Object7" Alias="Object6" Column="Column2" /><ColumnReference Database="Database1" Schema="Schema1" Table="Object7" Alias="Object6" Column="Column4" /></OuterReferences><RelOp AvgRowSize="39" EstimateCPU="4.18E-06" EstimateIO="0" EstimateRebinds="0" EstimateRewinds="0" EstimatedExecutionMode="Row" EstimateRows="1" LogicalOp="Inner Join" NodeId="14" Parallel="false" PhysicalOp="Nested Loops" EstimatedTotalSubtreeCost="0.0208283"><OutputList><ColumnReference Database="Database1" Schema="Schema1" Table="Object7" Alias="Object6" Column="Column3" /><ColumnReference Database="Database1" Schema="Schema1" Table="Object7" Alias="Object6" Column="Column2" /><ColumnReference Database="Database1" Schema="Schema1" Table="Object7" Alias="Object6" Column="Column4" /><ColumnReference Database="Database1" Schema="Schema1" Table="Object7" Alias="Object6" Column="Column5" /><ColumnReference Table="Object19" Alias="Object5" Column="Column2" /><ColumnReference Table="Object19" Alias="Object5" Column="Column1" /><ColumnReference Column="Expr1009" /></OutputList><RunTimeInformation><RunTimeCountersPerThread Thread="0" ActualRows="1" Batches="0" ActualEndOfScans="1" ActualExecutions="1" ActualExecutionMode="Row" ActualElapsedms="0" ActualCPUms="0" /></RunTimeInformation><NestedLoops Optimized="false"><OuterReferences><ColumnReference Table="Object19" Alias="Object5" Column="Column2" /><ColumnReference Column="Expr1010" /></OuterReferences><RelOp AvgRowSize="23" EstimateCPU="1.292E-06" EstimateIO="0" EstimateRebinds="0" EstimateRewinds="0" EstimatedExecutionMode="Row" EstimateRows="1" LogicalOp="Filter" NodeId="15" Parallel="false" PhysicalOp="Filter" EstimatedTotalSubtreeCost="0.0175407"><OutputList><ColumnReference Table="Object19" Alias="Object5" Column="Column2" /><ColumnReference Table="Object19" Alias="Object5" Column="Column1" /><ColumnReference Column="Expr1009" /><ColumnReference Column="Expr1010" /></OutputList><RunTimeInformation><RunTimeCountersPerThread Thread="0" ActualRows="1" Batches="0" ActualEndOfScans="1" ActualExecutions="1" ActualExecutionMode="Row" ActualElapsedms="0" ActualCPUms="0" /></RunTimeInformation><Filter StartupExpression="false"><RelOp AvgRowSize="27" EstimateCPU="2E-07" EstimateIO="0" EstimateRebinds="0" EstimateRewinds="0" EstimatedExecutionMode="Row" EstimateRows="1.9" LogicalOp="Concatenation" NodeId="16" Parallel="false" PhysicalOp="Concatenation" EstimatedTotalSubtreeCost="0.0175394"><OutputList><ColumnReference Table="Object19" Alias="Object5" Column="Column2" /><ColumnReference Table="Object19" Alias="Object5" Column="Column1" /><ColumnReference Column="Expr1008" /><ColumnReference Column="Expr1009" /><ColumnReference Column="Expr1010" /></OutputList><RunTimeInformation><RunTimeCountersPerThread Thread="0" ActualRows="1" Batches="0" ActualEndOfScans="1" ActualExecutions="1" ActualExecutionMode="Row" ActualElapsedms="0" ActualCPUms="0" /></RunTimeInformation><Concat><DefinedValues><DefinedValue><ColumnReference Table="Object19" Alias="Object5" Column="Column2" /><ColumnReference Table="Object19" Alias="Object5" Column="Column2" /><ColumnReference Table="Object19" Alias="Object5" Column="Column2" /></DefinedValue><DefinedValue><ColumnReference Table="Object19" Alias="Object5" Column="Column1" /><ColumnReference Table="Object19" Alias="Object5" Column="Column1" /><ColumnReference Table="Object19" Alias="Object5" Column="Column1" /></DefinedValue><DefinedValue><ColumnReference Column="Expr1008" /><ColumnReference Database="Database1" Schema="Schema1" Table="Object7" Column="Column2" /><ColumnReference Database="Database1" Schema="Schema1" Table="Object7" Column="Column2" /></DefinedValue><DefinedValue><ColumnReference Column="Expr1009" /><ColumnReference Database="Database1" Schema="Schema1" Table="Object7" Column="Column1" /><ColumnReference Database="Database1" Schema="Schema1" Table="Object7" Column="Column1" /></DefinedValue><DefinedValue><ColumnReference Column="Expr1010" /><ColumnReference Database="Database1" Schema="Schema1" Table="Object7" Column="Column5" /><ColumnReference Database="Database1" Schema="Schema1" Table="Object7" Column="Column5" /></DefinedValue></DefinedValues><RelOp AvgRowSize="27" EstimateCPU="4.18E-06" EstimateIO="0" EstimateRebinds="0" EstimateRewinds="0" EstimatedExecutionMode="Row" EstimateRows="1" LogicalOp="Left Outer Join" NodeId="17" Parallel="false" PhysicalOp="Nested Loops" EstimatedTotalSubtreeCost="0.00876955"><OutputList><ColumnReference Table="Object19" Alias="Object5" Column="Column2" /><ColumnReference Table="Object19" Alias="Object5" Column="Column1" /><ColumnReference Database="Database1" Schema="Schema1" Table="Object7" Column="Column2" /><ColumnReference Database="Database1" Schema="Schema1" Table="Object7" Column="Column1" /><ColumnReference Database="Database1" Schema="Schema1" Table="Object7" Column="Column5" /></OutputList><RunTimeInformation><RunTimeCountersPerThread Thread="0" ActualRows="1" Batches="0" ActualEndOfScans="1" ActualExecutions="1" ActualExecutionMode="Row" ActualElapsedms="0" ActualCPUms="0" /></RunTimeInformation><NestedLoops Optimized="false"><Predicate><ScalarOperator ScalarString="ScalarString46"><Compare CompareOp="EQ"><ScalarOperator><Identifier><ColumnReference Database="Database1" Schema="Schema1" Table="Object7" Column="Column5" /></Identifier></ScalarOperator><ScalarOperator><IF><Condition><ScalarOperator><Logical Operation="AND"><ScalarOperator><Compare CompareOp="EQ"><ScalarOperator><Identifier><ColumnReference Column="Column50" /></Identifier></ScalarOperator><ScalarOperator><Const ConstValue="Value5" /></ScalarOperator></Compare></ScalarOperator><ScalarOperator><Compare CompareOp="GE"><ScalarOperator><Identifier><ColumnReference Table="Object19" Alias="Object5" Column="Column2" /></Identifier></ScalarOperator><ScalarOperator><Const ConstValue="Value5" /></ScalarOperator></Compare></ScalarOperator></Logical></ScalarOperator></Condition><Then><ScalarOperator><Const ConstValue="Value33" /></ScalarOperator></Then><Else><ScalarOperator><Identifier><ColumnReference Table="Object19" Alias="Object5" Column="Column2" /></Identifier></ScalarOperator></Else></IF></ScalarOperator></Compare></ScalarOperator></Predicate><RelOp AvgRowSize="15" EstimateCPU="0.0004596" EstimateIO="0" EstimateRebinds="0" EstimateRewinds="0" EstimatedExecutionMode="Row" EstimateRows="1" EstimatedRowsRead="1" LogicalOp="Index Scan" NodeId="18" Parallel="false" PhysicalOp="Index Scan" EstimatedTotalSubtreeCost="0.0004596" TableCardinality="1"><OutputList><ColumnReference Table="Object19" Alias="Object5" Column="Column2" /><ColumnReference Table="Object19" Alias="Object5" Column="Column1" /></OutputList><RunTimeInformation><RunTimeCountersPerThread Thread="0" ActualRows="1" Batches="0" ActualEndOfScans="1" ActualExecutions="1" ActualExecutionMode="Row" ActualElapsedms="0" ActualCPUms="0" /></RunTimeInformation><IndexScan Ordered="false" ForcedIndex="false" ForceSeek="false" ForceScan="false" NoExpandHint="false" Storage="MemoryOptimized"><DefinedValues><DefinedValue><ColumnReference Table="Object19" Alias="Object5" Column="Column2" /></DefinedValue><DefinedValue><ColumnReference Table="Object19" Alias="Object5" Column="Column1" /></DefinedValue></DefinedValues><Object Table="Object19" Index="Index2" Alias="Object5" IndexKind="NonClustered" Storage="MemoryOptimized" /></IndexScan></RelOp><RelOp AvgRowSize="46" EstimateCPU="5.06857E-05" EstimateIO="0.00660232" EstimateRebinds="0" EstimateRewinds="0" EstimatedExecutionMode="Row" EstimateRows="1" LogicalOp="Eager Spool" NodeId="20" Parallel="false" PhysicalOp="Table Spool" EstimatedTotalSubtreeCost="0.00830457"><OutputList><ColumnReference Column="Column51" /><ColumnReference Database="Database1" Schema="Schema1" Table="Object7" Column="Column3" /><ColumnReference Database="Database1" Schema="Schema1" Table="Object7" Column="Column2" /><ColumnReference Database="Database1" Schema="Schema1" Table="Object7" Column="Column4" /><ColumnReference Database="Database1" Schema="Schema1" Table="Object7" Column="Column1" /><ColumnReference Database="Database1" Schema="Schema1" Table="Object7" Column="Column5" /><ColumnReference Column="Column52" /></OutputList><RunTimeInformation><RunTimeCountersPerThread Thread="0" ActualRebinds="1" ActualRewinds="0" ActualRows="1" ActualRowsRead="1" Batches="0" ActualEndOfScans="1" ActualExecutions="1" ActualExecutionMode="Row" ActualElapsedms="0" ActualCPUms="0" ActualScans="1" ActualLogicalReads="5" ActualPhysicalReads="0" ActualReadAheads="0" ActualLobLogicalReads="0" ActualLobPhysicalReads="0" ActualLobReadAheads="0" /></RunTimeInformation><Spool><RelOp AvgRowSize="46" EstimateCPU="1E-07" EstimateIO="0" EstimateRebinds="0" EstimateRewinds="0" EstimatedExecutionMode="Row" EstimateRows="1" LogicalOp="Compute Scalar" NodeId="21" Parallel="false" PhysicalOp="Compute Scalar" EstimatedTotalSubtreeCost="0.0032832"><OutputList><ColumnReference Column="Column51" /><ColumnReference Database="Database1" Schema="Schema1" Table="Object7" Column="Column3" /><ColumnReference Database="Database1" Schema="Schema1" Table="Object7" Column="Column2" /><ColumnReference Database="Database1" Schema="Schema1" Table="Object7" Column="Column4" /><ColumnReference Database="Database1" Schema="Schema1" Table="Object7" Column="Column1" /><ColumnReference Database="Database1" Schema="Schema1" Table="Object7" Column="Column5" /><ColumnReference Column="Expr1008" /><ColumnReference Column="Expr1009" /><ColumnReference Column="Expr1010" /><ColumnReference Column="Column52" /></OutputList><ComputeScalar><DefinedValues><DefinedValue><ColumnReference Column="Expr1008" /><ScalarOperator ScalarString="ScalarString47"><Identifier><ColumnReference Database="Database1" Schema="Schema1" Table="Object7" Column="Column2" /></Identifier></ScalarOperator></DefinedValue><DefinedValue><ColumnReference Column="Expr1009" /><ScalarOperator ScalarString="ScalarString48"><Identifier><ColumnReference Database="Database1" Schema="Schema1" Table="Object7" Column="Column1" /></Identifier></ScalarOperator></DefinedValue><DefinedValue><ColumnReference Column="Expr1010" /><ScalarOperator ScalarString="ScalarString49"><Identifier><ColumnReference Database="Database1" Schema="Schema1" Table="Object7" Column="Column5" /></Identifier></ScalarOperator></DefinedValue></DefinedValues><RelOp AvgRowSize="33" EstimateCPU="0.0001581" EstimateIO="0.003125" EstimateRebinds="0" EstimateRewinds="0" EstimatedExecutionMode="Row" EstimateRows="1" EstimatedRowsRead="1" LogicalOp="Index Seek" NodeId="22" Parallel="false" PhysicalOp="Index Seek" EstimatedTotalSubtreeCost="0.0032831" TableCardinality="3675110"><OutputList><ColumnReference Column="Column51" /><ColumnReference Database="Database1" Schema="Schema1" Table="Object7" Column="Column3" /><ColumnReference Database="Database1" Schema="Schema1" Table="Object7" Column="Column2" /><ColumnReference Database="Database1" Schema="Schema1" Table="Object7" Column="Column4" /><ColumnReference Database="Database1" Schema="Schema1" Table="Object7" Column="Column1" /><ColumnReference Database="Database1" Schema="Schema1" Table="Object7" Column="Column5" /><ColumnReference Column="Column52" /></OutputList><RunTimeInformation><RunTimeCountersPerThread Thread="0" ActualRows="1" ActualRowsRead="1" Batches="0" ActualEndOfScans="1" ActualExecutions="1" ActualExecutionMode="Row" ActualElapsedms="0" ActualCPUms="0" ActualScans="1" ActualLogicalReads="4" ActualPhysicalReads="0" ActualReadAheads="0" ActualLobLogicalReads="0" ActualLobPhysicalReads="0" ActualLobReadAheads="0" /></RunTimeInformation><IndexScan Ordered="true" ScanDirection="FORWARD" ForcedIndex="false" ForceSeek="false" ForceScan="false" NoExpandHint="false" Storage="RowStore"><DefinedValues><DefinedValue><ColumnReference Column="Column51" /></DefinedValue><DefinedValue><ColumnReference Database="Database1" Schema="Schema1" Table="Object7" Column="Column3" /></DefinedValue><DefinedValue><ColumnReference Database="Database1" Schema="Schema1" Table="Object7" Column="Column2" /></DefinedValue><DefinedValue><ColumnReference Database="Database1" Schema="Schema1" Table="Object7" Column="Column4" /></DefinedValue><DefinedValue><ColumnReference Database="Database1" Schema="Schema1" Table="Object7" Column="Column1" /></DefinedValue><DefinedValue><ColumnReference Database="Database1" Schema="Schema1" Table="Object7" Column="Column5" /></DefinedValue><DefinedValue><ColumnReference Column="Column52" /></DefinedValue></DefinedValues><Object Database="Database1" Schema="Schema1" Table="Object7" Index="Index7" IndexKind="NonClustered" Storage="RowStore" /><SeekPredicates><SeekPredicateNew><SeekKeys><Prefix ScanType="EQ"><RangeColumns><ColumnReference Database="Database1" Schema="Schema1" Table="Object7" Column="Column4" /><ColumnReference Database="Database1" Schema="Schema1" Table="Object7" Column="Column3" /></RangeColumns><RangeExpressions><ScalarOperator ScalarString="ScalarString7"><Identifier><ColumnReference Column="Column30" /></Identifier></ScalarOperator><ScalarOperator ScalarString="ScalarString6"><Identifier><ColumnReference Column="Column29" /></Identifier></ScalarOperator></RangeExpressions></Prefix></SeekKeys></SeekPredicateNew></SeekPredicates></IndexScan></RelOp></ComputeScalar></RelOp></Spool></RelOp></NestedLoops></RelOp><RelOp AvgRowSize="27" EstimateCPU="1E-07" EstimateIO="0" EstimateRebinds="0" EstimateRewinds="0" EstimatedExecutionMode="Row" EstimateRows="1" LogicalOp="Compute Scalar" NodeId="23" Parallel="false" PhysicalOp="Compute Scalar" EstimatedTotalSubtreeCost="0.00876965"><OutputList><ColumnReference Table="Object19" Alias="Object5" Column="Column2" /><ColumnReference Table="Object19" Alias="Object5" Column="Column1" /><ColumnReference Database="Database1" Schema="Schema1" Table="Object7" Column="Column2" /><ColumnReference Database="Database1" Schema="Schema1" Table="Object7" Column="Column1" /><ColumnReference Database="Database1" Schema="Schema1" Table="Object7" Column="Column5" /></OutputList><ComputeScalar><DefinedValues><DefinedValue><ColumnReference Table="Object19" Alias="Object5" Column="Column2" /><ScalarOperator ScalarString="ScalarString50"><Const ConstValue="Value7" /></ScalarOperator></DefinedValue><DefinedValue><ColumnReference Table="Object19" Alias="Object5" Column="Column1" /><ScalarOperator ScalarString="ScalarString50"><Const ConstValue="Value7" /></ScalarOperator></DefinedValue></DefinedValues><RelOp AvgRowSize="19" EstimateCPU="4.18E-06" EstimateIO="0" EstimateRebinds="0" EstimateRewinds="0" EstimatedExecutionMode="Row" EstimateRows="1" LogicalOp="Left Anti Semi Join" NodeId="24" Parallel="false" PhysicalOp="Nested Loops" EstimatedTotalSubtreeCost="0.00876955"><OutputList><ColumnReference Database="Database1" Schema="Schema1" Table="Object7" Column="Column2" /><ColumnReference Database="Database1" Schema="Schema1" Table="Object7" Column="Column1" /><ColumnReference Database="Database1" Schema="Schema1" Table="Object7" Column="Column5" /></OutputList><RunTimeInformation><RunTimeCountersPerThread Thread="0" ActualRows="0" Batches="0" ActualEndOfScans="1" ActualExecutions="1" ActualExecutionMode="Row" ActualElapsedms="0" ActualCPUms="0" /></RunTimeInformation><NestedLoops Optimized="false"><Predicate><ScalarOperator ScalarString="ScalarString46"><Compare CompareOp="EQ"><ScalarOperator><Identifier><ColumnReference Database="Database1" Schema="Schema1" Table="Object7" Column="Column5" /></Identifier></ScalarOperator><ScalarOperator><IF><Condition><ScalarOperator><Logical Operation="AND"><ScalarOperator><Compare CompareOp="EQ"><ScalarOperator><Identifier><ColumnReference Column="Column50" /></Identifier></ScalarOperator><ScalarOperator><Const ConstValue="Value5" /></ScalarOperator></Compare></ScalarOperator><ScalarOperator><Compare CompareOp="GE"><ScalarOperator><Identifier><ColumnReference Table="Object19" Alias="Object5" Column="Column2" /></Identifier></ScalarOperator><ScalarOperator><Const ConstValue="Value5" /></ScalarOperator></Compare></ScalarOperator></Logical></ScalarOperator></Condition><Then><ScalarOperator><Const ConstValue="Value33" /></ScalarOperator></Then><Else><ScalarOperator><Identifier><ColumnReference Table="Object19" Alias="Object5" Column="Column2" /></Identifier></ScalarOperator></Else></IF></ScalarOperator></Compare></ScalarOperator></Predicate><RelOp AvgRowSize="46" EstimateCPU="5.06857E-05" EstimateIO="0.00660232" EstimateRebinds="0" EstimateRewinds="0" EstimatedExecutionMode="Row" EstimateRows="1" LogicalOp="Eager Spool" NodeId="26" Parallel="false" PhysicalOp="Table Spool" EstimatedTotalSubtreeCost="0.00830457"><OutputList><ColumnReference Column="Column51" /><ColumnReference Database="Database1" Schema="Schema1" Table="Object7" Column="Column3" /><ColumnReference Database="Database1" Schema="Schema1" Table="Object7" Column="Column2" /><ColumnReference Database="Database1" Schema="Schema1" Table="Object7" Column="Column4" /><ColumnReference Database="Database1" Schema="Schema1" Table="Object7" Column="Column1" /><ColumnReference Database="Database1" Schema="Schema1" Table="Object7" Column="Column5" /><ColumnReference Column="Column52" /></OutputList><RunTimeInformation><RunTimeCountersPerThread Thread="0" ActualRebinds="1" ActualRewinds="0" ActualRows="1" Batches="0" ActualEndOfScans="1" ActualExecutions="1" ActualExecutionMode="Row" ActualElapsedms="0" ActualCPUms="0" ActualScans="0" ActualLogicalReads="0" ActualPhysicalReads="0" ActualReadAheads="0" ActualLobLogicalReads="0" ActualLobPhysicalReads="0" ActualLobReadAheads="0" /></RunTimeInformation><Spool PrimaryNodeId="20" /></RelOp><RelOp AvgRowSize="11" EstimateCPU="0.0004596" EstimateIO="0" EstimateRebinds="0" EstimateRewinds="0" EstimatedExecutionMode="Row" EstimateRows="1" EstimatedRowsRead="1" LogicalOp="Index Scan" NodeId="27" Parallel="false" PhysicalOp="Index Scan" EstimatedTotalSubtreeCost="0.0004596" TableCardinality="1"><OutputList><ColumnReference Table="Object19" Alias="Object5" Column="Column2" /></OutputList><RunTimeInformation><RunTimeCountersPerThread Thread="0" ActualRows="1" Batches="0" ActualEndOfScans="0" ActualExecutions="1" ActualExecutionMode="Row" ActualElapsedms="0" ActualCPUms="0" /></RunTimeInformation><IndexScan Ordered="false" ForcedIndex="false" ForceSeek="false" ForceScan="false" NoExpandHint="false" Storage="MemoryOptimized"><DefinedValues><DefinedValue><ColumnReference Table="Object19" Alias="Object5" Column="Column2" /></DefinedValue></DefinedValues><Object Table="Object19" Index="Index2" Alias="Object5" IndexKind="NonClustered" Storage="MemoryOptimized" /></IndexScan></RelOp></NestedLoops></RelOp></ComputeScalar></RelOp></Concat></RelOp><Predicate><ScalarOperator ScalarString="ScalarString51"><Compare CompareOp="GE"><ScalarOperator><Intrinsic FunctionName="Function2"><ScalarOperator><Identifier><ColumnReference Table="Object19" Alias="Object5" Column="Column2" /></Identifier></ScalarOperator><ScalarOperator><Identifier><ColumnReference Column="Expr1008" /></Identifier></ScalarOperator></Intrinsic></ScalarOperator><ScalarOperator><Const ConstValue="Value5" /></ScalarOperator></Compare></ScalarOperator></Predicate></Filter></RelOp><RelOp AvgRowSize="27" EstimateCPU="2.8E-07" EstimateIO="0" EstimateRebinds="0" EstimateRewinds="0" EstimatedExecutionMode="Row" EstimateRows="1" LogicalOp="Filter" NodeId="28" Parallel="false" PhysicalOp="Filter" EstimatedTotalSubtreeCost="0.00328338"><OutputList><ColumnReference Database="Database1" Schema="Schema1" Table="Object7" Alias="Object6" Column="Column3" /><ColumnReference Database="Database1" Schema="Schema1" Table="Object7" Alias="Object6" Column="Column2" /><ColumnReference Database="Database1" Schema="Schema1" Table="Object7" Alias="Object6" Column="Column4" /><ColumnReference Database="Database1" Schema="Schema1" Table="Object7" Alias="Object6" Column="Column5" /></OutputList><RunTimeInformation><RunTimeCountersPerThread Thread="0" ActualRebinds="1" ActualRewinds="0" ActualRows="1" Batches="0" ActualEndOfScans="0" ActualExecutions="1" ActualExecutionMode="Row" ActualElapsedms="0" ActualCPUms="0" /></RunTimeInformation><Filter StartupExpression="true"><RelOp AvgRowSize="27" EstimateCPU="0.0001581" EstimateIO="0.003125" EstimateRebinds="0" EstimateRewinds="0" EstimatedExecutionMode="Row" EstimateRows="1" EstimatedRowsRead="1" LogicalOp="Index Seek" NodeId="29" Parallel="false" PhysicalOp="Index Seek" EstimatedTotalSubtreeCost="0.0032831" TableCardinality="3675110"><OutputList><ColumnReference Database="Database1" Schema="Schema1" Table="Object7" Alias="Object6" Column="Column3" /><ColumnReference Database="Database1" Schema="Schema1" Table="Object7" Alias="Object6" Column="Column2" /><ColumnReference Database="Database1" Schema="Schema1" Table="Object7" Alias="Object6" Column="Column4" /><ColumnReference Database="Database1" Schema="Schema1" Table="Object7" Alias="Object6" Column="Column5" /></OutputList><RunTimeInformation><RunTimeCountersPerThread Thread="0" ActualRows="1" ActualRowsRead="1" Batches="0" ActualEndOfScans="0" ActualExecutions="1" ActualExecutionMode="Row" ActualElapsedms="0" ActualCPUms="0" ActualScans="0" ActualLogicalReads="3" ActualPhysicalReads="0" ActualReadAheads="0" ActualLobLogicalReads="0" ActualLobPhysicalReads="0" ActualLobReadAheads="0" /></RunTimeInformation><IndexScan Ordered="true" ScanDirection="FORWARD" ForcedIndex="false" ForceSeek="false" ForceScan="false" NoExpandHint="false" Storage="RowStore"><DefinedValues><DefinedValue><ColumnReference Database="Database1" Schema="Schema1" Table="Object7" Alias="Object6" Column="Column3" /></DefinedValue><DefinedValue><ColumnReference Database="Database1" Schema="Schema1" Table="Object7" Alias="Object6" Column="Column2" /></DefinedValue><DefinedValue><ColumnReference Database="Database1" Schema="Schema1" Table="Object7" Alias="Object6" Column="Column4" /></DefinedValue><DefinedValue><ColumnReference Database="Database1" Schema="Schema1" Table="Object7" Alias="Object6" Column="Column5" /></DefinedValue></DefinedValues><Object Database="Database1" Schema="Schema1" Table="Object7" Index="Index8" Alias="Object6" IndexKind="NonClustered" Storage="RowStore" /><SeekPredicates><SeekPredicateNew><SeekKeys><Prefix ScanType="EQ"><RangeColumns><ColumnReference Database="Database1" Schema="Schema1" Table="Object7" Alias="Object6" Column="Column5" /><ColumnReference Database="Database1" Schema="Schema1" Table="Object7" Alias="Object6" Column="Column3" /><ColumnReference Database="Database1" Schema="Schema1" Table="Object7" Alias="Object6" Column="Column4" /></RangeColumns><RangeExpressions><ScalarOperator ScalarString="ScalarString52"><Intrinsic FunctionName="Function2"><ScalarOperator><IF><Condition><ScalarOperator><Logical Operation="AND"><ScalarOperator><Compare CompareOp="EQ"><ScalarOperator><Identifier><ColumnReference Column="Column50" /></Identifier></ScalarOperator><ScalarOperator><Const ConstValue="Value5" /></ScalarOperator></Compare></ScalarOperator><ScalarOperator><Compare CompareOp="GE"><ScalarOperator><Identifier><ColumnReference Table="Object19" Alias="Object5" Column="Column2" /></Identifier></ScalarOperator><ScalarOperator><Const ConstValue="Value5" /></ScalarOperator></Compare></ScalarOperator></Logical></ScalarOperator></Condition><Then><ScalarOperator><Const ConstValue="Value33" /></ScalarOperator></Then><Else><ScalarOperator><Identifier><ColumnReference Table="Object19" Alias="Object5" Column="Column2" /></Identifier></ScalarOperator></Else></IF></ScalarOperator><ScalarOperator><Identifier><ColumnReference Column="Expr1010" /></Identifier></ScalarOperator></Intrinsic></ScalarOperator><ScalarOperator ScalarString="ScalarString6"><Identifier><ColumnReference Column="Column29" /></Identifier></ScalarOperator><ScalarOperator ScalarString="ScalarString7"><Identifier><ColumnReference Column="Column30" /></Identifier></ScalarOperator></RangeExpressions></Prefix></SeekKeys></SeekPredicateNew></SeekPredicates></IndexScan></RelOp><Predicate><ScalarOperator ScalarString="ScalarString53"><Identifier><ColumnReference Column="Column53"><ScalarOperator><Compare CompareOp="LT"><ScalarOperator><Identifier><ColumnReference Column="Column54" /></Identifier></ScalarOperator><ScalarOperator><Const ConstValue="Value34" /></ScalarOperator></Compare></ScalarOperator></ColumnReference></Identifier></ScalarOperator></Predicate></Filter></RelOp></NestedLoops></RelOp><RelOp AvgRowSize="19" EstimateCPU="0.0001581" EstimateIO="0.003125" EstimateRebinds="0" EstimateRewinds="0" EstimatedExecutionMode="Row" EstimateRows="1" LogicalOp="Clustered Index Seek" NodeId="31" Parallel="false" PhysicalOp="Clustered Index Seek" EstimatedTotalSubtreeCost="0.0032831" TableCardinality="3675110"><OutputList><ColumnReference Database="Database1" Schema="Schema1" Table="Object7" Alias="Object6" Column="Column1" /><ColumnReference Database="Database1" Schema="Schema1" Table="Object7" Alias="Object6" Column="Column7" /></OutputList><RunTimeInformation><RunTimeCountersPerThread Thread="0" ActualRows="1" ActualRowsRead="1" Batches="0" ActualEndOfScans="0" ActualExecutions="1" ActualExecutionMode="Row" ActualElapsedms="0" ActualCPUms="0" ActualScans="0" ActualLogicalReads="3" ActualPhysicalReads="0" ActualReadAheads="0" ActualLobLogicalReads="0" ActualLobPhysicalReads="0" ActualLobReadAheads="0" /></RunTimeInformation><IndexScan Lookup="true" Ordered="true" ScanDirection="FORWARD" ForcedIndex="false" ForceSeek="false" ForceScan="false" NoExpandHint="false" Storage="RowStore"><DefinedValues><DefinedValue><ColumnReference Database="Database1" Schema="Schema1" Table="Object7" Alias="Object6" Column="Column1" /></DefinedValue><DefinedValue><ColumnReference Database="Database1" Schema="Schema1" Table="Object7" Alias="Object6" Column="Column7" /></DefinedValue></DefinedValues><Object Database="Database1" Schema="Schema1" Table="Object7" Index="Index6" Alias="Object6" TableReferenceId="-1" IndexKind="Clustered" Storage="RowStore" /><SeekPredicates><SeekPredicateNew><SeekKeys><Prefix ScanType="EQ"><RangeColumns><ColumnReference Database="Database1" Schema="Schema1" Table="Object7" Alias="Object6" Column="Column3" /><ColumnReference Database="Database1" Schema="Schema1" Table="Object7" Alias="Object6" Column="Column4" /><ColumnReference Database="Database1" Schema="Schema1" Table="Object7" Alias="Object6" Column="Column2" /></RangeColumns><RangeExpressions><ScalarOperator ScalarString="ScalarString54"><Identifier><ColumnReference Database="Database1" Schema="Schema1" Table="Object7" Alias="Object6" Column="Column3" /></Identifier></ScalarOperator><ScalarOperator ScalarString="ScalarString55"><Identifier><ColumnReference Database="Database1" Schema="Schema1" Table="Object7" Alias="Object6" Column="Column4" /></Identifier></ScalarOperator><ScalarOperator ScalarString="ScalarString56"><Identifier><ColumnReference Database="Database1" Schema="Schema1" Table="Object7" Alias="Object6" Column="Column2" /></Identifier></ScalarOperator></RangeExpressions></Prefix></SeekKeys></SeekPredicateNew></SeekPredicates></IndexScan></RelOp></NestedLoops></RelOp><RelOp AvgRowSize="11" EstimateCPU="1E-07" EstimateIO="0" EstimateRebinds="0" EstimateRewinds="0" EstimatedExecutionMode="Row" EstimateRows="1" LogicalOp="Compute Scalar" NodeId="32" Parallel="false" PhysicalOp="Compute Scalar" EstimatedTotalSubtreeCost="0.0004608"><OutputList><ColumnReference Column="Expr1019" /></OutputList><ComputeScalar><DefinedValues><DefinedValue><ColumnReference Column="Expr1019" /><ScalarOperator ScalarString="ScalarString57"><Identifier><ColumnReference Column="Expr1017" /></Identifier></ScalarOperator></DefinedValue></DefinedValues><RelOp AvgRowSize="11" EstimateCPU="0" EstimateIO="0" EstimateRebinds="0" EstimateRewinds="0" EstimatedExecutionMode="Row" EstimateRows="1" LogicalOp="Compute Scalar" NodeId="33" Parallel="false" PhysicalOp="Compute Scalar" EstimatedTotalSubtreeCost="0.0004607"><OutputList><ColumnReference Column="Expr1017" /></OutputList><ComputeScalar><DefinedValues><DefinedValue><ColumnReference Column="Expr1017" /><ScalarOperator ScalarString="ScalarString58"><IF><Condition><ScalarOperator><Compare CompareOp="EQ"><ScalarOperator><Identifier><ColumnReference Column="Expr1103" /></Identifier></ScalarOperator><ScalarOperator><Const ConstValue="Value5" /></ScalarOperator></Compare></ScalarOperator></Condition><Then><ScalarOperator><Const ConstValue="Value7" /></ScalarOperator></Then><Else><ScalarOperator><Identifier><ColumnReference Column="Expr1104" /></Identifier></ScalarOperator></Else></IF></ScalarOperator></DefinedValue></DefinedValues><RelOp AvgRowSize="11" EstimateCPU="1.1E-06" EstimateIO="0" EstimateRebinds="0" EstimateRewinds="0" EstimatedExecutionMode="Row" EstimateRows="1" LogicalOp="Aggregate" NodeId="34" Parallel="false" PhysicalOp="Stream Aggregate" EstimatedTotalSubtreeCost="0.0004607"><OutputList><ColumnReference Column="Expr1103" /><ColumnReference Column="Expr1104" /></OutputList><RunTimeInformation><RunTimeCountersPerThread Thread="0" ActualRows="0" Batches="0" ActualEndOfScans="1" ActualExecutions="1" ActualExecutionMode="Row" ActualElapsedms="0" ActualCPUms="0" /></RunTimeInformation><StreamAggregate><DefinedValues><DefinedValue><ColumnReference Column="Expr1103" /><ScalarOperator ScalarString="ScalarString59"><Aggregate AggType="COUNT_BIG" Distinct="false"><ScalarOperator><Identifier><ColumnReference Column="Column6" /></Identifier></ScalarOperator></Aggregate></ScalarOperator></DefinedValue><DefinedValue><ColumnReference Column="Expr1104" /><ScalarOperator ScalarString="ScalarString60"><Aggregate AggType="SUM" Distinct="false"><ScalarOperator><Identifier><ColumnReference Column="Column6" /></Identifier></ScalarOperator></Aggregate></ScalarOperator></DefinedValue></DefinedValues><RelOp AvgRowSize="11" EstimateCPU="0.0004596" EstimateIO="0" EstimateRebinds="0" EstimateRewinds="0" EstimatedExecutionMode="Row" EstimateRows="1" EstimatedRowsRead="1" LogicalOp="Index Seek" NodeId="35" Parallel="false" PhysicalOp="Index Seek" EstimatedTotalSubtreeCost="0.0004596" TableCardinality="1"><OutputList><ColumnReference Column="Column6" /></OutputList><RunTimeInformation><RunTimeCountersPerThread Thread="0" ActualRows="0" Batches="0" ActualEndOfScans="1" ActualExecutions="1" ActualExecutionMode="Row" ActualElapsedms="0" ActualCPUms="0" /></RunTimeInformation><IndexScan Ordered="true" ScanDirection="FORWARD" ForcedIndex="false" ForceSeek="false" ForceScan="false" NoExpandHint="false" Storage="MemoryOptimized"><DefinedValues><DefinedValue><ColumnReference Column="Column6" /></DefinedValue></DefinedValues><Object Table="Object22" Index="Index9" IndexKind="NonClustered" Storage="MemoryOptimized" /><SeekPredicates><SeekPredicateNew><SeekKeys><Prefix ScanType="EQ"><RangeColumns><ColumnReference Column="Column5" /></RangeColumns><RangeExpressions><ScalarOperator ScalarString="ScalarString61"><Identifier><ColumnReference Database="Database1" Schema="Schema1" Table="Object7" Alias="Object6" Column="Column5" /></Identifier></ScalarOperator></RangeExpressions></Prefix></SeekKeys></SeekPredicateNew></SeekPredicates></IndexScan></RelOp></StreamAggregate></RelOp></ComputeScalar></RelOp></ComputeScalar></RelOp></NestedLoops></RelOp></Sort></RelOp></ComputeScalar></RelOp></ComputeScalar></RelOp></ComputeScalar></RelOp></Update></RelOp></ComputeScalar></RelOp></Split></RelOp></Spool></RelOp><RelOp AvgRowSize="9" EstimateCPU="1E-06" EstimateIO="0.01" EstimateRebinds="0" EstimateRewinds="0" EstimatedExecutionMode="Row" EstimateRows="1" LogicalOp="Update" NodeId="36" Parallel="false" PhysicalOp="Clustered Index Update" EstimatedTotalSubtreeCost="0.0547671"><OutputList /><RunTimeInformation><RunTimeCountersPerThread Thread="0" ActualRows="1" ActualRowsRead="1" Batches="0" ActualEndOfScans="1" ActualExecutions="1" ActualExecutionMode="Row" ActualElapsedms="1" ActualCPUms="1" ActualScans="0" ActualLogicalReads="6" ActualPhysicalReads="0" ActualReadAheads="0" ActualLobLogicalReads="0" ActualLobPhysicalReads="0" ActualLobReadAheads="0" /></RunTimeInformation><Update DMLRequestSort="true"><Object Database="Database1" Schema="Schema1" Table="Object20" Index="Index10" IndexKind="ViewClustered" Storage="RowStore" /><SetPredicate><ScalarOperator ScalarString="ScalarString62"><ScalarExpressionList><ScalarOperator><MultipleAssign><Assign><ColumnReference Database="Database1" Schema="Schema1" Table="Object20" Column="Column3" /><ScalarOperator><Intrinsic FunctionName="Function6"><ScalarOperator><Identifier><ColumnReference Database="Database1" Schema="Schema1" Table="Object7" Alias="Object23" Column="Column3" /></Identifier></ScalarOperator></Intrinsic></ScalarOperator></Assign><Assign><ColumnReference Database="Database1" Schema="Schema1" Table="Object20" Column="Column4" /><ScalarOperator><Intrinsic FunctionName="Function6"><ScalarOperator><Identifier><ColumnReference Database="Database1" Schema="Schema1" Table="Object7" Alias="Object23" Column="Column4" /></Identifier></ScalarOperator></Intrinsic></ScalarOperator></Assign><Assign><ColumnReference Database="Database1" Schema="Schema1" Table="Object20" Column="Column8" /><ScalarOperator><Intrinsic FunctionName="Function6"><ScalarOperator><Identifier><ColumnReference Database="Database1" Schema="Schema1" Table="Object7" Alias="Object23" Column="Column8" /></Identifier></ScalarOperator></Intrinsic></ScalarOperator></Assign><Assign><ColumnReference Database="Database1" Schema="Schema1" Table="Object20" Column="Column55" /><ScalarOperator><Identifier><ColumnReference Column="Expr1026" /></Identifier></ScalarOperator></Assign><Assign><ColumnReference Database="Database1" Schema="Schema1" Table="Object20" Column="Column1" /><ScalarOperator><Identifier><ColumnReference Column="Expr1027" /></Identifier></ScalarOperator></Assign><Assign><ColumnReference Database="Database1" Schema="Schema1" Table="Object20" Column="Column56" /><ScalarOperator><Identifier><ColumnReference Column="Expr1028" /></Identifier></ScalarOperator></Assign><Assign><ColumnReference Database="Database1" Schema="Schema1" Table="Object20" Column="Column57" /><ScalarOperator><Identifier><ColumnReference Column="Expr1029" /></Identifier></ScalarOperator></Assign><Assign><ColumnReference Database="Database1" Schema="Schema1" Table="Object20" Column="Column58" /><ScalarOperator><Identifier><ColumnReference Column="Expr1030" /></Identifier></ScalarOperator></Assign><Assign><ColumnReference Database="Database1" Schema="Schema1" Table="Object20" Column="Column59" /><ScalarOperator><Identifier><ColumnReference Column="Expr1031" /></Identifier></ScalarOperator></Assign><Assign><ColumnReference Database="Database1" Schema="Schema1" Table="Object20" Column="Column60" /><ScalarOperator><Identifier><ColumnReference Column="Expr1032" /></Identifier></ScalarOperator></Assign><Assign><ColumnReference Database="Database1" Schema="Schema1" Table="Object20" Column="Column61" /><ScalarOperator><Identifier><ColumnReference Column="Expr1033" /></Identifier></ScalarOperator></Assign><Assign><ColumnReference Database="Database1" Schema="Schema1" Table="Object20" Column="Column62" /><ScalarOperator><Identifier><ColumnReference Column="Expr1034" /></Identifier></ScalarOperator></Assign><Assign><ColumnReference Database="Database1" Schema="Schema1" Table="Object20" Column="Column63" /><ScalarOperator><Identifier><ColumnReference Column="Expr1035" /></Identifier></ScalarOperator></Assign><Assign><ColumnReference Database="Database1" Schema="Schema1" Table="Object20" Column="Column64" /><ScalarOperator><Identifier><ColumnReference Column="Expr1036" /></Identifier></ScalarOperator></Assign><Assign><ColumnReference Database="Database1" Schema="Schema1" Table="Object20" Column="Column65" /><ScalarOperator><Identifier><ColumnReference Column="Expr1037" /></Identifier></ScalarOperator></Assign><Assign><ColumnReference Database="Database1" Schema="Schema1" Table="Object20" Column="Column66" /><ScalarOperator><Identifier><ColumnReference Column="Expr1038" /></Identifier></ScalarOperator></Assign><Assign><ColumnReference Database="Database1" Schema="Schema1" Table="Object20" Column="Column67" /><ScalarOperator><Identifier><ColumnReference Column="Expr1039" /></Identifier></ScalarOperator></Assign><Assign><ColumnReference Database="Database1" Schema="Schema1" Table="Object20" Column="Column68" /><ScalarOperator><Identifier><ColumnReference Column="Expr1040" /></Identifier></ScalarOperator></Assign><Assign><ColumnReference Database="Database1" Schema="Schema1" Table="Object20" Column="Column69" /><ScalarOperator><Identifier><ColumnReference Column="Expr1041" /></Identifier></ScalarOperator></Assign></MultipleAssign></ScalarOperator></ScalarExpressionList></ScalarOperator></SetPredicate><ActionColumn><ColumnReference Column="Column70" /></ActionColumn><RelOp AvgRowSize="106" EstimateCPU="2E-06" EstimateIO="0" EstimateRebinds="0" EstimateRewinds="0" EstimatedExecutionMode="Row" EstimateRows="1" LogicalOp="Collapse" NodeId="37" Parallel="false" PhysicalOp="Collapse" EstimatedTotalSubtreeCost="0.0447661"><OutputList><ColumnReference Database="Database1" Schema="Schema1" Table="Object7" Alias="Object23" Column="Column3" /><ColumnReference Database="Database1" Schema="Schema1" Table="Object7" Alias="Object23" Column="Column4" /><ColumnReference Database="Database1" Schema="Schema1" Table="Object7" Alias="Object23" Column="Column8" /><ColumnReference Column="Expr1026" /><ColumnReference Column="Expr1027" /><ColumnReference Column="Expr1028" /><ColumnReference Column="Expr1029" /><ColumnReference Column="Expr1030" /><ColumnReference Column="Expr1031" /><ColumnReference Column="Expr1032" /><ColumnReference Column="Expr1033" /><ColumnReference Column="Expr1034" /><ColumnReference Column="Expr1035" /><ColumnReference Column="Expr1036" /><ColumnReference Column="Expr1037" /><ColumnReference Column="Expr1038" /><ColumnReference Column="Expr1039" /><ColumnReference Column="Expr1040" /><ColumnReference Column="Expr1041" /><ColumnReference Column="Column70" /><ColumnReference Database="Database1" Schema="Schema1" Table="Object20" Column="Column3" /><ColumnReference Database="Database1" Schema="Schema1" Table="Object20" Column="Column4" /></OutputList><RunTimeInformation><RunTimeCountersPerThread Thread="0" ActualRows="1" Batches="0" ActualEndOfScans="1" ActualExecutions="1" ActualExecutionMode="Row" ActualElapsedms="1" ActualCPUms="1" /></RunTimeInformation><Collapse><GroupBy><ColumnReference Database="Database1" Schema="Schema1" Table="Object7" Alias="Object23" Column="Column3" /><ColumnReference Database="Database1" Schema="Schema1" Table="Object7" Alias="Object23" Column="Column4" /></GroupBy><RelOp AvgRowSize="94" EstimateCPU="0.000100094" EstimateIO="0.0112613" EstimateRebinds="0" EstimateRewinds="0" EstimatedExecutionMode="Row" EstimateRows="1" LogicalOp="Sort" NodeId="39" Parallel="false" PhysicalOp="Sort" EstimatedTotalSubtreeCost="0.0447641"><OutputList><ColumnReference Database="Database1" Schema="Schema1" Table="Object7" Alias="Object23" Column="Column3" /><ColumnReference Database="Database1" Schema="Schema1" Table="Object7" Alias="Object23" Column="Column4" /><ColumnReference Database="Database1" Schema="Schema1" Table="Object7" Alias="Object6" Column="Column8" /><ColumnReference Column="Expr1026" /><ColumnReference Column="Expr1027" /><ColumnReference Column="Expr1028" /><ColumnReference Column="Expr1029" /><ColumnReference Column="Expr1030" /><ColumnReference Column="Expr1031" /><ColumnReference Column="Expr1032" /><ColumnReference Column="Expr1033" /><ColumnReference Column="Expr1034" /><ColumnReference Column="Expr1035" /><ColumnReference Column="Expr1036" /><ColumnReference Column="Expr1037" /><ColumnReference Column="Expr1038" /><ColumnReference Column="Expr1039" /><ColumnReference Column="Expr1040" /><ColumnReference Column="Expr1041" /><ColumnReference Column="Column70" /></OutputList><MemoryFractions Input="0.5" Output="1" /><RunTimeInformation><RunTimeCountersPerThread Thread="0" ActualRebinds="1" ActualRewinds="0" ActualRows="1" Batches="0" ActualEndOfScans="1" ActualExecutions="1" ActualExecutionMode="Row" ActualElapsedms="1" ActualCPUms="1" ActualScans="0" ActualLogicalReads="0" ActualPhysicalReads="0" ActualReadAheads="0" ActualLobLogicalReads="0" ActualLobPhysicalReads="0" ActualLobReadAheads="0" InputMemoryGrant="704" OutputMemoryGrant="512" UsedMemoryGrant="0" /></RunTimeInformation><Sort Distinct="false"><OrderBy><OrderByColumn Ascending="true"><ColumnReference Database="Database1" Schema="Schema1" Table="Object7" Alias="Object23" Column="Column3" /></OrderByColumn><OrderByColumn Ascending="true"><ColumnReference Database="Database1" Schema="Schema1" Table="Object7" Alias="Object23" Column="Column4" /></OrderByColumn><OrderByColumn Ascending="true"><ColumnReference Column="Column70" /></OrderByColumn></OrderBy><RelOp AvgRowSize="94" EstimateCPU="1E-07" EstimateIO="0" EstimateRebinds="0" EstimateRewinds="0" EstimatedExecutionMode="Row" EstimateRows="1" LogicalOp="Compute Scalar" NodeId="40" Parallel="false" PhysicalOp="Compute Scalar" EstimatedTotalSubtreeCost="0.0334028"><OutputList><ColumnReference Database="Database1" Schema="Schema1" Table="Object7" Alias="Object23" Column="Column3" /><ColumnReference Database="Database1" Schema="Schema1" Table="Object7" Alias="Object23" Column="Column4" /><ColumnReference Database="Database1" Schema="Schema1" Table="Object7" Alias="Object6" Column="Column8" /><ColumnReference Column="Expr1026" /><ColumnReference Column="Expr1027" /><ColumnReference Column="Expr1028" /><ColumnReference Column="Expr1029" /><ColumnReference Column="Expr1030" /><ColumnReference Column="Expr1031" /><ColumnReference Column="Expr1032" /><ColumnReference Column="Expr1033" /><ColumnReference Column="Expr1034" /><ColumnReference Column="Expr1035" /><ColumnReference Column="Expr1036" /><ColumnReference Column="Expr1037" /><ColumnReference Column="Expr1038" /><ColumnReference Column="Expr1039" /><ColumnReference Column="Expr1040" /><ColumnReference Column="Expr1041" /><ColumnReference Column="Column70" /></OutputList><ComputeScalar><DefinedValues><DefinedValue><ColumnReference Column="Expr1026" /><ScalarOperator ScalarString="ScalarString63"><IF><Condition><ScalarOperator><Logical Operation="IS NULL"><ScalarOperator><Identifier><ColumnReference Database="Database1" Schema="Schema1" Table="Object20" Column="Column55" /></Identifier></ScalarOperator></Logical></ScalarOperator></Condition><Then><ScalarOperator><Identifier><ColumnReference Column="Expr1026" /></Identifier></ScalarOperator></Then><Else><ScalarOperator><Arithmetic Operation="ADD"><ScalarOperator><Identifier><ColumnReference Database="Database1" Schema="Schema1" Table="Object20" Column="Column55" /></Identifier></ScalarOperator><ScalarOperator><Identifier><ColumnReference Column="Expr1026" /></Identifier></ScalarOperator></Arithmetic></ScalarOperator></Else></IF></ScalarOperator></DefinedValue><DefinedValue><ColumnReference Column="Expr1027" /><ScalarOperator ScalarString="ScalarString64"><IF><Condition><ScalarOperator><Logical Operation="IS NULL"><ScalarOperator><Identifier><ColumnReference Database="Database1" Schema="Schema1" Table="Object20" Column="Column1" /></Identifier></ScalarOperator></Logical></ScalarOperator></Condition><Then><ScalarOperator><Identifier><ColumnReference Column="Expr1027" /></Identifier></ScalarOperator></Then><Else><ScalarOperator><Arithmetic Operation="ADD"><ScalarOperator><Identifier><ColumnReference Database="Database1" Schema="Schema1" Table="Object20" Column="Column1" /></Identifier></ScalarOperator><ScalarOperator><Identifier><ColumnReference Column="Expr1027" /></Identifier></ScalarOperator></Arithmetic></ScalarOperator></Else></IF></ScalarOperator></DefinedValue><DefinedValue><ColumnReference Column="Expr1028" /><ScalarOperator ScalarString="ScalarString65"><IF><Condition><ScalarOperator><Logical Operation="IS NULL"><ScalarOperator><Identifier><ColumnReference Database="Database1" Schema="Schema1" Table="Object20" Column="Column56" /></Identifier></ScalarOperator></Logical></ScalarOperator></Condition><Then><ScalarOperator><Identifier><ColumnReference Column="Expr1028" /></Identifier></ScalarOperator></Then><Else><ScalarOperator><Arithmetic Operation="ADD"><ScalarOperator><Identifier><ColumnReference Database="Database1" Schema="Schema1" Table="Object20" Column="Column56" /></Identifier></ScalarOperator><ScalarOperator><Identifier><ColumnReference Column="Expr1028" /></Identifier></ScalarOperator></Arithmetic></ScalarOperator></Else></IF></ScalarOperator></DefinedValue><DefinedValue><ColumnReference Column="Expr1029" /><ScalarOperator ScalarString="ScalarString66"><IF><Condition><ScalarOperator><Logical Operation="IS NULL"><ScalarOperator><Identifier><ColumnReference Database="Database1" Schema="Schema1" Table="Object20" Column="Column57" /></Identifier></ScalarOperator></Logical></ScalarOperator></Condition><Then><ScalarOperator><Identifier><ColumnReference Column="Expr1029" /></Identifier></ScalarOperator></Then><Else><ScalarOperator><Arithmetic Operation="ADD"><ScalarOperator><Identifier><ColumnReference Database="Database1" Schema="Schema1" Table="Object20" Column="Column57" /></Identifier></ScalarOperator><ScalarOperator><Identifier><ColumnReference Column="Expr1029" /></Identifier></ScalarOperator></Arithmetic></ScalarOperator></Else></IF></ScalarOperator></DefinedValue><DefinedValue><ColumnReference Column="Expr1030" /><ScalarOperator ScalarString="ScalarString67"><IF><Condition><ScalarOperator><Logical Operation="IS NULL"><ScalarOperator><Identifier><ColumnReference Database="Database1" Schema="Schema1" Table="Object20" Column="Column58" /></Identifier></ScalarOperator></Logical></ScalarOperator></Condition><Then><ScalarOperator><Identifier><ColumnReference Column="Expr1030" /></Identifier></ScalarOperator></Then><Else><ScalarOperator><Arithmetic Operation="ADD"><ScalarOperator><Identifier><ColumnReference Database="Database1" Schema="Schema1" Table="Object20" Column="Column58" /></Identifier></ScalarOperator><ScalarOperator><Identifier><ColumnReference Column="Expr1030" /></Identifier></ScalarOperator></Arithmetic></ScalarOperator></Else></IF></ScalarOperator></DefinedValue><DefinedValue><ColumnReference Column="Expr1031" /><ScalarOperator ScalarString="ScalarString68"><IF><Condition><ScalarOperator><Logical Operation="IS NULL"><ScalarOperator><Identifier><ColumnReference Database="Database1" Schema="Schema1" Table="Object20" Column="Column59" /></Identifier></ScalarOperator></Logical></ScalarOperator></Condition><Then><ScalarOperator><Identifier><ColumnReference Column="Expr1031" /></Identifier></ScalarOperator></Then><Else><ScalarOperator><Arithmetic Operation="ADD"><ScalarOperator><Identifier><ColumnReference Database="Database1" Schema="Schema1" Table="Object20" Column="Column59" /></Identifier></ScalarOperator><ScalarOperator><Identifier><ColumnReference Column="Expr1031" /></Identifier></ScalarOperator></Arithmetic></ScalarOperator></Else></IF></ScalarOperator></DefinedValue><DefinedValue><ColumnReference Column="Expr1032" /><ScalarOperator ScalarString="ScalarString69"><IF><Condition><ScalarOperator><Logical Operation="IS NULL"><ScalarOperator><Identifier><ColumnReference Database="Database1" Schema="Schema1" Table="Object20" Column="Column60" /></Identifier></ScalarOperator></Logical></ScalarOperator></Condition><Then><ScalarOperator><Identifier><ColumnReference Column="Expr1032" /></Identifier></ScalarOperator></Then><Else><ScalarOperator><Arithmetic Operation="ADD"><ScalarOperator><Identifier><ColumnReference Database="Database1" Schema="Schema1" Table="Object20" Column="Column60" /></Identifier></ScalarOperator><ScalarOperator><Identifier><ColumnReference Column="Expr1032" /></Identifier></ScalarOperator></Arithmetic></ScalarOperator></Else></IF></ScalarOperator></DefinedValue><DefinedValue><ColumnReference Column="Expr1033" /><ScalarOperator ScalarString="ScalarString70"><IF><Condition><ScalarOperator><Logical Operation="IS NULL"><ScalarOperator><Identifier><ColumnReference Database="Database1" Schema="Schema1" Table="Object20" Column="Column61" /></Identifier></ScalarOperator></Logical></ScalarOperator></Condition><Then><ScalarOperator><Identifier><ColumnReference Column="Expr1033" /></Identifier></ScalarOperator></Then><Else><ScalarOperator><Arithmetic Operation="ADD"><ScalarOperator><Identifier><ColumnReference Database="Database1" Schema="Schema1" Table="Object20" Column="Column61" /></Identifier></ScalarOperator><ScalarOperator><Identifier><ColumnReference Column="Expr1033" /></Identifier></ScalarOperator></Arithmetic></ScalarOperator></Else></IF></ScalarOperator></DefinedValue><DefinedValue><ColumnReference Column="Expr1034" /><ScalarOperator ScalarString="ScalarString71"><IF><Condition><ScalarOperator><Logical Operation="IS NULL"><ScalarOperator><Identifier><ColumnReference Database="Database1" Schema="Schema1" Table="Object20" Column="Column62" /></Identifier></ScalarOperator></Logical></ScalarOperator></Condition><Then><ScalarOperator><Identifier><ColumnReference Column="Expr1034" /></Identifier></ScalarOperator></Then><Else><ScalarOperator><Arithmetic Operation="ADD"><ScalarOperator><Identifier><ColumnReference Database="Database1" Schema="Schema1" Table="Object20" Column="Column62" /></Identifier></ScalarOperator><ScalarOperator><Identifier><ColumnReference Column="Expr1034" /></Identifier></ScalarOperator></Arithmetic></ScalarOperator></Else></IF></ScalarOperator></DefinedValue><DefinedValue><ColumnReference Column="Expr1035" /><ScalarOperator ScalarString="ScalarString72"><IF><Condition><ScalarOperator><Logical Operation="IS NULL"><ScalarOperator><Identifier><ColumnReference Database="Database1" Schema="Schema1" Table="Object20" Column="Column63" /></Identifier></ScalarOperator></Logical></ScalarOperator></Condition><Then><ScalarOperator><Identifier><ColumnReference Column="Expr1035" /></Identifier></ScalarOperator></Then><Else><ScalarOperator><Arithmetic Operation="ADD"><ScalarOperator><Identifier><ColumnReference Database="Database1" Schema="Schema1" Table="Object20" Column="Column63" /></Identifier></ScalarOperator><ScalarOperator><Identifier><ColumnReference Column="Expr1035" /></Identifier></ScalarOperator></Arithmetic></ScalarOperator></Else></IF></ScalarOperator></DefinedValue><DefinedValue><ColumnReference Column="Expr1036" /><ScalarOperator ScalarString="ScalarString73"><IF><Condition><ScalarOperator><Logical Operation="IS NULL"><ScalarOperator><Identifier><ColumnReference Database="Database1" Schema="Schema1" Table="Object20" Column="Column64" /></Identifier></ScalarOperator></Logical></ScalarOperator></Condition><Then><ScalarOperator><Identifier><ColumnReference Column="Expr1036" /></Identifier></ScalarOperator></Then><Else><ScalarOperator><Arithmetic Operation="ADD"><ScalarOperator><Identifier><ColumnReference Database="Database1" Schema="Schema1" Table="Object20" Column="Column64" /></Identifier></ScalarOperator><ScalarOperator><Identifier><ColumnReference Column="Expr1036" /></Identifier></ScalarOperator></Arithmetic></ScalarOperator></Else></IF></ScalarOperator></DefinedValue><DefinedValue><ColumnReference Column="Expr1037" /><ScalarOperator ScalarString="ScalarString74"><IF><Condition><ScalarOperator><Logical Operation="IS NULL"><ScalarOperator><Identifier><ColumnReference Database="Database1" Schema="Schema1" Table="Object20" Column="Column65" /></Identifier></ScalarOperator></Logical></ScalarOperator></Condition><Then><ScalarOperator><Identifier><ColumnReference Column="Expr1037" /></Identifier></ScalarOperator></Then><Else><ScalarOperator><Arithmetic Operation="ADD"><ScalarOperator><Identifier><ColumnReference Database="Database1" Schema="Schema1" Table="Object20" Column="Column65" /></Identifier></ScalarOperator><ScalarOperator><Identifier><ColumnReference Column="Expr1037" /></Identifier></ScalarOperator></Arithmetic></ScalarOperator></Else></IF></ScalarOperator></DefinedValue><DefinedValue><ColumnReference Column="Expr1038" /><ScalarOperator ScalarString="ScalarString75"><IF><Condition><ScalarOperator><Logical Operation="IS NULL"><ScalarOperator><Identifier><ColumnReference Database="Database1" Schema="Schema1" Table="Object20" Column="Column66" /></Identifier></ScalarOperator></Logical></ScalarOperator></Condition><Then><ScalarOperator><Identifier><ColumnReference Column="Expr1038" /></Identifier></ScalarOperator></Then><Else><ScalarOperator><Arithmetic Operation="ADD"><ScalarOperator><Identifier><ColumnReference Database="Database1" Schema="Schema1" Table="Object20" Column="Column66" /></Identifier></ScalarOperator><ScalarOperator><Identifier><ColumnReference Column="Expr1038" /></Identifier></ScalarOperator></Arithmetic></ScalarOperator></Else></IF></ScalarOperator></DefinedValue><DefinedValue><ColumnReference Column="Expr1039" /><ScalarOperator ScalarString="ScalarString76"><IF><Condition><ScalarOperator><Logical Operation="IS NULL"><ScalarOperator><Identifier><ColumnReference Database="Database1" Schema="Schema1" Table="Object20" Column="Column67" /></Identifier></ScalarOperator></Logical></ScalarOperator></Condition><Then><ScalarOperator><Identifier><ColumnReference Column="Expr1039" /></Identifier></ScalarOperator></Then><Else><ScalarOperator><Arithmetic Operation="ADD"><ScalarOperator><Identifier><ColumnReference Database="Database1" Schema="Schema1" Table="Object20" Column="Column67" /></Identifier></ScalarOperator><ScalarOperator><Identifier><ColumnReference Column="Expr1039" /></Identifier></ScalarOperator></Arithmetic></ScalarOperator></Else></IF></ScalarOperator></DefinedValue><DefinedValue><ColumnReference Column="Expr1040" /><ScalarOperator ScalarString="ScalarString77"><IF><Condition><ScalarOperator><Logical Operation="IS NULL"><ScalarOperator><Identifier><ColumnReference Database="Database1" Schema="Schema1" Table="Object20" Column="Column68" /></Identifier></ScalarOperator></Logical></ScalarOperator></Condition><Then><ScalarOperator><Identifier><ColumnReference Column="Expr1040" /></Identifier></ScalarOperator></Then><Else><ScalarOperator><Arithmetic Operation="ADD"><ScalarOperator><Identifier><ColumnReference Database="Database1" Schema="Schema1" Table="Object20" Column="Column68" /></Identifier></ScalarOperator><ScalarOperator><Identifier><ColumnReference Column="Expr1040" /></Identifier></ScalarOperator></Arithmetic></ScalarOperator></Else></IF></ScalarOperator></DefinedValue><DefinedValue><ColumnReference Column="Expr1041" /><ScalarOperator ScalarString="ScalarString78"><IF><Condition><ScalarOperator><Logical Operation="IS NULL"><ScalarOperator><Identifier><ColumnReference Database="Database1" Schema="Schema1" Table="Object20" Column="Column69" /></Identifier></ScalarOperator></Logical></ScalarOperator></Condition><Then><ScalarOperator><Identifier><ColumnReference Column="Expr1041" /></Identifier></ScalarOperator></Then><Else><ScalarOperator><Arithmetic Operation="ADD"><ScalarOperator><Identifier><ColumnReference Database="Database1" Schema="Schema1" Table="Object20" Column="Column69" /></Identifier></ScalarOperator><ScalarOperator><Identifier><ColumnReference Column="Expr1041" /></Identifier></ScalarOperator></Arithmetic></ScalarOperator></Else></IF></ScalarOperator></DefinedValue><DefinedValue><ColumnReference Column="Column70" /><ScalarOperator ScalarString="ScalarString79"><IF><Condition><ScalarOperator><Logical Operation="IS NULL"><ScalarOperator><Identifier><ColumnReference Database="Database1" Schema="Schema1" Table="Object20" Column="Column69" /></Identifier></ScalarOperator></Logical></ScalarOperator></Condition><Then><ScalarOperator><Const ConstValue="Value2" /></ScalarOperator></Then><Else><ScalarOperator><IF><Condition><ScalarOperator><Compare CompareOp="IS"><ScalarOperator><Arithmetic Operation="ADD"><ScalarOperator><Identifier><ColumnReference Database="Database1" Schema="Schema1" Table="Object20" Column="Column69" /></Identifier></ScalarOperator><ScalarOperator><Identifier><ColumnReference Column="Expr1041" /></Identifier></ScalarOperator></Arithmetic></ScalarOperator><ScalarOperator><Const ConstValue="Value5" /></ScalarOperator></Compare></ScalarOperator></Condition><Then><ScalarOperator><Const ConstValue="Value35" /></ScalarOperator></Then><Else><ScalarOperator><Const ConstValue="Value6" /></ScalarOperator></Else></IF></ScalarOperator></Else></IF></ScalarOperator></DefinedValue></DefinedValues><RelOp AvgRowSize="160" EstimateCPU="4.18E-06" EstimateIO="0" EstimateRebinds="0" EstimateRewinds="0" EstimatedExecutionMode="Row" EstimateRows="1" LogicalOp="Left Outer Join" NodeId="41" Parallel="false" PhysicalOp="Nested Loops" EstimatedTotalSubtreeCost="0.0334027"><OutputList><ColumnReference Database="Database1" Schema="Schema1" Table="Object7" Alias="Object23" Column="Column3" /><ColumnReference Database="Database1" Schema="Schema1" Table="Object7" Alias="Object23" Column="Column4" /><ColumnReference Database="Database1" Schema="Schema1" Table="Object7" Alias="Object6" Column="Column8" /><ColumnReference Column="Expr1026" /><ColumnReference Column="Expr1027" /><ColumnReference Column="Expr1028" /><ColumnReference Column="Expr1029" /><ColumnReference Column="Expr1030" /><ColumnReference Column="Expr1031" /><ColumnReference Column="Expr1032" /><ColumnReference Column="Expr1033" /><ColumnReference Column="Expr1034" /><ColumnReference Column="Expr1035" /><ColumnReference Column="Expr1036" /><ColumnReference Column="Expr1037" /><ColumnReference Column="Expr1038" /><ColumnReference Column="Expr1039" /><ColumnReference Column="Expr1040" /><ColumnReference Column="Expr1041" /><ColumnReference Database="Database1" Schema="Schema1" Table="Object20" Column="Column69" /><ColumnReference Database="Database1" Schema="Schema1" Table="Object20" Column="Column55" /><ColumnReference Database="Database1" Schema="Schema1" Table="Object20" Column="Column1" /><ColumnReference Database="Database1" Schema="Schema1" Table="Object20" Column="Column56" /><ColumnReference Database="Database1" Schema="Schema1" Table="Object20" Column="Column57" /><ColumnReference Database="Database1" Schema="Schema1" Table="Object20" Column="Column58" /><ColumnReference Database="Database1" Schema="Schema1" Table="Object20" Column="Column59" /><ColumnReference Database="Database1" Schema="Schema1" Table="Object20" Column="Column60" /><ColumnReference Database="Database1" Schema="Schema1" Table="Object20" Column="Column61" /><ColumnReference Database="Database1" Schema="Schema1" Table="Object20" Column="Column62" /><ColumnReference Database="Database1" Schema="Schema1" Table="Object20" Column="Column63" /><ColumnReference Database="Database1" Schema="Schema1" Table="Object20" Column="Column64" /><ColumnReference Database="Database1" Schema="Schema1" Table="Object20" Column="Column65" /><ColumnReference Database="Database1" Schema="Schema1" Table="Object20" Column="Column66" /><ColumnReference Database="Database1" Schema="Schema1" Table="Object20" Column="Column67" /><ColumnReference Database="Database1" Schema="Schema1" Table="Object20" Column="Column68" /></OutputList><RunTimeInformation><RunTimeCountersPerThread Thread="0" ActualRows="1" Batches="0" ActualEndOfScans="1" ActualExecutions="1" ActualExecutionMode="Row" ActualElapsedms="1" ActualCPUms="1" /></RunTimeInformation><NestedLoops Optimized="false"><OuterReferences><ColumnReference Database="Database1" Schema="Schema1" Table="Object7" Alias="Object23" Column="Column3" /><ColumnReference Database="Database1" Schema="Schema1" Table="Object7" Alias="Object23" Column="Column4" /><ColumnReference Database="Database1" Schema="Schema1" Table="Object7" Alias="Object6" Column="Column8" /></OuterReferences><RelOp AvgRowSize="90" EstimateCPU="1.7E-06" EstimateIO="0" EstimateRebinds="0" EstimateRewinds="0" EstimatedExecutionMode="Row" EstimateRows="1" LogicalOp="Aggregate" NodeId="42" Parallel="false" PhysicalOp="Stream Aggregate" EstimatedTotalSubtreeCost="0.0301149"><OutputList><ColumnReference Database="Database1" Schema="Schema1" Table="Object7" Alias="Object23" Column="Column3" /><ColumnReference Database="Database1" Schema="Schema1" Table="Object7" Alias="Object23" Column="Column4" /><ColumnReference Database="Database1" Schema="Schema1" Table="Object7" Alias="Object6" Column="Column8" /><ColumnReference Column="Expr1026" /><ColumnReference Column="Expr1027" /><ColumnReference Column="Expr1028" /><ColumnReference Column="Expr1029" /><ColumnReference Column="Expr1030" /><ColumnReference Column="Expr1031" /><ColumnReference Column="Expr1032" /><ColumnReference Column="Expr1033" /><ColumnReference Column="Expr1034" /><ColumnReference Column="Expr1035" /><ColumnReference Column="Expr1036" /><ColumnReference Column="Expr1037" /><ColumnReference Column="Expr1038" /><ColumnReference Column="Expr1039" /><ColumnReference Column="Expr1040" /><ColumnReference Column="Expr1041" /></OutputList><RunTimeInformation><RunTimeCountersPerThread Thread="0" ActualRows="1" Batches="0" ActualEndOfScans="1" ActualExecutions="1" ActualExecutionMode="Row" ActualElapsedms="0" ActualCPUms="0" /></RunTimeInformation><StreamAggregate><DefinedValues><DefinedValue><ColumnReference Column="Expr1026" /><ScalarOperator ScalarString="ScalarString80"><Aggregate AggType="SUM" Distinct="false"><ScalarOperator><IF><Condition><ScalarOperator><Compare CompareOp="IS"><ScalarOperator><Identifier><ColumnReference Column="Column33" /></Identifier></ScalarOperator><ScalarOperator><Const ConstValue="Value35" /></ScalarOperator></Compare></ScalarOperator></Condition><Then><ScalarOperator><Arithmetic Operation="MINUS"><ScalarOperator><Identifier><ColumnReference Database="Database1" Schema="Schema1" Table="Object7" Alias="Object6" Column="Column1" /></Identifier></ScalarOperator></Arithmetic></ScalarOperator></Then><Else><ScalarOperator><Identifier><ColumnReference Database="Database1" Schema="Schema1" Table="Object7" Alias="Object6" Column="Column1" /></Identifier></ScalarOperator></Else></IF></ScalarOperator></Aggregate></ScalarOperator></DefinedValue><DefinedValue><ColumnReference Column="Expr1027" /><ScalarOperator ScalarString="ScalarString81"><Aggregate AggType="SUM" Distinct="false"><ScalarOperator><IF><Condition><ScalarOperator><Compare CompareOp="IS"><ScalarOperator><Identifier><ColumnReference Column="Column33" /></Identifier></ScalarOperator><ScalarOperator><Const ConstValue="Value35" /></ScalarOperator></Compare></ScalarOperator></Condition><Then><ScalarOperator><Arithmetic Operation="MINUS"><ScalarOperator><Identifier><ColumnReference Column="Expr1077" /></Identifier></ScalarOperator></Arithmetic></ScalarOperator></Then><Else><ScalarOperator><Identifier><ColumnReference Column="Expr1077" /></Identifier></ScalarOperator></Else></IF></ScalarOperator></Aggregate></ScalarOperator></DefinedValue><DefinedValue><ColumnReference Column="Expr1028" /><ScalarOperator ScalarString="ScalarString82"><Aggregate AggType="SUM" Distinct="false"><ScalarOperator><IF><Condition><ScalarOperator><Compare CompareOp="IS"><ScalarOperator><Identifier><ColumnReference Column="Column33" /></Identifier></ScalarOperator><ScalarOperator><Const ConstValue="Value35" /></ScalarOperator></Compare></ScalarOperator></Condition><Then><ScalarOperator><Arithmetic Operation="MINUS"><ScalarOperator><Identifier><ColumnReference Column="Expr1078" /></Identifier></ScalarOperator></Arithmetic></ScalarOperator></Then><Else><ScalarOperator><Identifier><ColumnReference Column="Expr1078" /></Identifier></ScalarOperator></Else></IF></ScalarOperator></Aggregate></ScalarOperator></DefinedValue><DefinedValue><ColumnReference Column="Expr1029" /><ScalarOperator ScalarString="ScalarString83"><Aggregate AggType="SUM" Distinct="false"><ScalarOperator><IF><Condition><ScalarOperator><Compare CompareOp="IS"><ScalarOperator><Identifier><ColumnReference Column="Column33" /></Identifier></ScalarOperator><ScalarOperator><Const ConstValue="Value35" /></ScalarOperator></Compare></ScalarOperator></Condition><Then><ScalarOperator><Arithmetic Operation="MINUS"><ScalarOperator><Identifier><ColumnReference Column="Expr1079" /></Identifier></ScalarOperator></Arithmetic></ScalarOperator></Then><Else><ScalarOperator><Identifier><ColumnReference Column="Expr1079" /></Identifier></ScalarOperator></Else></IF></ScalarOperator></Aggregate></ScalarOperator></DefinedValue><DefinedValue><ColumnReference Column="Expr1030" /><ScalarOperator ScalarString="ScalarString84"><Aggregate AggType="SUM" Distinct="false"><ScalarOperator><IF><Condition><ScalarOperator><Compare CompareOp="IS"><ScalarOperator><Identifier><ColumnReference Column="Column33" /></Identifier></ScalarOperator><ScalarOperator><Const ConstValue="Value35" /></ScalarOperator></Compare></ScalarOperator></Condition><Then><ScalarOperator><Arithmetic Operation="MINUS"><ScalarOperator><Identifier><ColumnReference Column="Expr1080" /></Identifier></ScalarOperator></Arithmetic></ScalarOperator></Then><Else><ScalarOperator><Identifier><ColumnReference Column="Expr1080" /></Identifier></ScalarOperator></Else></IF></ScalarOperator></Aggregate></ScalarOperator></DefinedValue><DefinedValue><ColumnReference Column="Expr1031" /><ScalarOperator ScalarString="ScalarString85"><Aggregate AggType="SUM" Distinct="false"><ScalarOperator><IF><Condition><ScalarOperator><Compare CompareOp="IS"><ScalarOperator><Identifier><ColumnReference Column="Column33" /></Identifier></ScalarOperator><ScalarOperator><Const ConstValue="Value35" /></ScalarOperator></Compare></ScalarOperator></Condition><Then><ScalarOperator><Arithmetic Operation="MINUS"><ScalarOperator><Identifier><ColumnReference Column="Expr1081" /></Identifier></ScalarOperator></Arithmetic></ScalarOperator></Then><Else><ScalarOperator><Identifier><ColumnReference Column="Expr1081" /></Identifier></ScalarOperator></Else></IF></ScalarOperator></Aggregate></ScalarOperator></DefinedValue><DefinedValue><ColumnReference Column="Expr1032" /><ScalarOperator ScalarString="ScalarString86"><Aggregate AggType="SUM" Distinct="false"><ScalarOperator><IF><Condition><ScalarOperator><Compare CompareOp="IS"><ScalarOperator><Identifier><ColumnReference Column="Column33" /></Identifier></ScalarOperator><ScalarOperator><Const ConstValue="Value35" /></ScalarOperator></Compare></ScalarOperator></Condition><Then><ScalarOperator><Arithmetic Operation="MINUS"><ScalarOperator><Identifier><ColumnReference Column="Expr1082" /></Identifier></ScalarOperator></Arithmetic></ScalarOperator></Then><Else><ScalarOperator><Identifier><ColumnReference Column="Expr1082" /></Identifier></ScalarOperator></Else></IF></ScalarOperator></Aggregate></ScalarOperator></DefinedValue><DefinedValue><ColumnReference Column="Expr1033" /><ScalarOperator ScalarString="ScalarString87"><Aggregate AggType="SUM" Distinct="false"><ScalarOperator><IF><Condition><ScalarOperator><Compare CompareOp="IS"><ScalarOperator><Identifier><ColumnReference Column="Column33" /></Identifier></ScalarOperator><ScalarOperator><Const ConstValue="Value35" /></ScalarOperator></Compare></ScalarOperator></Condition><Then><ScalarOperator><Arithmetic Operation="MINUS"><ScalarOperator><Identifier><ColumnReference Column="Expr1083" /></Identifier></ScalarOperator></Arithmetic></ScalarOperator></Then><Else><ScalarOperator><Identifier><ColumnReference Column="Expr1083" /></Identifier></ScalarOperator></Else></IF></ScalarOperator></Aggregate></ScalarOperator></DefinedValue><DefinedValue><ColumnReference Column="Expr1034" /><ScalarOperator ScalarString="ScalarString88"><Aggregate AggType="SUM" Distinct="false"><ScalarOperator><IF><Condition><ScalarOperator><Compare CompareOp="IS"><ScalarOperator><Identifier><ColumnReference Column="Column33" /></Identifier></ScalarOperator><ScalarOperator><Const ConstValue="Value35" /></ScalarOperator></Compare></ScalarOperator></Condition><Then><ScalarOperator><Arithmetic Operation="MINUS"><ScalarOperator><Identifier><ColumnReference Column="Expr1084" /></Identifier></ScalarOperator></Arithmetic></ScalarOperator></Then><Else><ScalarOperator><Identifier><ColumnReference Column="Expr1084" /></Identifier></ScalarOperator></Else></IF></ScalarOperator></Aggregate></ScalarOperator></DefinedValue><DefinedValue><ColumnReference Column="Expr1035" /><ScalarOperator ScalarString="ScalarString89"><Aggregate AggType="SUM" Distinct="false"><ScalarOperator><IF><Condition><ScalarOperator><Compare CompareOp="IS"><ScalarOperator><Identifier><ColumnReference Column="Column33" /></Identifier></ScalarOperator><ScalarOperator><Const ConstValue="Value35" /></ScalarOperator></Compare></ScalarOperator></Condition><Then><ScalarOperator><Arithmetic Operation="MINUS"><ScalarOperator><Identifier><ColumnReference Column="Expr1085" /></Identifier></ScalarOperator></Arithmetic></ScalarOperator></Then><Else><ScalarOperator><Identifier><ColumnReference Column="Expr1085" /></Identifier></ScalarOperator></Else></IF></ScalarOperator></Aggregate></ScalarOperator></DefinedValue><DefinedValue><ColumnReference Column="Expr1036" /><ScalarOperator ScalarString="ScalarString90"><Aggregate AggType="SUM" Distinct="false"><ScalarOperator><IF><Condition><ScalarOperator><Compare CompareOp="IS"><ScalarOperator><Identifier><ColumnReference Column="Column33" /></Identifier></ScalarOperator><ScalarOperator><Const ConstValue="Value35" /></ScalarOperator></Compare></ScalarOperator></Condition><Then><ScalarOperator><Arithmetic Operation="MINUS"><ScalarOperator><Identifier><ColumnReference Column="Expr1086" /></Identifier></ScalarOperator></Arithmetic></ScalarOperator></Then><Else><ScalarOperator><Identifier><ColumnReference Column="Expr1086" /></Identifier></ScalarOperator></Else></IF></ScalarOperator></Aggregate></ScalarOperator></DefinedValue><DefinedValue><ColumnReference Column="Expr1037" /><ScalarOperator ScalarString="ScalarString91"><Aggregate AggType="SUM" Distinct="false"><ScalarOperator><IF><Condition><ScalarOperator><Compare CompareOp="IS"><ScalarOperator><Identifier><ColumnReference Column="Column33" /></Identifier></ScalarOperator><ScalarOperator><Const ConstValue="Value35" /></ScalarOperator></Compare></ScalarOperator></Condition><Then><ScalarOperator><Arithmetic Operation="MINUS"><ScalarOperator><Identifier><ColumnReference Column="Expr1087" /></Identifier></ScalarOperator></Arithmetic></ScalarOperator></Then><Else><ScalarOperator><Identifier><ColumnReference Column="Expr1087" /></Identifier></ScalarOperator></Else></IF></ScalarOperator></Aggregate></ScalarOperator></DefinedValue><DefinedValue><ColumnReference Column="Expr1038" /><ScalarOperator ScalarString="ScalarString92"><Aggregate AggType="SUM" Distinct="false"><ScalarOperator><IF><Condition><ScalarOperator><Compare CompareOp="IS"><ScalarOperator><Identifier><ColumnReference Column="Column33" /></Identifier></ScalarOperator><ScalarOperator><Const ConstValue="Value35" /></ScalarOperator></Compare></ScalarOperator></Condition><Then><ScalarOperator><Arithmetic Operation="MINUS"><ScalarOperator><Identifier><ColumnReference Column="Expr1088" /></Identifier></ScalarOperator></Arithmetic></ScalarOperator></Then><Else><ScalarOperator><Identifier><ColumnReference Column="Expr1088" /></Identifier></ScalarOperator></Else></IF></ScalarOperator></Aggregate></ScalarOperator></DefinedValue><DefinedValue><ColumnReference Column="Expr1039" /><ScalarOperator ScalarString="ScalarString93"><Aggregate AggType="SUM" Distinct="false"><ScalarOperator><IF><Condition><ScalarOperator><Compare CompareOp="IS"><ScalarOperator><Identifier><ColumnReference Column="Column33" /></Identifier></ScalarOperator><ScalarOperator><Const ConstValue="Value35" /></ScalarOperator></Compare></ScalarOperator></Condition><Then><ScalarOperator><Arithmetic Operation="MINUS"><ScalarOperator><Identifier><ColumnReference Column="Expr1089" /></Identifier></ScalarOperator></Arithmetic></ScalarOperator></Then><Else><ScalarOperator><Identifier><ColumnReference Column="Expr1089" /></Identifier></ScalarOperator></Else></IF></ScalarOperator></Aggregate></ScalarOperator></DefinedValue><DefinedValue><ColumnReference Column="Expr1040" /><ScalarOperator ScalarString="ScalarString94"><Aggregate AggType="SUM" Distinct="false"><ScalarOperator><IF><Condition><ScalarOperator><Compare CompareOp="IS"><ScalarOperator><Identifier><ColumnReference Column="Column33" /></Identifier></ScalarOperator><ScalarOperator><Const ConstValue="Value35" /></ScalarOperator></Compare></ScalarOperator></Condition><Then><ScalarOperator><Arithmetic Operation="MINUS"><ScalarOperator><Identifier><ColumnReference Column="Expr1090" /></Identifier></ScalarOperator></Arithmetic></ScalarOperator></Then><Else><ScalarOperator><Identifier><ColumnReference Column="Expr1090" /></Identifier></ScalarOperator></Else></IF></ScalarOperator></Aggregate></ScalarOperator></DefinedValue><DefinedValue><ColumnReference Column="Expr1041" /><ScalarOperator ScalarString="ScalarString95"><Aggregate AggType="SUM" Distinct="false"><ScalarOperator><IF><Condition><ScalarOperator><Compare CompareOp="IS"><ScalarOperator><Identifier><ColumnReference Column="Column33" /></Identifier></ScalarOperator><ScalarOperator><Const ConstValue="Value35" /></ScalarOperator></Compare></ScalarOperator></Condition><Then><ScalarOperator><Const ConstValue="Value33" /></ScalarOperator></Then><Else><ScalarOperator><Const ConstValue="Value6" /></ScalarOperator></Else></IF></ScalarOperator></Aggregate></ScalarOperator></DefinedValue><DefinedValue><ColumnReference Database="Database1" Schema="Schema1" Table="Object7" Alias="Object23" Column="Column3" /><ScalarOperator ScalarString="ScalarString96"><Aggregate AggType="ANY" Distinct="false"><ScalarOperator><Identifier><ColumnReference Database="Database1" Schema="Schema1" Table="Object7" Alias="Object6" Column="Column3" /></Identifier></ScalarOperator></Aggregate></ScalarOperator></DefinedValue><DefinedValue><ColumnReference Database="Database1" Schema="Schema1" Table="Object7" Alias="Object23" Column="Column4" /><ScalarOperator ScalarString="ScalarString97"><Aggregate AggType="ANY" Distinct="false"><ScalarOperator><Identifier><ColumnReference Database="Database1" Schema="Schema1" Table="Object7" Alias="Object6" Column="Column4" /></Identifier></ScalarOperator></Aggregate></ScalarOperator></DefinedValue></DefinedValues><GroupBy><ColumnReference Database="Database1" Schema="Schema1" Table="Object7" Alias="Object6" Column="Column8" /></GroupBy><RelOp AvgRowSize="86" EstimateCPU="0.000103206" EstimateIO="0.0112613" EstimateRebinds="0" EstimateRewinds="0" EstimatedExecutionMode="Row" EstimateRows="2" LogicalOp="Sort" NodeId="43" Parallel="false" PhysicalOp="Sort" EstimatedTotalSubtreeCost="0.0301132"><OutputList><ColumnReference Database="Database1" Schema="Schema1" Table="Object7" Alias="Object6" Column="Column3" /><ColumnReference Database="Database1" Schema="Schema1" Table="Object7" Alias="Object6" Column="Column4" /><ColumnReference Database="Database1" Schema="Schema1" Table="Object7" Alias="Object6" Column="Column1" /><ColumnReference Database="Database1" Schema="Schema1" Table="Object7" Alias="Object6" Column="Column8" /><ColumnReference Column="Expr1077" /><ColumnReference Column="Expr1078" /><ColumnReference Column="Expr1079" /><ColumnReference Column="Expr1080" /><ColumnReference Column="Expr1081" /><ColumnReference Column="Expr1082" /><ColumnReference Column="Expr1083" /><ColumnReference Column="Expr1084" /><ColumnReference Column="Expr1085" /><ColumnReference Column="Expr1086" /><ColumnReference Column="Expr1087" /><ColumnReference Column="Expr1088" /><ColumnReference Column="Expr1089" /><ColumnReference Column="Expr1090" /><ColumnReference Column="Column33" /></OutputList><MemoryFractions Input="1" Output="0.5" /><RunTimeInformation><RunTimeCountersPerThread Thread="0" ActualRebinds="1" ActualRewinds="0" ActualRows="2" Batches="0" ActualEndOfScans="1" ActualExecutions="1" ActualExecutionMode="Row" ActualElapsedms="0" ActualCPUms="0" ActualScans="0" ActualLogicalReads="0" ActualPhysicalReads="0" ActualReadAheads="0" ActualLobLogicalReads="0" ActualLobPhysicalReads="0" ActualLobReadAheads="0" InputMemoryGrant="896" OutputMemoryGrant="320" UsedMemoryGrant="16" /></RunTimeInformation><Sort Distinct="false"><OrderBy><OrderByColumn Ascending="true"><ColumnReference Database="Database1" Schema="Schema1" Table="Object7" Alias="Object6" Column="Column8" /></OrderByColumn></OrderBy><RelOp AvgRowSize="98" EstimateCPU="3.35194E-05" EstimateIO="0" EstimateRebinds="0" EstimateRewinds="0" EstimatedExecutionMode="Row" EstimateRows="2" LogicalOp="Eager Spool" NodeId="45" Parallel="false" PhysicalOp="Table Spool" EstimatedTotalSubtreeCost="0.0187487"><OutputList><ColumnReference Database="Database1" Schema="Schema1" Table="Object7" Alias="Object6" Column="Column3" /><ColumnReference Database="Database1" Schema="Schema1" Table="Object7" Alias="Object6" Column="Column2" /><ColumnReference Database="Database1" Schema="Schema1" Table="Object7" Alias="Object6" Column="Column4" /><ColumnReference Database="Database1" Schema="Schema1" Table="Object7" Alias="Object6" Column="Column1" /><ColumnReference Database="Database1" Schema="Schema1" Table="Object7" Alias="Object6" Column="Column5" /><ColumnReference Database="Database1" Schema="Schema1" Table="Object7" Alias="Object6" Column="Column8" /><ColumnReference Column="Column32" /><ColumnReference Column="Expr1077" /><ColumnReference Column="Expr1078" /><ColumnReference Column="Expr1079" /><ColumnReference Column="Expr1080" /><ColumnReference Column="Expr1081" /><ColumnReference Column="Expr1082" /><ColumnReference Column="Expr1083" /><ColumnReference Column="Expr1084" /><ColumnReference Column="Expr1085" /><ColumnReference Column="Expr1086" /><ColumnReference Column="Expr1087" /><ColumnReference Column="Expr1088" /><ColumnReference Column="Expr1089" /><ColumnReference Column="Expr1090" /><ColumnReference Column="Column33" /></OutputList><RunTimeInformation><RunTimeCountersPerThread Thread="0" ActualRebinds="1" ActualRewinds="0" ActualRows="2" Batches="0" ActualEndOfScans="1" ActualExecutions="1" ActualExecutionMode="Row" ActualElapsedms="0" ActualCPUms="0" ActualScans="0" ActualLogicalReads="0" ActualPhysicalReads="0" ActualReadAheads="0" ActualLobLogicalReads="0" ActualLobPhysicalReads="0" ActualLobReadAheads="0" /></RunTimeInformation><Spool PrimaryNodeId="4" /></RelOp></Sort></RelOp></StreamAggregate></RelOp><RelOp AvgRowSize="78" EstimateCPU="0.0001581" EstimateIO="0.003125" EstimateRebinds="0" EstimateRewinds="0" EstimatedExecutionMode="Row" EstimateRows="1" EstimatedRowsRead="1" LogicalOp="Clustered Index Seek" NodeId="46" Parallel="false" PhysicalOp="Clustered Index Seek" EstimatedTotalSubtreeCost="0.0032831" TableCardinality="2388260"><OutputList><ColumnReference Database="Database1" Schema="Schema1" Table="Object20" Column="Column69" /><ColumnReference Database="Database1" Schema="Schema1" Table="Object20" Column="Column55" /><ColumnReference Database="Database1" Schema="Schema1" Table="Object20" Column="Column1" /><ColumnReference Database="Database1" Schema="Schema1" Table="Object20" Column="Column56" /><ColumnReference Database="Database1" Schema="Schema1" Table="Object20" Column="Column57" /><ColumnReference Database="Database1" Schema="Schema1" Table="Object20" Column="Column58" /><ColumnReference Database="Database1" Schema="Schema1" Table="Object20" Column="Column59" /><ColumnReference Database="Database1" Schema="Schema1" Table="Object20" Column="Column60" /><ColumnReference Database="Database1" Schema="Schema1" Table="Object20" Column="Column61" /><ColumnReference Database="Database1" Schema="Schema1" Table="Object20" Column="Column62" /><ColumnReference Database="Database1" Schema="Schema1" Table="Object20" Column="Column63" /><ColumnReference Database="Database1" Schema="Schema1" Table="Object20" Column="Column64" /><ColumnReference Database="Database1" Schema="Schema1" Table="Object20" Column="Column65" /><ColumnReference Database="Database1" Schema="Schema1" Table="Object20" Column="Column66" /><ColumnReference Database="Database1" Schema="Schema1" Table="Object20" Column="Column67" /><ColumnReference Database="Database1" Schema="Schema1" Table="Object20" Column="Column68" /></OutputList><RunTimeInformation><RunTimeCountersPerThread Thread="0" ActualRows="1" ActualRowsRead="1" Batches="0" ActualEndOfScans="0" ActualExecutions="1" ActualExecutionMode="Row" ActualElapsedms="1" ActualCPUms="1" ActualScans="0" ActualLogicalReads="3" ActualPhysicalReads="0" ActualReadAheads="0" ActualLobLogicalReads="0" ActualLobPhysicalReads="0" ActualLobReadAheads="0" /></RunTimeInformation><IndexScan Ordered="true" ScanDirection="FORWARD" ForcedIndex="false" ForceSeek="false" ForceScan="false" NoExpandHint="true" Storage="RowStore"><DefinedValues><DefinedValue><ColumnReference Database="Database1" Schema="Schema1" Table="Object20" Column="Column69" /></DefinedValue><DefinedValue><ColumnReference Database="Database1" Schema="Schema1" Table="Object20" Column="Column55" /></DefinedValue><DefinedValue><ColumnReference Database="Database1" Schema="Schema1" Table="Object20" Column="Column1" /></DefinedValue><DefinedValue><ColumnReference Database="Database1" Schema="Schema1" Table="Object20" Column="Column56" /></DefinedValue><DefinedValue><ColumnReference Database="Database1" Schema="Schema1" Table="Object20" Column="Column57" /></DefinedValue><DefinedValue><ColumnReference Database="Database1" Schema="Schema1" Table="Object20" Column="Column58" /></DefinedValue><DefinedValue><ColumnReference Database="Database1" Schema="Schema1" Table="Object20" Column="Column59" /></DefinedValue><DefinedValue><ColumnReference Database="Database1" Schema="Schema1" Table="Object20" Column="Column60" /></DefinedValue><DefinedValue><ColumnReference Database="Database1" Schema="Schema1" Table="Object20" Column="Column61" /></DefinedValue><DefinedValue><ColumnReference Database="Database1" Schema="Schema1" Table="Object20" Column="Column62" /></DefinedValue><DefinedValue><ColumnReference Database="Database1" Schema="Schema1" Table="Object20" Column="Column63" /></DefinedValue><DefinedValue><ColumnReference Database="Database1" Schema="Schema1" Table="Object20" Column="Column64" /></DefinedValue><DefinedValue><ColumnReference Database="Database1" Schema="Schema1" Table="Object20" Column="Column65" /></DefinedValue><DefinedValue><ColumnReference Database="Database1" Schema="Schema1" Table="Object20" Column="Column66" /></DefinedValue><DefinedValue><ColumnReference Database="Database1" Schema="Schema1" Table="Object20" Column="Column67" /></DefinedValue><DefinedValue><ColumnReference Database="Database1" Schema="Schema1" Table="Object20" Column="Column68" /></DefinedValue></DefinedValues><Object Database="Database1" Schema="Schema1" Table="Object20" Index="Index10" IndexKind="ViewClustered" Storage="RowStore" /><SeekPredicates><SeekPredicateNew><SeekKeys><Prefix ScanType="EQ"><RangeColumns><ColumnReference Database="Database1" Schema="Schema1" Table="Object20" Column="Column3" /><ColumnReference Database="Database1" Schema="Schema1" Table="Object20" Column="Column4" /></RangeColumns><RangeExpressions><ScalarOperator ScalarString="ScalarString98"><Identifier><ColumnReference Database="Database1" Schema="Schema1" Table="Object7" Alias="Object23" Column="Column3" /></Identifier></ScalarOperator><ScalarOperator ScalarString="ScalarString99"><Identifier><ColumnReference Database="Database1" Schema="Schema1" Table="Object7" Alias="Object23" Column="Column4" /></Identifier></ScalarOperator></RangeExpressions></Prefix></SeekKeys></SeekPredicateNew></SeekPredicates><Predicate><ScalarOperator ScalarString="ScalarString100"><Compare CompareOp="IS"><ScalarOperator><Identifier><ColumnReference Database="Database1" Schema="Schema1" Table="Object7" Alias="Object6" Column="Column8" /></Identifier></ScalarOperator><ScalarOperator><Identifier><ColumnReference Database="Database1" Schema="Schema1" Table="Object20" Column="Column8" /></Identifier></ScalarOperator></Compare></ScalarOperator></Predicate></IndexScan></RelOp></NestedLoops></RelOp></ComputeScalar></RelOp></Sort></RelOp></Collapse></RelOp></Update></RelOp><RelOp AvgRowSize="24" EstimateCPU="9.6E-07" EstimateIO="0" EstimateRebinds="0" EstimateRewinds="0" EstimatedExecutionMode="Row" EstimateRows="1" LogicalOp="Filter" NodeId="47" Parallel="false" PhysicalOp="Filter" EstimatedTotalSubtreeCost="0.0187497"><OutputList><ColumnReference Database="Database1" Schema="Schema1" Table="Object7" Alias="Object6" Column="Column2" /><ColumnReference Database="Database1" Schema="Schema1" Table="Object7" Alias="Object6" Column="Column1" /><ColumnReference Database="Database1" Schema="Schema1" Table="Object7" Alias="Object6" Column="Column5" /><ColumnReference Database="Database1" Schema="Schema1" Table="Object7" Alias="Object6" Column="Column8" /><ColumnReference Column="Column32" /></OutputList><RunTimeInformation><RunTimeCountersPerThread Thread="0" ActualRows="1" Batches="0" ActualEndOfScans="1" ActualExecutions="1" ActualExecutionMode="Row" ActualElapsedms="0" ActualCPUms="0" /></RunTimeInformation><Filter StartupExpression="false"><RelOp AvgRowSize="98" EstimateCPU="3.35194E-05" EstimateIO="0" EstimateRebinds="0" EstimateRewinds="0" EstimatedExecutionMode="Row" EstimateRows="2" LogicalOp="Eager Spool" NodeId="48" Parallel="false" PhysicalOp="Table Spool" EstimatedTotalSubtreeCost="0.0187487"><OutputList><ColumnReference Database="Database1" Schema="Schema1" Table="Object7" Alias="Object6" Column="Column3" /><ColumnReference Database="Database1" Schema="Schema1" Table="Object7" Alias="Object6" Column="Column2" /><ColumnReference Database="Database1" Schema="Schema1" Table="Object7" Alias="Object6" Column="Column4" /><ColumnReference Database="Database1" Schema="Schema1" Table="Object7" Alias="Object6" Column="Column1" /><ColumnReference Database="Database1" Schema="Schema1" Table="Object7" Alias="Object6" Column="Column5" /><ColumnReference Database="Database1" Schema="Schema1" Table="Object7" Alias="Object6" Column="Column8" /><ColumnReference Column="Column32" /><ColumnReference Column="Expr1077" /><ColumnReference Column="Expr1078" /><ColumnReference Column="Expr1079" /><ColumnReference Column="Expr1080" /><ColumnReference Column="Expr1081" /><ColumnReference Column="Expr1082" /><ColumnReference Column="Expr1083" /><ColumnReference Column="Expr1084" /><ColumnReference Column="Expr1085" /><ColumnReference Column="Expr1086" /><ColumnReference Column="Expr1087" /><ColumnReference Column="Expr1088" /><ColumnReference Column="Expr1089" /><ColumnReference Column="Expr1090" /><ColumnReference Column="Column33" /></OutputList><RunTimeInformation><RunTimeCountersPerThread Thread="0" ActualRebinds="1" ActualRewinds="0" ActualRows="2" Batches="0" ActualEndOfScans="1" ActualExecutions="1" ActualExecutionMode="Row" ActualElapsedms="0" ActualCPUms="0" ActualScans="0" ActualLogicalReads="0" ActualPhysicalReads="0" ActualReadAheads="0" ActualLobLogicalReads="0" ActualLobPhysicalReads="0" ActualLobReadAheads="0" /></RunTimeInformation><Spool PrimaryNodeId="4" /></RelOp><Predicate><ScalarOperator ScalarString="ScalarString101"><Compare CompareOp="NE"><ScalarOperator><Identifier><ColumnReference Column="Column33" /></Identifier></ScalarOperator><ScalarOperator><Const ConstValue="Value35" /></ScalarOperator></Compare></ScalarOperator></Predicate></Filter></RelOp></Sequence></RelOp></Update></RelOp><ParameterList><ColumnReference Column="Column54" ParameterDataType="tinyint" ParameterCompiledValue="Value5" ParameterRuntimeValue="Value5" /><ColumnReference Column="Column48" ParameterDataType="int" ParameterCompiledValue="Value5" ParameterRuntimeValue="Value5" /><ColumnReference Column="Column50" ParameterDataType="bit" ParameterCompiledValue="Value6" ParameterRuntimeValue="Value6" /><ColumnReference Column="Column29" ParameterDataType="bigint" ParameterCompiledValue="Value4" ParameterRuntimeValue="Value4" /><ColumnReference Column="Column30" ParameterDataType="int" ParameterCompiledValue="Value3" ParameterRuntimeValue="Value3" /></ParameterList></QueryPlan></StmtSimple></Statements></Batch><Batch><Statements><StmtSimple StatementCompId="11" StatementEstRows="1.04309" StatementId="6" StatementOptmLevel="FULL" StatementOptmEarlyAbortReason="GoodEnoughPlanFound" CardinalityEstimationModelVersion="140" StatementSubTreeCost="0.0767742" StatementText="UPDATE Object11&#xD;&#xA;&#x9;SET&#xD;&#xA;&#x9;&#x9;Column11 = CASE WHEN Object12.Column1 &gt; ? AND Object13.Column1 = ? THEN Object12.Column7 WHEN Object12.Column5 &lt;&gt; Object13.Column5 THEN Object12.Column7 ELSE Object11.Column11 END,&#xD;&#xA;&#x9;&#x9;Column12 = Object12.Column7&#xD;&#xA;&#x9;FROM Schema1.Object14 Object11 &#xD;&#xA;&#x9;INNER JOIN Schema1.Object2 Object1 &#xD;&#xA;&#x9;&#x9;ON Object1.Column13 = Object11.Column13&#xD;&#xA;&#x9;&#x9;AND Object1.Column14 = Object11.Column14&#xD;&#xA;&#x9;&#x9;AND Object1.Column15 = Object11.Column15&#xD;&#xA;&#x9;INNER JOIN Object9 Object12&#xD;&#xA;&#x9;&#x9;ON Object12.Column4 = Object1.Column4&#xD;&#xA;&#x9;&#x9;AND Object12.Column3 = Object1.Column3&#xD;&#xA;&#x9;INNER JOIN Object10 Object13&#xD;&#xA;&#x9;&#x9;ON Object12.Column4 = Object13.Column4&#xD;&#xA;&#x9;&#x9;AND Object12.Column3 = Object13.Column3&#xD;&#xA;&#x9;&#x9;AND Object12.Column5 = Object13.Column5&#xD;&#xA;&#x9;WHERE&#xD;&#xA;&#x9;&#x9;Object12.Column1 &lt;&gt; Object13.Column1&#xD;&#xA;&#x9;&#x9;OR Object12.Column5 &lt;&gt; Object13.Column5" StatementType="UPDATE" QueryHash="0x72765C3F67DE9F34" QueryPlanHash="0x39889C951BCC7530" RetrievedFromCache="true" StatementSqlHandle="0x09001F7910EE64B69CD86795BC4856E3CB1E0000000000000000000000000000000000000000000000000000" DatabaseContextSettingsId="39" ParentObjectId="1692038005" StatementParameterizationType="0" SecurityPolicyApplied="false"><StatementSetOptions ANSI_NULLS="true" ANSI_PADDING="true" ANSI_WARNINGS="true" ARITHABORT="true" CONCAT_NULL_YIELDS_NULL="true" NUMERIC_ROUNDABORT="false" QUOTED_IDENTIFIER="true" /><QueryPlan DegreeOfParallelism="1" CachedPlanSize="200" CompileTime="18" CompileCPU="17" CompileMemory="1512"><MemoryGrantInfo SerialRequiredMemory="0" SerialDesiredMemory="0" /><OptimizerHardwareDependentProperties EstimatedAvailableMemoryGrant="1494220" EstimatedPagesCached="373555" EstimatedAvailableDegreeOfParallelism="2" MaxCompileMemory="37517560" /><OptimizerStatsUsage><StatisticsInfo Database="Database1" Schema="Schema1" Table="Object2" Statistics="[IX_SellerItem_ItemQtyID_ClientID]" ModificationCount="14214" SamplingPercent="10.1051" LastUpdate="2020-01-21T13:30:10.24" /><StatisticsInfo Database="Database1" Schema="Schema1" Table="Object2" Statistics="[IX_SellerItem_CreateDateLTz]" ModificationCount="14174" SamplingPercent="10.0615" LastUpdate="2020-01-21T13:29:18.2" /><StatisticsInfo Database="Database1" Schema="Schema1" Table="Object2" Statistics="[_WA_Sys_00000003_613EECBB]" ModificationCount="14174" SamplingPercent="9.75156" LastUpdate="2020-01-21T13:30:16.11" /><StatisticsInfo Database="Database1" Schema="Schema1" Table="Object2" Statistics="[IX_SellerItem_ClassID_ProfileID_PartitionID]" ModificationCount="102018" SamplingPercent="10.7726" LastUpdate="2020-01-30T09:25:05.45" /><StatisticsInfo Database="Database1" Schema="Schema1" Table="Object2" Statistics="[_WA_Sys_00000004_613EECBB]" ModificationCount="14174" SamplingPercent="10.296" LastUpdate="2020-01-21T13:29:06.35" /><StatisticsInfo Database="Database1" Schema="Schema1" Table="Object2" Statistics="[_WA_Sys_00000006_613EECBB]" ModificationCount="102021" SamplingPercent="10.1733" LastUpdate="2020-01-30T09:25:01.09" /><StatisticsInfo Database="Database1" Schema="Schema1" Table="Object2" Statistics="[IX_SellerItem_PoolID_SKU]" ModificationCount="13275" SamplingPercent="100" LastUpdate="2020-01-23T03:33:26.68" /><StatisticsInfo Database="Database1" Schema="Schema1" Table="Object2" Statistics="[IX_SellerItem_ProfileID]" ModificationCount="14174" SamplingPercent="10.0303" LastUpdate="2020-01-21T13:30:04.85" /><StatisticsInfo Database="Database1" Schema="Schema1" Table="Object14" Statistics="[IX_SellerItemUploadHash_ProfileID_QtyLastModifiedDateGMT]" ModificationCount="0" SamplingPercent="100" LastUpdate="2020-01-31T05:46:13.97" /><StatisticsInfo Database="Database1" Schema="Schema1" Table="Object2" Statistics="[PK_SellerItem]" ModificationCount="6501" SamplingPercent="100" LastUpdate="2020-01-28T03:09:12.72" /><StatisticsInfo Database="Database1" Schema="Schema1" Table="Object2" Statistics="[UIX_SellerItem_ItemID_ProfileID]" ModificationCount="13275" SamplingPercent="100" LastUpdate="2020-01-23T03:34:51.14" /><StatisticsInfo Database="Database1" Schema="Schema1" Table="Object14" Statistics="[_WA_Sys_00000003_52F0CD64]" ModificationCount="14089" SamplingPercent="10.2813" LastUpdate="2020-01-21T13:27:01.84" /><StatisticsInfo Database="Database1" Schema="Schema1" Table="Object2" Statistics="[UIX_SellerItem_SKU_DeletedID]" ModificationCount="13287" SamplingPercent="100" LastUpdate="2020-01-23T03:33:06.37" /><StatisticsInfo Database="Database1" Schema="Schema1" Table="Object14" Statistics="[PK_SellerItemUploadHash]" ModificationCount="162415" SamplingPercent="5.19081" LastUpdate="2020-01-21T13:25:31.76" /><StatisticsInfo Database="Database1" Schema="Schema1" Table="Object2" Statistics="[IX_SellerItem_RelationshipInstanceID_ProfileID]" ModificationCount="83735" SamplingPercent="10.5031" LastUpdate="2020-01-21T13:30:08.53" /><StatisticsInfo Database="Database1" Schema="Schema1" Table="Object2" Statistics="[IX_SellerItem_BlockDateGMT_Status]" ModificationCount="102018" SamplingPercent="9.9875" LastUpdate="2020-01-30T09:25:37.92" /><StatisticsInfo Database="Database1" Schema="Schema1" Table="Object14" Statistics="[IX_SellerItemUploadHash_ProfileID_QtyXUploadHashLastModifiedGMT]" ModificationCount="7550" SamplingPercent="100" LastUpdate="2020-01-28T03:02:34.6" /><StatisticsInfo Database="Database1" Schema="Schema1" Table="Object14" Statistics="[_WA_Sys_0000002B_52F0CD64]" ModificationCount="162482" SamplingPercent="5.71362" LastUpdate="2020-01-21T13:25:36.87" /><StatisticsInfo Database="Database1" Schema="Schema1" Table="Object14" Statistics="[IX_SellerItemUploadHash_ItemID_ProfileID]" ModificationCount="13275" SamplingPercent="100" LastUpdate="2020-01-23T03:25:55.35" /><StatisticsInfo Database="Database1" Schema="Schema1" Table="Object14" Statistics="[IX_SellerItemUploadHash_ProfileID_UploadHashLastModifiedGMT]" ModificationCount="7550" SamplingPercent="100" LastUpdate="2020-01-28T03:03:19.07" /></OptimizerStatsUsage><TraceFlags IsCompileTime="true"><TraceFlag Value="460" Scope="Global" /><TraceFlag Value="1254" Scope="Global" /><TraceFlag Value="3226" Scope="Global" /><TraceFlag Value="7745" Scope="Global" /><TraceFlag Value="7752" Scope="Global" /><TraceFlag Value="9888" Scope="Global" /></TraceFlags><TraceFlags IsCompileTime="false"><TraceFlag Value="460" Scope="Global" /><TraceFlag Value="1254" Scope="Global" /><TraceFlag Value="3226" Scope="Global" /><TraceFlag Value="7745" Scope="Global" /><TraceFlag Value="7752" Scope="Global" /><TraceFlag Value="9888" Scope="Global" /></TraceFlags><QueryTimeStats CpuTime="0" ElapsedTime="0" /><RelOp AvgRowSize="9" EstimateCPU="4.17237E-06" EstimateIO="0" EstimateRebinds="0" EstimateRewinds="0" EstimatedExecutionMode="Row" EstimateRows="1.04309" LogicalOp="Sequence" NodeId="1" Parallel="false" PhysicalOp="Sequence" EstimatedTotalSubtreeCost="0.0767742"><OutputList /><RunTimeInformation><RunTimeCountersPerThread Thread="0" ActualRows="2" Batches="0" ActualEndOfScans="1" ActualExecutions="1" ActualExecutionMode="Row" ActualElapsedms="0" ActualCPUms="0" /></RunTimeInformation><Sequence><RelOp AvgRowSize="9" EstimateCPU="1.04309E-06" EstimateIO="0.01" EstimateRebinds="0" EstimateRewinds="0" EstimatedExecutionMode="Row" EstimateRows="1.04309" LogicalOp="Update" NodeId="2" Parallel="false" PhysicalOp="Index Update" EstimatedTotalSubtreeCost="0.0191925"><OutputList /><RunTimeInformation><RunTimeCountersPerThread Thread="0" ActualRows="2" ActualRowsRead="1" Batches="0" ActualEndOfScans="1" ActualExecutions="1" ActualExecutionMode="Row" ActualElapsedms="0" ActualCPUms="0" ActualScans="0" ActualLogicalReads="7" ActualPhysicalReads="0" ActualReadAheads="0" ActualLobLogicalReads="0" ActualLobPhysicalReads="0" ActualLobReadAheads="0" /></RunTimeInformation><Update DMLRequestSort="false"><Object Database="Database1" Schema="Schema1" Table="Object14" Index="Index11" Alias="Object11" IndexKind="NonClustered" Storage="RowStore" /><SetPredicate><ScalarOperator ScalarString="ScalarString102"><ScalarExpressionList><ScalarOperator><MultipleAssign><Assign><ColumnReference Column="Column71" /><ScalarOperator><Identifier><ColumnReference Database="Database1" Schema="Schema1" Table="Object14" Alias="Object11" Column="Column13" /></Identifier></ScalarOperator></Assign><Assign><ColumnReference Column="Column72" /><ScalarOperator><Identifier><ColumnReference Database="Database1" Schema="Schema1" Table="Object14" Alias="Object11" Column="Column14" /></Identifier></ScalarOperator></Assign><Assign><ColumnReference Column="Column73" /><ScalarOperator><Identifier><ColumnReference Database="Database1" Schema="Schema1" Table="Object14" Alias="Object11" Column="Column15" /></Identifier></ScalarOperator></Assign><Assign><ColumnReference Column="Column74" /><ScalarOperator><Identifier><ColumnReference Database="Database1" Schema="Schema1" Table="Object14" Alias="Object11" Column="Column75" /></Identifier></ScalarOperator></Assign><Assign><ColumnReference Column="Column76" /><ScalarOperator><Identifier><ColumnReference Database="Database1" Schema="Schema1" Table="Object14" Alias="Object11" Column="Column11" /></Identifier></ScalarOperator></Assign><Assign><ColumnReference Column="Column77" /><ScalarOperator><Identifier><ColumnReference Database="Database1" Schema="Schema1" Table="Object14" Alias="Object11" Column="Column12" /></Identifier></ScalarOperator></Assign><Assign><ColumnReference Column="Column78" ComputedColumn="true" /><ScalarOperator><Identifier><ColumnReference Database="Database1" Schema="Schema1" Table="Object14" Alias="Object11" Column="Column79" ComputedColumn="true" /></Identifier></ScalarOperator></Assign></MultipleAssign></ScalarOperator></ScalarExpressionList></ScalarOperator></SetPredicate><ActionColumn><ColumnReference Column="Column80" /></ActionColumn><RelOp AvgRowSize="45" EstimateCPU="7.92749E-07" EstimateIO="0" EstimateRebinds="0" EstimateRewinds="0" EstimatedExecutionMode="Row" EstimateRows="1.04309" LogicalOp="Filter" NodeId="3" Parallel="false" PhysicalOp="Filter" EstimatedTotalSubtreeCost="0.00919147"><OutputList><ColumnReference Database="Database1" Schema="Schema1" Table="Object14" Alias="Object11" Column="Column13" /><ColumnReference Database="Database1" Schema="Schema1" Table="Object14" Alias="Object11" Column="Column14" /><ColumnReference Database="Database1" Schema="Schema1" Table="Object14" Alias="Object11" Column="Column15" /><ColumnReference Database="Database1" Schema="Schema1" Table="Object14" Alias="Object11" Column="Column11" /><ColumnReference Database="Database1" Schema="Schema1" Table="Object14" Alias="Object11" Column="Column12" /><ColumnReference Database="Database1" Schema="Schema1" Table="Object14" Alias="Object11" Column="Column79" ComputedColumn="true" /><ColumnReference Database="Database1" Schema="Schema1" Table="Object14" Alias="Object11" Column="Column75" /><ColumnReference Column="Column80" /></OutputList><RunTimeInformation><RunTimeCountersPerThread Thread="0" ActualRows="2" Batches="0" ActualEndOfScans="1" ActualExecutions="1" ActualExecutionMode="Row" ActualElapsedms="0" ActualCPUms="0" /></RunTimeInformation><Filter StartupExpression="false"><RelOp AvgRowSize="71" EstimateCPU="2.56226E-05" EstimateIO="0.00330835" EstimateRebinds="0" EstimateRewinds="0" EstimatedExecutionMode="Row" EstimateRows="2.08618" LogicalOp="Eager Spool" NodeId="4" Parallel="false" PhysicalOp="Table Spool" EstimatedTotalSubtreeCost="0.00919068"><OutputList><ColumnReference Database="Database1" Schema="Schema1" Table="Object14" Alias="Object11" Column="Column13" /><ColumnReference Database="Database1" Schema="Schema1" Table="Object14" Alias="Object11" Column="Column14" /><ColumnReference Database="Database1" Schema="Schema1" Table="Object14" Alias="Object11" Column="Column15" /><ColumnReference Database="Database1" Schema="Schema1" Table="Object14" Alias="Object11" Column="Column11" /><ColumnReference Database="Database1" Schema="Schema1" Table="Object14" Alias="Object11" Column="Column12" /><ColumnReference Database="Database1" Schema="Schema1" Table="Object14" Alias="Object11" Column="Column79" ComputedColumn="true" /><ColumnReference Database="Database1" Schema="Schema1" Table="Object14" Alias="Object11" Column="Column81" /><ColumnReference Database="Database1" Schema="Schema1" Table="Object14" Alias="Object11" Column="Column82" /><ColumnReference Database="Database1" Schema="Schema1" Table="Object14" Alias="Object11" Column="Column75" /><ColumnReference Column="Expr1012" /><ColumnReference Column="Expr1013" /><ColumnReference Column="Expr1014" /><ColumnReference Column="Expr1015" /><ColumnReference Column="Column80" /></OutputList><RunTimeInformation><RunTimeCountersPerThread Thread="0" ActualRebinds="1" ActualRewinds="0" ActualRows="2" ActualRowsRead="2" Batches="0" ActualEndOfScans="1" ActualExecutions="1" ActualExecutionMode="Row" ActualElapsedms="0" ActualCPUms="0" ActualScans="1" ActualLogicalReads="7" ActualPhysicalReads="0" ActualReadAheads="0" ActualLobLogicalReads="0" ActualLobPhysicalReads="0" ActualLobReadAheads="0" /></RunTimeInformation><Spool><RelOp AvgRowSize="71" EstimateCPU="1.56464E-06" EstimateIO="0" EstimateRebinds="0" EstimateRewinds="0" EstimatedExecutionMode="Row" EstimateRows="2.08618" LogicalOp="Split" NodeId="5" Parallel="false" PhysicalOp="Split" EstimatedTotalSubtreeCost="0.0232349"><OutputList><ColumnReference Database="Database1" Schema="Schema1" Table="Object14" Alias="Object11" Column="Column13" /><ColumnReference Database="Database1" Schema="Schema1" Table="Object14" Alias="Object11" Column="Column14" /><ColumnReference Database="Database1" Schema="Schema1" Table="Object14" Alias="Object11" Column="Column15" /><ColumnReference Database="Database1" Schema="Schema1" Table="Object14" Alias="Object11" Column="Column11" /><ColumnReference Database="Database1" Schema="Schema1" Table="Object14" Alias="Object11" Column="Column12" /><ColumnReference Database="Database1" Schema="Schema1" Table="Object14" Alias="Object11" Column="Column79" ComputedColumn="true" /><ColumnReference Database="Database1" Schema="Schema1" Table="Object14" Alias="Object11" Column="Column81" /><ColumnReference Database="Database1" Schema="Schema1" Table="Object14" Alias="Object11" Column="Column82" /><ColumnReference Database="Database1" Schema="Schema1" Table="Object14" Alias="Object11" Column="Column75" /><ColumnReference Column="Expr1012" /><ColumnReference Column="Expr1013" /><ColumnReference Column="Expr1014" /><ColumnReference Column="Expr1015" /><ColumnReference Column="Column80" /></OutputList><RunTimeInformation><RunTimeCountersPerThread Thread="0" ActualRows="2" Batches="0" ActualEndOfScans="1" ActualExecutions="1" ActualExecutionMode="Row" ActualElapsedms="0" ActualCPUms="0" /></RunTimeInformation><Split><DefinedValues><DefinedValue><ColumnReference Column="Column80" /></DefinedValue></DefinedValues><ActionColumn><ColumnReference Column="Column80" /></ActionColumn><RelOp AvgRowSize="91" EstimateCPU="1.04309E-06" EstimateIO="0.0100609" EstimateRebinds="0" EstimateRewinds="0" EstimatedExecutionMode="Row" EstimateRows="1.04309" LogicalOp="Update" NodeId="6" Parallel="false" Partitioned="true" PhysicalOp="Clustered Index Update" EstimatedTotalSubtreeCost="0.0232334"><OutputList><ColumnReference Database="Database1" Schema="Schema1" Table="Object14" Alias="Object11" Column="Column13" /><ColumnReference Database="Database1" Schema="Schema1" Table="Object14" Alias="Object11" Column="Column14" /><ColumnReference Database="Database1" Schema="Schema1" Table="Object14" Alias="Object11" Column="Column15" /><ColumnReference Database="Database1" Schema="Schema1" Table="Object14" Alias="Object11" Column="Column11" /><ColumnReference Database="Database1" Schema="Schema1" Table="Object14" Alias="Object11" Column="Column12" /><ColumnReference Database="Database1" Schema="Schema1" Table="Object14" Alias="Object11" Column="Column79" ComputedColumn="true" /><ColumnReference Database="Database1" Schema="Schema1" Table="Object14" Alias="Object11" Column="Column81" /><ColumnReference Database="Database1" Schema="Schema1" Table="Object14" Alias="Object11" Column="Column82" /><ColumnReference Database="Database1" Schema="Schema1" Table="Object14" Alias="Object11" Column="Column75" /><ColumnReference Column="Column83" /><ColumnReference Column="Column84" /><ColumnReference Column="Column85" ComputedColumn="true" /><ColumnReference Column="Expr1012" /><ColumnReference Column="Expr1013" /><ColumnReference Column="Expr1014" /><ColumnReference Column="Expr1015" /></OutputList><RunTimeInformation><RunTimeCountersPerThread Thread="0" ActualRows="1" ActualRowsRead="1" Batches="0" ActualEndOfScans="1" ActualExecutions="1" ActualExecutionMode="Row" ActualElapsedms="0" ActualCPUms="0" ActualScans="0" ActualLogicalReads="3" ActualPhysicalReads="0" ActualReadAheads="0" ActualLobLogicalReads="0" ActualLobPhysicalReads="0" ActualLobReadAheads="0" /></RunTimeInformation><RunTimePartitionSummary><PartitionsAccessed PartitionCount="1"><PartitionRange Start="6" End="6" /></PartitionsAccessed></RunTimePartitionSummary><Update DMLRequestSort="false"><Object Database="Database1" Schema="Schema1" Table="Object14" Index="Index12" Alias="Object11" IndexKind="Clustered" Storage="RowStore" /><SetPredicate><ScalarOperator ScalarString="ScalarString103"><ScalarExpressionList><ScalarOperator><MultipleAssign><Assign><ColumnReference Database="Database1" Schema="Schema1" Table="Object14" Alias="Object11" Column="Column11" /><ScalarOperator><Identifier><ColumnReference Column="Expr1005" /></Identifier></ScalarOperator></Assign><Assign><ColumnReference Database="Database1" Schema="Schema1" Table="Object14" Alias="Object11" Column="Column12" /><ScalarOperator><Identifier><ColumnReference Database="Database1" Schema="Schema1" Table="Object7" Alias="Object12" Column="Column7" /></Identifier></ScalarOperator></Assign><Assign><ColumnReference Database="Database1" Schema="Schema1" Table="Object14" Alias="Object11" Column="Column79" ComputedColumn="true" /><ScalarOperator><Identifier><ColumnReference Column="Expr1010" /></Identifier></ScalarOperator></Assign></MultipleAssign></ScalarOperator></ScalarExpressionList></ScalarOperator></SetPredicate><RelOp AvgRowSize="47" EstimateCPU="1.04309E-07" EstimateIO="0" EstimateRebinds="0" EstimateRewinds="0" EstimatedExecutionMode="Row" EstimateRows="1.04309" LogicalOp="Compute Scalar" NodeId="7" Parallel="false" PhysicalOp="Compute Scalar" EstimatedTotalSubtreeCost="0.0131715"><OutputList><ColumnReference Column="Column86" ComputedColumn="true" /><ColumnReference Database="Database1" Schema="Schema1" Table="Object14" Alias="Object11" Column="Column13" /><ColumnReference Database="Database1" Schema="Schema1" Table="Object14" Alias="Object11" Column="Column14" /><ColumnReference Database="Database1" Schema="Schema1" Table="Object14" Alias="Object11" Column="Column15" /><ColumnReference Database="Database1" Schema="Schema1" Table="Object14" Alias="Object11" Column="Column75" /><ColumnReference Database="Database1" Schema="Schema1" Table="Object7" Alias="Object12" Column="Column7" /><ColumnReference Column="Expr1005" /><ColumnReference Column="Expr1010" /><ColumnReference Column="Expr1012" /><ColumnReference Column="Expr1013" /><ColumnReference Column="Expr1014" /><ColumnReference Column="Expr1015" /></OutputList><RunTimeInformation><RunTimeCountersPerThread Thread="0" ActualRows="1" Batches="0" ActualEndOfScans="1" ActualExecutions="1" ActualExecutionMode="Row" ActualElapsedms="0" ActualCPUms="0" /></RunTimeInformation><ComputeScalar><DefinedValues><DefinedValue><ColumnReference Column="Expr1012" /><ScalarOperator ScalarString="ScalarString104"><Identifier><ColumnReference Column="Expr1012" /></Identifier></ScalarOperator></DefinedValue><DefinedValue><ColumnReference Column="Expr1013" /><ScalarOperator ScalarString="ScalarString105"><Identifier><ColumnReference Column="Expr1013" /></Identifier></ScalarOperator></DefinedValue><DefinedValue><ColumnReference Column="Expr1014" /><ScalarOperator ScalarString="ScalarString106"><Identifier><ColumnReference Column="Expr1014" /></Identifier></ScalarOperator></DefinedValue><DefinedValue><ColumnReference Column="Expr1015" /><ScalarOperator ScalarString="ScalarString107"><Identifier><ColumnReference Column="Expr1015" /></Identifier></ScalarOperator></DefinedValue></DefinedValues><RelOp AvgRowSize="47" EstimateCPU="1.04309E-07" EstimateIO="0" EstimateRebinds="0" EstimateRewinds="0" EstimatedExecutionMode="Row" EstimateRows="1.04309" LogicalOp="Compute Scalar" NodeId="8" Parallel="false" PhysicalOp="Compute Scalar" EstimatedTotalSubtreeCost="0.0131715"><OutputList><ColumnReference Column="Column86" ComputedColumn="true" /><ColumnReference Database="Database1" Schema="Schema1" Table="Object14" Alias="Object11" Column="Column13" /><ColumnReference Database="Database1" Schema="Schema1" Table="Object14" Alias="Object11" Column="Column14" /><ColumnReference Database="Database1" Schema="Schema1" Table="Object14" Alias="Object11" Column="Column15" /><ColumnReference Database="Database1" Schema="Schema1" Table="Object14" Alias="Object11" Column="Column75" /><ColumnReference Database="Database1" Schema="Schema1" Table="Object7" Alias="Object12" Column="Column7" /><ColumnReference Column="Expr1005" /><ColumnReference Column="Expr1010" /><ColumnReference Column="Expr1012" /><ColumnReference Column="Expr1013" /><ColumnReference Column="Expr1014" /><ColumnReference Column="Expr1015" /></OutputList><ComputeScalar><DefinedValues><DefinedValue><ColumnReference Column="Expr1012" /><ScalarOperator ScalarString="ScalarString108"><IF><Condition><ScalarOperator><Logical Operation="AND"><ScalarOperator><Identifier><ColumnReference Column="Expr1008" /></Identifier></ScalarOperator><ScalarOperator><Identifier><ColumnReference Column="Expr1009" /></Identifier></ScalarOperator><ScalarOperator><Identifier><ColumnReference Column="Expr1011" /></Identifier></ScalarOperator></Logical></ScalarOperator></Condition><Then><ScalarOperator><Const ConstValue="Value6" /></ScalarOperator></Then><Else><ScalarOperator><Const ConstValue="Value5" /></ScalarOperator></Else></IF></ScalarOperator></DefinedValue><DefinedValue><ColumnReference Column="Expr1013" /><ScalarOperator ScalarString="ScalarString108"><IF><Condition><ScalarOperator><Logical Operation="AND"><ScalarOperator><Identifier><ColumnReference Column="Expr1008" /></Identifier></ScalarOperator><ScalarOperator><Identifier><ColumnReference Column="Expr1009" /></Identifier></ScalarOperator><ScalarOperator><Identifier><ColumnReference Column="Expr1011" /></Identifier></ScalarOperator></Logical></ScalarOperator></Condition><Then><ScalarOperator><Const ConstValue="Value6" /></ScalarOperator></Then><Else><ScalarOperator><Const ConstValue="Value5" /></ScalarOperator></Else></IF></ScalarOperator></DefinedValue><DefinedValue><ColumnReference Column="Expr1014" /><ScalarOperator ScalarString="ScalarString108"><IF><Condition><ScalarOperator><Logical Operation="AND"><ScalarOperator><Identifier><ColumnReference Column="Expr1008" /></Identifier></ScalarOperator><ScalarOperator><Identifier><ColumnReference Column="Expr1009" /></Identifier></ScalarOperator><ScalarOperator><Identifier><ColumnReference Column="Expr1011" /></Identifier></ScalarOperator></Logical></ScalarOperator></Condition><Then><ScalarOperator><Const ConstValue="Value6" /></ScalarOperator></Then><Else><ScalarOperator><Const ConstValue="Value5" /></ScalarOperator></Else></IF></ScalarOperator></DefinedValue><DefinedValue><ColumnReference Column="Expr1015" /><ScalarOperator ScalarString="ScalarString108"><IF><Condition><ScalarOperator><Logical Operation="AND"><ScalarOperator><Identifier><ColumnReference Column="Expr1008" /></Identifier></ScalarOperator><ScalarOperator><Identifier><ColumnReference Column="Expr1009" /></Identifier></ScalarOperator><ScalarOperator><Identifier><ColumnReference Column="Expr1011" /></Identifier></ScalarOperator></Logical></ScalarOperator></Condition><Then><ScalarOperator><Const ConstValue="Value6" /></ScalarOperator></Then><Else><ScalarOperator><Const ConstValue="Value5" /></ScalarOperator></Else></IF></ScalarOperator></DefinedValue></DefinedValues><RelOp AvgRowSize="47" EstimateCPU="1.04309E-07" EstimateIO="0" EstimateRebinds="0" EstimateRewinds="0" EstimatedExecutionMode="Row" EstimateRows="1.04309" LogicalOp="Compute Scalar" NodeId="9" Parallel="false" PhysicalOp="Compute Scalar" EstimatedTotalSubtreeCost="0.0131713"><OutputList><ColumnReference Column="Column86" ComputedColumn="true" /><ColumnReference Database="Database1" Schema="Schema1" Table="Object14" Alias="Object11" Column="Column13" /><ColumnReference Database="Database1" Schema="Schema1" Table="Object14" Alias="Object11" Column="Column14" /><ColumnReference Database="Database1" Schema="Schema1" Table="Object14" Alias="Object11" Column="Column15" /><ColumnReference Database="Database1" Schema="Schema1" Table="Object14" Alias="Object11" Column="Column75" /><ColumnReference Database="Database1" Schema="Schema1" Table="Object7" Alias="Object12" Column="Column7" /><ColumnReference Column="Expr1005" /><ColumnReference Column="Expr1008" /><ColumnReference Column="Expr1009" /><ColumnReference Column="Expr1010" /><ColumnReference Column="Expr1011" /></OutputList><ComputeScalar><DefinedValues><DefinedValue><ColumnReference Column="Expr1005" /><ScalarOperator ScalarString="ScalarString109"><IF><Condition><ScalarOperator><Logical Operation="AND"><ScalarOperator><Compare CompareOp="GT"><ScalarOperator><Identifier><ColumnReference Database="Database1" Schema="Schema1" Table="Object7" Alias="Object12" Column="Column1" /></Identifier></ScalarOperator><ScalarOperator><Const ConstValue="Value5" /></ScalarOperator></Compare></ScalarOperator><ScalarOperator><Compare CompareOp="EQ"><ScalarOperator><Identifier><ColumnReference Database="Database1" Schema="Schema1" Table="Object7" Alias="Object13" Column="Column1" /></Identifier></ScalarOperator><ScalarOperator><Const ConstValue="Value5" /></ScalarOperator></Compare></ScalarOperator></Logical></ScalarOperator></Condition><Then><ScalarOperator><Identifier><ColumnReference Database="Database1" Schema="Schema1" Table="Object7" Alias="Object12" Column="Column7" /></Identifier></ScalarOperator></Then><Else><ScalarOperator><IF><Condition><ScalarOperator><Compare CompareOp="NE"><ScalarOperator><Identifier><ColumnReference Database="Database1" Schema="Schema1" Table="Object7" Alias="Object12" Column="Column5" /></Identifier></ScalarOperator><ScalarOperator><Identifier><ColumnReference Database="Database1" Schema="Schema1" Table="Object7" Alias="Object13" Column="Column5" /></Identifier></ScalarOperator></Compare></ScalarOperator></Condition><Then><ScalarOperator><Identifier><ColumnReference Database="Database1" Schema="Schema1" Table="Object7" Alias="Object12" Column="Column7" /></Identifier></ScalarOperator></Then><Else><ScalarOperator><Identifier><ColumnReference Database="Database1" Schema="Schema1" Table="Object14" Alias="Object11" Column="Column11" /></Identifier></ScalarOperator></Else></IF></ScalarOperator></Else></IF></ScalarOperator></DefinedValue><DefinedValue><ColumnReference Column="Expr1008" /><ScalarOperator ScalarString="ScalarString110"><IF><Condition><ScalarOperator><Compare CompareOp="BINARY IS"><ScalarOperator><Identifier><ColumnReference Database="Database1" Schema="Schema1" Table="Object14" Alias="Object11" Column="Column11" /></Identifier></ScalarOperator><ScalarOperator><IF><Condition><ScalarOperator><Logical Operation="AND"><ScalarOperator><Compare CompareOp="GT"><ScalarOperator><Identifier><ColumnReference Database="Database1" Schema="Schema1" Table="Object7" Alias="Object12" Column="Column1" /></Identifier></ScalarOperator><ScalarOperator><Const ConstValue="Value5" /></ScalarOperator></Compare></ScalarOperator><ScalarOperator><Compare CompareOp="EQ"><ScalarOperator><Identifier><ColumnReference Database="Database1" Schema="Schema1" Table="Object7" Alias="Object13" Column="Column1" /></Identifier></ScalarOperator><ScalarOperator><Const ConstValue="Value5" /></ScalarOperator></Compare></ScalarOperator></Logical></ScalarOperator></Condition><Then><ScalarOperator><Identifier><ColumnReference Database="Database1" Schema="Schema1" Table="Object7" Alias="Object12" Column="Column7" /></Identifier></ScalarOperator></Then><Else><ScalarOperator><IF><Condition><ScalarOperator><Compare CompareOp="NE"><ScalarOperator><Identifier><ColumnReference Database="Database1" Schema="Schema1" Table="Object7" Alias="Object12" Column="Column5" /></Identifier></ScalarOperator><ScalarOperator><Identifier><ColumnReference Database="Database1" Schema="Schema1" Table="Object7" Alias="Object13" Column="Column5" /></Identifier></ScalarOperator></Compare></ScalarOperator></Condition><Then><ScalarOperator><Identifier><ColumnReference Database="Database1" Schema="Schema1" Table="Object7" Alias="Object12" Column="Column7" /></Identifier></ScalarOperator></Then><Else><ScalarOperator><Identifier><ColumnReference Database="Database1" Schema="Schema1" Table="Object14" Alias="Object11" Column="Column11" /></Identifier></ScalarOperator></Else></IF></ScalarOperator></Else></IF></ScalarOperator></Compare></ScalarOperator></Condition><Then><ScalarOperator><Const ConstValue="Value6" /></ScalarOperator></Then><Else><ScalarOperator><Const ConstValue="Value5" /></ScalarOperator></Else></IF></ScalarOperator></DefinedValue><DefinedValue><ColumnReference Column="Expr1009" /><ScalarOperator ScalarString="ScalarString111"><IF><Condition><ScalarOperator><Compare CompareOp="BINARY IS"><ScalarOperator><Identifier><ColumnReference Database="Database1" Schema="Schema1" Table="Object14" Alias="Object11" Column="Column12" /></Identifier></ScalarOperator><ScalarOperator><Identifier><ColumnReference Database="Database1" Schema="Schema1" Table="Object7" Alias="Object12" Column="Column7" /></Identifier></ScalarOperator></Compare></ScalarOperator></Condition><Then><ScalarOperator><Const ConstValue="Value6" /></ScalarOperator></Then><Else><ScalarOperator><Const ConstValue="Value5" /></ScalarOperator></Else></IF></ScalarOperator></DefinedValue><DefinedValue><ColumnReference Column="Expr1010" /><ScalarOperator ScalarString="ScalarString112"><IF><Condition><ScalarOperator><Logical Operation="OR"><ScalarOperator><Compare CompareOp="GE"><ScalarOperator><IF><Condition><ScalarOperator><Logical Operation="AND"><ScalarOperator><Compare CompareOp="GT"><ScalarOperator><Identifier><ColumnReference Database="Database1" Schema="Schema1" Table="Object7" Alias="Object12" Column="Column1" /></Identifier></ScalarOperator><ScalarOperator><Const ConstValue="Value5" /></ScalarOperator></Compare></ScalarOperator><ScalarOperator><Compare CompareOp="EQ"><ScalarOperator><Identifier><ColumnReference Database="Database1" Schema="Schema1" Table="Object7" Alias="Object13" Column="Column1" /></Identifier></ScalarOperator><ScalarOperator><Const ConstValue="Value5" /></ScalarOperator></Compare></ScalarOperator></Logical></ScalarOperator></Condition><Then><ScalarOperator><Identifier><ColumnReference Database="Database1" Schema="Schema1" Table="Object7" Alias="Object12" Column="Column7" /></Identifier></ScalarOperator></Then><Else><ScalarOperator><IF><Condition><ScalarOperator><Compare CompareOp="NE"><ScalarOperator><Identifier><ColumnReference Database="Database1" Schema="Schema1" Table="Object7" Alias="Object12" Column="Column5" /></Identifier></ScalarOperator><ScalarOperator><Identifier><ColumnReference Database="Database1" Schema="Schema1" Table="Object7" Alias="Object13" Column="Column5" /></Identifier></ScalarOperator></Compare></ScalarOperator></Condition><Then><ScalarOperator><Identifier><ColumnReference Database="Database1" Schema="Schema1" Table="Object7" Alias="Object12" Column="Column7" /></Identifier></ScalarOperator></Then><Else><ScalarOperator><Identifier><ColumnReference Database="Database1" Schema="Schema1" Table="Object14" Alias="Object11" Column="Column11" /></Identifier></ScalarOperator></Else></IF></ScalarOperator></Else></IF></ScalarOperator><ScalarOperator><Identifier><ColumnReference Database="Database1" Schema="Schema1" Table="Object7" Alias="Object12" Column="Column7" /></Identifier></ScalarOperator></Compare></ScalarOperator><ScalarOperator><Compare CompareOp="IS"><ScalarOperator><Identifier><ColumnReference Database="Database1" Schema="Schema1" Table="Object7" Alias="Object12" Column="Column7" /></Identifier></ScalarOperator><ScalarOperator><Const ConstValue="Value7" /></ScalarOperator></Compare></ScalarOperator></Logical></ScalarOperator></Condition><Then><ScalarOperator><IF><Condition><ScalarOperator><Logical Operation="AND"><ScalarOperator><Compare CompareOp="GT"><ScalarOperator><Identifier><ColumnReference Database="Database1" Schema="Schema1" Table="Object7" Alias="Object12" Column="Column1" /></Identifier></ScalarOperator><ScalarOperator><Const ConstValue="Value5" /></ScalarOperator></Compare></ScalarOperator><ScalarOperator><Compare CompareOp="EQ"><ScalarOperator><Identifier><ColumnReference Database="Database1" Schema="Schema1" Table="Object7" Alias="Object13" Column="Column1" /></Identifier></ScalarOperator><ScalarOperator><Const ConstValue="Value5" /></ScalarOperator></Compare></ScalarOperator></Logical></ScalarOperator></Condition><Then><ScalarOperator><Identifier><ColumnReference Database="Database1" Schema="Schema1" Table="Object7" Alias="Object12" Column="Column7" /></Identifier></ScalarOperator></Then><Else><ScalarOperator><IF><Condition><ScalarOperator><Compare CompareOp="NE"><ScalarOperator><Identifier><ColumnReference Database="Database1" Schema="Schema1" Table="Object7" Alias="Object12" Column="Column5" /></Identifier></ScalarOperator><ScalarOperator><Identifier><ColumnReference Database="Database1" Schema="Schema1" Table="Object7" Alias="Object13" Column="Column5" /></Identifier></ScalarOperator></Compare></ScalarOperator></Condition><Then><ScalarOperator><Identifier><ColumnReference Database="Database1" Schema="Schema1" Table="Object7" Alias="Object12" Column="Column7" /></Identifier></ScalarOperator></Then><Else><ScalarOperator><Identifier><ColumnReference Database="Database1" Schema="Schema1" Table="Object14" Alias="Object11" Column="Column11" /></Identifier></ScalarOperator></Else></IF></ScalarOperator></Else></IF></ScalarOperator></Then><Else><ScalarOperator><Identifier><ColumnReference Database="Database1" Schema="Schema1" Table="Object7" Alias="Object12" Column="Column7" /></Identifier></ScalarOperator></Else></IF></ScalarOperator></DefinedValue><DefinedValue><ColumnReference Column="Expr1011" /><ScalarOperator ScalarString="ScalarString113"><IF><Condition><ScalarOperator><Logical Operation="AND"><ScalarOperator><IF><Condition><ScalarOperator><Compare CompareOp="BINARY IS"><ScalarOperator><Identifier><ColumnReference Database="Database1" Schema="Schema1" Table="Object14" Alias="Object11" Column="Column11" /></Identifier></ScalarOperator><ScalarOperator><IF><Condition><ScalarOperator><Logical Operation="AND"><ScalarOperator><Compare CompareOp="GT"><ScalarOperator><Identifier><ColumnReference Database="Database1" Schema="Schema1" Table="Object7" Alias="Object12" Column="Column1" /></Identifier></ScalarOperator><ScalarOperator><Const ConstValue="Value5" /></ScalarOperator></Compare></ScalarOperator><ScalarOperator><Compare CompareOp="EQ"><ScalarOperator><Identifier><ColumnReference Database="Database1" Schema="Schema1" Table="Object7" Alias="Object13" Column="Column1" /></Identifier></ScalarOperator><ScalarOperator><Const ConstValue="Value5" /></ScalarOperator></Compare></ScalarOperator></Logical></ScalarOperator></Condition><Then><ScalarOperator><Identifier><ColumnReference Database="Database1" Schema="Schema1" Table="Object7" Alias="Object12" Column="Column7" /></Identifier></ScalarOperator></Then><Else><ScalarOperator><IF><Condition><ScalarOperator><Compare CompareOp="NE"><ScalarOperator><Identifier><ColumnReference Database="Database1" Schema="Schema1" Table="Object7" Alias="Object12" Column="Column5" /></Identifier></ScalarOperator><ScalarOperator><Identifier><ColumnReference Database="Database1" Schema="Schema1" Table="Object7" Alias="Object13" Column="Column5" /></Identifier></ScalarOperator></Compare></ScalarOperator></Condition><Then><ScalarOperator><Identifier><ColumnReference Database="Database1" Schema="Schema1" Table="Object7" Alias="Object12" Column="Column7" /></Identifier></ScalarOperator></Then><Else><ScalarOperator><Identifier><ColumnReference Database="Database1" Schema="Schema1" Table="Object14" Alias="Object11" Column="Column11" /></Identifier></ScalarOperator></Else></IF></ScalarOperator></Else></IF></ScalarOperator></Compare></ScalarOperator></Condition><Then><ScalarOperator><Const ConstValue="Value6" /></ScalarOperator></Then><Else><ScalarOperator><Const ConstValue="Value5" /></ScalarOperator></Else></IF></ScalarOperator><ScalarOperator><IF><Condition><ScalarOperator><Compare CompareOp="BINARY IS"><ScalarOperator><Identifier><ColumnReference Database="Database1" Schema="Schema1" Table="Object14" Alias="Object11" Column="Column12" /></Identifier></ScalarOperator><ScalarOperator><Identifier><ColumnReference Database="Database1" Schema="Schema1" Table="Object7" Alias="Object12" Column="Column7" /></Identifier></ScalarOperator></Compare></ScalarOperator></Condition><Then><ScalarOperator><Const ConstValue="Value6" /></ScalarOperator></Then><Else><ScalarOperator><Const ConstValue="Value5" /></ScalarOperator></Else></IF></ScalarOperator></Logical></ScalarOperator></Condition><Then><ScalarOperator><Const ConstValue="Value6" /></ScalarOperator></Then><Else><ScalarOperator><Const ConstValue="Value5" /></ScalarOperator></Else></IF></ScalarOperator></DefinedValue></DefinedValues><RelOp AvgRowSize="62" EstimateCPU="4.36012E-06" EstimateIO="0" EstimateRebinds="0" EstimateRewinds="0" EstimatedExecutionMode="Row" EstimateRows="1.04309" LogicalOp="Inner Join" NodeId="10" Parallel="false" PhysicalOp="Nested Loops" EstimatedTotalSubtreeCost="0.0131712"><OutputList><ColumnReference Column="Column86" ComputedColumn="true" /><ColumnReference Database="Database1" Schema="Schema1" Table="Object14" Alias="Object11" Column="Column13" /><ColumnReference Database="Database1" Schema="Schema1" Table="Object14" Alias="Object11" Column="Column14" /><ColumnReference Database="Database1" Schema="Schema1" Table="Object14" Alias="Object11" Column="Column15" /><ColumnReference Database="Database1" Schema="Schema1" Table="Object14" Alias="Object11" Column="Column11" /><ColumnReference Database="Database1" Schema="Schema1" Table="Object14" Alias="Object11" Column="Column12" /><ColumnReference Database="Database1" Schema="Schema1" Table="Object14" Alias="Object11" Column="Column75" /><ColumnReference Database="Database1" Schema="Schema1" Table="Object7" Alias="Object12" Column="Column1" /><ColumnReference Database="Database1" Schema="Schema1" Table="Object7" Alias="Object12" Column="Column7" /><ColumnReference Database="Database1" Schema="Schema1" Table="Object7" Alias="Object12" Column="Column5" /><ColumnReference Database="Database1" Schema="Schema1" Table="Object7" Alias="Object13" Column="Column1" /><ColumnReference Database="Database1" Schema="Schema1" Table="Object7" Alias="Object13" Column="Column5" /></OutputList><RunTimeInformation><RunTimeCountersPerThread Thread="0" ActualRows="1" Batches="0" ActualEndOfScans="1" ActualExecutions="1" ActualExecutionMode="Row" ActualElapsedms="0" ActualCPUms="0" /></RunTimeInformation><NestedLoops Optimized="false"><OuterReferences><ColumnReference Database="Database1" Schema="Schema1" Table="Object2" Alias="Object1" Column="Column13" /><ColumnReference Database="Database1" Schema="Schema1" Table="Object2" Alias="Object1" Column="Column14" /><ColumnReference Database="Database1" Schema="Schema1" Table="Object2" Alias="Object1" Column="Column15" /></OuterReferences><RelOp AvgRowSize="40" EstimateCPU="4.36012E-06" EstimateIO="0" EstimateRebinds="0" EstimateRewinds="0" EstimatedExecutionMode="Row" EstimateRows="1.04309" LogicalOp="Inner Join" NodeId="11" Parallel="false" PhysicalOp="Nested Loops" EstimatedTotalSubtreeCost="0.00985959"><OutputList><ColumnReference Database="Database1" Schema="Schema1" Table="Object2" Alias="Object1" Column="Column13" /><ColumnReference Database="Database1" Schema="Schema1" Table="Object2" Alias="Object1" Column="Column14" /><ColumnReference Database="Database1" Schema="Schema1" Table="Object2" Alias="Object1" Column="Column15" /><ColumnReference Database="Database1" Schema="Schema1" Table="Object7" Alias="Object12" Column="Column1" /><ColumnReference Database="Database1" Schema="Schema1" Table="Object7" Alias="Object12" Column="Column7" /><ColumnReference Database="Database1" Schema="Schema1" Table="Object7" Alias="Object12" Column="Column5" /><ColumnReference Database="Database1" Schema="Schema1" Table="Object7" Alias="Object13" Column="Column1" /><ColumnReference Database="Database1" Schema="Schema1" Table="Object7" Alias="Object13" Column="Column5" /></OutputList><RunTimeInformation><RunTimeCountersPerThread Thread="0" ActualRows="1" Batches="0" ActualEndOfScans="1" ActualExecutions="1" ActualExecutionMode="Row" ActualElapsedms="0" ActualCPUms="0" /></RunTimeInformation><NestedLoops Optimized="false"><OuterReferences><ColumnReference Database="Database1" Schema="Schema1" Table="Object7" Alias="Object13" Column="Column3" /><ColumnReference Database="Database1" Schema="Schema1" Table="Object7" Alias="Object13" Column="Column4" /></OuterReferences><RelOp AvgRowSize="43" EstimateCPU="4.18E-06" EstimateIO="0" EstimateRebinds="0" EstimateRewinds="0" EstimatedExecutionMode="Row" EstimateRows="1" LogicalOp="Inner Join" NodeId="12" Parallel="false" PhysicalOp="Nested Loops" EstimatedTotalSubtreeCost="0.00657208"><OutputList><ColumnReference Database="Database1" Schema="Schema1" Table="Object7" Alias="Object12" Column="Column1" /><ColumnReference Database="Database1" Schema="Schema1" Table="Object7" Alias="Object12" Column="Column7" /><ColumnReference Database="Database1" Schema="Schema1" Table="Object7" Alias="Object12" Column="Column5" /><ColumnReference Database="Database1" Schema="Schema1" Table="Object7" Alias="Object13" Column="Column3" /><ColumnReference Database="Database1" Schema="Schema1" Table="Object7" Alias="Object13" Column="Column4" /><ColumnReference Database="Database1" Schema="Schema1" Table="Object7" Alias="Object13" Column="Column1" /><ColumnReference Database="Database1" Schema="Schema1" Table="Object7" Alias="Object13" Column="Column5" /></OutputList><RunTimeInformation><RunTimeCountersPerThread Thread="0" ActualRows="1" Batches="0" ActualEndOfScans="1" ActualExecutions="1" ActualExecutionMode="Row" ActualElapsedms="0" ActualCPUms="0" /></RunTimeInformation><NestedLoops Optimized="false"><Predicate><ScalarOperator ScalarString="ScalarString114"><Logical Operation="AND"><ScalarOperator><Compare CompareOp="EQ"><ScalarOperator><Identifier><ColumnReference Database="Database1" Schema="Schema1" Table="Object7" Alias="Object12" Column="Column4" /></Identifier></ScalarOperator><ScalarOperator><Identifier><ColumnReference Database="Database1" Schema="Schema1" Table="Object7" Alias="Object13" Column="Column4" /></Identifier></ScalarOperator></Compare></ScalarOperator><ScalarOperator><Compare CompareOp="EQ"><ScalarOperator><Identifier><ColumnReference Database="Database1" Schema="Schema1" Table="Object7" Alias="Object12" Column="Column3" /></Identifier></ScalarOperator><ScalarOperator><Identifier><ColumnReference Database="Database1" Schema="Schema1" Table="Object7" Alias="Object13" Column="Column3" /></Identifier></ScalarOperator></Compare></ScalarOperator><ScalarOperator><Compare CompareOp="EQ"><ScalarOperator><Identifier><ColumnReference Database="Database1" Schema="Schema1" Table="Object7" Alias="Object12" Column="Column5" /></Identifier></ScalarOperator><ScalarOperator><Identifier><ColumnReference Database="Database1" Schema="Schema1" Table="Object7" Alias="Object13" Column="Column5" /></Identifier></ScalarOperator></Compare></ScalarOperator><ScalarOperator><Logical Operation="OR"><ScalarOperator><Compare CompareOp="NE"><ScalarOperator><Identifier><ColumnReference Database="Database1" Schema="Schema1" Table="Object7" Alias="Object12" Column="Column1" /></Identifier></ScalarOperator><ScalarOperator><Identifier><ColumnReference Database="Database1" Schema="Schema1" Table="Object7" Alias="Object13" Column="Column1" /></Identifier></ScalarOperator></Compare></ScalarOperator><ScalarOperator><Compare CompareOp="NE"><ScalarOperator><Identifier><ColumnReference Database="Database1" Schema="Schema1" Table="Object7" Alias="Object12" Column="Column5" /></Identifier></ScalarOperator><ScalarOperator><Identifier><ColumnReference Database="Database1" Schema="Schema1" Table="Object7" Alias="Object13" Column="Column5" /></Identifier></ScalarOperator></Compare></ScalarOperator></Logical></ScalarOperator></Logical></ScalarOperator></Predicate><RelOp AvgRowSize="35" EstimateCPU="7.96E-05" EstimateIO="0.0032035" EstimateRebinds="0" EstimateRewinds="0" EstimatedExecutionMode="Row" EstimateRows="1" EstimatedRowsRead="1" LogicalOp="Inserted Scan" NodeId="13" Parallel="false" PhysicalOp="Inserted Scan" EstimatedTotalSubtreeCost="0.0032831" TableCardinality="1"><OutputList><ColumnReference Database="Database1" Schema="Schema1" Table="Object7" Alias="Object12" Column="Column3" /><ColumnReference Database="Database1" Schema="Schema1" Table="Object7" Alias="Object12" Column="Column4" /><ColumnReference Database="Database1" Schema="Schema1" Table="Object7" Alias="Object12" Column="Column1" /><ColumnReference Database="Database1" Schema="Schema1" Table="Object7" Alias="Object12" Column="Column7" /><ColumnReference Database="Database1" Schema="Schema1" Table="Object7" Alias="Object12" Column="Column5" /></OutputList><RunTimeInformation><RunTimeCountersPerThread Thread="0" ActualRows="1" Batches="0" ActualEndOfScans="1" ActualExecutions="1" ActualExecutionMode="Row" ActualElapsedms="0" ActualCPUms="0" ActualScans="0" ActualLogicalReads="0" ActualPhysicalReads="0" ActualReadAheads="0" ActualLobLogicalReads="0" ActualLobPhysicalReads="0" ActualLobReadAheads="0" /></RunTimeInformation><InsertedScan><Object Database="Database1" Schema="Schema1" Table="Object7" Index="Index6" Alias="Object12" IndexKind="Clustered" Storage="RowStore" /></InsertedScan></RelOp><RelOp AvgRowSize="27" EstimateCPU="7.96E-05" EstimateIO="0.0032035" EstimateRebinds="0" EstimateRewinds="0" EstimatedExecutionMode="Row" EstimateRows="1" EstimatedRowsRead="1" LogicalOp="Deleted Scan" NodeId="14" Parallel="false" PhysicalOp="Deleted Scan" EstimatedTotalSubtreeCost="0.0032831" TableCardinality="1"><OutputList><ColumnReference Database="Database1" Schema="Schema1" Table="Object7" Alias="Object13" Column="Column3" /><ColumnReference Database="Database1" Schema="Schema1" Table="Object7" Alias="Object13" Column="Column4" /><ColumnReference Database="Database1" Schema="Schema1" Table="Object7" Alias="Object13" Column="Column1" /><ColumnReference Database="Database1" Schema="Schema1" Table="Object7" Alias="Object13" Column="Column5" /></OutputList><RunTimeInformation><RunTimeCountersPerThread Thread="0" ActualRows="1" Batches="0" ActualEndOfScans="0" ActualExecutions="1" ActualExecutionMode="Row" ActualElapsedms="0" ActualCPUms="0" ActualScans="0" ActualLogicalReads="0" ActualPhysicalReads="0" ActualReadAheads="0" ActualLobLogicalReads="0" ActualLobPhysicalReads="0" ActualLobReadAheads="0" /></RunTimeInformation><DeletedScan><Object Database="Database1" Schema="Schema1" Table="Object7" Index="Index6" Alias="Object13" IndexKind="Clustered" Storage="RowStore" /></DeletedScan></RelOp></NestedLoops></RelOp><RelOp AvgRowSize="16" EstimateCPU="0.000158147" EstimateIO="0.003125" EstimateRebinds="0" EstimateRewinds="0" EstimatedExecutionMode="Row" EstimateRows="1.04309" EstimatedRowsRead="1.04309" LogicalOp="Index Seek" NodeId="15" Parallel="false" PhysicalOp="Index Seek" EstimatedTotalSubtreeCost="0.00328315" TableCardinality="2472910"><OutputList><ColumnReference Database="Database1" Schema="Schema1" Table="Object2" Alias="Object1" Column="Column13" /><ColumnReference Database="Database1" Schema="Schema1" Table="Object2" Alias="Object1" Column="Column14" /><ColumnReference Database="Database1" Schema="Schema1" Table="Object2" Alias="Object1" Column="Column15" /></OutputList><RunTimeInformation><RunTimeCountersPerThread Thread="0" ActualRows="1" ActualRowsRead="1" Batches="0" ActualEndOfScans="1" ActualExecutions="1" ActualExecutionMode="Row" ActualElapsedms="0" ActualCPUms="0" ActualScans="1" ActualLogicalReads="3" ActualPhysicalReads="0" ActualReadAheads="0" ActualLobLogicalReads="0" ActualLobPhysicalReads="0" ActualLobReadAheads="0" /></RunTimeInformation><IndexScan Ordered="true" ScanDirection="FORWARD" ForcedIndex="false" ForceSeek="false" ForceScan="false" NoExpandHint="false" Storage="RowStore"><DefinedValues><DefinedValue><ColumnReference Database="Database1" Schema="Schema1" Table="Object2" Alias="Object1" Column="Column13" /></DefinedValue><DefinedValue><ColumnReference Database="Database1" Schema="Schema1" Table="Object2" Alias="Object1" Column="Column14" /></DefinedValue><DefinedValue><ColumnReference Database="Database1" Schema="Schema1" Table="Object2" Alias="Object1" Column="Column15" /></DefinedValue></DefinedValues><Object Database="Database1" Schema="Schema1" Table="Object2" Index="Index3" Alias="Object1" IndexKind="NonClustered" Storage="RowStore" /><SeekPredicates><SeekPredicateNew><SeekKeys><Prefix ScanType="EQ"><RangeColumns><ColumnReference Database="Database1" Schema="Schema1" Table="Object2" Alias="Object1" Column="Column3" /><ColumnReference Database="Database1" Schema="Schema1" Table="Object2" Alias="Object1" Column="Column4" /></RangeColumns><RangeExpressions><ScalarOperator ScalarString="ScalarString115"><Identifier><ColumnReference Database="Database1" Schema="Schema1" Table="Object7" Alias="Object13" Column="Column3" /></Identifier></ScalarOperator><ScalarOperator ScalarString="ScalarString116"><Identifier><ColumnReference Database="Database1" Schema="Schema1" Table="Object7" Alias="Object13" Column="Column4" /></Identifier></ScalarOperator></RangeExpressions></Prefix></SeekKeys></SeekPredicateNew></SeekPredicates></IndexScan></RelOp></NestedLoops></RelOp><RelOp AvgRowSize="37" EstimateCPU="1E-07" EstimateIO="0" EstimateRebinds="0.0430914" EstimateRewinds="0" EstimatedExecutionMode="Row" EstimateRows="1" LogicalOp="Compute Scalar" NodeId="16" Parallel="false" PhysicalOp="Compute Scalar" EstimatedTotalSubtreeCost="0.00330729"><OutputList><ColumnReference Column="Column86" ComputedColumn="true" /><ColumnReference Database="Database1" Schema="Schema1" Table="Object14" Alias="Object11" Column="Column13" /><ColumnReference Database="Database1" Schema="Schema1" Table="Object14" Alias="Object11" Column="Column14" /><ColumnReference Database="Database1" Schema="Schema1" Table="Object14" Alias="Object11" Column="Column15" /><ColumnReference Database="Database1" Schema="Schema1" Table="Object14" Alias="Object11" Column="Column11" /><ColumnReference Database="Database1" Schema="Schema1" Table="Object14" Alias="Object11" Column="Column12" /><ColumnReference Database="Database1" Schema="Schema1" Table="Object14" Alias="Object11" Column="Column75" /></OutputList><ComputeScalar><DefinedValues><DefinedValue><ColumnReference Column="Column86" ComputedColumn="true" /><ScalarOperator ScalarString="ScalarString117"><Intrinsic FunctionName="Function7"><ScalarOperator><Identifier><ColumnReference Database="Database1" Schema="Schema1" Table="Object14" Alias="Object11" Column="Column75" /></Identifier></ScalarOperator><ScalarOperator><Const ConstValue="Value5" /></ScalarOperator><ScalarOperator><Const ConstValue="Value5" /></ScalarOperator><ScalarOperator><Const ConstValue="Value6" /></ScalarOperator><ScalarOperator><Const ConstValue="Value34" /></ScalarOperator><ScalarOperator><Const ConstValue="Value35" /></ScalarOperator><ScalarOperator><Const ConstValue="Value2" /></ScalarOperator><ScalarOperator><Const ConstValue="Value36" /></ScalarOperator><ScalarOperator><Const ConstValue="Value37" /></ScalarOperator><ScalarOperator><Const ConstValue="Value38" /></ScalarOperator></Intrinsic></ScalarOperator></DefinedValue></DefinedValues><RelOp AvgRowSize="33" EstimateCPU="0.0001581" EstimateIO="0.003125" EstimateRebinds="0.0430914" EstimateRewinds="0" EstimatedExecutionMode="Row" EstimateRows="1" EstimatedRowsRead="1" LogicalOp="Index Seek" NodeId="17" Parallel="false" PhysicalOp="Index Seek" EstimatedTotalSubtreeCost="0.00330719" TableCardinality="2472910"><OutputList><ColumnReference Database="Database1" Schema="Schema1" Table="Object14" Alias="Object11" Column="Column13" /><ColumnReference Database="Database1" Schema="Schema1" Table="Object14" Alias="Object11" Column="Column14" /><ColumnReference Database="Database1" Schema="Schema1" Table="Object14" Alias="Object11" Column="Column15" /><ColumnReference Database="Database1" Schema="Schema1" Table="Object14" Alias="Object11" Column="Column11" /><ColumnReference Database="Database1" Schema="Schema1" Table="Object14" Alias="Object11" Column="Column12" /><ColumnReference Database="Database1" Schema="Schema1" Table="Object14" Alias="Object11" Column="Column75" /></OutputList><RunTimeInformation><RunTimeCountersPerThread Thread="0" ActualRows="1" ActualRowsRead="1" Batches="0" ActualEndOfScans="1" ActualExecutions="1" ActualExecutionMode="Row" ActualElapsedms="0" ActualCPUms="0" ActualScans="1" ActualLogicalReads="3" ActualPhysicalReads="0" ActualReadAheads="0" ActualLobLogicalReads="0" ActualLobPhysicalReads="0" ActualLobReadAheads="0" /></RunTimeInformation><IndexScan Ordered="true" ScanDirection="FORWARD" ForcedIndex="false" ForceSeek="false" ForceScan="false" NoExpandHint="false" Storage="RowStore"><DefinedValues><DefinedValue><ColumnReference Database="Database1" Schema="Schema1" Table="Object14" Alias="Object11" Column="Column13" /></DefinedValue><DefinedValue><ColumnReference Database="Database1" Schema="Schema1" Table="Object14" Alias="Object11" Column="Column14" /></DefinedValue><DefinedValue><ColumnReference Database="Database1" Schema="Schema1" Table="Object14" Alias="Object11" Column="Column15" /></DefinedValue><DefinedValue><ColumnReference Database="Database1" Schema="Schema1" Table="Object14" Alias="Object11" Column="Column11" /></DefinedValue><DefinedValue><ColumnReference Database="Database1" Schema="Schema1" Table="Object14" Alias="Object11" Column="Column12" /></DefinedValue><DefinedValue><ColumnReference Database="Database1" Schema="Schema1" Table="Object14" Alias="Object11" Column="Column75" /></DefinedValue></DefinedValues><Object Database="Database1" Schema="Schema1" Table="Object14" Index="Index13" Alias="Object11" IndexKind="NonClustered" Storage="RowStore" /><SeekPredicates><SeekPredicateNew><SeekKeys><Prefix ScanType="EQ"><RangeColumns><ColumnReference Database="Database1" Schema="Schema1" Table="Object14" Alias="Object11" Column="Column13" /><ColumnReference Database="Database1" Schema="Schema1" Table="Object14" Alias="Object11" Column="Column14" /><ColumnReference Database="Database1" Schema="Schema1" Table="Object14" Alias="Object11" Column="Column15" /></RangeColumns><RangeExpressions><ScalarOperator ScalarString="ScalarString8"><Identifier><ColumnReference Database="Database1" Schema="Schema1" Table="Object2" Alias="Object1" Column="Column13" /></Identifier></ScalarOperator><ScalarOperator ScalarString="ScalarString9"><Identifier><ColumnReference Database="Database1" Schema="Schema1" Table="Object2" Alias="Object1" Column="Column14" /></Identifier></ScalarOperator><ScalarOperator ScalarString="ScalarString10"><Identifier><ColumnReference Database="Database1" Schema="Schema1" Table="Object2" Alias="Object1" Column="Column15" /></Identifier></ScalarOperator></RangeExpressions></Prefix></SeekKeys></SeekPredicateNew></SeekPredicates></IndexScan></RelOp></ComputeScalar></RelOp></NestedLoops></RelOp></ComputeScalar></RelOp></ComputeScalar></RelOp></ComputeScalar></RelOp></Update></RelOp></Split></RelOp></Spool></RelOp><Predicate><ScalarOperator ScalarString="ScalarString118"><Logical Operation="NOT"><ScalarOperator><Identifier><ColumnReference Column="Expr1012" /></Identifier></ScalarOperator></Logical></ScalarOperator></Predicate></Filter></RelOp></Update></RelOp><RelOp AvgRowSize="9" EstimateCPU="1.04309E-06" EstimateIO="0.01" EstimateRebinds="0" EstimateRewinds="0" EstimatedExecutionMode="Row" EstimateRows="1.04309" LogicalOp="Update" NodeId="18" Parallel="false" PhysicalOp="Index Update" EstimatedTotalSubtreeCost="0.0191925"><OutputList /><RunTimeInformation><RunTimeCountersPerThread Thread="0" ActualRows="2" ActualRowsRead="1" Batches="0" ActualEndOfScans="1" ActualExecutions="1" ActualExecutionMode="Row" ActualElapsedms="0" ActualCPUms="0" ActualScans="0" ActualLogicalReads="6" ActualPhysicalReads="0" ActualReadAheads="0" ActualLobLogicalReads="0" ActualLobPhysicalReads="0" ActualLobReadAheads="0" /></RunTimeInformation><Update DMLRequestSort="false"><Object Database="Database1" Schema="Schema1" Table="Object14" Index="Index14" Alias="Object11" IndexKind="NonClustered" Storage="RowStore" /><SetPredicate><ScalarOperator ScalarString="ScalarString119"><ScalarExpressionList><ScalarOperator><MultipleAssign><Assign><ColumnReference Column="Column87" /><ScalarOperator><Identifier><ColumnReference Database="Database1" Schema="Schema1" Table="Object14" Alias="Object11" Column="Column13" /></Identifier></ScalarOperator></Assign><Assign><ColumnReference Column="Column88" /><ScalarOperator><Identifier><ColumnReference Database="Database1" Schema="Schema1" Table="Object14" Alias="Object11" Column="Column14" /></Identifier></ScalarOperator></Assign><Assign><ColumnReference Column="Column89" /><ScalarOperator><Identifier><ColumnReference Database="Database1" Schema="Schema1" Table="Object14" Alias="Object11" Column="Column15" /></Identifier></ScalarOperator></Assign><Assign><ColumnReference Column="Column90" /><ScalarOperator><Identifier><ColumnReference Database="Database1" Schema="Schema1" Table="Object14" Alias="Object11" Column="Column75" /></Identifier></ScalarOperator></Assign><Assign><ColumnReference Column="Column91" /><ScalarOperator><Identifier><ColumnReference Database="Database1" Schema="Schema1" Table="Object14" Alias="Object11" Column="Column11" /></Identifier></ScalarOperator></Assign><Assign><ColumnReference Column="Column92" /><ScalarOperator><Identifier><ColumnReference Database="Database1" Schema="Schema1" Table="Object14" Alias="Object11" Column="Column12" /></Identifier></ScalarOperator></Assign><Assign><ColumnReference Column="Column93" ComputedColumn="true" /><ScalarOperator><Identifier><ColumnReference Database="Database1" Schema="Schema1" Table="Object14" Alias="Object11" Column="Column79" ComputedColumn="true" /></Identifier></ScalarOperator></Assign><Assign><ColumnReference Column="Column94" /><ScalarOperator><Identifier><ColumnReference Database="Database1" Schema="Schema1" Table="Object14" Alias="Object11" Column="Column82" /></Identifier></ScalarOperator></Assign></MultipleAssign></ScalarOperator></ScalarExpressionList></ScalarOperator></SetPredicate><ActionColumn><ColumnReference Column="Column80" /></ActionColumn><RelOp AvgRowSize="66" EstimateCPU="7.92749E-07" EstimateIO="0" EstimateRebinds="0" EstimateRewinds="0" EstimatedExecutionMode="Row" EstimateRows="1.04309" LogicalOp="Filter" NodeId="19" Parallel="false" PhysicalOp="Filter" EstimatedTotalSubtreeCost="0.00919147"><OutputList><ColumnReference Database="Database1" Schema="Schema1" Table="Object14" Alias="Object11" Column="Column13" /><ColumnReference Database="Database1" Schema="Schema1" Table="Object14" Alias="Object11" Column="Column14" /><ColumnReference Database="Database1" Schema="Schema1" Table="Object14" Alias="Object11" Column="Column15" /><ColumnReference Database="Database1" Schema="Schema1" Table="Object14" Alias="Object11" Column="Column11" /><ColumnReference Database="Database1" Schema="Schema1" Table="Object14" Alias="Object11" Column="Column12" /><ColumnReference Database="Database1" Schema="Schema1" Table="Object14" Alias="Object11" Column="Column79" ComputedColumn="true" /><ColumnReference Database="Database1" Schema="Schema1" Table="Object14" Alias="Object11" Column="Column82" /><ColumnReference Database="Database1" Schema="Schema1" Table="Object14" Alias="Object11" Column="Column75" /><ColumnReference Column="Column80" /></OutputList><RunTimeInformation><RunTimeCountersPerThread Thread="0" ActualRows="2" Batches="0" ActualEndOfScans="1" ActualExecutions="1" ActualExecutionMode="Row" ActualElapsedms="0" ActualCPUms="0" /></RunTimeInformation><Filter StartupExpression="false"><RelOp AvgRowSize="71" EstimateCPU="2.56226E-05" EstimateIO="0.00330835" EstimateRebinds="0" EstimateRewinds="0" EstimatedExecutionMode="Row" EstimateRows="2.08618" LogicalOp="Eager Spool" NodeId="20" Parallel="false" PhysicalOp="Table Spool" EstimatedTotalSubtreeCost="0.00919068"><OutputList><ColumnReference Database="Database1" Schema="Schema1" Table="Object14" Alias="Object11" Column="Column13" /><ColumnReference Database="Database1" Schema="Schema1" Table="Object14" Alias="Object11" Column="Column14" /><ColumnReference Database="Database1" Schema="Schema1" Table="Object14" Alias="Object11" Column="Column15" /><ColumnReference Database="Database1" Schema="Schema1" Table="Object14" Alias="Object11" Column="Column11" /><ColumnReference Database="Database1" Schema="Schema1" Table="Object14" Alias="Object11" Column="Column12" /><ColumnReference Database="Database1" Schema="Schema1" Table="Object14" Alias="Object11" Column="Column79" ComputedColumn="true" /><ColumnReference Database="Database1" Schema="Schema1" Table="Object14" Alias="Object11" Column="Column81" /><ColumnReference Database="Database1" Schema="Schema1" Table="Object14" Alias="Object11" Column="Column82" /><ColumnReference Database="Database1" Schema="Schema1" Table="Object14" Alias="Object11" Column="Column75" /><ColumnReference Column="Expr1012" /><ColumnReference Column="Expr1013" /><ColumnReference Column="Expr1014" /><ColumnReference Column="Expr1015" /><ColumnReference Column="Column80" /></OutputList><RunTimeInformation><RunTimeCountersPerThread Thread="0" ActualRebinds="1" ActualRewinds="0" ActualRows="2" Batches="0" ActualEndOfScans="1" ActualExecutions="1" ActualExecutionMode="Row" ActualElapsedms="0" ActualCPUms="0" ActualScans="0" ActualLogicalReads="0" ActualPhysicalReads="0" ActualReadAheads="0" ActualLobLogicalReads="0" ActualLobPhysicalReads="0" ActualLobReadAheads="0" /></RunTimeInformation><Spool PrimaryNodeId="4" /></RelOp><Predicate><ScalarOperator ScalarString="ScalarString120"><Logical Operation="NOT"><ScalarOperator><Identifier><ColumnReference Column="Expr1013" /></Identifier></ScalarOperator></Logical></ScalarOperator></Predicate></Filter></RelOp></Update></RelOp><RelOp AvgRowSize="9" EstimateCPU="1.04309E-06" EstimateIO="0.01" EstimateRebinds="0" EstimateRewinds="0" EstimatedExecutionMode="Row" EstimateRows="1.04309" LogicalOp="Update" NodeId="21" Parallel="false" PhysicalOp="Index Update" EstimatedTotalSubtreeCost="0.0191925"><OutputList /><RunTimeInformation><RunTimeCountersPerThread Thread="0" ActualRows="2" ActualRowsRead="1" Batches="0" ActualEndOfScans="1" ActualExecutions="1" ActualExecutionMode="Row" ActualElapsedms="0" ActualCPUms="0" ActualScans="0" ActualLogicalReads="7" ActualPhysicalReads="0" ActualReadAheads="0" ActualLobLogicalReads="0" ActualLobPhysicalReads="0" ActualLobReadAheads="0" /></RunTimeInformation><Update DMLRequestSort="false"><Object Database="Database1" Schema="Schema1" Table="Object14" Index="Index15" Alias="Object11" IndexKind="NonClustered" Storage="RowStore" /><SetPredicate><ScalarOperator ScalarString="ScalarString121"><ScalarExpressionList><ScalarOperator><MultipleAssign><Assign><ColumnReference Column="Column95" /><ScalarOperator><Identifier><ColumnReference Database="Database1" Schema="Schema1" Table="Object14" Alias="Object11" Column="Column13" /></Identifier></ScalarOperator></Assign><Assign><ColumnReference Column="Column96" /><ScalarOperator><Identifier><ColumnReference Database="Database1" Schema="Schema1" Table="Object14" Alias="Object11" Column="Column14" /></Identifier></ScalarOperator></Assign><Assign><ColumnReference Column="Column97" /><ScalarOperator><Identifier><ColumnReference Database="Database1" Schema="Schema1" Table="Object14" Alias="Object11" Column="Column15" /></Identifier></ScalarOperator></Assign><Assign><ColumnReference Column="Column98" /><ScalarOperator><Identifier><ColumnReference Database="Database1" Schema="Schema1" Table="Object14" Alias="Object11" Column="Column75" /></Identifier></ScalarOperator></Assign><Assign><ColumnReference Column="Column99" /><ScalarOperator><Identifier><ColumnReference Database="Database1" Schema="Schema1" Table="Object14" Alias="Object11" Column="Column11" /></Identifier></ScalarOperator></Assign><Assign><ColumnReference Column="Column100" /><ScalarOperator><Identifier><ColumnReference Database="Database1" Schema="Schema1" Table="Object14" Alias="Object11" Column="Column12" /></Identifier></ScalarOperator></Assign><Assign><ColumnReference Column="Column101" ComputedColumn="true" /><ScalarOperator><Identifier><ColumnReference Database="Database1" Schema="Schema1" Table="Object14" Alias="Object11" Column="Column79" ComputedColumn="true" /></Identifier></ScalarOperator></Assign></MultipleAssign></ScalarOperator></ScalarExpressionList></ScalarOperator></SetPredicate><ActionColumn><ColumnReference Column="Column80" /></ActionColumn><RelOp AvgRowSize="45" EstimateCPU="7.92749E-07" EstimateIO="0" EstimateRebinds="0" EstimateRewinds="0" EstimatedExecutionMode="Row" EstimateRows="1.04309" LogicalOp="Filter" NodeId="22" Parallel="false" PhysicalOp="Filter" EstimatedTotalSubtreeCost="0.00919147"><OutputList><ColumnReference Database="Database1" Schema="Schema1" Table="Object14" Alias="Object11" Column="Column13" /><ColumnReference Database="Database1" Schema="Schema1" Table="Object14" Alias="Object11" Column="Column14" /><ColumnReference Database="Database1" Schema="Schema1" Table="Object14" Alias="Object11" Column="Column15" /><ColumnReference Database="Database1" Schema="Schema1" Table="Object14" Alias="Object11" Column="Column11" /><ColumnReference Database="Database1" Schema="Schema1" Table="Object14" Alias="Object11" Column="Column12" /><ColumnReference Database="Database1" Schema="Schema1" Table="Object14" Alias="Object11" Column="Column79" ComputedColumn="true" /><ColumnReference Database="Database1" Schema="Schema1" Table="Object14" Alias="Object11" Column="Column75" /><ColumnReference Column="Column80" /></OutputList><RunTimeInformation><RunTimeCountersPerThread Thread="0" ActualRows="2" Batches="0" ActualEndOfScans="1" ActualExecutions="1" ActualExecutionMode="Row" ActualElapsedms="0" ActualCPUms="0" /></RunTimeInformation><Filter StartupExpression="false"><RelOp AvgRowSize="71" EstimateCPU="2.56226E-05" EstimateIO="0.00330835" EstimateRebinds="0" EstimateRewinds="0" EstimatedExecutionMode="Row" EstimateRows="2.08618" LogicalOp="Eager Spool" NodeId="23" Parallel="false" PhysicalOp="Table Spool" EstimatedTotalSubtreeCost="0.00919068"><OutputList><ColumnReference Database="Database1" Schema="Schema1" Table="Object14" Alias="Object11" Column="Column13" /><ColumnReference Database="Database1" Schema="Schema1" Table="Object14" Alias="Object11" Column="Column14" /><ColumnReference Database="Database1" Schema="Schema1" Table="Object14" Alias="Object11" Column="Column15" /><ColumnReference Database="Database1" Schema="Schema1" Table="Object14" Alias="Object11" Column="Column11" /><ColumnReference Database="Database1" Schema="Schema1" Table="Object14" Alias="Object11" Column="Column12" /><ColumnReference Database="Database1" Schema="Schema1" Table="Object14" Alias="Object11" Column="Column79" ComputedColumn="true" /><ColumnReference Database="Database1" Schema="Schema1" Table="Object14" Alias="Object11" Column="Column81" /><ColumnReference Database="Database1" Schema="Schema1" Table="Object14" Alias="Object11" Column="Column82" /><ColumnReference Database="Database1" Schema="Schema1" Table="Object14" Alias="Object11" Column="Column75" /><ColumnReference Column="Expr1012" /><ColumnReference Column="Expr1013" /><ColumnReference Column="Expr1014" /><ColumnReference Column="Expr1015" /><ColumnReference Column="Column80" /></OutputList><RunTimeInformation><RunTimeCountersPerThread Thread="0" ActualRebinds="1" ActualRewinds="0" ActualRows="2" Batches="0" ActualEndOfScans="1" ActualExecutions="1" ActualExecutionMode="Row" ActualElapsedms="0" ActualCPUms="0" ActualScans="0" ActualLogicalReads="0" ActualPhysicalReads="0" ActualReadAheads="0" ActualLobLogicalReads="0" ActualLobPhysicalReads="0" ActualLobReadAheads="0" /></RunTimeInformation><Spool PrimaryNodeId="4" /></RelOp><Predicate><ScalarOperator ScalarString="ScalarString122"><Logical Operation="NOT"><ScalarOperator><Identifier><ColumnReference Column="Expr1014" /></Identifier></ScalarOperator></Logical></ScalarOperator></Predicate></Filter></RelOp></Update></RelOp><RelOp AvgRowSize="9" EstimateCPU="1.04309E-06" EstimateIO="0.01" EstimateRebinds="0" EstimateRewinds="0" EstimatedExecutionMode="Row" EstimateRows="1.04309" LogicalOp="Update" NodeId="24" Parallel="false" PhysicalOp="Index Update" EstimatedTotalSubtreeCost="0.0191925"><OutputList /><RunTimeInformation><RunTimeCountersPerThread Thread="0" ActualRows="2" ActualRowsRead="1" Batches="0" ActualEndOfScans="1" ActualExecutions="1" ActualExecutionMode="Row" ActualElapsedms="0" ActualCPUms="0" ActualScans="0" ActualLogicalReads="6" ActualPhysicalReads="0" ActualReadAheads="0" ActualLobLogicalReads="0" ActualLobPhysicalReads="0" ActualLobReadAheads="0" /></RunTimeInformation><Update DMLRequestSort="false"><Object Database="Database1" Schema="Schema1" Table="Object14" Index="Index13" Alias="Object11" IndexKind="NonClustered" Storage="RowStore" /><SetPredicate><ScalarOperator ScalarString="ScalarString123"><ScalarExpressionList><ScalarOperator><MultipleAssign><Assign><ColumnReference Column="Column102" /><ScalarOperator><Identifier><ColumnReference Database="Database1" Schema="Schema1" Table="Object14" Alias="Object11" Column="Column13" /></Identifier></ScalarOperator></Assign><Assign><ColumnReference Column="Column103" /><ScalarOperator><Identifier><ColumnReference Database="Database1" Schema="Schema1" Table="Object14" Alias="Object11" Column="Column14" /></Identifier></ScalarOperator></Assign><Assign><ColumnReference Column="Column104" /><ScalarOperator><Identifier><ColumnReference Database="Database1" Schema="Schema1" Table="Object14" Alias="Object11" Column="Column15" /></Identifier></ScalarOperator></Assign><Assign><ColumnReference Column="Column105" /><ScalarOperator><Identifier><ColumnReference Database="Database1" Schema="Schema1" Table="Object14" Alias="Object11" Column="Column75" /></Identifier></ScalarOperator></Assign><Assign><ColumnReference Column="Column106" /><ScalarOperator><Identifier><ColumnReference Database="Database1" Schema="Schema1" Table="Object14" Alias="Object11" Column="Column11" /></Identifier></ScalarOperator></Assign><Assign><ColumnReference Column="Column107" /><ScalarOperator><Identifier><ColumnReference Database="Database1" Schema="Schema1" Table="Object14" Alias="Object11" Column="Column12" /></Identifier></ScalarOperator></Assign><Assign><ColumnReference Column="Column108" ComputedColumn="true" /><ScalarOperator><Identifier><ColumnReference Database="Database1" Schema="Schema1" Table="Object14" Alias="Object11" Column="Column79" ComputedColumn="true" /></Identifier></ScalarOperator></Assign><Assign><ColumnReference Column="Column109" /><ScalarOperator><Identifier><ColumnReference Database="Database1" Schema="Schema1" Table="Object14" Alias="Object11" Column="Column81" /></Identifier></ScalarOperator></Assign></MultipleAssign></ScalarOperator></ScalarExpressionList></ScalarOperator></SetPredicate><ActionColumn><ColumnReference Column="Column80" /></ActionColumn><RelOp AvgRowSize="50" EstimateCPU="7.92749E-07" EstimateIO="0" EstimateRebinds="0" EstimateRewinds="0" EstimatedExecutionMode="Row" EstimateRows="1.04309" LogicalOp="Filter" NodeId="25" Parallel="false" PhysicalOp="Filter" EstimatedTotalSubtreeCost="0.00919147"><OutputList><ColumnReference Database="Database1" Schema="Schema1" Table="Object14" Alias="Object11" Column="Column13" /><ColumnReference Database="Database1" Schema="Schema1" Table="Object14" Alias="Object11" Column="Column14" /><ColumnReference Database="Database1" Schema="Schema1" Table="Object14" Alias="Object11" Column="Column15" /><ColumnReference Database="Database1" Schema="Schema1" Table="Object14" Alias="Object11" Column="Column11" /><ColumnReference Database="Database1" Schema="Schema1" Table="Object14" Alias="Object11" Column="Column12" /><ColumnReference Database="Database1" Schema="Schema1" Table="Object14" Alias="Object11" Column="Column79" ComputedColumn="true" /><ColumnReference Database="Database1" Schema="Schema1" Table="Object14" Alias="Object11" Column="Column81" /><ColumnReference Database="Database1" Schema="Schema1" Table="Object14" Alias="Object11" Column="Column75" /><ColumnReference Column="Column80" /></OutputList><RunTimeInformation><RunTimeCountersPerThread Thread="0" ActualRows="2" Batches="0" ActualEndOfScans="1" ActualExecutions="1" ActualExecutionMode="Row" ActualElapsedms="0" ActualCPUms="0" /></RunTimeInformation><Filter StartupExpression="false"><RelOp AvgRowSize="71" EstimateCPU="2.56226E-05" EstimateIO="0.00330835" EstimateRebinds="0" EstimateRewinds="0" EstimatedExecutionMode="Row" EstimateRows="2.08618" LogicalOp="Eager Spool" NodeId="26" Parallel="false" PhysicalOp="Table Spool" EstimatedTotalSubtreeCost="0.00919068"><OutputList><ColumnReference Database="Database1" Schema="Schema1" Table="Object14" Alias="Object11" Column="Column13" /><ColumnReference Database="Database1" Schema="Schema1" Table="Object14" Alias="Object11" Column="Column14" /><ColumnReference Database="Database1" Schema="Schema1" Table="Object14" Alias="Object11" Column="Column15" /><ColumnReference Database="Database1" Schema="Schema1" Table="Object14" Alias="Object11" Column="Column11" /><ColumnReference Database="Database1" Schema="Schema1" Table="Object14" Alias="Object11" Column="Column12" /><ColumnReference Database="Database1" Schema="Schema1" Table="Object14" Alias="Object11" Column="Column79" ComputedColumn="true" /><ColumnReference Database="Database1" Schema="Schema1" Table="Object14" Alias="Object11" Column="Column81" /><ColumnReference Database="Database1" Schema="Schema1" Table="Object14" Alias="Object11" Column="Column82" /><ColumnReference Database="Database1" Schema="Schema1" Table="Object14" Alias="Object11" Column="Column75" /><ColumnReference Column="Expr1012" /><ColumnReference Column="Expr1013" /><ColumnReference Column="Expr1014" /><ColumnReference Column="Expr1015" /><ColumnReference Column="Column80" /></OutputList><RunTimeInformation><RunTimeCountersPerThread Thread="0" ActualRebinds="1" ActualRewinds="0" ActualRows="2" Batches="0" ActualEndOfScans="1" ActualExecutions="1" ActualExecutionMode="Row" ActualElapsedms="0" ActualCPUms="0" ActualScans="0" ActualLogicalReads="0" ActualPhysicalReads="0" ActualReadAheads="0" ActualLobLogicalReads="0" ActualLobPhysicalReads="0" ActualLobReadAheads="0" /></RunTimeInformation><Spool PrimaryNodeId="4" /></RelOp><Predicate><ScalarOperator ScalarString="ScalarString124"><Logical Operation="NOT"><ScalarOperator><Identifier><ColumnReference Column="Expr1015" /></Identifier></ScalarOperator></Logical></ScalarOperator></Predicate></Filter></RelOp></Update></RelOp></Sequence></RelOp></QueryPlan></StmtSimple></Statements></Batch><Batch><Statements><StmtSimple StatementCompId="63" StatementEstRows="1" StatementId="7" StatementOptmLevel="FULL" StatementOptmEarlyAbortReason="GoodEnoughPlanFound" CardinalityEstimationModelVersion="140" StatementSubTreeCost="0.0803738" StatementText="INSERT INTO Schema1.Object7 (&#xD;&#xA;&#x9;&#x9;Column3,&#xD;&#xA;&#x9;&#x9;Column2,&#xD;&#xA;&#x9;&#x9;Column4,&#xD;&#xA;&#x9;&#x9;Column1,&#xD;&#xA;&#x9;&#x9;Column5,&#xD;&#xA;&#x9;&#x9;Column8 )&#xD;&#xA;&#x9;OUTPUT&#xD;&#xA;&#x9;&#x9;Object9.Column2,&#xD;&#xA;&#x9;&#x9;?,&#xD;&#xA;&#x9;&#x9;Object9.Column1,&#xD;&#xA;&#x9;&#x9;Variable5,&#xD;&#xA;&#x9;&#x9;Variable4,&#xD;&#xA;&#x9;&#x9;Object9.Column8,&#xD;&#xA;&#x9;&#x9;Object9.Column5&#xD;&#xA;&#x9;INTO Variable9&#xD;&#xA;&#x9;(&#xD;&#xA;&#x9;&#x9;Column2,&#xD;&#xA;&#x9;&#x9;Column9,&#xD;&#xA;&#x9;&#x9;Column10,&#xD;&#xA;&#x9;&#x9;Column4,&#xD;&#xA;&#x9;&#x9;Column3,&#xD;&#xA;&#x9;&#x9;Column8,&#xD;&#xA;&#x9;&#x9;Column5&#xD;&#xA;&#x9;)&#xD;&#xA;&#x9;SELECT&#xD;&#xA;&#x9;&#x9;Object15.Column3,&#xD;&#xA;&#x9;&#x9;Object5.Column2,&#xD;&#xA;&#x9;&#x9;Object15.Column4,&#xD;&#xA;&#x9;&#x9;Object5.Column1,&#xD;&#xA;&#x9;&#x9;CASE WHEN Object15.Column16 = ? AND Object5.Column2 &gt;= ? THEN ? WHEN Object15.Column8 IN (?) THEN ? ELSE Object5.Column2 END,&#xD;&#xA;&#x9;&#x9;Object15.Column8&#xD;&#xA;&#x9;FROM Schema1.Object16 Object15&#xD;&#xA;&#x9;INNER JOIN Variable1 dcqt&#xD;&#xA;&#x9;&#x9;ON Object15.Column3 = Variable4&#xD;&#xA;&#x9;&#x9;AND Object15.Column4 = Variable5&#xD;&#xA;&#x9;WHERE&#xD;&#xA;&#x9;&#x9;NOT EXISTS&#xD;&#xA;&#x9;&#x9;(&#xD;&#xA;&#x9;&#x9;&#x9;SELECT ?&#xD;&#xA;&#x9;&#x9;&#x9;FROM Schema1.Object7 Object6&#xD;&#xA;&#x9;&#x9;&#x9;WHERE&#xD;&#xA;&#x9;&#x9;&#x9;&#x9;Object6.Column3 = Variable4&#xD;&#xA;&#x9;&#x9;&#x9;&#x9;AND Object6.Column4 = Variable5&#xD;&#xA;&#x9;&#x9;&#x9;&#x9;AND Object6.Column5 = CASE WHEN Object15.Column16 = ? AND Object5.Column2 &gt;= ? THEN ? WHEN Object15.Column8 IN (?) THEN ? ELSE Object5.Column2 END&#xD;&#xA;&#x9;&#x9;)" StatementType="INSERT" QueryHash="0x445BD5C2DC41888D" QueryPlanHash="0x633239F436EF2FEC" RetrievedFromCache="true" StatementSqlHandle="0x0900D9A60A32E671AA2049F1B159B10A98700000000000000000000000000000000000000000000000000000" DatabaseContextSettingsId="26" ParentObjectId="922043362" BatchSqlHandle="0x03001700E243F536E68E6700B0AA000001000000000000000000000000000000000000000000000000000000" StatementParameterizationType="0" SecurityPolicyApplied="false"><StatementSetOptions ANSI_NULLS="true" ANSI_PADDING="true" ANSI_WARNINGS="true" ARITHABORT="true" CONCAT_NULL_YIELDS_NULL="true" NUMERIC_ROUNDABORT="false" QUOTED_IDENTIFIER="true" /><QueryPlan DegreeOfParallelism="0" NonParallelPlanReason="CouldNotGenerateValidParallelPlan" CachedPlanSize="224" CompileTime="14" CompileCPU="14" CompileMemory="1848"><MemoryGrantInfo SerialRequiredMemory="0" SerialDesiredMemory="0" /><OptimizerHardwareDependentProperties EstimatedAvailableMemoryGrant="1494220" EstimatedPagesCached="373555" EstimatedAvailableDegreeOfParallelism="2" MaxCompileMemory="37517560" /><OptimizerStatsUsage><StatisticsInfo Database="Database1" Schema="Schema1" Table="Object7" Statistics="[PK_QuantityXDistributionCenter]" ModificationCount="0" SamplingPercent="100" LastUpdate="2020-01-31T05:47:27.44" /><StatisticsInfo Database="Database1" Schema="Schema1" Table="Object16" Statistics="[UIX_SellerItemQty_SKU_PoolID]" ModificationCount="12078" SamplingPercent="100" LastUpdate="2020-01-23T03:31:22.93" /><StatisticsInfo Database="Database1" Schema="Schema1" Table="Object7" Statistics="[IX_QuantityXDistributionCenter_ClientID_ItemQtyID_ClientDistCtrID]" ModificationCount="12442" SamplingPercent="100" LastUpdate="2020-01-23T03:27:28.17" /><StatisticsInfo Database="Database1" Schema="Schema1" Table="Object20" Statistics="[_WA_Sys_00000003_46E0C791]" ModificationCount="1" SamplingPercent="4.96768" LastUpdate="2020-02-10T11:40:00.9" /><StatisticsInfo Database="Database1" Schema="Schema1" Table="Object16" Statistics="[_WA_Sys_00000002_5E628010]" ModificationCount="12579" SamplingPercent="9.4567" LastUpdate="2020-01-21T13:26:45.12" /><StatisticsInfo Database="Database1" Schema="Schema1" Table="Object16" Statistics="[PK_SellerItemQty]" ModificationCount="12579" SamplingPercent="9.4567" LastUpdate="2020-01-21T13:26:42.01" /><StatisticsInfo Database="Database1" Schema="Schema1" Table="Object7" Statistics="[_WA_Sys_0000000B_57B58281]" ModificationCount="98899" SamplingPercent="9.95089" LastUpdate="2020-01-21T13:32:12.55" /><StatisticsInfo Database="Database1" Schema="Schema1" Table="Object7" Statistics="[_WA_Sys_00000002_57B58281]" ModificationCount="13064" SamplingPercent="9.87463" LastUpdate="2020-01-21T13:32:09.32" /><StatisticsInfo Database="Database1" Schema="Schema1" Table="Object20" Statistics="[_WA_Sys_00000002_46E0C791]" ModificationCount="1" SamplingPercent="4.96768" LastUpdate="2020-02-10T11:40:00.76" /><StatisticsInfo Database="Database1" Schema="Schema1" Table="Object7" Statistics="[UIX_QuantityXDistributionCenter_CDCUniqueID_ItemQtyID_ClientID]" ModificationCount="98899" SamplingPercent="9.95089" LastUpdate="2020-01-21T13:32:15.23" /><StatisticsInfo Database="Database1" Schema="Schema1" Table="Object20" Statistics="[UIX_vSellerItemQty_ItemQtyID]" ModificationCount="1" SamplingPercent="100" LastUpdate="2020-02-10T11:39:55.64" /></OptimizerStatsUsage><TraceFlags IsCompileTime="true"><TraceFlag Value="460" Scope="Global" /><TraceFlag Value="1254" Scope="Global" /><TraceFlag Value="3226" Scope="Global" /><TraceFlag Value="7745" Scope="Global" /><TraceFlag Value="7752" Scope="Global" /><TraceFlag Value="9888" Scope="Global" /></TraceFlags><TraceFlags IsCompileTime="false"><TraceFlag Value="460" Scope="Global" /><TraceFlag Value="1254" Scope="Global" /><TraceFlag Value="3226" Scope="Global" /><TraceFlag Value="7745" Scope="Global" /><TraceFlag Value="7752" Scope="Global" /><TraceFlag Value="9888" Scope="Global" /></TraceFlags><QueryTimeStats CpuTime="0" ElapsedTime="0" /><RelOp AvgRowSize="9" EstimateCPU="2E-06" EstimateIO="0" EstimateRebinds="0" EstimateRewinds="0" EstimatedExecutionMode="Row" EstimateRows="1" LogicalOp="Insert" NodeId="0" Parallel="false" PhysicalOp="Table Insert" EstimatedTotalSubtreeCost="0.0803738"><OutputList /><RunTimeInformation><RunTimeCountersPerThread Thread="0" ActualRows="0" Batches="0" ActualEndOfScans="1" ActualExecutions="1" ActualExecutionMode="Row" ActualElapsedms="0" ActualCPUms="0" /></RunTimeInformation><Update DMLRequestSort="false"><Object Table="Object21" Storage="MemoryOptimized" /><Object Table="Object21" Index="Index5" IndexKind="NonClustered" Storage="MemoryOptimized" /><SetPredicate><ScalarOperator ScalarString="ScalarString125"><ScalarExpressionList><ScalarOperator><MultipleAssign><Assign><ColumnReference Column="Column2" /><ScalarOperator><Identifier><ColumnReference Database="Database1" Schema="Schema1" Table="Object7" Column="Column2" /></Identifier></ScalarOperator></Assign><Assign><ColumnReference Column="Column9" /><ScalarOperator><Identifier><ColumnReference Column="Expr1033" /></Identifier></ScalarOperator></Assign><Assign><ColumnReference Column="Column10" /><ScalarOperator><Identifier><ColumnReference Database="Database1" Schema="Schema1" Table="Object7" Column="Column1" /></Identifier></ScalarOperator></Assign><Assign><ColumnReference Column="Column4" /><ScalarOperator><Intrinsic FunctionName="Function5"><ScalarOperator><Identifier><ColumnReference Column="Column30" /></Identifier></ScalarOperator></Intrinsic></ScalarOperator></Assign><Assign><ColumnReference Column="Column3" /><ScalarOperator><Intrinsic FunctionName="Function5"><ScalarOperator><Identifier><ColumnReference Column="Column29" /></Identifier></ScalarOperator></Intrinsic></ScalarOperator></Assign><Assign><ColumnReference Column="Column8" /><ScalarOperator><Identifier><ColumnReference Database="Database1" Schema="Schema1" Table="Object7" Column="Column8" /></Identifier></ScalarOperator></Assign><Assign><ColumnReference Column="Column5" /><ScalarOperator><Identifier><ColumnReference Database="Database1" Schema="Schema1" Table="Object7" Column="Column5" /></Identifier></ScalarOperator></Assign></MultipleAssign></ScalarOperator></ScalarExpressionList></ScalarOperator></SetPredicate><RelOp AvgRowSize="24" EstimateCPU="1E-07" EstimateIO="0" EstimateRebinds="0" EstimateRewinds="0" EstimatedExecutionMode="Row" EstimateRows="1" LogicalOp="Compute Scalar" NodeId="1" Parallel="false" PhysicalOp="Compute Scalar" EstimatedTotalSubtreeCost="0.0803718"><OutputList><ColumnReference Database="Database1" Schema="Schema1" Table="Object7" Column="Column2" /><ColumnReference Database="Database1" Schema="Schema1" Table="Object7" Column="Column1" /><ColumnReference Database="Database1" Schema="Schema1" Table="Object7" Column="Column5" /><ColumnReference Database="Database1" Schema="Schema1" Table="Object7" Column="Column8" /><ColumnReference Column="Expr1033" /></OutputList><ComputeScalar><DefinedValues><DefinedValue><ColumnReference Column="Expr1033" /><ScalarOperator ScalarString="ScalarString126"><Const ConstValue="Value5" /></ScalarOperator></DefinedValue></DefinedValues><RelOp AvgRowSize="20" EstimateCPU="3E-06" EstimateIO="0" EstimateRebinds="0" EstimateRewinds="0" EstimatedExecutionMode="Row" EstimateRows="1" LogicalOp="Sequence" NodeId="3" Parallel="false" PhysicalOp="Sequence" EstimatedTotalSubtreeCost="0.0803717"><OutputList><ColumnReference Database="Database1" Schema="Schema1" Table="Object7" Column="Column2" /><ColumnReference Database="Database1" Schema="Schema1" Table="Object7" Column="Column1" /><ColumnReference Database="Database1" Schema="Schema1" Table="Object7" Column="Column5" /><ColumnReference Database="Database1" Schema="Schema1" Table="Object7" Column="Column8" /></OutputList><RunTimeInformation><RunTimeCountersPerThread Thread="0" ActualRows="0" Batches="0" ActualEndOfScans="1" ActualExecutions="1" ActualExecutionMode="Row" ActualElapsedms="0" ActualCPUms="0" /></RunTimeInformation><Sequence><RelOp AvgRowSize="90" EstimateCPU="3.34912E-05" EstimateIO="0" EstimateRebinds="0" EstimateRewinds="0" EstimatedExecutionMode="Row" EstimateRows="1" LogicalOp="Eager Spool" NodeId="4" Parallel="false" PhysicalOp="Table Spool" EstimatedTotalSubtreeCost="0.0179505"><OutputList><ColumnReference Database="Database1" Schema="Schema1" Table="Object7" Column="Column3" /><ColumnReference Database="Database1" Schema="Schema1" Table="Object7" Column="Column2" /><ColumnReference Database="Database1" Schema="Schema1" Table="Object7" Column="Column4" /><ColumnReference Database="Database1" Schema="Schema1" Table="Object7" Column="Column1" /><ColumnReference Database="Database1" Schema="Schema1" Table="Object7" Column="Column5" /><ColumnReference Database="Database1" Schema="Schema1" Table="Object7" Column="Column8" /><ColumnReference Column="Expr1039" /><ColumnReference Column="Expr1040" /><ColumnReference Column="Expr1041" /><ColumnReference Column="Expr1042" /><ColumnReference Column="Expr1043" /><ColumnReference Column="Expr1044" /><ColumnReference Column="Expr1045" /><ColumnReference Column="Expr1046" /><ColumnReference Column="Expr1047" /><ColumnReference Column="Expr1048" /><ColumnReference Column="Expr1049" /><ColumnReference Column="Expr1050" /><ColumnReference Column="Expr1051" /><ColumnReference Column="Expr1052" /></OutputList><RunTimeInformation><RunTimeCountersPerThread Thread="0" ActualRebinds="1" ActualRewinds="0" ActualRows="0" Batches="0" ActualEndOfScans="1" ActualExecutions="1" ActualExecutionMode="Row" ActualElapsedms="0" ActualCPUms="0" ActualScans="1" ActualLogicalReads="0" ActualPhysicalReads="0" ActualReadAheads="0" ActualLobLogicalReads="0" ActualLobPhysicalReads="0" ActualLobReadAheads="0" /></RunTimeInformation><Spool><RelOp AvgRowSize="90" EstimateCPU="4.8E-07" EstimateIO="0" EstimateRebinds="0" EstimateRewinds="0" EstimatedExecutionMode="Row" EstimateRows="1" LogicalOp="Assert" NodeId="5" Parallel="false" PhysicalOp="Assert" EstimatedTotalSubtreeCost="0.0535511"><OutputList><ColumnReference Database="Database1" Schema="Schema1" Table="Object7" Column="Column3" /><ColumnReference Database="Database1" Schema="Schema1" Table="Object7" Column="Column2" /><ColumnReference Database="Database1" Schema="Schema1" Table="Object7" Column="Column4" /><ColumnReference Database="Database1" Schema="Schema1" Table="Object7" Column="Column1" /><ColumnReference Database="Database1" Schema="Schema1" Table="Object7" Column="Column5" /><ColumnReference Database="Database1" Schema="Schema1" Table="Object7" Column="Column8" /><ColumnReference Column="Expr1039" /><ColumnReference Column="Expr1040" /><ColumnReference Column="Expr1041" /><ColumnReference Column="Expr1042" /><ColumnReference Column="Expr1043" /><ColumnReference Column="Expr1044" /><ColumnReference Column="Expr1045" /><ColumnReference Column="Expr1046" /><ColumnReference Column="Expr1047" /><ColumnReference Column="Expr1048" /><ColumnReference Column="Expr1049" /><ColumnReference Column="Expr1050" /><ColumnReference Column="Expr1051" /><ColumnReference Column="Expr1052" /></OutputList><RunTimeInformation><RunTimeCountersPerThread Thread="0" ActualRows="0" Batches="0" ActualEndOfScans="1" ActualExecutions="1" ActualExecutionMode="Row" ActualElapsedms="0" ActualCPUms="0" /></RunTimeInformation><Assert StartupExpression="false"><RelOp AvgRowSize="91" EstimateCPU="4.18E-06" EstimateIO="0" EstimateRebinds="0" EstimateRewinds="0" EstimatedExecutionMode="Row" EstimateRows="1" LogicalOp="Left Semi Join" NodeId="6" Parallel="false" PhysicalOp="Nested Loops" EstimatedTotalSubtreeCost="0.0535506"><OutputList><ColumnReference Database="Database1" Schema="Schema1" Table="Object7" Column="Column3" /><ColumnReference Database="Database1" Schema="Schema1" Table="Object7" Column="Column2" /><ColumnReference Database="Database1" Schema="Schema1" Table="Object7" Column="Column4" /><ColumnReference Database="Database1" Schema="Schema1" Table="Object7" Column="Column1" /><ColumnReference Database="Database1" Schema="Schema1" Table="Object7" Column="Column5" /><ColumnReference Database="Database1" Schema="Schema1" Table="Object7" Column="Column8" /><ColumnReference Column="Expr1039" /><ColumnReference Column="Expr1040" /><ColumnReference Column="Expr1041" /><ColumnReference Column="Expr1042" /><ColumnReference Column="Expr1043" /><ColumnReference Column="Expr1044" /><ColumnReference Column="Expr1045" /><ColumnReference Column="Expr1046" /><ColumnReference Column="Expr1047" /><ColumnReference Column="Expr1048" /><ColumnReference Column="Expr1049" /><ColumnReference Column="Expr1050" /><ColumnReference Column="Expr1051" /><ColumnReference Column="Expr1052" /><ColumnReference Column="Expr1053" /></OutputList><RunTimeInformation><RunTimeCountersPerThread Thread="0" ActualRows="0" Batches="0" ActualEndOfScans="1" ActualExecutions="1" ActualExecutionMode="Row" ActualElapsedms="0" ActualCPUms="0" /></RunTimeInformation><NestedLoops Optimized="false"><DefinedValues><DefinedValue><ColumnReference Column="Expr1053" /></DefinedValue></DefinedValues><OuterReferences><ColumnReference Database="Database1" Schema="Schema1" Table="Object7" Column="Column3" /><ColumnReference Database="Database1" Schema="Schema1" Table="Object7" Column="Column4" /></OuterReferences><ProbeColumn><ColumnReference Column="Expr1053" /></ProbeColumn><RelOp AvgRowSize="90" EstimateCPU="1E-07" EstimateIO="0" EstimateRebinds="0" EstimateRewinds="0" EstimatedExecutionMode="Row" EstimateRows="1" LogicalOp="Compute Scalar" NodeId="7" Parallel="false" PhysicalOp="Compute Scalar" EstimatedTotalSubtreeCost="0.0502633"><OutputList><ColumnReference Database="Database1" Schema="Schema1" Table="Object7" Column="Column3" /><ColumnReference Database="Database1" Schema="Schema1" Table="Object7" Column="Column2" /><ColumnReference Database="Database1" Schema="Schema1" Table="Object7" Column="Column4" /><ColumnReference Database="Database1" Schema="Schema1" Table="Object7" Column="Column1" /><ColumnReference Database="Database1" Schema="Schema1" Table="Object7" Column="Column5" /><ColumnReference Database="Database1" Schema="Schema1" Table="Object7" Column="Column8" /><ColumnReference Column="Expr1039" /><ColumnReference Column="Expr1040" /><ColumnReference Column="Expr1041" /><ColumnReference Column="Expr1042" /><ColumnReference Column="Expr1043" /><ColumnReference Column="Expr1044" /><ColumnReference Column="Expr1045" /><ColumnReference Column="Expr1046" /><ColumnReference Column="Expr1047" /><ColumnReference Column="Expr1048" /><ColumnReference Column="Expr1049" /><ColumnReference Column="Expr1050" /><ColumnReference Column="Expr1051" /><ColumnReference Column="Expr1052" /></OutputList><ComputeScalar><DefinedValues><DefinedValue><ColumnReference Column="Expr1039" /><ScalarOperator ScalarString="ScalarString127"><IF><Condition><ScalarOperator><Compare CompareOp="GE"><ScalarOperator><Identifier><ColumnReference Database="Database1" Schema="Schema1" Table="Object7" Column="Column2" /></Identifier></ScalarOperator><ScalarOperator><Const ConstValue="Value5" /></ScalarOperator></Compare></ScalarOperator></Condition><Then><ScalarOperator><Identifier><ColumnReference Database="Database1" Schema="Schema1" Table="Object7" Column="Column1" /></Identifier></ScalarOperator></Then><Else><ScalarOperator><Const ConstValue="Value5" /></ScalarOperator></Else></IF></ScalarOperator></DefinedValue><DefinedValue><ColumnReference Column="Expr1040" /><ScalarOperator ScalarString="ScalarString128"><IF><Condition><ScalarOperator><Compare CompareOp="GE"><ScalarOperator><Identifier><ColumnReference Database="Database1" Schema="Schema1" Table="Object7" Column="Column2" /></Identifier></ScalarOperator><ScalarOperator><Const ConstValue="Value5" /></ScalarOperator></Compare></ScalarOperator></Condition><Then><ScalarOperator><Const ConstValue="Value5" /></ScalarOperator></Then><Else><ScalarOperator><Identifier><ColumnReference Database="Database1" Schema="Schema1" Table="Object7" Column="Column1" /></Identifier></ScalarOperator></Else></IF></ScalarOperator></DefinedValue><DefinedValue><ColumnReference Column="Expr1041" /><ScalarOperator ScalarString="ScalarString129"><IF><Condition><ScalarOperator><Compare CompareOp="EQ"><ScalarOperator><Identifier><ColumnReference Database="Database1" Schema="Schema1" Table="Object7" Column="Column2" /></Identifier></ScalarOperator><ScalarOperator><Const ConstValue="Value21" /></ScalarOperator></Compare></ScalarOperator></Condition><Then><ScalarOperator><Identifier><ColumnReference Database="Database1" Schema="Schema1" Table="Object7" Column="Column1" /></Identifier></ScalarOperator></Then><Else><ScalarOperator><Const ConstValue="Value5" /></ScalarOperator></Else></IF></ScalarOperator></DefinedValue><DefinedValue><ColumnReference Column="Expr1042" /><ScalarOperator ScalarString="ScalarString130"><IF><Condition><ScalarOperator><Compare CompareOp="EQ"><ScalarOperator><Identifier><ColumnReference Database="Database1" Schema="Schema1" Table="Object7" Column="Column2" /></Identifier></ScalarOperator><ScalarOperator><Const ConstValue="Value22" /></ScalarOperator></Compare></ScalarOperator></Condition><Then><ScalarOperator><Identifier><ColumnReference Database="Database1" Schema="Schema1" Table="Object7" Column="Column1" /></Identifier></ScalarOperator></Then><Else><ScalarOperator><Const ConstValue="Value5" /></ScalarOperator></Else></IF></ScalarOperator></DefinedValue><DefinedValue><ColumnReference Column="Expr1043" /><ScalarOperator ScalarString="ScalarString131"><IF><Condition><ScalarOperator><Compare CompareOp="EQ"><ScalarOperator><Identifier><ColumnReference Database="Database1" Schema="Schema1" Table="Object7" Column="Column2" /></Identifier></ScalarOperator><ScalarOperator><Const ConstValue="Value23" /></ScalarOperator></Compare></ScalarOperator></Condition><Then><ScalarOperator><Identifier><ColumnReference Database="Database1" Schema="Schema1" Table="Object7" Column="Column1" /></Identifier></ScalarOperator></Then><Else><ScalarOperator><Const ConstValue="Value5" /></ScalarOperator></Else></IF></ScalarOperator></DefinedValue><DefinedValue><ColumnReference Column="Expr1044" /><ScalarOperator ScalarString="ScalarString132"><IF><Condition><ScalarOperator><Compare CompareOp="EQ"><ScalarOperator><Identifier><ColumnReference Database="Database1" Schema="Schema1" Table="Object7" Column="Column2" /></Identifier></ScalarOperator><ScalarOperator><Const ConstValue="Value24" /></ScalarOperator></Compare></ScalarOperator></Condition><Then><ScalarOperator><Identifier><ColumnReference Database="Database1" Schema="Schema1" Table="Object7" Column="Column1" /></Identifier></ScalarOperator></Then><Else><ScalarOperator><Const ConstValue="Value5" /></ScalarOperator></Else></IF></ScalarOperator></DefinedValue><DefinedValue><ColumnReference Column="Expr1045" /><ScalarOperator ScalarString="ScalarString133"><IF><Condition><ScalarOperator><Compare CompareOp="EQ"><ScalarOperator><Identifier><ColumnReference Database="Database1" Schema="Schema1" Table="Object7" Column="Column2" /></Identifier></ScalarOperator><ScalarOperator><Const ConstValue="Value25" /></ScalarOperator></Compare></ScalarOperator></Condition><Then><ScalarOperator><Identifier><ColumnReference Database="Database1" Schema="Schema1" Table="Object7" Column="Column1" /></Identifier></ScalarOperator></Then><Else><ScalarOperator><Const ConstValue="Value5" /></ScalarOperator></Else></IF></ScalarOperator></DefinedValue><DefinedValue><ColumnReference Column="Expr1046" /><ScalarOperator ScalarString="ScalarString134"><IF><Condition><ScalarOperator><Compare CompareOp="EQ"><ScalarOperator><Identifier><ColumnReference Database="Database1" Schema="Schema1" Table="Object7" Column="Column2" /></Identifier></ScalarOperator><ScalarOperator><Const ConstValue="Value26" /></ScalarOperator></Compare></ScalarOperator></Condition><Then><ScalarOperator><Identifier><ColumnReference Database="Database1" Schema="Schema1" Table="Object7" Column="Column1" /></Identifier></ScalarOperator></Then><Else><ScalarOperator><Const ConstValue="Value5" /></ScalarOperator></Else></IF></ScalarOperator></DefinedValue><DefinedValue><ColumnReference Column="Expr1047" /><ScalarOperator ScalarString="ScalarString135"><IF><Condition><ScalarOperator><Compare CompareOp="EQ"><ScalarOperator><Identifier><ColumnReference Database="Database1" Schema="Schema1" Table="Object7" Column="Column2" /></Identifier></ScalarOperator><ScalarOperator><Const ConstValue="Value27" /></ScalarOperator></Compare></ScalarOperator></Condition><Then><ScalarOperator><Identifier><ColumnReference Database="Database1" Schema="Schema1" Table="Object7" Column="Column1" /></Identifier></ScalarOperator></Then><Else><ScalarOperator><Const ConstValue="Value5" /></ScalarOperator></Else></IF></ScalarOperator></DefinedValue><DefinedValue><ColumnReference Column="Expr1048" /><ScalarOperator ScalarString="ScalarString136"><IF><Condition><ScalarOperator><Compare CompareOp="EQ"><ScalarOperator><Identifier><ColumnReference Database="Database1" Schema="Schema1" Table="Object7" Column="Column2" /></Identifier></ScalarOperator><ScalarOperator><Const ConstValue="Value28" /></ScalarOperator></Compare></ScalarOperator></Condition><Then><ScalarOperator><Identifier><ColumnReference Database="Database1" Schema="Schema1" Table="Object7" Column="Column1" /></Identifier></ScalarOperator></Then><Else><ScalarOperator><Const ConstValue="Value5" /></ScalarOperator></Else></IF></ScalarOperator></DefinedValue><DefinedValue><ColumnReference Column="Expr1049" /><ScalarOperator ScalarString="ScalarString137"><IF><Condition><ScalarOperator><Compare CompareOp="EQ"><ScalarOperator><Identifier><ColumnReference Database="Database1" Schema="Schema1" Table="Object7" Column="Column2" /></Identifier></ScalarOperator><ScalarOperator><Const ConstValue="Value29" /></ScalarOperator></Compare></ScalarOperator></Condition><Then><ScalarOperator><Identifier><ColumnReference Database="Database1" Schema="Schema1" Table="Object7" Column="Column1" /></Identifier></ScalarOperator></Then><Else><ScalarOperator><Const ConstValue="Value5" /></ScalarOperator></Else></IF></ScalarOperator></DefinedValue><DefinedValue><ColumnReference Column="Expr1050" /><ScalarOperator ScalarString="ScalarString138"><IF><Condition><ScalarOperator><Compare CompareOp="EQ"><ScalarOperator><Identifier><ColumnReference Database="Database1" Schema="Schema1" Table="Object7" Column="Column2" /></Identifier></ScalarOperator><ScalarOperator><Const ConstValue="Value30" /></ScalarOperator></Compare></ScalarOperator></Condition><Then><ScalarOperator><Identifier><ColumnReference Database="Database1" Schema="Schema1" Table="Object7" Column="Column1" /></Identifier></ScalarOperator></Then><Else><ScalarOperator><Const ConstValue="Value5" /></ScalarOperator></Else></IF></ScalarOperator></DefinedValue><DefinedValue><ColumnReference Column="Expr1051" /><ScalarOperator ScalarString="ScalarString139"><IF><Condition><ScalarOperator><Compare CompareOp="EQ"><ScalarOperator><Identifier><ColumnReference Database="Database1" Schema="Schema1" Table="Object7" Column="Column2" /></Identifier></ScalarOperator><ScalarOperator><Const ConstValue="Value31" /></ScalarOperator></Compare></ScalarOperator></Condition><Then><ScalarOperator><Identifier><ColumnReference Database="Database1" Schema="Schema1" Table="Object7" Column="Column1" /></Identifier></ScalarOperator></Then><Else><ScalarOperator><Const ConstValue="Value5" /></ScalarOperator></Else></IF></ScalarOperator></DefinedValue><DefinedValue><ColumnReference Column="Expr1052" /><ScalarOperator ScalarString="ScalarString140"><IF><Condition><ScalarOperator><Compare CompareOp="EQ"><ScalarOperator><Identifier><ColumnReference Database="Database1" Schema="Schema1" Table="Object7" Column="Column2" /></Identifier></ScalarOperator><ScalarOperator><Const ConstValue="Value32" /></ScalarOperator></Compare></ScalarOperator></Condition><Then><ScalarOperator><Identifier><ColumnReference Database="Database1" Schema="Schema1" Table="Object7" Column="Column1" /></Identifier></ScalarOperator></Then><Else><ScalarOperator><Const ConstValue="Value5" /></ScalarOperator></Else></IF></ScalarOperator></DefinedValue></DefinedValues><RelOp AvgRowSize="32" EstimateCPU="3E-06" EstimateIO="0.03" EstimateRebinds="0" EstimateRewinds="0" EstimatedExecutionMode="Row" EstimateRows="1" LogicalOp="Insert" NodeId="8" Parallel="false" PhysicalOp="Clustered Index Insert" EstimatedTotalSubtreeCost="0.0502632"><OutputList><ColumnReference Database="Database1" Schema="Schema1" Table="Object7" Column="Column3" /><ColumnReference Database="Database1" Schema="Schema1" Table="Object7" Column="Column2" /><ColumnReference Database="Database1" Schema="Schema1" Table="Object7" Column="Column4" /><ColumnReference Database="Database1" Schema="Schema1" Table="Object7" Column="Column1" /><ColumnReference Database="Database1" Schema="Schema1" Table="Object7" Column="Column5" /><ColumnReference Database="Database1" Schema="Schema1" Table="Object7" Column="Column8" /></OutputList><RunTimeInformation><RunTimeCountersPerThread Thread="0" ActualRows="0" Batches="0" ActualEndOfScans="1" ActualExecutions="1" ActualExecutionMode="Row" ActualElapsedms="0" ActualCPUms="0" ActualScans="0" ActualLogicalReads="0" ActualPhysicalReads="0" ActualReadAheads="0" ActualLobLogicalReads="0" ActualLobPhysicalReads="0" ActualLobReadAheads="0" /></RunTimeInformation><Update DMLRequestSort="false"><Object Database="Database1" Schema="Schema1" Table="Object7" Index="Index6" IndexKind="Clustered" Storage="RowStore" /><Object Database="Database1" Schema="Schema1" Table="Object7" Index="Index8" IndexKind="NonClustered" Storage="RowStore" /><Object Database="Database1" Schema="Schema1" Table="Object7" Index="Index7" IndexKind="NonClustered" Storage="RowStore" /><SetPredicate><ScalarOperator ScalarString="ScalarString141"><ScalarExpressionList><ScalarOperator><MultipleAssign><Assign><ColumnReference Database="Database1" Schema="Schema1" Table="Object7" Column="Column3" /><ScalarOperator><Identifier><ColumnReference Database="Database1" Schema="Schema1" Table="Object16" Alias="Object15" Column="Column3" /></Identifier></ScalarOperator></Assign><Assign><ColumnReference Database="Database1" Schema="Schema1" Table="Object7" Column="Column2" /><ScalarOperator><Identifier><ColumnReference Table="Object19" Alias="Object5" Column="Column2" /></Identifier></ScalarOperator></Assign><Assign><ColumnReference Database="Database1" Schema="Schema1" Table="Object7" Column="Column4" /><ScalarOperator><Identifier><ColumnReference Database="Database1" Schema="Schema1" Table="Object16" Alias="Object15" Column="Column4" /></Identifier></ScalarOperator></Assign><Assign><ColumnReference Database="Database1" Schema="Schema1" Table="Object7" Column="Column1" /><ScalarOperator><Identifier><ColumnReference Table="Object19" Alias="Object5" Column="Column1" /></Identifier></ScalarOperator></Assign><Assign><ColumnReference Database="Database1" Schema="Schema1" Table="Object7" Column="Column5" /><ScalarOperator><Identifier><ColumnReference Column="Expr1010" /></Identifier></ScalarOperator></Assign><Assign><ColumnReference Database="Database1" Schema="Schema1" Table="Object7" Column="Column8" /><ScalarOperator><Identifier><ColumnReference Database="Database1" Schema="Schema1" Table="Object16" Alias="Object15" Column="Column8" /></Identifier></ScalarOperator></Assign><Assign><ColumnReference Database="Database1" Schema="Schema1" Table="Object7" Column="Column110" /><ScalarOperator><Intrinsic FunctionName="Function5"><ScalarOperator><Identifier><ColumnReference Column="Expr1011" /></Identifier></ScalarOperator></Intrinsic></ScalarOperator></Assign><Assign><ColumnReference Database="Database1" Schema="Schema1" Table="Object7" Column="Column111" /><ScalarOperator><Intrinsic FunctionName="Function5"><ScalarOperator><Identifier><ColumnReference Column="Expr1012" /></Identifier></ScalarOperator></Intrinsic></ScalarOperator></Assign><Assign><ColumnReference Database="Database1" Schema="Schema1" Table="Object7" Column="Column7" /><ScalarOperator><Intrinsic FunctionName="Function5"><ScalarOperator><Identifier><ColumnReference Column="Expr1013" /></Identifier></ScalarOperator></Intrinsic></ScalarOperator></Assign></MultipleAssign></ScalarOperator></ScalarExpressionList></ScalarOperator></SetPredicate><RelOp AvgRowSize="57" EstimateCPU="1E-07" EstimateIO="0" EstimateRebinds="0" EstimateRewinds="0" EstimatedExecutionMode="Row" EstimateRows="1" LogicalOp="Compute Scalar" NodeId="9" Parallel="false" PhysicalOp="Compute Scalar" EstimatedTotalSubtreeCost="0.0202602"><OutputList><ColumnReference Database="Database1" Schema="Schema1" Table="Object16" Alias="Object15" Column="Column3" /><ColumnReference Database="Database1" Schema="Schema1" Table="Object16" Alias="Object15" Column="Column4" /><ColumnReference Database="Database1" Schema="Schema1" Table="Object16" Alias="Object15" Column="Column8" /><ColumnReference Table="Object19" Alias="Object5" Column="Column2" /><ColumnReference Table="Object19" Alias="Object5" Column="Column1" /><ColumnReference Column="Expr1010" /><ColumnReference Column="Expr1011" /><ColumnReference Column="Expr1012" /><ColumnReference Column="Expr1013" /></OutputList><ComputeScalar><DefinedValues><DefinedValue><ColumnReference Column="Expr1010" /><ScalarOperator ScalarString="ScalarString142"><IF><Condition><ScalarOperator><Logical Operation="AND"><ScalarOperator><Compare CompareOp="EQ"><ScalarOperator><Identifier><ColumnReference Database="Database1" Schema="Schema1" Table="Object16" Alias="Object15" Column="Column16" /></Identifier></ScalarOperator><ScalarOperator><Const ConstValue="Value5" /></ScalarOperator></Compare></ScalarOperator><ScalarOperator><Compare CompareOp="GE"><ScalarOperator><Identifier><ColumnReference Table="Object19" Alias="Object5" Column="Column2" /></Identifier></ScalarOperator><ScalarOperator><Const ConstValue="Value5" /></ScalarOperator></Compare></ScalarOperator></Logical></ScalarOperator></Condition><Then><ScalarOperator><Const ConstValue="Value33" /></ScalarOperator></Then><Else><ScalarOperator><IF><Condition><ScalarOperator><Logical Operation="OR"><ScalarOperator><Compare CompareOp="EQ"><ScalarOperator><Identifier><ColumnReference Database="Database1" Schema="Schema1" Table="Object16" Alias="Object15" Column="Column8" /></Identifier></ScalarOperator><ScalarOperator><Const ConstValue="Value35" /></ScalarOperator></Compare></ScalarOperator><ScalarOperator><Compare CompareOp="EQ"><ScalarOperator><Identifier><ColumnReference Database="Database1" Schema="Schema1" Table="Object16" Alias="Object15" Column="Column8" /></Identifier></ScalarOperator><ScalarOperator><Const ConstValue="Value34" /></ScalarOperator></Compare></ScalarOperator></Logical></ScalarOperator></Condition><Then><ScalarOperator><Const ConstValue="Value33" /></ScalarOperator></Then><Else><ScalarOperator><Identifier><ColumnReference Table="Object19" Alias="Object5" Column="Column2" /></Identifier></ScalarOperator></Else></IF></ScalarOperator></Else></IF></ScalarOperator></DefinedValue><DefinedValue><ColumnReference Column="Expr1011" /><ScalarOperator ScalarString="ScalarString143"><Identifier><ColumnReference Column="Column112"><ScalarOperator><Intrinsic FunctionName="Function3" /></ScalarOperator></ColumnReference></Identifier></ScalarOperator></DefinedValue><DefinedValue><ColumnReference Column="Expr1012" /><ScalarOperator ScalarString="ScalarString143"><Identifier><ColumnReference Column="Column113"><ScalarOperator><Intrinsic FunctionName="Function3" /></ScalarOperator></ColumnReference></Identifier></ScalarOperator></DefinedValue><DefinedValue><ColumnReference Column="Expr1013" /><ScalarOperator ScalarString="ScalarString143"><Identifier><ColumnReference Column="Column114"><ScalarOperator><Intrinsic FunctionName="Function3" /></ScalarOperator></ColumnReference></Identifier></ScalarOperator></DefinedValue></DefinedValues><RelOp AvgRowSize="29" EstimateCPU="0.00010096" EstimateIO="0.013125" EstimateRebinds="0" EstimateRewinds="0" EstimatedExecutionMode="Row" EstimateRows="1" LogicalOp="Eager Spool" NodeId="10" Parallel="false" PhysicalOp="Table Spool" EstimatedTotalSubtreeCost="0.0202601"><OutputList><ColumnReference Database="Database1" Schema="Schema1" Table="Object16" Alias="Object15" Column="Column3" /><ColumnReference Database="Database1" Schema="Schema1" Table="Object16" Alias="Object15" Column="Column4" /><ColumnReference Database="Database1" Schema="Schema1" Table="Object16" Alias="Object15" Column="Column16" /><ColumnReference Database="Database1" Schema="Schema1" Table="Object16" Alias="Object15" Column="Column8" /><ColumnReference Table="Object19" Alias="Object5" Column="Column2" /><ColumnReference Table="Object19" Alias="Object5" Column="Column1" /></OutputList><RunTimeInformation><RunTimeCountersPerThread Thread="0" ActualRebinds="1" ActualRewinds="0" ActualRows="0" Batches="0" ActualEndOfScans="1" ActualExecutions="1" ActualExecutionMode="Row" ActualElapsedms="0" ActualCPUms="0" ActualScans="1" ActualLogicalReads="0" ActualPhysicalReads="0" ActualReadAheads="0" ActualLobLogicalReads="0" ActualLobPhysicalReads="0" ActualLobReadAheads="0" /></RunTimeInformation><Spool><RelOp AvgRowSize="29" EstimateCPU="4.18E-06" EstimateIO="0" EstimateRebinds="0" EstimateRewinds="0" EstimatedExecutionMode="Row" EstimateRows="1" LogicalOp="Left Anti Semi Join" NodeId="11" Parallel="false" PhysicalOp="Nested Loops" EstimatedTotalSubtreeCost="0.00703416"><OutputList><ColumnReference Database="Database1" Schema="Schema1" Table="Object16" Alias="Object15" Column="Column3" /><ColumnReference Database="Database1" Schema="Schema1" Table="Object16" Alias="Object15" Column="Column4" /><ColumnReference Database="Database1" Schema="Schema1" Table="Object16" Alias="Object15" Column="Column16" /><ColumnReference Database="Database1" Schema="Schema1" Table="Object16" Alias="Object15" Column="Column8" /><ColumnReference Table="Object19" Alias="Object5" Column="Column2" /><ColumnReference Table="Object19" Alias="Object5" Column="Column1" /></OutputList><RunTimeInformation><RunTimeCountersPerThread Thread="0" ActualRows="0" Batches="0" ActualEndOfScans="1" ActualExecutions="1" ActualExecutionMode="Row" ActualElapsedms="0" ActualCPUms="0" /></RunTimeInformation><NestedLoops Optimized="false"><OuterReferences><ColumnReference Database="Database1" Schema="Schema1" Table="Object16" Alias="Object15" Column="Column16" /><ColumnReference Database="Database1" Schema="Schema1" Table="Object16" Alias="Object15" Column="Column8" /><ColumnReference Table="Object19" Alias="Object5" Column="Column2" /></OuterReferences><RelOp AvgRowSize="29" EstimateCPU="4.18E-06" EstimateIO="0" EstimateRebinds="0" EstimateRewinds="0" EstimatedExecutionMode="Row" EstimateRows="1" LogicalOp="Inner Join" NodeId="12" Parallel="false" PhysicalOp="Nested Loops" EstimatedTotalSubtreeCost="0.00374688"><OutputList><ColumnReference Database="Database1" Schema="Schema1" Table="Object16" Alias="Object15" Column="Column3" /><ColumnReference Database="Database1" Schema="Schema1" Table="Object16" Alias="Object15" Column="Column4" /><ColumnReference Database="Database1" Schema="Schema1" Table="Object16" Alias="Object15" Column="Column16" /><ColumnReference Database="Database1" Schema="Schema1" Table="Object16" Alias="Object15" Column="Column8" /><ColumnReference Table="Object19" Alias="Object5" Column="Column2" /><ColumnReference Table="Object19" Alias="Object5" Column="Column1" /></OutputList><RunTimeInformation><RunTimeCountersPerThread Thread="0" ActualRows="1" Batches="0" ActualEndOfScans="1" ActualExecutions="1" ActualExecutionMode="Row" ActualElapsedms="0" ActualCPUms="0" /></RunTimeInformation><NestedLoops Optimized="false"><RelOp AvgRowSize="21" EstimateCPU="0.0001581" EstimateIO="0.003125" EstimateRebinds="0" EstimateRewinds="0" EstimatedExecutionMode="Row" EstimateRows="1" EstimatedRowsRead="1" LogicalOp="Clustered Index Seek" NodeId="13" Parallel="false" PhysicalOp="Clustered Index Seek" EstimatedTotalSubtreeCost="0.0032831" TableCardinality="2388260"><OutputList><ColumnReference Database="Database1" Schema="Schema1" Table="Object16" Alias="Object15" Column="Column3" /><ColumnReference Database="Database1" Schema="Schema1" Table="Object16" Alias="Object15" Column="Column4" /><ColumnReference Database="Database1" Schema="Schema1" Table="Object16" Alias="Object15" Column="Column16" /><ColumnReference Database="Database1" Schema="Schema1" Table="Object16" Alias="Object15" Column="Column8" /></OutputList><RunTimeInformation><RunTimeCountersPerThread Thread="0" ActualRows="1" ActualRowsRead="1" Batches="0" ActualEndOfScans="1" ActualExecutions="1" ActualExecutionMode="Row" ActualElapsedms="0" ActualCPUms="0" ActualScans="0" ActualLogicalReads="3" ActualPhysicalReads="0" ActualReadAheads="0" ActualLobLogicalReads="0" ActualLobPhysicalReads="0" ActualLobReadAheads="0" /></RunTimeInformation><IndexScan Ordered="true" ScanDirection="FORWARD" ForcedIndex="false" ForceSeek="false" ForceScan="false" NoExpandHint="false" Storage="RowStore"><DefinedValues><DefinedValue><ColumnReference Database="Database1" Schema="Schema1" Table="Object16" Alias="Object15" Column="Column3" /></DefinedValue><DefinedValue><ColumnReference Database="Database1" Schema="Schema1" Table="Object16" Alias="Object15" Column="Column4" /></DefinedValue><DefinedValue><ColumnReference Database="Database1" Schema="Schema1" Table="Object16" Alias="Object15" Column="Column16" /></DefinedValue><DefinedValue><ColumnReference Database="Database1" Schema="Schema1" Table="Object16" Alias="Object15" Column="Column8" /></DefinedValue></DefinedValues><Object Database="Database1" Schema="Schema1" Table="Object16" Index="Index16" Alias="Object15" IndexKind="Clustered" Storage="RowStore" /><SeekPredicates><SeekPredicateNew><SeekKeys><Prefix ScanType="EQ"><RangeColumns><ColumnReference Database="Database1" Schema="Schema1" Table="Object16" Alias="Object15" Column="Column3" /><ColumnReference Database="Database1" Schema="Schema1" Table="Object16" Alias="Object15" Column="Column4" /></RangeColumns><RangeExpressions><ScalarOperator ScalarString="ScalarString6"><Identifier><ColumnReference Column="Column29" /></Identifier></ScalarOperator><ScalarOperator ScalarString="ScalarString7"><Identifier><ColumnReference Column="Column30" /></Identifier></ScalarOperator></RangeExpressions></Prefix></SeekKeys></SeekPredicateNew></SeekPredicates></IndexScan></RelOp><RelOp AvgRowSize="15" EstimateCPU="0.0004596" EstimateIO="0" EstimateRebinds="0" EstimateRewinds="0" EstimatedExecutionMode="Row" EstimateRows="1" EstimatedRowsRead="1" LogicalOp="Index Scan" NodeId="14" Parallel="false" PhysicalOp="Index Scan" EstimatedTotalSubtreeCost="0.0004596" TableCardinality="1"><OutputList><ColumnReference Table="Object19" Alias="Object5" Column="Column2" /><ColumnReference Table="Object19" Alias="Object5" Column="Column1" /></OutputList><RunTimeInformation><RunTimeCountersPerThread Thread="0" ActualRows="1" Batches="0" ActualEndOfScans="1" ActualExecutions="1" ActualExecutionMode="Row" ActualElapsedms="0" ActualCPUms="0" /></RunTimeInformation><IndexScan Ordered="false" ForcedIndex="false" ForceSeek="false" ForceScan="false" NoExpandHint="false" Storage="MemoryOptimized"><DefinedValues><DefinedValue><ColumnReference Table="Object19" Alias="Object5" Column="Column2" /></DefinedValue><DefinedValue><ColumnReference Table="Object19" Alias="Object5" Column="Column1" /></DefinedValue></DefinedValues><Object Table="Object19" Index="Index2" Alias="Object5" IndexKind="NonClustered" Storage="MemoryOptimized" /></IndexScan></RelOp></NestedLoops></RelOp><RelOp AvgRowSize="9" EstimateCPU="0.0001581" EstimateIO="0.003125" EstimateRebinds="0" EstimateRewinds="0" EstimatedExecutionMode="Row" EstimateRows="1" EstimatedRowsRead="1" LogicalOp="Index Seek" NodeId="15" Parallel="false" PhysicalOp="Index Seek" EstimatedTotalSubtreeCost="0.0032831" TableCardinality="3675110"><OutputList /><RunTimeInformation><RunTimeCountersPerThread Thread="0" ActualRows="1" ActualRowsRead="1" Batches="0" ActualEndOfScans="0" ActualExecutions="1" ActualExecutionMode="Row" ActualElapsedms="0" ActualCPUms="0" ActualScans="0" ActualLogicalReads="3" ActualPhysicalReads="0" ActualReadAheads="0" ActualLobLogicalReads="0" ActualLobPhysicalReads="0" ActualLobReadAheads="0" /></RunTimeInformation><IndexScan Ordered="true" ScanDirection="FORWARD" ForcedIndex="false" ForceSeek="false" ForceScan="false" NoExpandHint="false" Storage="RowStore"><DefinedValues /><Object Database="Database1" Schema="Schema1" Table="Object7" Index="Index8" Alias="Object6" IndexKind="NonClustered" Storage="RowStore" /><SeekPredicates><SeekPredicateNew><SeekKeys><Prefix ScanType="EQ"><RangeColumns><ColumnReference Database="Database1" Schema="Schema1" Table="Object7" Alias="Object6" Column="Column5" /><ColumnReference Database="Database1" Schema="Schema1" Table="Object7" Alias="Object6" Column="Column3" /><ColumnReference Database="Database1" Schema="Schema1" Table="Object7" Alias="Object6" Column="Column4" /></RangeColumns><RangeExpressions><ScalarOperator ScalarString="ScalarString142"><IF><Condition><ScalarOperator><Logical Operation="AND"><ScalarOperator><Compare CompareOp="EQ"><ScalarOperator><Identifier><ColumnReference Database="Database1" Schema="Schema1" Table="Object16" Alias="Object15" Column="Column16" /></Identifier></ScalarOperator><ScalarOperator><Const ConstValue="Value5" /></ScalarOperator></Compare></ScalarOperator><ScalarOperator><Compare CompareOp="GE"><ScalarOperator><Identifier><ColumnReference Table="Object19" Alias="Object5" Column="Column2" /></Identifier></ScalarOperator><ScalarOperator><Const ConstValue="Value5" /></ScalarOperator></Compare></ScalarOperator></Logical></ScalarOperator></Condition><Then><ScalarOperator><Const ConstValue="Value33" /></ScalarOperator></Then><Else><ScalarOperator><IF><Condition><ScalarOperator><Logical Operation="OR"><ScalarOperator><Compare CompareOp="EQ"><ScalarOperator><Identifier><ColumnReference Database="Database1" Schema="Schema1" Table="Object16" Alias="Object15" Column="Column8" /></Identifier></ScalarOperator><ScalarOperator><Const ConstValue="Value35" /></ScalarOperator></Compare></ScalarOperator><ScalarOperator><Compare CompareOp="EQ"><ScalarOperator><Identifier><ColumnReference Database="Database1" Schema="Schema1" Table="Object16" Alias="Object15" Column="Column8" /></Identifier></ScalarOperator><ScalarOperator><Const ConstValue="Value34" /></ScalarOperator></Compare></ScalarOperator></Logical></ScalarOperator></Condition><Then><ScalarOperator><Const ConstValue="Value33" /></ScalarOperator></Then><Else><ScalarOperator><Identifier><ColumnReference Table="Object19" Alias="Object5" Column="Column2" /></Identifier></ScalarOperator></Else></IF></ScalarOperator></Else></IF></ScalarOperator><ScalarOperator ScalarString="ScalarString6"><Identifier><ColumnReference Column="Column29" /></Identifier></ScalarOperator><ScalarOperator ScalarString="ScalarString7"><Identifier><ColumnReference Column="Column30" /></Identifier></ScalarOperator></RangeExpressions></Prefix></SeekKeys></SeekPredicateNew></SeekPredicates></IndexScan></RelOp></NestedLoops></RelOp></Spool></RelOp></ComputeScalar></RelOp></Update></RelOp></ComputeScalar></RelOp><RelOp AvgRowSize="9" EstimateCPU="0.0001581" EstimateIO="0.003125" EstimateRebinds="0" EstimateRewinds="0" EstimatedExecutionMode="Row" EstimateRows="1" EstimatedRowsRead="1" LogicalOp="Clustered Index Seek" NodeId="16" Parallel="false" PhysicalOp="Clustered Index Seek" EstimatedTotalSubtreeCost="0.0032831" TableCardinality="2388260"><OutputList /><RunTimeInformation><RunTimeCountersPerThread Thread="0" ActualRows="0" Batches="0" ActualEndOfScans="0" ActualExecutions="0" ActualExecutionMode="Row" ActualElapsedms="0" ActualCPUms="0" ActualScans="0" ActualLogicalReads="0" ActualPhysicalReads="0" ActualReadAheads="0" ActualLobLogicalReads="0" ActualLobPhysicalReads="0" ActualLobReadAheads="0" /></RunTimeInformation><IndexScan Ordered="true" ScanDirection="FORWARD" ForcedIndex="true" ForceSeek="false" ForceScan="false" NoExpandHint="false" Storage="RowStore"><DefinedValues /><Object Database="Database1" Schema="Schema1" Table="Object16" Index="Index16" IndexKind="Clustered" Storage="RowStore" /><SeekPredicates><SeekPredicateNew><SeekKeys><Prefix ScanType="EQ"><RangeColumns><ColumnReference Database="Database1" Schema="Schema1" Table="Object16" Column="Column3" /><ColumnReference Database="Database1" Schema="Schema1" Table="Object16" Column="Column4" /></RangeColumns><RangeExpressions><ScalarOperator ScalarString="ScalarString144"><Identifier><ColumnReference Database="Database1" Schema="Schema1" Table="Object7" Column="Column3" /></Identifier></ScalarOperator><ScalarOperator ScalarString="ScalarString145"><Identifier><ColumnReference Database="Database1" Schema="Schema1" Table="Object7" Column="Column4" /></Identifier></ScalarOperator></RangeExpressions></Prefix></SeekKeys></SeekPredicateNew></SeekPredicates></IndexScan></RelOp></NestedLoops></RelOp><Predicate><ScalarOperator ScalarString="ScalarString146"><IF><Condition><ScalarOperator><Logical Operation="IS NULL"><ScalarOperator><Identifier><ColumnReference Column="Expr1053" /></Identifier></ScalarOperator></Logical></ScalarOperator></Condition><Then><ScalarOperator><Const ConstValue="Value5" /></ScalarOperator></Then><Else><ScalarOperator><Const ConstValue="Value7" /></ScalarOperator></Else></IF></ScalarOperator></Predicate></Assert></RelOp></Spool></RelOp><RelOp AvgRowSize="9" EstimateCPU="1E-06" EstimateIO="0.01" EstimateRebinds="0" EstimateRewinds="0" EstimatedExecutionMode="Row" EstimateRows="1" LogicalOp="Update" NodeId="17" Parallel="false" PhysicalOp="Clustered Index Update" EstimatedTotalSubtreeCost="0.0444678"><OutputList /><RunTimeInformation><RunTimeCountersPerThread Thread="0" ActualRows="0" Batches="0" ActualEndOfScans="1" ActualExecutions="1" ActualExecutionMode="Row" ActualElapsedms="0" ActualCPUms="0" ActualScans="0" ActualLogicalReads="0" ActualPhysicalReads="0" ActualReadAheads="0" ActualLobLogicalReads="0" ActualLobPhysicalReads="0" ActualLobReadAheads="0" /></RunTimeInformation><Update DMLRequestSort="false"><Object Database="Database1" Schema="Schema1" Table="Object20" Index="Index10" IndexKind="ViewClustered" Storage="RowStore" /><SetPredicate><ScalarOperator ScalarString="ScalarString147"><ScalarExpressionList><ScalarOperator><MultipleAssign><Assign><ColumnReference Database="Database1" Schema="Schema1" Table="Object20" Column="Column3" /><ScalarOperator><Identifier><ColumnReference Database="Database1" Schema="Schema1" Table="Object7" Alias="Object23" Column="Column3" /></Identifier></ScalarOperator></Assign><Assign><ColumnReference Database="Database1" Schema="Schema1" Table="Object20" Column="Column4" /><ScalarOperator><Identifier><ColumnReference Database="Database1" Schema="Schema1" Table="Object7" Alias="Object23" Column="Column4" /></Identifier></ScalarOperator></Assign><Assign><ColumnReference Database="Database1" Schema="Schema1" Table="Object20" Column="Column8" /><ScalarOperator><Identifier><ColumnReference Database="Database1" Schema="Schema1" Table="Object7" Alias="Object23" Column="Column8" /></Identifier></ScalarOperator></Assign><Assign><ColumnReference Database="Database1" Schema="Schema1" Table="Object20" Column="Column55" /><ScalarOperator><Identifier><ColumnReference Column="Expr1017" /></Identifier></ScalarOperator></Assign><Assign><ColumnReference Database="Database1" Schema="Schema1" Table="Object20" Column="Column1" /><ScalarOperator><Identifier><ColumnReference Column="Expr1018" /></Identifier></ScalarOperator></Assign><Assign><ColumnReference Database="Database1" Schema="Schema1" Table="Object20" Column="Column56" /><ScalarOperator><Identifier><ColumnReference Column="Expr1019" /></Identifier></ScalarOperator></Assign><Assign><ColumnReference Database="Database1" Schema="Schema1" Table="Object20" Column="Column57" /><ScalarOperator><Identifier><ColumnReference Column="Expr1020" /></Identifier></ScalarOperator></Assign><Assign><ColumnReference Database="Database1" Schema="Schema1" Table="Object20" Column="Column58" /><ScalarOperator><Identifier><ColumnReference Column="Expr1021" /></Identifier></ScalarOperator></Assign><Assign><ColumnReference Database="Database1" Schema="Schema1" Table="Object20" Column="Column59" /><ScalarOperator><Identifier><ColumnReference Column="Expr1022" /></Identifier></ScalarOperator></Assign><Assign><ColumnReference Database="Database1" Schema="Schema1" Table="Object20" Column="Column60" /><ScalarOperator><Identifier><ColumnReference Column="Expr1023" /></Identifier></ScalarOperator></Assign><Assign><ColumnReference Database="Database1" Schema="Schema1" Table="Object20" Column="Column61" /><ScalarOperator><Identifier><ColumnReference Column="Expr1024" /></Identifier></ScalarOperator></Assign><Assign><ColumnReference Database="Database1" Schema="Schema1" Table="Object20" Column="Column62" /><ScalarOperator><Identifier><ColumnReference Column="Expr1025" /></Identifier></ScalarOperator></Assign><Assign><ColumnReference Database="Database1" Schema="Schema1" Table="Object20" Column="Column63" /><ScalarOperator><Identifier><ColumnReference Column="Expr1026" /></Identifier></ScalarOperator></Assign><Assign><ColumnReference Database="Database1" Schema="Schema1" Table="Object20" Column="Column64" /><ScalarOperator><Identifier><ColumnReference Column="Expr1027" /></Identifier></ScalarOperator></Assign><Assign><ColumnReference Database="Database1" Schema="Schema1" Table="Object20" Column="Column65" /><ScalarOperator><Identifier><ColumnReference Column="Expr1028" /></Identifier></ScalarOperator></Assign><Assign><ColumnReference Database="Database1" Schema="Schema1" Table="Object20" Column="Column66" /><ScalarOperator><Identifier><ColumnReference Column="Expr1029" /></Identifier></ScalarOperator></Assign><Assign><ColumnReference Database="Database1" Schema="Schema1" Table="Object20" Column="Column67" /><ScalarOperator><Identifier><ColumnReference Column="Expr1030" /></Identifier></ScalarOperator></Assign><Assign><ColumnReference Database="Database1" Schema="Schema1" Table="Object20" Column="Column68" /><ScalarOperator><Identifier><ColumnReference Column="Expr1031" /></Identifier></ScalarOperator></Assign><Assign><ColumnReference Database="Database1" Schema="Schema1" Table="Object20" Column="Column69" /><ScalarOperator><Identifier><ColumnReference Column="Expr1032" /></Identifier></ScalarOperator></Assign></MultipleAssign></ScalarOperator></ScalarExpressionList></ScalarOperator></SetPredicate><ActionColumn><ColumnReference Column="Column115" /></ActionColumn><RelOp AvgRowSize="94" EstimateCPU="0.00010236" EstimateIO="0.013125" EstimateRebinds="0" EstimateRewinds="0" EstimatedExecutionMode="Row" EstimateRows="1" LogicalOp="Eager Spool" NodeId="19" Parallel="false" PhysicalOp="Table Spool" EstimatedTotalSubtreeCost="0.0344668"><OutputList><ColumnReference Database="Database1" Schema="Schema1" Table="Object7" Alias="Object23" Column="Column3" /><ColumnReference Database="Database1" Schema="Schema1" Table="Object7" Alias="Object23" Column="Column4" /><ColumnReference Database="Database1" Schema="Schema1" Table="Object7" Alias="Object23" Column="Column8" /><ColumnReference Column="Expr1017" /><ColumnReference Column="Expr1018" /><ColumnReference Column="Expr1019" /><ColumnReference Column="Expr1020" /><ColumnReference Column="Expr1021" /><ColumnReference Column="Expr1022" /><ColumnReference Column="Expr1023" /><ColumnReference Column="Expr1024" /><ColumnReference Column="Expr1025" /><ColumnReference Column="Expr1026" /><ColumnReference Column="Expr1027" /><ColumnReference Column="Expr1028" /><ColumnReference Column="Expr1029" /><ColumnReference Column="Expr1030" /><ColumnReference Column="Expr1031" /><ColumnReference Column="Expr1032" /><ColumnReference Column="Column115" /></OutputList><RunTimeInformation><RunTimeCountersPerThread Thread="0" ActualRebinds="1" ActualRewinds="0" ActualRows="0" Batches="0" ActualEndOfScans="1" ActualExecutions="1" ActualExecutionMode="Row" ActualElapsedms="0" ActualCPUms="0" ActualScans="1" ActualLogicalReads="0" ActualPhysicalReads="0" ActualReadAheads="0" ActualLobLogicalReads="0" ActualLobPhysicalReads="0" ActualLobReadAheads="0" /></RunTimeInformation><Spool><RelOp AvgRowSize="94" EstimateCPU="1E-07" EstimateIO="0" EstimateRebinds="0" EstimateRewinds="0" EstimatedExecutionMode="Row" EstimateRows="1" LogicalOp="Compute Scalar" NodeId="20" Parallel="false" PhysicalOp="Compute Scalar" EstimatedTotalSubtreeCost="0.0212394"><OutputList><ColumnReference Database="Database1" Schema="Schema1" Table="Object7" Alias="Object23" Column="Column3" /><ColumnReference Database="Database1" Schema="Schema1" Table="Object7" Alias="Object23" Column="Column4" /><ColumnReference Database="Database1" Schema="Schema1" Table="Object7" Alias="Object23" Column="Column8" /><ColumnReference Column="Expr1017" /><ColumnReference Column="Expr1018" /><ColumnReference Column="Expr1019" /><ColumnReference Column="Expr1020" /><ColumnReference Column="Expr1021" /><ColumnReference Column="Expr1022" /><ColumnReference Column="Expr1023" /><ColumnReference Column="Expr1024" /><ColumnReference Column="Expr1025" /><ColumnReference Column="Expr1026" /><ColumnReference Column="Expr1027" /><ColumnReference Column="Expr1028" /><ColumnReference Column="Expr1029" /><ColumnReference Column="Expr1030" /><ColumnReference Column="Expr1031" /><ColumnReference Column="Expr1032" /><ColumnReference Column="Column115" /></OutputList><ComputeScalar><DefinedValues><DefinedValue><ColumnReference Column="Expr1017" /><ScalarOperator ScalarString="ScalarString148"><IF><Condition><ScalarOperator><Logical Operation="IS NULL"><ScalarOperator><Identifier><ColumnReference Database="Database1" Schema="Schema1" Table="Object20" Column="Column55" /></Identifier></ScalarOperator></Logical></ScalarOperator></Condition><Then><ScalarOperator><Identifier><ColumnReference Column="Expr1017" /></Identifier></ScalarOperator></Then><Else><ScalarOperator><Arithmetic Operation="ADD"><ScalarOperator><Identifier><ColumnReference Database="Database1" Schema="Schema1" Table="Object20" Column="Column55" /></Identifier></ScalarOperator><ScalarOperator><Identifier><ColumnReference Column="Expr1017" /></Identifier></ScalarOperator></Arithmetic></ScalarOperator></Else></IF></ScalarOperator></DefinedValue><DefinedValue><ColumnReference Column="Expr1018" /><ScalarOperator ScalarString="ScalarString149"><IF><Condition><ScalarOperator><Logical Operation="IS NULL"><ScalarOperator><Identifier><ColumnReference Database="Database1" Schema="Schema1" Table="Object20" Column="Column1" /></Identifier></ScalarOperator></Logical></ScalarOperator></Condition><Then><ScalarOperator><Identifier><ColumnReference Column="Expr1018" /></Identifier></ScalarOperator></Then><Else><ScalarOperator><Arithmetic Operation="ADD"><ScalarOperator><Identifier><ColumnReference Database="Database1" Schema="Schema1" Table="Object20" Column="Column1" /></Identifier></ScalarOperator><ScalarOperator><Identifier><ColumnReference Column="Expr1018" /></Identifier></ScalarOperator></Arithmetic></ScalarOperator></Else></IF></ScalarOperator></DefinedValue><DefinedValue><ColumnReference Column="Expr1019" /><ScalarOperator ScalarString="ScalarString150"><IF><Condition><ScalarOperator><Logical Operation="IS NULL"><ScalarOperator><Identifier><ColumnReference Database="Database1" Schema="Schema1" Table="Object20" Column="Column56" /></Identifier></ScalarOperator></Logical></ScalarOperator></Condition><Then><ScalarOperator><Identifier><ColumnReference Column="Expr1019" /></Identifier></ScalarOperator></Then><Else><ScalarOperator><Arithmetic Operation="ADD"><ScalarOperator><Identifier><ColumnReference Database="Database1" Schema="Schema1" Table="Object20" Column="Column56" /></Identifier></ScalarOperator><ScalarOperator><Identifier><ColumnReference Column="Expr1019" /></Identifier></ScalarOperator></Arithmetic></ScalarOperator></Else></IF></ScalarOperator></DefinedValue><DefinedValue><ColumnReference Column="Expr1020" /><ScalarOperator ScalarString="ScalarString151"><IF><Condition><ScalarOperator><Logical Operation="IS NULL"><ScalarOperator><Identifier><ColumnReference Database="Database1" Schema="Schema1" Table="Object20" Column="Column57" /></Identifier></ScalarOperator></Logical></ScalarOperator></Condition><Then><ScalarOperator><Identifier><ColumnReference Column="Expr1020" /></Identifier></ScalarOperator></Then><Else><ScalarOperator><Arithmetic Operation="ADD"><ScalarOperator><Identifier><ColumnReference Database="Database1" Schema="Schema1" Table="Object20" Column="Column57" /></Identifier></ScalarOperator><ScalarOperator><Identifier><ColumnReference Column="Expr1020" /></Identifier></ScalarOperator></Arithmetic></ScalarOperator></Else></IF></ScalarOperator></DefinedValue><DefinedValue><ColumnReference Column="Expr1021" /><ScalarOperator ScalarString="ScalarString152"><IF><Condition><ScalarOperator><Logical Operation="IS NULL"><ScalarOperator><Identifier><ColumnReference Database="Database1" Schema="Schema1" Table="Object20" Column="Column58" /></Identifier></ScalarOperator></Logical></ScalarOperator></Condition><Then><ScalarOperator><Identifier><ColumnReference Column="Expr1021" /></Identifier></ScalarOperator></Then><Else><ScalarOperator><Arithmetic Operation="ADD"><ScalarOperator><Identifier><ColumnReference Database="Database1" Schema="Schema1" Table="Object20" Column="Column58" /></Identifier></ScalarOperator><ScalarOperator><Identifier><ColumnReference Column="Expr1021" /></Identifier></ScalarOperator></Arithmetic></ScalarOperator></Else></IF></ScalarOperator></DefinedValue><DefinedValue><ColumnReference Column="Expr1022" /><ScalarOperator ScalarString="ScalarString153"><IF><Condition><ScalarOperator><Logical Operation="IS NULL"><ScalarOperator><Identifier><ColumnReference Database="Database1" Schema="Schema1" Table="Object20" Column="Column59" /></Identifier></ScalarOperator></Logical></ScalarOperator></Condition><Then><ScalarOperator><Identifier><ColumnReference Column="Expr1022" /></Identifier></ScalarOperator></Then><Else><ScalarOperator><Arithmetic Operation="ADD"><ScalarOperator><Identifier><ColumnReference Database="Database1" Schema="Schema1" Table="Object20" Column="Column59" /></Identifier></ScalarOperator><ScalarOperator><Identifier><ColumnReference Column="Expr1022" /></Identifier></ScalarOperator></Arithmetic></ScalarOperator></Else></IF></ScalarOperator></DefinedValue><DefinedValue><ColumnReference Column="Expr1023" /><ScalarOperator ScalarString="ScalarString154"><IF><Condition><ScalarOperator><Logical Operation="IS NULL"><ScalarOperator><Identifier><ColumnReference Database="Database1" Schema="Schema1" Table="Object20" Column="Column60" /></Identifier></ScalarOperator></Logical></ScalarOperator></Condition><Then><ScalarOperator><Identifier><ColumnReference Column="Expr1023" /></Identifier></ScalarOperator></Then><Else><ScalarOperator><Arithmetic Operation="ADD"><ScalarOperator><Identifier><ColumnReference Database="Database1" Schema="Schema1" Table="Object20" Column="Column60" /></Identifier></ScalarOperator><ScalarOperator><Identifier><ColumnReference Column="Expr1023" /></Identifier></ScalarOperator></Arithmetic></ScalarOperator></Else></IF></ScalarOperator></DefinedValue><DefinedValue><ColumnReference Column="Expr1024" /><ScalarOperator ScalarString="ScalarString155"><IF><Condition><ScalarOperator><Logical Operation="IS NULL"><ScalarOperator><Identifier><ColumnReference Database="Database1" Schema="Schema1" Table="Object20" Column="Column61" /></Identifier></ScalarOperator></Logical></ScalarOperator></Condition><Then><ScalarOperator><Identifier><ColumnReference Column="Expr1024" /></Identifier></ScalarOperator></Then><Else><ScalarOperator><Arithmetic Operation="ADD"><ScalarOperator><Identifier><ColumnReference Database="Database1" Schema="Schema1" Table="Object20" Column="Column61" /></Identifier></ScalarOperator><ScalarOperator><Identifier><ColumnReference Column="Expr1024" /></Identifier></ScalarOperator></Arithmetic></ScalarOperator></Else></IF></ScalarOperator></DefinedValue><DefinedValue><ColumnReference Column="Expr1025" /><ScalarOperator ScalarString="ScalarString156"><IF><Condition><ScalarOperator><Logical Operation="IS NULL"><ScalarOperator><Identifier><ColumnReference Database="Database1" Schema="Schema1" Table="Object20" Column="Column62" /></Identifier></ScalarOperator></Logical></ScalarOperator></Condition><Then><ScalarOperator><Identifier><ColumnReference Column="Expr1025" /></Identifier></ScalarOperator></Then><Else><ScalarOperator><Arithmetic Operation="ADD"><ScalarOperator><Identifier><ColumnReference Database="Database1" Schema="Schema1" Table="Object20" Column="Column62" /></Identifier></ScalarOperator><ScalarOperator><Identifier><ColumnReference Column="Expr1025" /></Identifier></ScalarOperator></Arithmetic></ScalarOperator></Else></IF></ScalarOperator></DefinedValue><DefinedValue><ColumnReference Column="Expr1026" /><ScalarOperator ScalarString="ScalarString157"><IF><Condition><ScalarOperator><Logical Operation="IS NULL"><ScalarOperator><Identifier><ColumnReference Database="Database1" Schema="Schema1" Table="Object20" Column="Column63" /></Identifier></ScalarOperator></Logical></ScalarOperator></Condition><Then><ScalarOperator><Identifier><ColumnReference Column="Expr1026" /></Identifier></ScalarOperator></Then><Else><ScalarOperator><Arithmetic Operation="ADD"><ScalarOperator><Identifier><ColumnReference Database="Database1" Schema="Schema1" Table="Object20" Column="Column63" /></Identifier></ScalarOperator><ScalarOperator><Identifier><ColumnReference Column="Expr1026" /></Identifier></ScalarOperator></Arithmetic></ScalarOperator></Else></IF></ScalarOperator></DefinedValue><DefinedValue><ColumnReference Column="Expr1027" /><ScalarOperator ScalarString="ScalarString158"><IF><Condition><ScalarOperator><Logical Operation="IS NULL"><ScalarOperator><Identifier><ColumnReference Database="Database1" Schema="Schema1" Table="Object20" Column="Column64" /></Identifier></ScalarOperator></Logical></ScalarOperator></Condition><Then><ScalarOperator><Identifier><ColumnReference Column="Expr1027" /></Identifier></ScalarOperator></Then><Else><ScalarOperator><Arithmetic Operation="ADD"><ScalarOperator><Identifier><ColumnReference Database="Database1" Schema="Schema1" Table="Object20" Column="Column64" /></Identifier></ScalarOperator><ScalarOperator><Identifier><ColumnReference Column="Expr1027" /></Identifier></ScalarOperator></Arithmetic></ScalarOperator></Else></IF></ScalarOperator></DefinedValue><DefinedValue><ColumnReference Column="Expr1028" /><ScalarOperator ScalarString="ScalarString159"><IF><Condition><ScalarOperator><Logical Operation="IS NULL"><ScalarOperator><Identifier><ColumnReference Database="Database1" Schema="Schema1" Table="Object20" Column="Column65" /></Identifier></ScalarOperator></Logical></ScalarOperator></Condition><Then><ScalarOperator><Identifier><ColumnReference Column="Expr1028" /></Identifier></ScalarOperator></Then><Else><ScalarOperator><Arithmetic Operation="ADD"><ScalarOperator><Identifier><ColumnReference Database="Database1" Schema="Schema1" Table="Object20" Column="Column65" /></Identifier></ScalarOperator><ScalarOperator><Identifier><ColumnReference Column="Expr1028" /></Identifier></ScalarOperator></Arithmetic></ScalarOperator></Else></IF></ScalarOperator></DefinedValue><DefinedValue><ColumnReference Column="Expr1029" /><ScalarOperator ScalarString="ScalarString160"><IF><Condition><ScalarOperator><Logical Operation="IS NULL"><ScalarOperator><Identifier><ColumnReference Database="Database1" Schema="Schema1" Table="Object20" Column="Column66" /></Identifier></ScalarOperator></Logical></ScalarOperator></Condition><Then><ScalarOperator><Identifier><ColumnReference Column="Expr1029" /></Identifier></ScalarOperator></Then><Else><ScalarOperator><Arithmetic Operation="ADD"><ScalarOperator><Identifier><ColumnReference Database="Database1" Schema="Schema1" Table="Object20" Column="Column66" /></Identifier></ScalarOperator><ScalarOperator><Identifier><ColumnReference Column="Expr1029" /></Identifier></ScalarOperator></Arithmetic></ScalarOperator></Else></IF></ScalarOperator></DefinedValue><DefinedValue><ColumnReference Column="Expr1030" /><ScalarOperator ScalarString="ScalarString161"><IF><Condition><ScalarOperator><Logical Operation="IS NULL"><ScalarOperator><Identifier><ColumnReference Database="Database1" Schema="Schema1" Table="Object20" Column="Column67" /></Identifier></ScalarOperator></Logical></ScalarOperator></Condition><Then><ScalarOperator><Identifier><ColumnReference Column="Expr1030" /></Identifier></ScalarOperator></Then><Else><ScalarOperator><Arithmetic Operation="ADD"><ScalarOperator><Identifier><ColumnReference Database="Database1" Schema="Schema1" Table="Object20" Column="Column67" /></Identifier></ScalarOperator><ScalarOperator><Identifier><ColumnReference Column="Expr1030" /></Identifier></ScalarOperator></Arithmetic></ScalarOperator></Else></IF></ScalarOperator></DefinedValue><DefinedValue><ColumnReference Column="Expr1031" /><ScalarOperator ScalarString="ScalarString162"><IF><Condition><ScalarOperator><Logical Operation="IS NULL"><ScalarOperator><Identifier><ColumnReference Database="Database1" Schema="Schema1" Table="Object20" Column="Column68" /></Identifier></ScalarOperator></Logical></ScalarOperator></Condition><Then><ScalarOperator><Identifier><ColumnReference Column="Expr1031" /></Identifier></ScalarOperator></Then><Else><ScalarOperator><Arithmetic Operation="ADD"><ScalarOperator><Identifier><ColumnReference Database="Database1" Schema="Schema1" Table="Object20" Column="Column68" /></Identifier></ScalarOperator><ScalarOperator><Identifier><ColumnReference Column="Expr1031" /></Identifier></ScalarOperator></Arithmetic></ScalarOperator></Else></IF></ScalarOperator></DefinedValue><DefinedValue><ColumnReference Column="Expr1032" /><ScalarOperator ScalarString="ScalarString163"><IF><Condition><ScalarOperator><Logical Operation="IS NULL"><ScalarOperator><Identifier><ColumnReference Database="Database1" Schema="Schema1" Table="Object20" Column="Column69" /></Identifier></ScalarOperator></Logical></ScalarOperator></Condition><Then><ScalarOperator><Identifier><ColumnReference Column="Expr1032" /></Identifier></ScalarOperator></Then><Else><ScalarOperator><Arithmetic Operation="ADD"><ScalarOperator><Identifier><ColumnReference Database="Database1" Schema="Schema1" Table="Object20" Column="Column69" /></Identifier></ScalarOperator><ScalarOperator><Identifier><ColumnReference Column="Expr1032" /></Identifier></ScalarOperator></Arithmetic></ScalarOperator></Else></IF></ScalarOperator></DefinedValue><DefinedValue><ColumnReference Column="Column115" /><ScalarOperator ScalarString="ScalarString164"><IF><Condition><ScalarOperator><Logical Operation="IS NULL"><ScalarOperator><Identifier><ColumnReference Database="Database1" Schema="Schema1" Table="Object20" Column="Column69" /></Identifier></ScalarOperator></Logical></ScalarOperator></Condition><Then><ScalarOperator><Const ConstValue="Value2" /></ScalarOperator></Then><Else><ScalarOperator><Const ConstValue="Value6" /></ScalarOperator></Else></IF></ScalarOperator></DefinedValue></DefinedValues><RelOp AvgRowSize="160" EstimateCPU="4.18E-06" EstimateIO="0" EstimateRebinds="0" EstimateRewinds="0" EstimatedExecutionMode="Row" EstimateRows="1" LogicalOp="Left Outer Join" NodeId="21" Parallel="false" PhysicalOp="Nested Loops" EstimatedTotalSubtreeCost="0.0212393"><OutputList><ColumnReference Database="Database1" Schema="Schema1" Table="Object7" Alias="Object23" Column="Column3" /><ColumnReference Database="Database1" Schema="Schema1" Table="Object7" Alias="Object23" Column="Column4" /><ColumnReference Database="Database1" Schema="Schema1" Table="Object7" Alias="Object23" Column="Column8" /><ColumnReference Column="Expr1017" /><ColumnReference Column="Expr1018" /><ColumnReference Column="Expr1019" /><ColumnReference Column="Expr1020" /><ColumnReference Column="Expr1021" /><ColumnReference Column="Expr1022" /><ColumnReference Column="Expr1023" /><ColumnReference Column="Expr1024" /><ColumnReference Column="Expr1025" /><ColumnReference Column="Expr1026" /><ColumnReference Column="Expr1027" /><ColumnReference Column="Expr1028" /><ColumnReference Column="Expr1029" /><ColumnReference Column="Expr1030" /><ColumnReference Column="Expr1031" /><ColumnReference Column="Expr1032" /><ColumnReference Database="Database1" Schema="Schema1" Table="Object20" Column="Column69" /><ColumnReference Database="Database1" Schema="Schema1" Table="Object20" Column="Column55" /><ColumnReference Database="Database1" Schema="Schema1" Table="Object20" Column="Column1" /><ColumnReference Database="Database1" Schema="Schema1" Table="Object20" Column="Column56" /><ColumnReference Database="Database1" Schema="Schema1" Table="Object20" Column="Column57" /><ColumnReference Database="Database1" Schema="Schema1" Table="Object20" Column="Column58" /><ColumnReference Database="Database1" Schema="Schema1" Table="Object20" Column="Column59" /><ColumnReference Database="Database1" Schema="Schema1" Table="Object20" Column="Column60" /><ColumnReference Database="Database1" Schema="Schema1" Table="Object20" Column="Column61" /><ColumnReference Database="Database1" Schema="Schema1" Table="Object20" Column="Column62" /><ColumnReference Database="Database1" Schema="Schema1" Table="Object20" Column="Column63" /><ColumnReference Database="Database1" Schema="Schema1" Table="Object20" Column="Column64" /><ColumnReference Database="Database1" Schema="Schema1" Table="Object20" Column="Column65" /><ColumnReference Database="Database1" Schema="Schema1" Table="Object20" Column="Column66" /><ColumnReference Database="Database1" Schema="Schema1" Table="Object20" Column="Column67" /><ColumnReference Database="Database1" Schema="Schema1" Table="Object20" Column="Column68" /></OutputList><RunTimeInformation><RunTimeCountersPerThread Thread="0" ActualRows="0" Batches="0" ActualEndOfScans="1" ActualExecutions="1" ActualExecutionMode="Row" ActualElapsedms="0" ActualCPUms="0" /></RunTimeInformation><NestedLoops Optimized="false"><OuterReferences><ColumnReference Database="Database1" Schema="Schema1" Table="Object7" Alias="Object23" Column="Column3" /><ColumnReference Database="Database1" Schema="Schema1" Table="Object7" Alias="Object23" Column="Column4" /><ColumnReference Database="Database1" Schema="Schema1" Table="Object7" Alias="Object23" Column="Column8" /></OuterReferences><RelOp AvgRowSize="90" EstimateCPU="1.1E-06" EstimateIO="0" EstimateRebinds="0" EstimateRewinds="0" EstimatedExecutionMode="Row" EstimateRows="1" LogicalOp="Aggregate" NodeId="22" Parallel="false" PhysicalOp="Stream Aggregate" EstimatedTotalSubtreeCost="0.0179516"><OutputList><ColumnReference Database="Database1" Schema="Schema1" Table="Object7" Alias="Object23" Column="Column3" /><ColumnReference Database="Database1" Schema="Schema1" Table="Object7" Alias="Object23" Column="Column4" /><ColumnReference Database="Database1" Schema="Schema1" Table="Object7" Alias="Object23" Column="Column8" /><ColumnReference Column="Expr1017" /><ColumnReference Column="Expr1018" /><ColumnReference Column="Expr1019" /><ColumnReference Column="Expr1020" /><ColumnReference Column="Expr1021" /><ColumnReference Column="Expr1022" /><ColumnReference Column="Expr1023" /><ColumnReference Column="Expr1024" /><ColumnReference Column="Expr1025" /><ColumnReference Column="Expr1026" /><ColumnReference Column="Expr1027" /><ColumnReference Column="Expr1028" /><ColumnReference Column="Expr1029" /><ColumnReference Column="Expr1030" /><ColumnReference Column="Expr1031" /><ColumnReference Column="Expr1032" /></OutputList><RunTimeInformation><RunTimeCountersPerThread Thread="0" ActualRows="0" Batches="0" ActualEndOfScans="1" ActualExecutions="1" ActualExecutionMode="Row" ActualElapsedms="0" ActualCPUms="0" /></RunTimeInformation><StreamAggregate><DefinedValues><DefinedValue><ColumnReference Column="Expr1032" /><ScalarOperator ScalarString="ScalarString165"><Aggregate AggType="countstar" Distinct="false" /></ScalarOperator></DefinedValue><DefinedValue><ColumnReference Column="Expr1017" /><ScalarOperator ScalarString="ScalarString166"><Aggregate AggType="SUM" Distinct="false"><ScalarOperator><Identifier><ColumnReference Database="Database1" Schema="Schema1" Table="Object7" Column="Column1" /></Identifier></ScalarOperator></Aggregate></ScalarOperator></DefinedValue><DefinedValue><ColumnReference Column="Expr1018" /><ScalarOperator ScalarString="ScalarString167"><Aggregate AggType="SUM" Distinct="false"><ScalarOperator><Identifier><ColumnReference Column="Expr1039" /></Identifier></ScalarOperator></Aggregate></ScalarOperator></DefinedValue><DefinedValue><ColumnReference Column="Expr1019" /><ScalarOperator ScalarString="ScalarString168"><Aggregate AggType="SUM" Distinct="false"><ScalarOperator><Identifier><ColumnReference Column="Expr1040" /></Identifier></ScalarOperator></Aggregate></ScalarOperator></DefinedValue><DefinedValue><ColumnReference Column="Expr1020" /><ScalarOperator ScalarString="ScalarString169"><Aggregate AggType="SUM" Distinct="false"><ScalarOperator><Identifier><ColumnReference Column="Expr1041" /></Identifier></ScalarOperator></Aggregate></ScalarOperator></DefinedValue><DefinedValue><ColumnReference Column="Expr1021" /><ScalarOperator ScalarString="ScalarString170"><Aggregate AggType="SUM" Distinct="false"><ScalarOperator><Identifier><ColumnReference Column="Expr1042" /></Identifier></ScalarOperator></Aggregate></ScalarOperator></DefinedValue><DefinedValue><ColumnReference Column="Expr1022" /><ScalarOperator ScalarString="ScalarString171"><Aggregate AggType="SUM" Distinct="false"><ScalarOperator><Identifier><ColumnReference Column="Expr1043" /></Identifier></ScalarOperator></Aggregate></ScalarOperator></DefinedValue><DefinedValue><ColumnReference Column="Expr1023" /><ScalarOperator ScalarString="ScalarString172"><Aggregate AggType="SUM" Distinct="false"><ScalarOperator><Identifier><ColumnReference Column="Expr1044" /></Identifier></ScalarOperator></Aggregate></ScalarOperator></DefinedValue><DefinedValue><ColumnReference Column="Expr1024" /><ScalarOperator ScalarString="ScalarString173"><Aggregate AggType="SUM" Distinct="false"><ScalarOperator><Identifier><ColumnReference Column="Expr1045" /></Identifier></ScalarOperator></Aggregate></ScalarOperator></DefinedValue><DefinedValue><ColumnReference Column="Expr1025" /><ScalarOperator ScalarString="ScalarString174"><Aggregate AggType="SUM" Distinct="false"><ScalarOperator><Identifier><ColumnReference Column="Expr1046" /></Identifier></ScalarOperator></Aggregate></ScalarOperator></DefinedValue><DefinedValue><ColumnReference Column="Expr1026" /><ScalarOperator ScalarString="ScalarString175"><Aggregate AggType="SUM" Distinct="false"><ScalarOperator><Identifier><ColumnReference Column="Expr1047" /></Identifier></ScalarOperator></Aggregate></ScalarOperator></DefinedValue><DefinedValue><ColumnReference Column="Expr1027" /><ScalarOperator ScalarString="ScalarString176"><Aggregate AggType="SUM" Distinct="false"><ScalarOperator><Identifier><ColumnReference Column="Expr1048" /></Identifier></ScalarOperator></Aggregate></ScalarOperator></DefinedValue><DefinedValue><ColumnReference Column="Expr1028" /><ScalarOperator ScalarString="ScalarString177"><Aggregate AggType="SUM" Distinct="false"><ScalarOperator><Identifier><ColumnReference Column="Expr1049" /></Identifier></ScalarOperator></Aggregate></ScalarOperator></DefinedValue><DefinedValue><ColumnReference Column="Expr1029" /><ScalarOperator ScalarString="ScalarString178"><Aggregate AggType="SUM" Distinct="false"><ScalarOperator><Identifier><ColumnReference Column="Expr1050" /></Identifier></ScalarOperator></Aggregate></ScalarOperator></DefinedValue><DefinedValue><ColumnReference Column="Expr1030" /><ScalarOperator ScalarString="ScalarString179"><Aggregate AggType="SUM" Distinct="false"><ScalarOperator><Identifier><ColumnReference Column="Expr1051" /></Identifier></ScalarOperator></Aggregate></ScalarOperator></DefinedValue><DefinedValue><ColumnReference Column="Expr1031" /><ScalarOperator ScalarString="ScalarString180"><Aggregate AggType="SUM" Distinct="false"><ScalarOperator><Identifier><ColumnReference Column="Expr1052" /></Identifier></ScalarOperator></Aggregate></ScalarOperator></DefinedValue><DefinedValue><ColumnReference Database="Database1" Schema="Schema1" Table="Object7" Alias="Object23" Column="Column3" /><ScalarOperator ScalarString="ScalarString181"><Aggregate AggType="ANY" Distinct="false"><ScalarOperator><Identifier><ColumnReference Database="Database1" Schema="Schema1" Table="Object7" Column="Column3" /></Identifier></ScalarOperator></Aggregate></ScalarOperator></DefinedValue><DefinedValue><ColumnReference Database="Database1" Schema="Schema1" Table="Object7" Alias="Object23" Column="Column4" /><ScalarOperator ScalarString="ScalarString182"><Aggregate AggType="ANY" Distinct="false"><ScalarOperator><Identifier><ColumnReference Database="Database1" Schema="Schema1" Table="Object7" Column="Column4" /></Identifier></ScalarOperator></Aggregate></ScalarOperator></DefinedValue><DefinedValue><ColumnReference Database="Database1" Schema="Schema1" Table="Object7" Alias="Object23" Column="Column8" /><ScalarOperator ScalarString="ScalarString183"><Aggregate AggType="ANY" Distinct="false"><ScalarOperator><Identifier><ColumnReference Database="Database1" Schema="Schema1" Table="Object7" Column="Column8" /></Identifier></ScalarOperator></Aggregate></ScalarOperator></DefinedValue></DefinedValues><RelOp AvgRowSize="90" EstimateCPU="3.34912E-05" EstimateIO="0" EstimateRebinds="0" EstimateRewinds="0" EstimatedExecutionMode="Row" EstimateRows="1" LogicalOp="Eager Spool" NodeId="24" Parallel="false" PhysicalOp="Table Spool" EstimatedTotalSubtreeCost="0.0179505"><OutputList><ColumnReference Database="Database1" Schema="Schema1" Table="Object7" Column="Column3" /><ColumnReference Database="Database1" Schema="Schema1" Table="Object7" Column="Column2" /><ColumnReference Database="Database1" Schema="Schema1" Table="Object7" Column="Column4" /><ColumnReference Database="Database1" Schema="Schema1" Table="Object7" Column="Column1" /><ColumnReference Database="Database1" Schema="Schema1" Table="Object7" Column="Column5" /><ColumnReference Database="Database1" Schema="Schema1" Table="Object7" Column="Column8" /><ColumnReference Column="Expr1039" /><ColumnReference Column="Expr1040" /><ColumnReference Column="Expr1041" /><ColumnReference Column="Expr1042" /><ColumnReference Column="Expr1043" /><ColumnReference Column="Expr1044" /><ColumnReference Column="Expr1045" /><ColumnReference Column="Expr1046" /><ColumnReference Column="Expr1047" /><ColumnReference Column="Expr1048" /><ColumnReference Column="Expr1049" /><ColumnReference Column="Expr1050" /><ColumnReference Column="Expr1051" /><ColumnReference Column="Expr1052" /></OutputList><RunTimeInformation><RunTimeCountersPerThread Thread="0" ActualRebinds="1" ActualRewinds="0" ActualRows="0" Batches="0" ActualEndOfScans="1" ActualExecutions="1" ActualExecutionMode="Row" ActualElapsedms="0" ActualCPUms="0" ActualScans="0" ActualLogicalReads="0" ActualPhysicalReads="0" ActualReadAheads="0" ActualLobLogicalReads="0" ActualLobPhysicalReads="0" ActualLobReadAheads="0" /></RunTimeInformation><Spool PrimaryNodeId="4" /></RelOp></StreamAggregate></RelOp><RelOp AvgRowSize="78" EstimateCPU="0.0001581" EstimateIO="0.003125" EstimateRebinds="0" EstimateRewinds="0" EstimatedExecutionMode="Row" EstimateRows="1" EstimatedRowsRead="1" LogicalOp="Clustered Index Seek" NodeId="25" Parallel="false" PhysicalOp="Clustered Index Seek" EstimatedTotalSubtreeCost="0.0032831" TableCardinality="2388260"><OutputList><ColumnReference Database="Database1" Schema="Schema1" Table="Object20" Column="Column69" /><ColumnReference Database="Database1" Schema="Schema1" Table="Object20" Column="Column55" /><ColumnReference Database="Database1" Schema="Schema1" Table="Object20" Column="Column1" /><ColumnReference Database="Database1" Schema="Schema1" Table="Object20" Column="Column56" /><ColumnReference Database="Database1" Schema="Schema1" Table="Object20" Column="Column57" /><ColumnReference Database="Database1" Schema="Schema1" Table="Object20" Column="Column58" /><ColumnReference Database="Database1" Schema="Schema1" Table="Object20" Column="Column59" /><ColumnReference Database="Database1" Schema="Schema1" Table="Object20" Column="Column60" /><ColumnReference Database="Database1" Schema="Schema1" Table="Object20" Column="Column61" /><ColumnReference Database="Database1" Schema="Schema1" Table="Object20" Column="Column62" /><ColumnReference Database="Database1" Schema="Schema1" Table="Object20" Column="Column63" /><ColumnReference Database="Database1" Schema="Schema1" Table="Object20" Column="Column64" /><ColumnReference Database="Database1" Schema="Schema1" Table="Object20" Column="Column65" /><ColumnReference Database="Database1" Schema="Schema1" Table="Object20" Column="Column66" /><ColumnReference Database="Database1" Schema="Schema1" Table="Object20" Column="Column67" /><ColumnReference Database="Database1" Schema="Schema1" Table="Object20" Column="Column68" /></OutputList><RunTimeInformation><RunTimeCountersPerThread Thread="0" ActualRows="0" Batches="0" ActualEndOfScans="0" ActualExecutions="0" ActualExecutionMode="Row" ActualElapsedms="0" ActualCPUms="0" ActualScans="0" ActualLogicalReads="0" ActualPhysicalReads="0" ActualReadAheads="0" ActualLobLogicalReads="0" ActualLobPhysicalReads="0" ActualLobReadAheads="0" /></RunTimeInformation><IndexScan Ordered="true" ScanDirection="FORWARD" ForcedIndex="false" ForceSeek="false" ForceScan="false" NoExpandHint="true" Storage="RowStore"><DefinedValues><DefinedValue><ColumnReference Database="Database1" Schema="Schema1" Table="Object20" Column="Column69" /></DefinedValue><DefinedValue><ColumnReference Database="Database1" Schema="Schema1" Table="Object20" Column="Column55" /></DefinedValue><DefinedValue><ColumnReference Database="Database1" Schema="Schema1" Table="Object20" Column="Column1" /></DefinedValue><DefinedValue><ColumnReference Database="Database1" Schema="Schema1" Table="Object20" Column="Column56" /></DefinedValue><DefinedValue><ColumnReference Database="Database1" Schema="Schema1" Table="Object20" Column="Column57" /></DefinedValue><DefinedValue><ColumnReference Database="Database1" Schema="Schema1" Table="Object20" Column="Column58" /></DefinedValue><DefinedValue><ColumnReference Database="Database1" Schema="Schema1" Table="Object20" Column="Column59" /></DefinedValue><DefinedValue><ColumnReference Database="Database1" Schema="Schema1" Table="Object20" Column="Column60" /></DefinedValue><DefinedValue><ColumnReference Database="Database1" Schema="Schema1" Table="Object20" Column="Column61" /></DefinedValue><DefinedValue><ColumnReference Database="Database1" Schema="Schema1" Table="Object20" Column="Column62" /></DefinedValue><DefinedValue><ColumnReference Database="Database1" Schema="Schema1" Table="Object20" Column="Column63" /></DefinedValue><DefinedValue><ColumnReference Database="Database1" Schema="Schema1" Table="Object20" Column="Column64" /></DefinedValue><DefinedValue><ColumnReference Database="Database1" Schema="Schema1" Table="Object20" Column="Column65" /></DefinedValue><DefinedValue><ColumnReference Database="Database1" Schema="Schema1" Table="Object20" Column="Column66" /></DefinedValue><DefinedValue><ColumnReference Database="Database1" Schema="Schema1" Table="Object20" Column="Column67" /></DefinedValue><DefinedValue><ColumnReference Database="Database1" Schema="Schema1" Table="Object20" Column="Column68" /></DefinedValue></DefinedValues><Object Database="Database1" Schema="Schema1" Table="Object20" Index="Index10" IndexKind="ViewClustered" Storage="RowStore" /><SeekPredicates><SeekPredicateNew><SeekKeys><Prefix ScanType="EQ"><RangeColumns><ColumnReference Database="Database1" Schema="Schema1" Table="Object20" Column="Column3" /><ColumnReference Database="Database1" Schema="Schema1" Table="Object20" Column="Column4" /></RangeColumns><RangeExpressions><ScalarOperator ScalarString="ScalarString98"><Identifier><ColumnReference Database="Database1" Schema="Schema1" Table="Object7" Alias="Object23" Column="Column3" /></Identifier></ScalarOperator><ScalarOperator ScalarString="ScalarString99"><Identifier><ColumnReference Database="Database1" Schema="Schema1" Table="Object7" Alias="Object23" Column="Column4" /></Identifier></ScalarOperator></RangeExpressions></Prefix></SeekKeys></SeekPredicateNew></SeekPredicates><Predicate><ScalarOperator ScalarString="ScalarString184"><Compare CompareOp="IS"><ScalarOperator><Identifier><ColumnReference Database="Database1" Schema="Schema1" Table="Object7" Alias="Object23" Column="Column8" /></Identifier></ScalarOperator><ScalarOperator><Identifier><ColumnReference Database="Database1" Schema="Schema1" Table="Object20" Column="Column8" /></Identifier></ScalarOperator></Compare></ScalarOperator></Predicate></IndexScan></RelOp></NestedLoops></RelOp></ComputeScalar></RelOp></Spool></RelOp></Update></RelOp><RelOp AvgRowSize="90" EstimateCPU="3.34912E-05" EstimateIO="0" EstimateRebinds="0" EstimateRewinds="0" EstimatedExecutionMode="Row" EstimateRows="1" LogicalOp="Eager Spool" NodeId="26" Parallel="false" PhysicalOp="Table Spool" EstimatedTotalSubtreeCost="0.0179505"><OutputList><ColumnReference Database="Database1" Schema="Schema1" Table="Object7" Column="Column3" /><ColumnReference Database="Database1" Schema="Schema1" Table="Object7" Column="Column2" /><ColumnReference Database="Database1" Schema="Schema1" Table="Object7" Column="Column4" /><ColumnReference Database="Database1" Schema="Schema1" Table="Object7" Column="Column1" /><ColumnReference Database="Database1" Schema="Schema1" Table="Object7" Column="Column5" /><ColumnReference Database="Database1" Schema="Schema1" Table="Object7" Column="Column8" /><ColumnReference Column="Expr1039" /><ColumnReference Column="Expr1040" /><ColumnReference Column="Expr1041" /><ColumnReference Column="Expr1042" /><ColumnReference Column="Expr1043" /><ColumnReference Column="Expr1044" /><ColumnReference Column="Expr1045" /><ColumnReference Column="Expr1046" /><ColumnReference Column="Expr1047" /><ColumnReference Column="Expr1048" /><ColumnReference Column="Expr1049" /><ColumnReference Column="Expr1050" /><ColumnReference Column="Expr1051" /><ColumnReference Column="Expr1052" /></OutputList><RunTimeInformation><RunTimeCountersPerThread Thread="0" ActualRebinds="1" ActualRewinds="0" ActualRows="0" Batches="0" ActualEndOfScans="1" ActualExecutions="1" ActualExecutionMode="Row" ActualElapsedms="0" ActualCPUms="0" ActualScans="0" ActualLogicalReads="0" ActualPhysicalReads="0" ActualReadAheads="0" ActualLobLogicalReads="0" ActualLobPhysicalReads="0" ActualLobReadAheads="0" /></RunTimeInformation><Spool PrimaryNodeId="4" /></RelOp></Sequence></RelOp></ComputeScalar></RelOp></Update></RelOp><ParameterList><ColumnReference Column="Column30" ParameterDataType="int" ParameterCompiledValue="Value3" ParameterRuntimeValue="Value3" /><ColumnReference Column="Column29" ParameterDataType="bigint" ParameterCompiledValue="Value4" ParameterRuntimeValue="Value4" /></ParameterList></QueryPlan></StmtSimple></Statements></Batch><Batch><Statements><StmtSimple StatementCompId="27" StatementEstRows="1" StatementId="8" StatementOptmLevel="FULL" StatementOptmEarlyAbortReason="GoodEnoughPlanFound" CardinalityEstimationModelVersion="140" StatementSubTreeCost="0.0847851" StatementText="UPDATE Object11&#xD;&#xA;&#x9;SET&#xD;&#xA;&#x9;&#x9;Column11 = Object12.Column7,&#xD;&#xA;&#x9;&#x9;Column12 = Object12.Column7&#xD;&#xA;&#x9;FROM Schema1.Object14 Object11 WITH (XLOCK)&#xD;&#xA;&#x9;INNER JOIN Schema1.Object2 Object1 &#xD;&#xA;&#x9;&#x9;ON Object1.Column13 = Object11.Column13&#xD;&#xA;&#x9;&#x9;AND Object1.Column14 = Object11.Column14&#xD;&#xA;&#x9;&#x9;AND Object1.Column15 = Object11.Column15&#xD;&#xA;&#x9;INNER JOIN Object9 Object12&#xD;&#xA;&#x9;&#x9;ON Object12.Column4 = Object1.Column4&#xD;&#xA;&#x9;&#x9;AND Object12.Column3 = Object1.Column3" StatementType="UPDATE" QueryHash="0xF827692DE2BCCA96" QueryPlanHash="0xD39EA5D92B8323D1" RetrievedFromCache="true" StatementSqlHandle="0x0900F29FCD353AC9E29959925C007C6878630000000000000000000000000000000000000000000000000000" DatabaseContextSettingsId="26" ParentObjectId="1676037948" StatementParameterizationType="0" SecurityPolicyApplied="false"><StatementSetOptions ANSI_NULLS="true" ANSI_PADDING="true" ANSI_WARNINGS="true" ARITHABORT="true" CONCAT_NULL_YIELDS_NULL="true" NUMERIC_ROUNDABORT="false" QUOTED_IDENTIFIER="true" /><QueryPlan DegreeOfParallelism="1" MemoryGrant="1024" CachedPlanSize="168" CompileTime="15" CompileCPU="14" CompileMemory="1216"><MemoryGrantInfo SerialRequiredMemory="512" SerialDesiredMemory="544" RequiredMemory="512" DesiredMemory="544" RequestedMemory="1024" GrantWaitTime="0" GrantedMemory="1024" MaxUsedMemory="0" MaxQueryMemory="11097448" /><OptimizerHardwareDependentProperties EstimatedAvailableMemoryGrant="1494220" EstimatedPagesCached="373555" EstimatedAvailableDegreeOfParallelism="2" MaxCompileMemory="37517560" /><OptimizerStatsUsage><StatisticsInfo Database="Database1" Schema="Schema1" Table="Object2" Statistics="[IX_SellerItem_ItemQtyID_ClientID]" ModificationCount="14214" SamplingPercent="10.1051" LastUpdate="2020-01-21T13:30:10.24" /><StatisticsInfo Database="Database1" Schema="Schema1" Table="Object2" Statistics="[IX_SellerItem_CreateDateLTz]" ModificationCount="14174" SamplingPercent="10.0615" LastUpdate="2020-01-21T13:29:18.2" /><StatisticsInfo Database="Database1" Schema="Schema1" Table="Object2" Statistics="[_WA_Sys_00000003_613EECBB]" ModificationCount="14174" SamplingPercent="9.75156" LastUpdate="2020-01-21T13:30:16.11" /><StatisticsInfo Database="Database1" Schema="Schema1" Table="Object2" Statistics="[IX_SellerItem_ClassID_ProfileID_PartitionID]" ModificationCount="102018" SamplingPercent="10.7726" LastUpdate="2020-01-30T09:25:05.45" /><StatisticsInfo Database="Database1" Schema="Schema1" Table="Object2" Statistics="[_WA_Sys_00000004_613EECBB]" ModificationCount="14174" SamplingPercent="10.296" LastUpdate="2020-01-21T13:29:06.35" /><StatisticsInfo Database="Database1" Schema="Schema1" Table="Object2" Statistics="[_WA_Sys_00000006_613EECBB]" ModificationCount="102021" SamplingPercent="10.1733" LastUpdate="2020-01-30T09:25:01.09" /><StatisticsInfo Database="Database1" Schema="Schema1" Table="Object2" Statistics="[IX_SellerItem_PoolID_SKU]" ModificationCount="13275" SamplingPercent="100" LastUpdate="2020-01-23T03:33:26.68" /><StatisticsInfo Database="Database1" Schema="Schema1" Table="Object2" Statistics="[IX_SellerItem_ProfileID]" ModificationCount="14174" SamplingPercent="10.0303" LastUpdate="2020-01-21T13:30:04.85" /><StatisticsInfo Database="Database1" Schema="Schema1" Table="Object14" Statistics="[IX_SellerItemUploadHash_ProfileID_QtyLastModifiedDateGMT]" ModificationCount="0" SamplingPercent="100" LastUpdate="2020-01-31T05:46:13.97" /><StatisticsInfo Database="Database1" Schema="Schema1" Table="Object2" Statistics="[PK_SellerItem]" ModificationCount="6501" SamplingPercent="100" LastUpdate="2020-01-28T03:09:12.72" /><StatisticsInfo Database="Database1" Schema="Schema1" Table="Object2" Statistics="[UIX_SellerItem_ItemID_ProfileID]" ModificationCount="13275" SamplingPercent="100" LastUpdate="2020-01-23T03:34:51.14" /><StatisticsInfo Database="Database1" Schema="Schema1" Table="Object14" Statistics="[_WA_Sys_00000003_52F0CD64]" ModificationCount="14089" SamplingPercent="10.2813" LastUpdate="2020-01-21T13:27:01.84" /><StatisticsInfo Database="Database1" Schema="Schema1" Table="Object2" Statistics="[UIX_SellerItem_SKU_DeletedID]" ModificationCount="13287" SamplingPercent="100" LastUpdate="2020-01-23T03:33:06.37" /><StatisticsInfo Database="Database1" Schema="Schema1" Table="Object14" Statistics="[PK_SellerItemUploadHash]" ModificationCount="162415" SamplingPercent="5.19081" LastUpdate="2020-01-21T13:25:31.76" /><StatisticsInfo Database="Database1" Schema="Schema1" Table="Object2" Statistics="[IX_SellerItem_RelationshipInstanceID_ProfileID]" ModificationCount="83735" SamplingPercent="10.5031" LastUpdate="2020-01-21T13:30:08.53" /><StatisticsInfo Database="Database1" Schema="Schema1" Table="Object2" Statistics="[IX_SellerItem_BlockDateGMT_Status]" ModificationCount="102018" SamplingPercent="9.9875" LastUpdate="2020-01-30T09:25:37.92" /><StatisticsInfo Database="Database1" Schema="Schema1" Table="Object14" Statistics="[IX_SellerItemUploadHash_ProfileID_QtyXUploadHashLastModifiedGMT]" ModificationCount="7550" SamplingPercent="100" LastUpdate="2020-01-28T03:02:34.6" /><StatisticsInfo Database="Database1" Schema="Schema1" Table="Object14" Statistics="[_WA_Sys_0000002B_52F0CD64]" ModificationCount="162482" SamplingPercent="5.71362" LastUpdate="2020-01-21T13:25:36.87" /><StatisticsInfo Database="Database1" Schema="Schema1" Table="Object14" Statistics="[IX_SellerItemUploadHash_ItemID_ProfileID]" ModificationCount="13275" SamplingPercent="100" LastUpdate="2020-01-23T03:25:55.35" /><StatisticsInfo Database="Database1" Schema="Schema1" Table="Object14" Statistics="[IX_SellerItemUploadHash_ProfileID_UploadHashLastModifiedGMT]" ModificationCount="7550" SamplingPercent="100" LastUpdate="2020-01-28T03:03:19.07" /></OptimizerStatsUsage><TraceFlags IsCompileTime="true"><TraceFlag Value="460" Scope="Global" /><TraceFlag Value="1254" Scope="Global" /><TraceFlag Value="3226" Scope="Global" /><TraceFlag Value="7745" Scope="Global" /><TraceFlag Value="7752" Scope="Global" /><TraceFlag Value="9888" Scope="Global" /></TraceFlags><TraceFlags IsCompileTime="false"><TraceFlag Value="460" Scope="Global" /><TraceFlag Value="1254" Scope="Global" /><TraceFlag Value="3226" Scope="Global" /><TraceFlag Value="7745" Scope="Global" /><TraceFlag Value="7752" Scope="Global" /><TraceFlag Value="9888" Scope="Global" /></TraceFlags><QueryTimeStats CpuTime="1" ElapsedTime="1" /><RelOp AvgRowSize="9" EstimateCPU="4E-06" EstimateIO="0" EstimateRebinds="0" EstimateRewinds="0" EstimatedExecutionMode="Row" EstimateRows="1" LogicalOp="Sequence" NodeId="1" Parallel="false" PhysicalOp="Sequence" EstimatedTotalSubtreeCost="0.0847851"><OutputList /><RunTimeInformation><RunTimeCountersPerThread Thread="0" ActualRows="0" Batches="0" ActualEndOfScans="1" ActualExecutions="1" ActualExecutionMode="Row" ActualElapsedms="0" ActualCPUms="0" /></RunTimeInformation><Sequence><RelOp AvgRowSize="9" EstimateCPU="1E-06" EstimateIO="0.01" EstimateRebinds="0" EstimateRewinds="0" EstimatedExecutionMode="Row" EstimateRows="1" LogicalOp="Update" NodeId="2" Parallel="false" PhysicalOp="Index Update" EstimatedTotalSubtreeCost="0.0211953"><OutputList /><RunTimeInformation><RunTimeCountersPerThread Thread="0" ActualRows="0" Batches="0" ActualEndOfScans="1" ActualExecutions="1" ActualExecutionMode="Row" ActualElapsedms="0" ActualCPUms="0" ActualScans="0" ActualLogicalReads="0" ActualPhysicalReads="0" ActualReadAheads="0" ActualLobLogicalReads="0" ActualLobPhysicalReads="0" ActualLobReadAheads="0" /></RunTimeInformation><Update DMLRequestSort="false"><Object Database="Database1" Schema="Schema1" Table="Object14" Index="Index11" Alias="Object11" IndexKind="NonClustered" Storage="RowStore" /><SetPredicate><ScalarOperator ScalarString="ScalarString185"><ScalarExpressionList><ScalarOperator><MultipleAssign><Assign><ColumnReference Column="Column116" /><ScalarOperator><Identifier><ColumnReference Database="Database1" Schema="Schema1" Table="Object14" Alias="Object11" Column="Column13" /></Identifier></ScalarOperator></Assign><Assign><ColumnReference Column="Column117" /><ScalarOperator><Identifier><ColumnReference Database="Database1" Schema="Schema1" Table="Object14" Alias="Object11" Column="Column14" /></Identifier></ScalarOperator></Assign><Assign><ColumnReference Column="Column118" /><ScalarOperator><Identifier><ColumnReference Database="Database1" Schema="Schema1" Table="Object14" Alias="Object11" Column="Column15" /></Identifier></ScalarOperator></Assign><Assign><ColumnReference Column="Column119" /><ScalarOperator><Identifier><ColumnReference Database="Database1" Schema="Schema1" Table="Object14" Alias="Object11" Column="Column75" /></Identifier></ScalarOperator></Assign><Assign><ColumnReference Column="Column120" /><ScalarOperator><Identifier><ColumnReference Database="Database1" Schema="Schema1" Table="Object14" Alias="Object11" Column="Column11" /></Identifier></ScalarOperator></Assign><Assign><ColumnReference Column="Column121" /><ScalarOperator><Identifier><ColumnReference Database="Database1" Schema="Schema1" Table="Object14" Alias="Object11" Column="Column12" /></Identifier></ScalarOperator></Assign><Assign><ColumnReference Column="Column122" ComputedColumn="true" /><ScalarOperator><Identifier><ColumnReference Database="Database1" Schema="Schema1" Table="Object14" Alias="Object11" Column="Column79" ComputedColumn="true" /></Identifier></ScalarOperator></Assign></MultipleAssign></ScalarOperator></ScalarExpressionList></ScalarOperator></SetPredicate><ActionColumn><ColumnReference Column="Column123" /></ActionColumn><RelOp AvgRowSize="45" EstimateCPU="7.6E-07" EstimateIO="0" EstimateRebinds="0" EstimateRewinds="0" EstimatedExecutionMode="Row" EstimateRows="1" LogicalOp="Filter" NodeId="3" Parallel="false" PhysicalOp="Filter" EstimatedTotalSubtreeCost="0.0111943"><OutputList><ColumnReference Database="Database1" Schema="Schema1" Table="Object14" Alias="Object11" Column="Column13" /><ColumnReference Database="Database1" Schema="Schema1" Table="Object14" Alias="Object11" Column="Column14" /><ColumnReference Database="Database1" Schema="Schema1" Table="Object14" Alias="Object11" Column="Column15" /><ColumnReference Database="Database1" Schema="Schema1" Table="Object14" Alias="Object11" Column="Column11" /><ColumnReference Database="Database1" Schema="Schema1" Table="Object14" Alias="Object11" Column="Column12" /><ColumnReference Database="Database1" Schema="Schema1" Table="Object14" Alias="Object11" Column="Column79" ComputedColumn="true" /><ColumnReference Database="Database1" Schema="Schema1" Table="Object14" Alias="Object11" Column="Column75" /><ColumnReference Column="Column123" /></OutputList><RunTimeInformation><RunTimeCountersPerThread Thread="0" ActualRows="0" Batches="0" ActualEndOfScans="1" ActualExecutions="1" ActualExecutionMode="Row" ActualElapsedms="0" ActualCPUms="0" /></RunTimeInformation><Filter StartupExpression="false"><RelOp AvgRowSize="71" EstimateCPU="2.5577E-05" EstimateIO="0.00330346" EstimateRebinds="0" EstimateRewinds="0" EstimatedExecutionMode="Row" EstimateRows="2" LogicalOp="Eager Spool" NodeId="4" Parallel="false" PhysicalOp="Table Spool" EstimatedTotalSubtreeCost="0.0111935"><OutputList><ColumnReference Database="Database1" Schema="Schema1" Table="Object14" Alias="Object11" Column="Column13" /><ColumnReference Database="Database1" Schema="Schema1" Table="Object14" Alias="Object11" Column="Column14" /><ColumnReference Database="Database1" Schema="Schema1" Table="Object14" Alias="Object11" Column="Column15" /><ColumnReference Database="Database1" Schema="Schema1" Table="Object14" Alias="Object11" Column="Column11" /><ColumnReference Database="Database1" Schema="Schema1" Table="Object14" Alias="Object11" Column="Column12" /><ColumnReference Database="Database1" Schema="Schema1" Table="Object14" Alias="Object11" Column="Column79" ComputedColumn="true" /><ColumnReference Database="Database1" Schema="Schema1" Table="Object14" Alias="Object11" Column="Column81" /><ColumnReference Database="Database1" Schema="Schema1" Table="Object14" Alias="Object11" Column="Column82" /><ColumnReference Database="Database1" Schema="Schema1" Table="Object14" Alias="Object11" Column="Column75" /><ColumnReference Column="Expr1010" /><ColumnReference Column="Expr1011" /><ColumnReference Column="Expr1012" /><ColumnReference Column="Expr1013" /><ColumnReference Column="Column123" /></OutputList><RunTimeInformation><RunTimeCountersPerThread Thread="0" ActualRebinds="1" ActualRewinds="0" ActualRows="0" Batches="0" ActualEndOfScans="1" ActualExecutions="1" ActualExecutionMode="Row" ActualElapsedms="0" ActualCPUms="0" ActualScans="1" ActualLogicalReads="0" ActualPhysicalReads="0" ActualReadAheads="0" ActualLobLogicalReads="0" ActualLobPhysicalReads="0" ActualLobReadAheads="0" /></RunTimeInformation><Spool><RelOp AvgRowSize="71" EstimateCPU="1.5E-06" EstimateIO="0" EstimateRebinds="0" EstimateRewinds="0" EstimatedExecutionMode="Row" EstimateRows="2" LogicalOp="Split" NodeId="5" Parallel="false" PhysicalOp="Split" EstimatedTotalSubtreeCost="0.0312464"><OutputList><ColumnReference Database="Database1" Schema="Schema1" Table="Object14" Alias="Object11" Column="Column13" /><ColumnReference Database="Database1" Schema="Schema1" Table="Object14" Alias="Object11" Column="Column14" /><ColumnReference Database="Database1" Schema="Schema1" Table="Object14" Alias="Object11" Column="Column15" /><ColumnReference Database="Database1" Schema="Schema1" Table="Object14" Alias="Object11" Column="Column11" /><ColumnReference Database="Database1" Schema="Schema1" Table="Object14" Alias="Object11" Column="Column12" /><ColumnReference Database="Database1" Schema="Schema1" Table="Object14" Alias="Object11" Column="Column79" ComputedColumn="true" /><ColumnReference Database="Database1" Schema="Schema1" Table="Object14" Alias="Object11" Column="Column81" /><ColumnReference Database="Database1" Schema="Schema1" Table="Object14" Alias="Object11" Column="Column82" /><ColumnReference Database="Database1" Schema="Schema1" Table="Object14" Alias="Object11" Column="Column75" /><ColumnReference Column="Expr1010" /><ColumnReference Column="Expr1011" /><ColumnReference Column="Expr1012" /><ColumnReference Column="Expr1013" /><ColumnReference Column="Column123" /></OutputList><RunTimeInformation><RunTimeCountersPerThread Thread="0" ActualRows="0" Batches="0" ActualEndOfScans="1" ActualExecutions="1" ActualExecutionMode="Row" ActualElapsedms="0" ActualCPUms="0" /></RunTimeInformation><Split><DefinedValues><DefinedValue><ColumnReference Column="Column123" /></DefinedValue></DefinedValues><ActionColumn><ColumnReference Column="Column123" /></ActionColumn><RelOp AvgRowSize="91" EstimateCPU="1E-06" EstimateIO="0.01" EstimateRebinds="0" EstimateRewinds="0" EstimatedExecutionMode="Row" EstimateRows="1" LogicalOp="Update" NodeId="6" Parallel="false" Partitioned="true" PhysicalOp="Clustered Index Update" EstimatedTotalSubtreeCost="0.0312449"><OutputList><ColumnReference Database="Database1" Schema="Schema1" Table="Object14" Alias="Object11" Column="Column13" /><ColumnReference Database="Database1" Schema="Schema1" Table="Object14" Alias="Object11" Column="Column14" /><ColumnReference Database="Database1" Schema="Schema1" Table="Object14" Alias="Object11" Column="Column15" /><ColumnReference Database="Database1" Schema="Schema1" Table="Object14" Alias="Object11" Column="Column11" /><ColumnReference Database="Database1" Schema="Schema1" Table="Object14" Alias="Object11" Column="Column12" /><ColumnReference Database="Database1" Schema="Schema1" Table="Object14" Alias="Object11" Column="Column79" ComputedColumn="true" /><ColumnReference Database="Database1" Schema="Schema1" Table="Object14" Alias="Object11" Column="Column81" /><ColumnReference Database="Database1" Schema="Schema1" Table="Object14" Alias="Object11" Column="Column82" /><ColumnReference Database="Database1" Schema="Schema1" Table="Object14" Alias="Object11" Column="Column75" /><ColumnReference Column="Column83" /><ColumnReference Column="Column84" /><ColumnReference Column="Column85" ComputedColumn="true" /><ColumnReference Column="Expr1010" /><ColumnReference Column="Expr1011" /><ColumnReference Column="Expr1012" /><ColumnReference Column="Expr1013" /></OutputList><RunTimeInformation><RunTimeCountersPerThread Thread="0" ActualRows="0" Batches="0" ActualEndOfScans="1" ActualExecutions="1" ActualExecutionMode="Row" ActualElapsedms="0" ActualCPUms="0" ActualScans="0" ActualLogicalReads="0" ActualPhysicalReads="0" ActualReadAheads="0" ActualLobLogicalReads="0" ActualLobPhysicalReads="0" ActualLobReadAheads="0" /></RunTimeInformation><RunTimePartitionSummary><PartitionsAccessed PartitionCount="0" /></RunTimePartitionSummary><Update DMLRequestSort="false"><Object Database="Database1" Schema="Schema1" Table="Object14" Index="Index12" Alias="Object11" IndexKind="Clustered" Storage="RowStore" /><SetPredicate><ScalarOperator ScalarString="ScalarString186"><ScalarExpressionList><ScalarOperator><MultipleAssign><Assign><ColumnReference Database="Database1" Schema="Schema1" Table="Object14" Alias="Object11" Column="Column11" /><ScalarOperator><Identifier><ColumnReference Database="Database1" Schema="Schema1" Table="Object7" Alias="Object12" Column="Column7" /></Identifier></ScalarOperator></Assign><Assign><ColumnReference Database="Database1" Schema="Schema1" Table="Object14" Alias="Object11" Column="Column12" /><ScalarOperator><Identifier><ColumnReference Database="Database1" Schema="Schema1" Table="Object7" Alias="Object12" Column="Column7" /></Identifier></ScalarOperator></Assign><Assign><ColumnReference Database="Database1" Schema="Schema1" Table="Object14" Alias="Object11" Column="Column79" ComputedColumn="true" /><ScalarOperator><Identifier><ColumnReference Column="Expr1008" /></Identifier></ScalarOperator></Assign></MultipleAssign></ScalarOperator></ScalarExpressionList></ScalarOperator></SetPredicate><RelOp AvgRowSize="39" EstimateCPU="1E-07" EstimateIO="0" EstimateRebinds="0" EstimateRewinds="0" EstimatedExecutionMode="Row" EstimateRows="1" LogicalOp="Compute Scalar" NodeId="7" Parallel="false" PhysicalOp="Compute Scalar" EstimatedTotalSubtreeCost="0.0212439"><OutputList><ColumnReference Column="Column86" ComputedColumn="true" /><ColumnReference Database="Database1" Schema="Schema1" Table="Object14" Alias="Object11" Column="Column13" /><ColumnReference Database="Database1" Schema="Schema1" Table="Object14" Alias="Object11" Column="Column14" /><ColumnReference Database="Database1" Schema="Schema1" Table="Object14" Alias="Object11" Column="Column15" /><ColumnReference Database="Database1" Schema="Schema1" Table="Object14" Alias="Object11" Column="Column75" /><ColumnReference Database="Database1" Schema="Schema1" Table="Object7" Alias="Object12" Column="Column7" /><ColumnReference Column="Expr1008" /><ColumnReference Column="Expr1010" /><ColumnReference Column="Expr1011" /><ColumnReference Column="Expr1012" /><ColumnReference Column="Expr1013" /></OutputList><RunTimeInformation><RunTimeCountersPerThread Thread="0" ActualRows="0" Batches="0" ActualEndOfScans="1" ActualExecutions="1" ActualExecutionMode="Row" ActualElapsedms="0" ActualCPUms="0" /></RunTimeInformation><ComputeScalar><DefinedValues><DefinedValue><ColumnReference Column="Expr1010" /><ScalarOperator ScalarString="ScalarString187"><Identifier><ColumnReference Column="Expr1010" /></Identifier></ScalarOperator></DefinedValue><DefinedValue><ColumnReference Column="Expr1011" /><ScalarOperator ScalarString="ScalarString188"><Identifier><ColumnReference Column="Expr1011" /></Identifier></ScalarOperator></DefinedValue><DefinedValue><ColumnReference Column="Expr1012" /><ScalarOperator ScalarString="ScalarString104"><Identifier><ColumnReference Column="Expr1012" /></Identifier></ScalarOperator></DefinedValue><DefinedValue><ColumnReference Column="Expr1013" /><ScalarOperator ScalarString="ScalarString105"><Identifier><ColumnReference Column="Expr1013" /></Identifier></ScalarOperator></DefinedValue></DefinedValues><RelOp AvgRowSize="39" EstimateCPU="1E-07" EstimateIO="0" EstimateRebinds="0" EstimateRewinds="0" EstimatedExecutionMode="Row" EstimateRows="1" LogicalOp="Compute Scalar" NodeId="8" Parallel="false" PhysicalOp="Compute Scalar" EstimatedTotalSubtreeCost="0.0212439"><OutputList><ColumnReference Column="Column86" ComputedColumn="true" /><ColumnReference Database="Database1" Schema="Schema1" Table="Object14" Alias="Object11" Column="Column13" /><ColumnReference Database="Database1" Schema="Schema1" Table="Object14" Alias="Object11" Column="Column14" /><ColumnReference Database="Database1" Schema="Schema1" Table="Object14" Alias="Object11" Column="Column15" /><ColumnReference Database="Database1" Schema="Schema1" Table="Object14" Alias="Object11" Column="Column75" /><ColumnReference Database="Database1" Schema="Schema1" Table="Object7" Alias="Object12" Column="Column7" /><ColumnReference Column="Expr1008" /><ColumnReference Column="Expr1010" /><ColumnReference Column="Expr1011" /><ColumnReference Column="Expr1012" /><ColumnReference Column="Expr1013" /></OutputList><ComputeScalar><DefinedValues><DefinedValue><ColumnReference Column="Expr1010" /><ScalarOperator ScalarString="ScalarString189"><IF><Condition><ScalarOperator><Logical Operation="AND"><ScalarOperator><Identifier><ColumnReference Column="Expr1006" /></Identifier></ScalarOperator><ScalarOperator><Identifier><ColumnReference Column="Expr1007" /></Identifier></ScalarOperator><ScalarOperator><Identifier><ColumnReference Column="Expr1009" /></Identifier></ScalarOperator></Logical></ScalarOperator></Condition><Then><ScalarOperator><Const ConstValue="Value6" /></ScalarOperator></Then><Else><ScalarOperator><Const ConstValue="Value5" /></ScalarOperator></Else></IF></ScalarOperator></DefinedValue><DefinedValue><ColumnReference Column="Expr1011" /><ScalarOperator ScalarString="ScalarString189"><IF><Condition><ScalarOperator><Logical Operation="AND"><ScalarOperator><Identifier><ColumnReference Column="Expr1006" /></Identifier></ScalarOperator><ScalarOperator><Identifier><ColumnReference Column="Expr1007" /></Identifier></ScalarOperator><ScalarOperator><Identifier><ColumnReference Column="Expr1009" /></Identifier></ScalarOperator></Logical></ScalarOperator></Condition><Then><ScalarOperator><Const ConstValue="Value6" /></ScalarOperator></Then><Else><ScalarOperator><Const ConstValue="Value5" /></ScalarOperator></Else></IF></ScalarOperator></DefinedValue><DefinedValue><ColumnReference Column="Expr1012" /><ScalarOperator ScalarString="ScalarString189"><IF><Condition><ScalarOperator><Logical Operation="AND"><ScalarOperator><Identifier><ColumnReference Column="Expr1006" /></Identifier></ScalarOperator><ScalarOperator><Identifier><ColumnReference Column="Expr1007" /></Identifier></ScalarOperator><ScalarOperator><Identifier><ColumnReference Column="Expr1009" /></Identifier></ScalarOperator></Logical></ScalarOperator></Condition><Then><ScalarOperator><Const ConstValue="Value6" /></ScalarOperator></Then><Else><ScalarOperator><Const ConstValue="Value5" /></ScalarOperator></Else></IF></ScalarOperator></DefinedValue><DefinedValue><ColumnReference Column="Expr1013" /><ScalarOperator ScalarString="ScalarString189"><IF><Condition><ScalarOperator><Logical Operation="AND"><ScalarOperator><Identifier><ColumnReference Column="Expr1006" /></Identifier></ScalarOperator><ScalarOperator><Identifier><ColumnReference Column="Expr1007" /></Identifier></ScalarOperator><ScalarOperator><Identifier><ColumnReference Column="Expr1009" /></Identifier></ScalarOperator></Logical></ScalarOperator></Condition><Then><ScalarOperator><Const ConstValue="Value6" /></ScalarOperator></Then><Else><ScalarOperator><Const ConstValue="Value5" /></ScalarOperator></Else></IF></ScalarOperator></DefinedValue></DefinedValues><RelOp AvgRowSize="39" EstimateCPU="1E-07" EstimateIO="0" EstimateRebinds="0" EstimateRewinds="0" EstimatedExecutionMode="Row" EstimateRows="1" LogicalOp="Compute Scalar" NodeId="9" Parallel="false" PhysicalOp="Compute Scalar" EstimatedTotalSubtreeCost="0.0212438"><OutputList><ColumnReference Column="Column86" ComputedColumn="true" /><ColumnReference Database="Database1" Schema="Schema1" Table="Object14" Alias="Object11" Column="Column13" /><ColumnReference Database="Database1" Schema="Schema1" Table="Object14" Alias="Object11" Column="Column14" /><ColumnReference Database="Database1" Schema="Schema1" Table="Object14" Alias="Object11" Column="Column15" /><ColumnReference Database="Database1" Schema="Schema1" Table="Object14" Alias="Object11" Column="Column75" /><ColumnReference Database="Database1" Schema="Schema1" Table="Object7" Alias="Object12" Column="Column7" /><ColumnReference Column="Expr1006" /><ColumnReference Column="Expr1007" /><ColumnReference Column="Expr1008" /><ColumnReference Column="Expr1009" /></OutputList><ComputeScalar><DefinedValues><DefinedValue><ColumnReference Column="Expr1006" /><ScalarOperator ScalarString="ScalarString190"><IF><Condition><ScalarOperator><Compare CompareOp="BINARY IS"><ScalarOperator><Identifier><ColumnReference Database="Database1" Schema="Schema1" Table="Object14" Alias="Object11" Column="Column11" /></Identifier></ScalarOperator><ScalarOperator><Identifier><ColumnReference Database="Database1" Schema="Schema1" Table="Object7" Alias="Object12" Column="Column7" /></Identifier></ScalarOperator></Compare></ScalarOperator></Condition><Then><ScalarOperator><Const ConstValue="Value6" /></ScalarOperator></Then><Else><ScalarOperator><Const ConstValue="Value5" /></ScalarOperator></Else></IF></ScalarOperator></DefinedValue><DefinedValue><ColumnReference Column="Expr1007" /><ScalarOperator ScalarString="ScalarString111"><IF><Condition><ScalarOperator><Compare CompareOp="BINARY IS"><ScalarOperator><Identifier><ColumnReference Database="Database1" Schema="Schema1" Table="Object14" Alias="Object11" Column="Column12" /></Identifier></ScalarOperator><ScalarOperator><Identifier><ColumnReference Database="Database1" Schema="Schema1" Table="Object7" Alias="Object12" Column="Column7" /></Identifier></ScalarOperator></Compare></ScalarOperator></Condition><Then><ScalarOperator><Const ConstValue="Value6" /></ScalarOperator></Then><Else><ScalarOperator><Const ConstValue="Value5" /></ScalarOperator></Else></IF></ScalarOperator></DefinedValue><DefinedValue><ColumnReference Column="Expr1008" /><ScalarOperator ScalarString="ScalarString191"><Identifier><ColumnReference Database="Database1" Schema="Schema1" Table="Object7" Alias="Object12" Column="Column7" /></Identifier></ScalarOperator></DefinedValue><DefinedValue><ColumnReference Column="Expr1009" /><ScalarOperator ScalarString="ScalarString192"><IF><Condition><ScalarOperator><Logical Operation="AND"><ScalarOperator><IF><Condition><ScalarOperator><Compare CompareOp="BINARY IS"><ScalarOperator><Identifier><ColumnReference Database="Database1" Schema="Schema1" Table="Object14" Alias="Object11" Column="Column11" /></Identifier></ScalarOperator><ScalarOperator><Identifier><ColumnReference Database="Database1" Schema="Schema1" Table="Object7" Alias="Object12" Column="Column7" /></Identifier></ScalarOperator></Compare></ScalarOperator></Condition><Then><ScalarOperator><Const ConstValue="Value6" /></ScalarOperator></Then><Else><ScalarOperator><Const ConstValue="Value5" /></ScalarOperator></Else></IF></ScalarOperator><ScalarOperator><IF><Condition><ScalarOperator><Compare CompareOp="BINARY IS"><ScalarOperator><Identifier><ColumnReference Database="Database1" Schema="Schema1" Table="Object14" Alias="Object11" Column="Column12" /></Identifier></ScalarOperator><ScalarOperator><Identifier><ColumnReference Database="Database1" Schema="Schema1" Table="Object7" Alias="Object12" Column="Column7" /></Identifier></ScalarOperator></Compare></ScalarOperator></Condition><Then><ScalarOperator><Const ConstValue="Value6" /></ScalarOperator></Then><Else><ScalarOperator><Const ConstValue="Value5" /></ScalarOperator></Else></IF></ScalarOperator></Logical></ScalarOperator></Condition><Then><ScalarOperator><Const ConstValue="Value6" /></ScalarOperator></Then><Else><ScalarOperator><Const ConstValue="Value5" /></ScalarOperator></Else></IF></ScalarOperator></DefinedValue></DefinedValues><RelOp AvgRowSize="45" EstimateCPU="0.000100144" EstimateIO="0.0112613" EstimateRebinds="0" EstimateRewinds="0" EstimatedExecutionMode="Row" EstimateRows="1" LogicalOp="Distinct Sort" NodeId="10" Parallel="false" PhysicalOp="Sort" EstimatedTotalSubtreeCost="0.0212437"><OutputList><ColumnReference Column="Column86" ComputedColumn="true" /><ColumnReference Database="Database1" Schema="Schema1" Table="Object14" Alias="Object11" Column="Column13" /><ColumnReference Database="Database1" Schema="Schema1" Table="Object14" Alias="Object11" Column="Column14" /><ColumnReference Database="Database1" Schema="Schema1" Table="Object14" Alias="Object11" Column="Column15" /><ColumnReference Database="Database1" Schema="Schema1" Table="Object14" Alias="Object11" Column="Column11" /><ColumnReference Database="Database1" Schema="Schema1" Table="Object14" Alias="Object11" Column="Column12" /><ColumnReference Database="Database1" Schema="Schema1" Table="Object14" Alias="Object11" Column="Column75" /><ColumnReference Database="Database1" Schema="Schema1" Table="Object7" Alias="Object12" Column="Column7" /></OutputList><MemoryFractions Input="1" Output="1" /><RunTimeInformation><RunTimeCountersPerThread Thread="0" ActualRebinds="1" ActualRewinds="0" ActualRows="0" Batches="0" ActualEndOfScans="1" ActualExecutions="1" ActualExecutionMode="Row" ActualElapsedms="0" ActualCPUms="0" ActualScans="0" ActualLogicalReads="0" ActualPhysicalReads="0" ActualReadAheads="0" ActualLobLogicalReads="0" ActualLobPhysicalReads="0" ActualLobReadAheads="0" InputMemoryGrant="1024" OutputMemoryGrant="640" UsedMemoryGrant="0" /></RunTimeInformation><Sort Distinct="true"><OrderBy><OrderByColumn Ascending="true"><ColumnReference Database="Database1" Schema="Schema1" Table="Object14" Alias="Object11" Column="Column13" /></OrderByColumn><OrderByColumn Ascending="true"><ColumnReference Database="Database1" Schema="Schema1" Table="Object14" Alias="Object11" Column="Column14" /></OrderByColumn><OrderByColumn Ascending="true"><ColumnReference Database="Database1" Schema="Schema1" Table="Object14" Alias="Object11" Column="Column75" /></OrderByColumn></OrderBy><RelOp AvgRowSize="45" EstimateCPU="4.36012E-06" EstimateIO="0" EstimateRebinds="0" EstimateRewinds="0" EstimatedExecutionMode="Row" EstimateRows="1.04309" LogicalOp="Inner Join" NodeId="11" Parallel="false" PhysicalOp="Nested Loops" EstimatedTotalSubtreeCost="0.00988226"><OutputList><ColumnReference Column="Column86" ComputedColumn="true" /><ColumnReference Database="Database1" Schema="Schema1" Table="Object14" Alias="Object11" Column="Column13" /><ColumnReference Database="Database1" Schema="Schema1" Table="Object14" Alias="Object11" Column="Column14" /><ColumnReference Database="Database1" Schema="Schema1" Table="Object14" Alias="Object11" Column="Column15" /><ColumnReference Database="Database1" Schema="Schema1" Table="Object14" Alias="Object11" Column="Column11" /><ColumnReference Database="Database1" Schema="Schema1" Table="Object14" Alias="Object11" Column="Column12" /><ColumnReference Database="Database1" Schema="Schema1" Table="Object14" Alias="Object11" Column="Column75" /><ColumnReference Database="Database1" Schema="Schema1" Table="Object7" Alias="Object12" Column="Column7" /></OutputList><RunTimeInformation><RunTimeCountersPerThread Thread="0" ActualRows="0" Batches="0" ActualEndOfScans="1" ActualExecutions="1" ActualExecutionMode="Row" ActualElapsedms="0" ActualCPUms="0" /></RunTimeInformation><NestedLoops Optimized="false"><OuterReferences><ColumnReference Database="Database1" Schema="Schema1" Table="Object2" Alias="Object1" Column="Column13" /><ColumnReference Database="Database1" Schema="Schema1" Table="Object2" Alias="Object1" Column="Column14" /><ColumnReference Database="Database1" Schema="Schema1" Table="Object2" Alias="Object1" Column="Column15" /></OuterReferences><RelOp AvgRowSize="24" EstimateCPU="4.36012E-06" EstimateIO="0" EstimateRebinds="0" EstimateRewinds="0" EstimatedExecutionMode="Row" EstimateRows="1.04309" LogicalOp="Inner Join" NodeId="12" Parallel="false" PhysicalOp="Nested Loops" EstimatedTotalSubtreeCost="0.00657061"><OutputList><ColumnReference Database="Database1" Schema="Schema1" Table="Object2" Alias="Object1" Column="Column13" /><ColumnReference Database="Database1" Schema="Schema1" Table="Object2" Alias="Object1" Column="Column14" /><ColumnReference Database="Database1" Schema="Schema1" Table="Object2" Alias="Object1" Column="Column15" /><ColumnReference Database="Database1" Schema="Schema1" Table="Object7" Alias="Object12" Column="Column7" /></OutputList><RunTimeInformation><RunTimeCountersPerThread Thread="0" ActualRows="0" Batches="0" ActualEndOfScans="1" ActualExecutions="1" ActualExecutionMode="Row" ActualElapsedms="0" ActualCPUms="0" /></RunTimeInformation><NestedLoops Optimized="false"><OuterReferences><ColumnReference Database="Database1" Schema="Schema1" Table="Object7" Alias="Object12" Column="Column3" /><ColumnReference Database="Database1" Schema="Schema1" Table="Object7" Alias="Object12" Column="Column4" /></OuterReferences><RelOp AvgRowSize="27" EstimateCPU="7.96E-05" EstimateIO="0.0032035" EstimateRebinds="0" EstimateRewinds="0" EstimatedExecutionMode="Row" EstimateRows="1" EstimatedRowsRead="1" LogicalOp="Inserted Scan" NodeId="13" Parallel="false" PhysicalOp="Inserted Scan" EstimatedTotalSubtreeCost="0.0032831" TableCardinality="0"><OutputList><ColumnReference Database="Database1" Schema="Schema1" Table="Object7" Alias="Object12" Column="Column3" /><ColumnReference Database="Database1" Schema="Schema1" Table="Object7" Alias="Object12" Column="Column4" /><ColumnReference Database="Database1" Schema="Schema1" Table="Object7" Alias="Object12" Column="Column7" /></OutputList><RunTimeInformation><RunTimeCountersPerThread Thread="0" ActualRows="0" Batches="0" ActualEndOfScans="1" ActualExecutions="1" ActualExecutionMode="Row" ActualElapsedms="0" ActualCPUms="0" ActualScans="0" ActualLogicalReads="0" ActualPhysicalReads="0" ActualReadAheads="0" ActualLobLogicalReads="0" ActualLobPhysicalReads="0" ActualLobReadAheads="0" /></RunTimeInformation><InsertedScan><Object Database="Database1" Schema="Schema1" Table="Object7" Index="Index6" Alias="Object12" IndexKind="Clustered" Storage="RowStore" /></InsertedScan></RelOp><RelOp AvgRowSize="16" EstimateCPU="0.000158147" EstimateIO="0.003125" EstimateRebinds="0" EstimateRewinds="0" EstimatedExecutionMode="Row" EstimateRows="1.04309" EstimatedRowsRead="1.04309" LogicalOp="Index Seek" NodeId="14" Parallel="false" PhysicalOp="Index Seek" EstimatedTotalSubtreeCost="0.00328315" TableCardinality="2472910"><OutputList><ColumnReference Database="Database1" Schema="Schema1" Table="Object2" Alias="Object1" Column="Column13" /><ColumnReference Database="Database1" Schema="Schema1" Table="Object2" Alias="Object1" Column="Column14" /><ColumnReference Database="Database1" Schema="Schema1" Table="Object2" Alias="Object1" Column="Column15" /></OutputList><RunTimeInformation><RunTimeCountersPerThread Thread="0" ActualRows="0" Batches="0" ActualEndOfScans="0" ActualExecutions="0" ActualExecutionMode="Row" ActualElapsedms="0" ActualCPUms="0" ActualScans="0" ActualLogicalReads="0" ActualPhysicalReads="0" ActualReadAheads="0" ActualLobLogicalReads="0" ActualLobPhysicalReads="0" ActualLobReadAheads="0" /></RunTimeInformation><IndexScan Ordered="true" ScanDirection="FORWARD" ForcedIndex="false" ForceSeek="false" ForceScan="false" NoExpandHint="false" Storage="RowStore"><DefinedValues><DefinedValue><ColumnReference Database="Database1" Schema="Schema1" Table="Object2" Alias="Object1" Column="Column13" /></DefinedValue><DefinedValue><ColumnReference Database="Database1" Schema="Schema1" Table="Object2" Alias="Object1" Column="Column14" /></DefinedValue><DefinedValue><ColumnReference Database="Database1" Schema="Schema1" Table="Object2" Alias="Object1" Column="Column15" /></DefinedValue></DefinedValues><Object Database="Database1" Schema="Schema1" Table="Object2" Index="Index3" Alias="Object1" IndexKind="NonClustered" Storage="RowStore" /><SeekPredicates><SeekPredicateNew><SeekKeys><Prefix ScanType="EQ"><RangeColumns><ColumnReference Database="Database1" Schema="Schema1" Table="Object2" Alias="Object1" Column="Column3" /><ColumnReference Database="Database1" Schema="Schema1" Table="Object2" Alias="Object1" Column="Column4" /></RangeColumns><RangeExpressions><ScalarOperator ScalarString="ScalarString193"><Identifier><ColumnReference Database="Database1" Schema="Schema1" Table="Object7" Alias="Object12" Column="Column3" /></Identifier></ScalarOperator><ScalarOperator ScalarString="ScalarString194"><Identifier><ColumnReference Database="Database1" Schema="Schema1" Table="Object7" Alias="Object12" Column="Column4" /></Identifier></ScalarOperator></RangeExpressions></Prefix></SeekKeys></SeekPredicateNew></SeekPredicates></IndexScan></RelOp></NestedLoops></RelOp><RelOp AvgRowSize="37" EstimateCPU="1E-07" EstimateIO="0" EstimateRebinds="0.0430914" EstimateRewinds="0" EstimatedExecutionMode="Row" EstimateRows="1" LogicalOp="Compute Scalar" NodeId="15" Parallel="false" PhysicalOp="Compute Scalar" EstimatedTotalSubtreeCost="0.00330729"><OutputList><ColumnReference Column="Column86" ComputedColumn="true" /><ColumnReference Database="Database1" Schema="Schema1" Table="Object14" Alias="Object11" Column="Column13" /><ColumnReference Database="Database1" Schema="Schema1" Table="Object14" Alias="Object11" Column="Column14" /><ColumnReference Database="Database1" Schema="Schema1" Table="Object14" Alias="Object11" Column="Column15" /><ColumnReference Database="Database1" Schema="Schema1" Table="Object14" Alias="Object11" Column="Column11" /><ColumnReference Database="Database1" Schema="Schema1" Table="Object14" Alias="Object11" Column="Column12" /><ColumnReference Database="Database1" Schema="Schema1" Table="Object14" Alias="Object11" Column="Column75" /></OutputList><ComputeScalar><DefinedValues><DefinedValue><ColumnReference Column="Column86" ComputedColumn="true" /><ScalarOperator ScalarString="ScalarString117"><Intrinsic FunctionName="Function7"><ScalarOperator><Identifier><ColumnReference Database="Database1" Schema="Schema1" Table="Object14" Alias="Object11" Column="Column75" /></Identifier></ScalarOperator><ScalarOperator><Const ConstValue="Value5" /></ScalarOperator><ScalarOperator><Const ConstValue="Value5" /></ScalarOperator><ScalarOperator><Const ConstValue="Value6" /></ScalarOperator><ScalarOperator><Const ConstValue="Value34" /></ScalarOperator><ScalarOperator><Const ConstValue="Value35" /></ScalarOperator><ScalarOperator><Const ConstValue="Value2" /></ScalarOperator><ScalarOperator><Const ConstValue="Value36" /></ScalarOperator><ScalarOperator><Const ConstValue="Value37" /></ScalarOperator><ScalarOperator><Const ConstValue="Value38" /></ScalarOperator></Intrinsic></ScalarOperator></DefinedValue></DefinedValues><RelOp AvgRowSize="33" EstimateCPU="0.0001581" EstimateIO="0.003125" EstimateRebinds="0.0430914" EstimateRewinds="0" EstimatedExecutionMode="Row" EstimateRows="1" EstimatedRowsRead="1" LogicalOp="Index Seek" NodeId="16" Parallel="false" PhysicalOp="Index Seek" EstimatedTotalSubtreeCost="0.00330719" TableCardinality="2472910"><OutputList><ColumnReference Database="Database1" Schema="Schema1" Table="Object14" Alias="Object11" Column="Column13" /><ColumnReference Database="Database1" Schema="Schema1" Table="Object14" Alias="Object11" Column="Column14" /><ColumnReference Database="Database1" Schema="Schema1" Table="Object14" Alias="Object11" Column="Column15" /><ColumnReference Database="Database1" Schema="Schema1" Table="Object14" Alias="Object11" Column="Column11" /><ColumnReference Database="Database1" Schema="Schema1" Table="Object14" Alias="Object11" Column="Column12" /><ColumnReference Database="Database1" Schema="Schema1" Table="Object14" Alias="Object11" Column="Column75" /></OutputList><RunTimeInformation><RunTimeCountersPerThread Thread="0" ActualRows="0" Batches="0" ActualEndOfScans="0" ActualExecutions="0" ActualExecutionMode="Row" ActualElapsedms="0" ActualCPUms="0" ActualScans="0" ActualLogicalReads="0" ActualPhysicalReads="0" ActualReadAheads="0" ActualLobLogicalReads="0" ActualLobPhysicalReads="0" ActualLobReadAheads="0" /></RunTimeInformation><IndexScan Ordered="true" ScanDirection="FORWARD" ForcedIndex="false" ForceSeek="false" ForceScan="false" NoExpandHint="false" Storage="RowStore"><DefinedValues><DefinedValue><ColumnReference Database="Database1" Schema="Schema1" Table="Object14" Alias="Object11" Column="Column13" /></DefinedValue><DefinedValue><ColumnReference Database="Database1" Schema="Schema1" Table="Object14" Alias="Object11" Column="Column14" /></DefinedValue><DefinedValue><ColumnReference Database="Database1" Schema="Schema1" Table="Object14" Alias="Object11" Column="Column15" /></DefinedValue><DefinedValue><ColumnReference Database="Database1" Schema="Schema1" Table="Object14" Alias="Object11" Column="Column11" /></DefinedValue><DefinedValue><ColumnReference Database="Database1" Schema="Schema1" Table="Object14" Alias="Object11" Column="Column12" /></DefinedValue><DefinedValue><ColumnReference Database="Database1" Schema="Schema1" Table="Object14" Alias="Object11" Column="Column75" /></DefinedValue></DefinedValues><Object Database="Database1" Schema="Schema1" Table="Object14" Index="Index13" Alias="Object11" IndexKind="NonClustered" Storage="RowStore" /><SeekPredicates><SeekPredicateNew><SeekKeys><Prefix ScanType="EQ"><RangeColumns><ColumnReference Database="Database1" Schema="Schema1" Table="Object14" Alias="Object11" Column="Column13" /><ColumnReference Database="Database1" Schema="Schema1" Table="Object14" Alias="Object11" Column="Column14" /><ColumnReference Database="Database1" Schema="Schema1" Table="Object14" Alias="Object11" Column="Column15" /></RangeColumns><RangeExpressions><ScalarOperator ScalarString="ScalarString8"><Identifier><ColumnReference Database="Database1" Schema="Schema1" Table="Object2" Alias="Object1" Column="Column13" /></Identifier></ScalarOperator><ScalarOperator ScalarString="ScalarString9"><Identifier><ColumnReference Database="Database1" Schema="Schema1" Table="Object2" Alias="Object1" Column="Column14" /></Identifier></ScalarOperator><ScalarOperator ScalarString="ScalarString10"><Identifier><ColumnReference Database="Database1" Schema="Schema1" Table="Object2" Alias="Object1" Column="Column15" /></Identifier></ScalarOperator></RangeExpressions></Prefix></SeekKeys></SeekPredicateNew></SeekPredicates></IndexScan></RelOp></ComputeScalar></RelOp></NestedLoops></RelOp></Sort></RelOp></ComputeScalar></RelOp></ComputeScalar></RelOp></ComputeScalar></RelOp></Update></RelOp></Split></RelOp></Spool></RelOp><Predicate><ScalarOperator ScalarString="ScalarString195"><Logical Operation="NOT"><ScalarOperator><Identifier><ColumnReference Column="Expr1010" /></Identifier></ScalarOperator></Logical></ScalarOperator></Predicate></Filter></RelOp></Update></RelOp><RelOp AvgRowSize="9" EstimateCPU="1E-06" EstimateIO="0.01" EstimateRebinds="0" EstimateRewinds="0" EstimatedExecutionMode="Row" EstimateRows="1" LogicalOp="Update" NodeId="17" Parallel="false" PhysicalOp="Index Update" EstimatedTotalSubtreeCost="0.0211953"><OutputList /><RunTimeInformation><RunTimeCountersPerThread Thread="0" ActualRows="0" Batches="0" ActualEndOfScans="1" ActualExecutions="1" ActualExecutionMode="Row" ActualElapsedms="0" ActualCPUms="0" ActualScans="0" ActualLogicalReads="0" ActualPhysicalReads="0" ActualReadAheads="0" ActualLobLogicalReads="0" ActualLobPhysicalReads="0" ActualLobReadAheads="0" /></RunTimeInformation><Update DMLRequestSort="false"><Object Database="Database1" Schema="Schema1" Table="Object14" Index="Index14" Alias="Object11" IndexKind="NonClustered" Storage="RowStore" /><SetPredicate><ScalarOperator ScalarString="ScalarString196"><ScalarExpressionList><ScalarOperator><MultipleAssign><Assign><ColumnReference Column="Column124" /><ScalarOperator><Identifier><ColumnReference Database="Database1" Schema="Schema1" Table="Object14" Alias="Object11" Column="Column13" /></Identifier></ScalarOperator></Assign><Assign><ColumnReference Column="Column125" /><ScalarOperator><Identifier><ColumnReference Database="Database1" Schema="Schema1" Table="Object14" Alias="Object11" Column="Column14" /></Identifier></ScalarOperator></Assign><Assign><ColumnReference Column="Column126" /><ScalarOperator><Identifier><ColumnReference Database="Database1" Schema="Schema1" Table="Object14" Alias="Object11" Column="Column15" /></Identifier></ScalarOperator></Assign><Assign><ColumnReference Column="Column127" /><ScalarOperator><Identifier><ColumnReference Database="Database1" Schema="Schema1" Table="Object14" Alias="Object11" Column="Column75" /></Identifier></ScalarOperator></Assign><Assign><ColumnReference Column="Column128" /><ScalarOperator><Identifier><ColumnReference Database="Database1" Schema="Schema1" Table="Object14" Alias="Object11" Column="Column11" /></Identifier></ScalarOperator></Assign><Assign><ColumnReference Column="Column129" /><ScalarOperator><Identifier><ColumnReference Database="Database1" Schema="Schema1" Table="Object14" Alias="Object11" Column="Column12" /></Identifier></ScalarOperator></Assign><Assign><ColumnReference Column="Column130" ComputedColumn="true" /><ScalarOperator><Identifier><ColumnReference Database="Database1" Schema="Schema1" Table="Object14" Alias="Object11" Column="Column79" ComputedColumn="true" /></Identifier></ScalarOperator></Assign><Assign><ColumnReference Column="Column131" /><ScalarOperator><Identifier><ColumnReference Database="Database1" Schema="Schema1" Table="Object14" Alias="Object11" Column="Column82" /></Identifier></ScalarOperator></Assign></MultipleAssign></ScalarOperator></ScalarExpressionList></ScalarOperator></SetPredicate><ActionColumn><ColumnReference Column="Column123" /></ActionColumn><RelOp AvgRowSize="66" EstimateCPU="7.6E-07" EstimateIO="0" EstimateRebinds="0" EstimateRewinds="0" EstimatedExecutionMode="Row" EstimateRows="1" LogicalOp="Filter" NodeId="18" Parallel="false" PhysicalOp="Filter" EstimatedTotalSubtreeCost="0.0111943"><OutputList><ColumnReference Database="Database1" Schema="Schema1" Table="Object14" Alias="Object11" Column="Column13" /><ColumnReference Database="Database1" Schema="Schema1" Table="Object14" Alias="Object11" Column="Column14" /><ColumnReference Database="Database1" Schema="Schema1" Table="Object14" Alias="Object11" Column="Column15" /><ColumnReference Database="Database1" Schema="Schema1" Table="Object14" Alias="Object11" Column="Column11" /><ColumnReference Database="Database1" Schema="Schema1" Table="Object14" Alias="Object11" Column="Column12" /><ColumnReference Database="Database1" Schema="Schema1" Table="Object14" Alias="Object11" Column="Column79" ComputedColumn="true" /><ColumnReference Database="Database1" Schema="Schema1" Table="Object14" Alias="Object11" Column="Column82" /><ColumnReference Database="Database1" Schema="Schema1" Table="Object14" Alias="Object11" Column="Column75" /><ColumnReference Column="Column123" /></OutputList><RunTimeInformation><RunTimeCountersPerThread Thread="0" ActualRows="0" Batches="0" ActualEndOfScans="1" ActualExecutions="1" ActualExecutionMode="Row" ActualElapsedms="0" ActualCPUms="0" /></RunTimeInformation><Filter StartupExpression="false"><RelOp AvgRowSize="71" EstimateCPU="2.5577E-05" EstimateIO="0.00330346" EstimateRebinds="0" EstimateRewinds="0" EstimatedExecutionMode="Row" EstimateRows="2" LogicalOp="Eager Spool" NodeId="19" Parallel="false" PhysicalOp="Table Spool" EstimatedTotalSubtreeCost="0.0111935"><OutputList><ColumnReference Database="Database1" Schema="Schema1" Table="Object14" Alias="Object11" Column="Column13" /><ColumnReference Database="Database1" Schema="Schema1" Table="Object14" Alias="Object11" Column="Column14" /><ColumnReference Database="Database1" Schema="Schema1" Table="Object14" Alias="Object11" Column="Column15" /><ColumnReference Database="Database1" Schema="Schema1" Table="Object14" Alias="Object11" Column="Column11" /><ColumnReference Database="Database1" Schema="Schema1" Table="Object14" Alias="Object11" Column="Column12" /><ColumnReference Database="Database1" Schema="Schema1" Table="Object14" Alias="Object11" Column="Column79" ComputedColumn="true" /><ColumnReference Database="Database1" Schema="Schema1" Table="Object14" Alias="Object11" Column="Column81" /><ColumnReference Database="Database1" Schema="Schema1" Table="Object14" Alias="Object11" Column="Column82" /><ColumnReference Database="Database1" Schema="Schema1" Table="Object14" Alias="Object11" Column="Column75" /><ColumnReference Column="Expr1010" /><ColumnReference Column="Expr1011" /><ColumnReference Column="Expr1012" /><ColumnReference Column="Expr1013" /><ColumnReference Column="Column123" /></OutputList><RunTimeInformation><RunTimeCountersPerThread Thread="0" ActualRebinds="1" ActualRewinds="0" ActualRows="0" Batches="0" ActualEndOfScans="1" ActualExecutions="1" ActualExecutionMode="Row" ActualElapsedms="0" ActualCPUms="0" ActualScans="0" ActualLogicalReads="0" ActualPhysicalReads="0" ActualReadAheads="0" ActualLobLogicalReads="0" ActualLobPhysicalReads="0" ActualLobReadAheads="0" /></RunTimeInformation><Spool PrimaryNodeId="4" /></RelOp><Predicate><ScalarOperator ScalarString="ScalarString197"><Logical Operation="NOT"><ScalarOperator><Identifier><ColumnReference Column="Expr1011" /></Identifier></ScalarOperator></Logical></ScalarOperator></Predicate></Filter></RelOp></Update></RelOp><RelOp AvgRowSize="9" EstimateCPU="1E-06" EstimateIO="0.01" EstimateRebinds="0" EstimateRewinds="0" EstimatedExecutionMode="Row" EstimateRows="1" LogicalOp="Update" NodeId="20" Parallel="false" PhysicalOp="Index Update" EstimatedTotalSubtreeCost="0.0211953"><OutputList /><RunTimeInformation><RunTimeCountersPerThread Thread="0" ActualRows="0" Batches="0" ActualEndOfScans="1" ActualExecutions="1" ActualExecutionMode="Row" ActualElapsedms="0" ActualCPUms="0" ActualScans="0" ActualLogicalReads="0" ActualPhysicalReads="0" ActualReadAheads="0" ActualLobLogicalReads="0" ActualLobPhysicalReads="0" ActualLobReadAheads="0" /></RunTimeInformation><Update DMLRequestSort="false"><Object Database="Database1" Schema="Schema1" Table="Object14" Index="Index15" Alias="Object11" IndexKind="NonClustered" Storage="RowStore" /><SetPredicate><ScalarOperator ScalarString="ScalarString198"><ScalarExpressionList><ScalarOperator><MultipleAssign><Assign><ColumnReference Column="Column132" /><ScalarOperator><Identifier><ColumnReference Database="Database1" Schema="Schema1" Table="Object14" Alias="Object11" Column="Column13" /></Identifier></ScalarOperator></Assign><Assign><ColumnReference Column="Column133" /><ScalarOperator><Identifier><ColumnReference Database="Database1" Schema="Schema1" Table="Object14" Alias="Object11" Column="Column14" /></Identifier></ScalarOperator></Assign><Assign><ColumnReference Column="Column134" /><ScalarOperator><Identifier><ColumnReference Database="Database1" Schema="Schema1" Table="Object14" Alias="Object11" Column="Column15" /></Identifier></ScalarOperator></Assign><Assign><ColumnReference Column="Column135" /><ScalarOperator><Identifier><ColumnReference Database="Database1" Schema="Schema1" Table="Object14" Alias="Object11" Column="Column75" /></Identifier></ScalarOperator></Assign><Assign><ColumnReference Column="Column136" /><ScalarOperator><Identifier><ColumnReference Database="Database1" Schema="Schema1" Table="Object14" Alias="Object11" Column="Column11" /></Identifier></ScalarOperator></Assign><Assign><ColumnReference Column="Column137" /><ScalarOperator><Identifier><ColumnReference Database="Database1" Schema="Schema1" Table="Object14" Alias="Object11" Column="Column12" /></Identifier></ScalarOperator></Assign><Assign><ColumnReference Column="Column138" ComputedColumn="true" /><ScalarOperator><Identifier><ColumnReference Database="Database1" Schema="Schema1" Table="Object14" Alias="Object11" Column="Column79" ComputedColumn="true" /></Identifier></ScalarOperator></Assign></MultipleAssign></ScalarOperator></ScalarExpressionList></ScalarOperator></SetPredicate><ActionColumn><ColumnReference Column="Column123" /></ActionColumn><RelOp AvgRowSize="45" EstimateCPU="7.6E-07" EstimateIO="0" EstimateRebinds="0" EstimateRewinds="0" EstimatedExecutionMode="Row" EstimateRows="1" LogicalOp="Filter" NodeId="21" Parallel="false" PhysicalOp="Filter" EstimatedTotalSubtreeCost="0.0111943"><OutputList><ColumnReference Database="Database1" Schema="Schema1" Table="Object14" Alias="Object11" Column="Column13" /><ColumnReference Database="Database1" Schema="Schema1" Table="Object14" Alias="Object11" Column="Column14" /><ColumnReference Database="Database1" Schema="Schema1" Table="Object14" Alias="Object11" Column="Column15" /><ColumnReference Database="Database1" Schema="Schema1" Table="Object14" Alias="Object11" Column="Column11" /><ColumnReference Database="Database1" Schema="Schema1" Table="Object14" Alias="Object11" Column="Column12" /><ColumnReference Database="Database1" Schema="Schema1" Table="Object14" Alias="Object11" Column="Column79" ComputedColumn="true" /><ColumnReference Database="Database1" Schema="Schema1" Table="Object14" Alias="Object11" Column="Column75" /><ColumnReference Column="Column123" /></OutputList><RunTimeInformation><RunTimeCountersPerThread Thread="0" ActualRows="0" Batches="0" ActualEndOfScans="1" ActualExecutions="1" ActualExecutionMode="Row" ActualElapsedms="0" ActualCPUms="0" /></RunTimeInformation><Filter StartupExpression="false"><RelOp AvgRowSize="71" EstimateCPU="2.5577E-05" EstimateIO="0.00330346" EstimateRebinds="0" EstimateRewinds="0" EstimatedExecutionMode="Row" EstimateRows="2" LogicalOp="Eager Spool" NodeId="22" Parallel="false" PhysicalOp="Table Spool" EstimatedTotalSubtreeCost="0.0111935"><OutputList><ColumnReference Database="Database1" Schema="Schema1" Table="Object14" Alias="Object11" Column="Column13" /><ColumnReference Database="Database1" Schema="Schema1" Table="Object14" Alias="Object11" Column="Column14" /><ColumnReference Database="Database1" Schema="Schema1" Table="Object14" Alias="Object11" Column="Column15" /><ColumnReference Database="Database1" Schema="Schema1" Table="Object14" Alias="Object11" Column="Column11" /><ColumnReference Database="Database1" Schema="Schema1" Table="Object14" Alias="Object11" Column="Column12" /><ColumnReference Database="Database1" Schema="Schema1" Table="Object14" Alias="Object11" Column="Column79" ComputedColumn="true" /><ColumnReference Database="Database1" Schema="Schema1" Table="Object14" Alias="Object11" Column="Column81" /><ColumnReference Database="Database1" Schema="Schema1" Table="Object14" Alias="Object11" Column="Column82" /><ColumnReference Database="Database1" Schema="Schema1" Table="Object14" Alias="Object11" Column="Column75" /><ColumnReference Column="Expr1010" /><ColumnReference Column="Expr1011" /><ColumnReference Column="Expr1012" /><ColumnReference Column="Expr1013" /><ColumnReference Column="Column123" /></OutputList><RunTimeInformation><RunTimeCountersPerThread Thread="0" ActualRebinds="1" ActualRewinds="0" ActualRows="0" Batches="0" ActualEndOfScans="1" ActualExecutions="1" ActualExecutionMode="Row" ActualElapsedms="0" ActualCPUms="0" ActualScans="0" ActualLogicalReads="0" ActualPhysicalReads="0" ActualReadAheads="0" ActualLobLogicalReads="0" ActualLobPhysicalReads="0" ActualLobReadAheads="0" /></RunTimeInformation><Spool PrimaryNodeId="4" /></RelOp><Predicate><ScalarOperator ScalarString="ScalarString118"><Logical Operation="NOT"><ScalarOperator><Identifier><ColumnReference Column="Expr1012" /></Identifier></ScalarOperator></Logical></ScalarOperator></Predicate></Filter></RelOp></Update></RelOp><RelOp AvgRowSize="9" EstimateCPU="1E-06" EstimateIO="0.01" EstimateRebinds="0" EstimateRewinds="0" EstimatedExecutionMode="Row" EstimateRows="1" LogicalOp="Update" NodeId="23" Parallel="false" PhysicalOp="Index Update" EstimatedTotalSubtreeCost="0.0211953"><OutputList /><RunTimeInformation><RunTimeCountersPerThread Thread="0" ActualRows="0" Batches="0" ActualEndOfScans="1" ActualExecutions="1" ActualExecutionMode="Row" ActualElapsedms="0" ActualCPUms="0" ActualScans="0" ActualLogicalReads="0" ActualPhysicalReads="0" ActualReadAheads="0" ActualLobLogicalReads="0" ActualLobPhysicalReads="0" ActualLobReadAheads="0" /></RunTimeInformation><Update DMLRequestSort="false"><Object Database="Database1" Schema="Schema1" Table="Object14" Index="Index13" Alias="Object11" IndexKind="NonClustered" Storage="RowStore" /><SetPredicate><ScalarOperator ScalarString="ScalarString199"><ScalarExpressionList><ScalarOperator><MultipleAssign><Assign><ColumnReference Column="Column139" /><ScalarOperator><Identifier><ColumnReference Database="Database1" Schema="Schema1" Table="Object14" Alias="Object11" Column="Column13" /></Identifier></ScalarOperator></Assign><Assign><ColumnReference Column="Column140" /><ScalarOperator><Identifier><ColumnReference Database="Database1" Schema="Schema1" Table="Object14" Alias="Object11" Column="Column14" /></Identifier></ScalarOperator></Assign><Assign><ColumnReference Column="Column141" /><ScalarOperator><Identifier><ColumnReference Database="Database1" Schema="Schema1" Table="Object14" Alias="Object11" Column="Column15" /></Identifier></ScalarOperator></Assign><Assign><ColumnReference Column="Column142" /><ScalarOperator><Identifier><ColumnReference Database="Database1" Schema="Schema1" Table="Object14" Alias="Object11" Column="Column75" /></Identifier></ScalarOperator></Assign><Assign><ColumnReference Column="Column143" /><ScalarOperator><Identifier><ColumnReference Database="Database1" Schema="Schema1" Table="Object14" Alias="Object11" Column="Column11" /></Identifier></ScalarOperator></Assign><Assign><ColumnReference Column="Column144" /><ScalarOperator><Identifier><ColumnReference Database="Database1" Schema="Schema1" Table="Object14" Alias="Object11" Column="Column12" /></Identifier></ScalarOperator></Assign><Assign><ColumnReference Column="Column145" ComputedColumn="true" /><ScalarOperator><Identifier><ColumnReference Database="Database1" Schema="Schema1" Table="Object14" Alias="Object11" Column="Column79" ComputedColumn="true" /></Identifier></ScalarOperator></Assign><Assign><ColumnReference Column="Column146" /><ScalarOperator><Identifier><ColumnReference Database="Database1" Schema="Schema1" Table="Object14" Alias="Object11" Column="Column81" /></Identifier></ScalarOperator></Assign></MultipleAssign></ScalarOperator></ScalarExpressionList></ScalarOperator></SetPredicate><ActionColumn><ColumnReference Column="Column123" /></ActionColumn><RelOp AvgRowSize="50" EstimateCPU="7.6E-07" EstimateIO="0" EstimateRebinds="0" EstimateRewinds="0" EstimatedExecutionMode="Row" EstimateRows="1" LogicalOp="Filter" NodeId="24" Parallel="false" PhysicalOp="Filter" EstimatedTotalSubtreeCost="0.0111943"><OutputList><ColumnReference Database="Database1" Schema="Schema1" Table="Object14" Alias="Object11" Column="Column13" /><ColumnReference Database="Database1" Schema="Schema1" Table="Object14" Alias="Object11" Column="Column14" /><ColumnReference Database="Database1" Schema="Schema1" Table="Object14" Alias="Object11" Column="Column15" /><ColumnReference Database="Database1" Schema="Schema1" Table="Object14" Alias="Object11" Column="Column11" /><ColumnReference Database="Database1" Schema="Schema1" Table="Object14" Alias="Object11" Column="Column12" /><ColumnReference Database="Database1" Schema="Schema1" Table="Object14" Alias="Object11" Column="Column79" ComputedColumn="true" /><ColumnReference Database="Database1" Schema="Schema1" Table="Object14" Alias="Object11" Column="Column81" /><ColumnReference Database="Database1" Schema="Schema1" Table="Object14" Alias="Object11" Column="Column75" /><ColumnReference Column="Column123" /></OutputList><RunTimeInformation><RunTimeCountersPerThread Thread="0" ActualRows="0" Batches="0" ActualEndOfScans="1" ActualExecutions="1" ActualExecutionMode="Row" ActualElapsedms="0" ActualCPUms="0" /></RunTimeInformation><Filter StartupExpression="false"><RelOp AvgRowSize="71" EstimateCPU="2.5577E-05" EstimateIO="0.00330346" EstimateRebinds="0" EstimateRewinds="0" EstimatedExecutionMode="Row" EstimateRows="2" LogicalOp="Eager Spool" NodeId="25" Parallel="false" PhysicalOp="Table Spool" EstimatedTotalSubtreeCost="0.0111935"><OutputList><ColumnReference Database="Database1" Schema="Schema1" Table="Object14" Alias="Object11" Column="Column13" /><ColumnReference Database="Database1" Schema="Schema1" Table="Object14" Alias="Object11" Column="Column14" /><ColumnReference Database="Database1" Schema="Schema1" Table="Object14" Alias="Object11" Column="Column15" /><ColumnReference Database="Database1" Schema="Schema1" Table="Object14" Alias="Object11" Column="Column11" /><ColumnReference Database="Database1" Schema="Schema1" Table="Object14" Alias="Object11" Column="Column12" /><ColumnReference Database="Database1" Schema="Schema1" Table="Object14" Alias="Object11" Column="Column79" ComputedColumn="true" /><ColumnReference Database="Database1" Schema="Schema1" Table="Object14" Alias="Object11" Column="Column81" /><ColumnReference Database="Database1" Schema="Schema1" Table="Object14" Alias="Object11" Column="Column82" /><ColumnReference Database="Database1" Schema="Schema1" Table="Object14" Alias="Object11" Column="Column75" /><ColumnReference Column="Expr1010" /><ColumnReference Column="Expr1011" /><ColumnReference Column="Expr1012" /><ColumnReference Column="Expr1013" /><ColumnReference Column="Column123" /></OutputList><RunTimeInformation><RunTimeCountersPerThread Thread="0" ActualRebinds="1" ActualRewinds="0" ActualRows="0" Batches="0" ActualEndOfScans="1" ActualExecutions="1" ActualExecutionMode="Row" ActualElapsedms="0" ActualCPUms="0" ActualScans="0" ActualLogicalReads="0" ActualPhysicalReads="0" ActualReadAheads="0" ActualLobLogicalReads="0" ActualLobPhysicalReads="0" ActualLobReadAheads="0" /></RunTimeInformation><Spool PrimaryNodeId="4" /></RelOp><Predicate><ScalarOperator ScalarString="ScalarString120"><Logical Operation="NOT"><ScalarOperator><Identifier><ColumnReference Column="Expr1013" /></Identifier></ScalarOperator></Logical></ScalarOperator></Predicate></Filter></RelOp></Update></RelOp></Sequence></RelOp></QueryPlan></StmtSimple></Statements></Batch><Batch><Statements><StmtSimple StatementCompId="81" StatementEstRows="1" StatementId="9" StatementOptmLevel="FULL" StatementOptmEarlyAbortReason="GoodEnoughPlanFound" CardinalityEstimationModelVersion="140" StatementSubTreeCost="0.000467097" StatementText="IF EXISTS (SELECT ? FROM Variable9 WHERE Column10 &lt;&gt; Column9 HAVING Function4(?) &gt; ?)&#xD;&#xA; " StatementType="COND WITH QUERY" QueryHash="0x5FE8FC7EBF587D30" QueryPlanHash="0x01EF1A421041DF81" RetrievedFromCache="true" StatementSqlHandle="0x0900AF9BB8BA55C01BD1902E9D50225E58610000000000000000000000000000000000000000000000000000" DatabaseContextSettingsId="26" ParentObjectId="922043362" StatementParameterizationType="0" SecurityPolicyApplied="false"><StatementSetOptions ANSI_NULLS="true" ANSI_PADDING="true" ANSI_WARNINGS="true" ARITHABORT="true" CONCAT_NULL_YIELDS_NULL="true" NUMERIC_ROUNDABORT="false" QUOTED_IDENTIFIER="true" /><QueryPlan DegreeOfParallelism="1" CachedPlanSize="24" CompileTime="1" CompileCPU="1" CompileMemory="1424"><MemoryGrantInfo SerialRequiredMemory="0" SerialDesiredMemory="0" /><OptimizerHardwareDependentProperties EstimatedAvailableMemoryGrant="1494220" EstimatedPagesCached="373555" EstimatedAvailableDegreeOfParallelism="2" MaxCompileMemory="37797760" /><TraceFlags IsCompileTime="true"><TraceFlag Value="460" Scope="Global" /><TraceFlag Value="1254" Scope="Global" /><TraceFlag Value="3226" Scope="Global" /><TraceFlag Value="7745" Scope="Global" /><TraceFlag Value="7752" Scope="Global" /><TraceFlag Value="9888" Scope="Global" /></TraceFlags><TraceFlags IsCompileTime="false"><TraceFlag Value="460" Scope="Global" /><TraceFlag Value="1254" Scope="Global" /><TraceFlag Value="3226" Scope="Global" /><TraceFlag Value="7745" Scope="Global" /><TraceFlag Value="7752" Scope="Global" /><TraceFlag Value="9888" Scope="Global" /></TraceFlags><QueryTimeStats CpuTime="0" ElapsedTime="0" /><RelOp AvgRowSize="11" EstimateCPU="1E-07" EstimateIO="0" EstimateRebinds="0" EstimateRewinds="0" EstimatedExecutionMode="Row" EstimateRows="1" LogicalOp="Compute Scalar" NodeId="0" Parallel="false" PhysicalOp="Compute Scalar" EstimatedTotalSubtreeCost="0.000467097"><OutputList><ColumnReference Column="Expr1005" /></OutputList><ComputeScalar><DefinedValues><DefinedValue><ColumnReference Column="Expr1005" /><ScalarOperator ScalarString="ScalarString200"><IF><Condition><ScalarOperator><Identifier><ColumnReference Column="Expr1006" /></Identifier></ScalarOperator></Condition><Then><ScalarOperator><Const ConstValue="Value6" /></ScalarOperator></Then><Else><ScalarOperator><Const ConstValue="Value5" /></ScalarOperator></Else></IF></ScalarOperator></DefinedValue></DefinedValues><RelOp AvgRowSize="9" EstimateCPU="4.18E-06" EstimateIO="0" EstimateRebinds="0" EstimateRewinds="0" EstimatedExecutionMode="Row" EstimateRows="1" LogicalOp="Left Semi Join" NodeId="1" Parallel="false" PhysicalOp="Nested Loops" EstimatedTotalSubtreeCost="0.000466997"><OutputList><ColumnReference Column="Expr1006" /></OutputList><RunTimeInformation><RunTimeCountersPerThread Thread="0" ActualRows="1" Batches="0" ActualEndOfScans="1" ActualExecutions="1" ActualExecutionMode="Row" ActualElapsedms="0" ActualCPUms="0" /></RunTimeInformation><NestedLoops Optimized="false"><DefinedValues><DefinedValue><ColumnReference Column="Expr1006" /></DefinedValue></DefinedValues><ProbeColumn><ColumnReference Column="Expr1006" /></ProbeColumn><RelOp AvgRowSize="9" EstimateCPU="1.157E-06" EstimateIO="0" EstimateRebinds="0" EstimateRewinds="0" EstimatedExecutionMode="Row" EstimateRows="1" LogicalOp="Constant Scan" NodeId="2" Parallel="false" PhysicalOp="Constant Scan" EstimatedTotalSubtreeCost="1.157E-06"><OutputList /><RunTimeInformation><RunTimeCountersPerThread Thread="0" ActualRows="1" Batches="0" ActualEndOfScans="1" ActualExecutions="1" ActualExecutionMode="Row" ActualElapsedms="0" ActualCPUms="0" /></RunTimeInformation><ConstantScan /></RelOp><RelOp AvgRowSize="9" EstimateCPU="4.8E-07" EstimateIO="0" EstimateRebinds="0" EstimateRewinds="0" EstimatedExecutionMode="Row" EstimateRows="1" LogicalOp="Filter" NodeId="3" Parallel="false" PhysicalOp="Filter" EstimatedTotalSubtreeCost="0.00046166"><OutputList /><RunTimeInformation><RunTimeCountersPerThread Thread="0" ActualRows="0" Batches="0" ActualEndOfScans="1" ActualExecutions="1" ActualExecutionMode="Row" ActualElapsedms="0" ActualCPUms="0" /></RunTimeInformation><Filter StartupExpression="false"><RelOp AvgRowSize="11" EstimateCPU="0" EstimateIO="0" EstimateRebinds="0" EstimateRewinds="0" EstimatedExecutionMode="Row" EstimateRows="1" LogicalOp="Compute Scalar" NodeId="4" Parallel="false" PhysicalOp="Compute Scalar" EstimatedTotalSubtreeCost="0.00046118"><OutputList><ColumnReference Column="Expr1003" /></OutputList><ComputeScalar><DefinedValues><DefinedValue><ColumnReference Column="Expr1003" /><ScalarOperator ScalarString="ScalarString201"><Convert DataType="int" Style="0" Implicit="true"><ScalarOperator><Identifier><ColumnReference Column="Expr1009" /></Identifier></ScalarOperator></Convert></ScalarOperator></DefinedValue></DefinedValues><RelOp AvgRowSize="11" EstimateCPU="1.1E-06" EstimateIO="0" EstimateRebinds="0" EstimateRewinds="0" EstimatedExecutionMode="Row" EstimateRows="1" LogicalOp="Aggregate" NodeId="5" Parallel="false" PhysicalOp="Stream Aggregate" EstimatedTotalSubtreeCost="0.00046118"><OutputList><ColumnReference Column="Expr1009" /></OutputList><RunTimeInformation><RunTimeCountersPerThread Thread="0" ActualRows="1" Batches="0" ActualEndOfScans="1" ActualExecutions="1" ActualExecutionMode="Row" ActualElapsedms="0" ActualCPUms="0" /></RunTimeInformation><StreamAggregate><DefinedValues><DefinedValue><ColumnReference Column="Expr1009" /><ScalarOperator ScalarString="ScalarString165"><Aggregate AggType="countstar" Distinct="false" /></ScalarOperator></DefinedValue></DefinedValues><RelOp AvgRowSize="9" EstimateCPU="4.8E-07" EstimateIO="0" EstimateRebinds="0" EstimateRewinds="0" EstimatedExecutionMode="Row" EstimateRows="1" LogicalOp="Filter" NodeId="6" Parallel="false" PhysicalOp="Filter" EstimatedTotalSubtreeCost="0.00046008"><OutputList /><RunTimeInformation><RunTimeCountersPerThread Thread="0" ActualRows="1" Batches="0" ActualEndOfScans="1" ActualExecutions="1" ActualExecutionMode="Row" ActualElapsedms="0" ActualCPUms="0" /></RunTimeInformation><Filter StartupExpression="false"><RelOp AvgRowSize="15" EstimateCPU="0.0004596" EstimateIO="0" EstimateRebinds="0" EstimateRewinds="0" EstimatedExecutionMode="Row" EstimateRows="1" EstimatedRowsRead="1" LogicalOp="Index Scan" NodeId="7" Parallel="false" PhysicalOp="Index Scan" EstimatedTotalSubtreeCost="0.0004596" TableCardinality="1"><OutputList><ColumnReference Column="Column9" /><ColumnReference Column="Column10" /></OutputList><RunTimeInformation><RunTimeCountersPerThread Thread="0" ActualRows="1" Batches="0" ActualEndOfScans="1" ActualExecutions="1" ActualExecutionMode="Row" ActualElapsedms="0" ActualCPUms="0" /></RunTimeInformation><IndexScan Ordered="false" ForcedIndex="false" ForceSeek="false" ForceScan="false" NoExpandHint="false" Storage="MemoryOptimized"><DefinedValues><DefinedValue><ColumnReference Column="Column9" /></DefinedValue><DefinedValue><ColumnReference Column="Column10" /></DefinedValue></DefinedValues><Object Table="Object21" Index="Index17" IndexKind="NonClustered" Storage="MemoryOptimized" /></IndexScan></RelOp><Predicate><ScalarOperator ScalarString="ScalarString202"><Compare CompareOp="NE"><ScalarOperator><Identifier><ColumnReference Column="Column10" /></Identifier></ScalarOperator><ScalarOperator><Identifier><ColumnReference Column="Column9" /></Identifier></ScalarOperator></Compare></ScalarOperator></Predicate></Filter></RelOp></StreamAggregate></RelOp></ComputeScalar></RelOp><Predicate><ScalarOperator ScalarString="ScalarString203"><Compare CompareOp="GT"><ScalarOperator><Identifier><ColumnReference Column="Expr1003" /></Identifier></ScalarOperator><ScalarOperator><Const ConstValue="Value6" /></ScalarOperator></Compare></ScalarOperator></Predicate></Filter></RelOp></NestedLoops></RelOp></ComputeScalar></RelOp></QueryPlan></StmtSimple></Statements></Batch><Batch><Statements><StmtSimple StatementCompId="85" StatementEstRows="1" StatementId="10" StatementOptmLevel="FULL" StatementOptmEarlyAbortReason="GoodEnoughPlanFound" CardinalityEstimationModelVersion="140" StatementSubTreeCost="0.0304633" StatementText="INSERT INTO Schema1.Object17&#xD;&#xA;&#x9;&#x9;(&#xD;&#xA;&#x9;&#x9;&#x9;Column17,&#xD;&#xA;&#x9;&#x9;&#x9;Column4,&#xD;&#xA;&#x9;&#x9;&#x9;Column18,&#xD;&#xA;&#x9;&#x9;&#x9;Column19,&#xD;&#xA;&#x9;&#x9;&#x9;Column3,&#xD;&#xA;&#x9;&#x9;&#x9;Column2,&#xD;&#xA;&#x9;&#x9;&#x9;Column20,&#xD;&#xA;&#x9;&#x9;&#x9;Column9,&#xD;&#xA;&#x9;&#x9;&#x9;Column10,&#xD;&#xA;&#x9;&#x9;&#x9;Column21,&#xD;&#xA;&#x9;&#x9;&#x9;Column22,&#xD;&#xA;&#x9;&#x9;&#x9;Column23,&#xD;&#xA;&#x9;&#x9;&#x9;Column8,&#xD;&#xA;&#x9;&#x9;&#x9;Column5,&#xD;&#xA;&#x9;&#x9;&#x9;Column14,&#xD;&#xA;&#x9;&#x9;&#x9;Column13,&#xD;&#xA;&#x9;&#x9;&#x9;Column24,&#xD;&#xA;&#x9;&#x9;&#x9;Column25,&#xD;&#xA;&#x9;&#x9;&#x9;Column26,&#xD;&#xA;&#x9;&#x9;&#x9;Column27&#xD;&#xA;&#x9;&#x9;)&#xD;&#xA;&#x9;&#x9;SELECT&#xD;&#xA;&#x9;&#x9;&#x9;Variable11,&#xD;&#xA;&#x9;&#x9;&#x9;Variable5,&#xD;&#xA;&#x9;&#x9;&#x9;Variable12,&#xD;&#xA;&#x9;&#x9;&#x9;Variable13,&#xD;&#xA;&#x9;&#x9;&#x9;Variable4,&#xD;&#xA;&#x9;&#x9;&#x9;Object18.Column2,&#xD;&#xA;&#x9;&#x9;&#x9;Object18.Column10 - Object18.Column9,&#xD;&#xA;&#x9;&#x9;&#x9;Object18.Column9,&#xD;&#xA;&#x9;&#x9;&#x9;Object18.Column10,&#xD;&#xA;&#x9;&#x9;&#x9;Variable14,&#xD;&#xA;&#x9;&#x9;&#x9;Variable15 + Variable2,&#xD;&#xA;&#x9;&#x9;&#x9;Variable16,&#xD;&#xA;&#x9;&#x9;&#x9;Object18.Column8,&#xD;&#xA;&#x9;&#x9;&#x9;Object18.Column5,&#xD;&#xA;&#x9;&#x9;&#x9;Variable17,&#xD;&#xA;&#x9;&#x9;&#x9;Variable18,&#xD;&#xA;&#x9;&#x9;&#x9;Variable19,&#xD;&#xA;&#x9;&#x9;&#x9;Variable20,&#xD;&#xA;&#x9;&#x9;&#x9;Variable21,&#xD;&#xA;&#x9;&#x9;&#x9;Variable22&#xD;&#xA;&#x9;&#x9;FROM Variable9 iqcl&#xD;&#xA;&#x9;&#x9;WHERE&#xD;&#xA;&#x9;&#x9;&#x9;Object18.Column10 &lt;&gt; Object18.Column9" StatementType="INSERT" QueryHash="0x8A456383CCF603CE" QueryPlanHash="0xDCE6B73724837B31" RetrievedFromCache="true" StatementSqlHandle="0x090055C879080798C027613263FC044200B90000000000000000000000000000000000000000000000000000" DatabaseContextSettingsId="26" ParentObjectId="922043362" BatchSqlHandle="0x03001700E243F536E68E6700B0AA000001000000000000000000000000000000000000000000000000000000" StatementParameterizationType="0" SecurityPolicyApplied="false"><StatementSetOptions ANSI_NULLS="true" ANSI_PADDING="true" ANSI_WARNINGS="true" ARITHABORT="true" CONCAT_NULL_YIELDS_NULL="true" NUMERIC_ROUNDABORT="false" QUOTED_IDENTIFIER="true" /><QueryPlan DegreeOfParallelism="1" CachedPlanSize="48" CompileTime="1" CompileCPU="1" CompileMemory="1472"><MemoryGrantInfo SerialRequiredMemory="0" SerialDesiredMemory="0" /><OptimizerHardwareDependentProperties EstimatedAvailableMemoryGrant="1494220" EstimatedPagesCached="373555" EstimatedAvailableDegreeOfParallelism="2" MaxCompileMemory="37797760" /><TraceFlags IsCompileTime="true"><TraceFlag Value="460" Scope="Global" /><TraceFlag Value="1254" Scope="Global" /><TraceFlag Value="3226" Scope="Global" /><TraceFlag Value="7745" Scope="Global" /><TraceFlag Value="7752" Scope="Global" /><TraceFlag Value="9888" Scope="Global" /></TraceFlags><TraceFlags IsCompileTime="false"><TraceFlag Value="460" Scope="Global" /><TraceFlag Value="1254" Scope="Global" /><TraceFlag Value="3226" Scope="Global" /><TraceFlag Value="7745" Scope="Global" /><TraceFlag Value="7752" Scope="Global" /><TraceFlag Value="9888" Scope="Global" /></TraceFlags><QueryTimeStats CpuTime="1" ElapsedTime="1" /><RelOp AvgRowSize="9" EstimateCPU="3E-06" EstimateIO="0.03" EstimateRebinds="0" EstimateRewinds="0" EstimatedExecutionMode="Row" EstimateRows="1" LogicalOp="Insert" NodeId="0" Parallel="false" PhysicalOp="Clustered Index Insert" EstimatedTotalSubtreeCost="0.0304633"><OutputList /><RunTimeInformation><RunTimeCountersPerThread Thread="0" ActualRows="1" Batches="0" ActualEndOfScans="1" ActualExecutions="1" ActualExecutionMode="Row" ActualElapsedms="0" ActualCPUms="0" ActualScans="0" ActualLogicalReads="4" ActualPhysicalReads="0" ActualReadAheads="0" ActualLobLogicalReads="0" ActualLobPhysicalReads="0" ActualLobReadAheads="0" /></RunTimeInformation><Update DMLRequestSort="false"><Object Database="Database1" Schema="Schema1" Table="Object17" Index="Index18" IndexKind="Clustered" Storage="RowStore" /><Object Database="Database1" Schema="Schema1" Table="Object17" Index="Index19" IndexKind="NonClustered" Storage="RowStore" /><Object Database="Database1" Schema="Schema1" Table="Object17" Index="Index20" IndexKind="NonClustered" Storage="RowStore" /><SetPredicate><ScalarOperator ScalarString="ScalarString204"><ScalarExpressionList><ScalarOperator><MultipleAssign><Assign><ColumnReference Database="Database1" Schema="Schema1" Table="Object17" Column="Column17" /><ScalarOperator><Identifier><ColumnReference Column="Column147" /></Identifier></ScalarOperator></Assign><Assign><ColumnReference Database="Database1" Schema="Schema1" Table="Object17" Column="Column4" /><ScalarOperator><Intrinsic FunctionName="Function5"><ScalarOperator><Identifier><ColumnReference Column="Column30" /></Identifier></ScalarOperator></Intrinsic></ScalarOperator></Assign><Assign><ColumnReference Database="Database1" Schema="Schema1" Table="Object17" Column="Column18" /><ScalarOperator><Intrinsic FunctionName="Function5"><ScalarOperator><Identifier><ColumnReference Column="Column148" /></Identifier></ScalarOperator></Intrinsic></ScalarOperator></Assign><Assign><ColumnReference Database="Database1" Schema="Schema1" Table="Object17" Column="Column19" /><ScalarOperator><Intrinsic FunctionName="Function5"><ScalarOperator><Identifier><ColumnReference Column="Column149" /></Identifier></ScalarOperator></Intrinsic></ScalarOperator></Assign><Assign><ColumnReference Database="Database1" Schema="Schema1" Table="Object17" Column="Column3" /><ScalarOperator><Intrinsic FunctionName="Function5"><ScalarOperator><Identifier><ColumnReference Column="Column29" /></Identifier></ScalarOperator></Intrinsic></ScalarOperator></Assign><Assign><ColumnReference Database="Database1" Schema="Schema1" Table="Object17" Column="Column2" /><ScalarOperator><Identifier><ColumnReference Table="Object21" Alias="Object18" Column="Column2" /></Identifier></ScalarOperator></Assign><Assign><ColumnReference Database="Database1" Schema="Schema1" Table="Object17" Column="Column20" /><ScalarOperator><Intrinsic FunctionName="Function5"><ScalarOperator><Identifier><ColumnReference Column="Expr1005" /></Identifier></ScalarOperator></Intrinsic></ScalarOperator></Assign><Assign><ColumnReference Database="Database1" Schema="Schema1" Table="Object17" Column="Column9" /><ScalarOperator><Identifier><ColumnReference Table="Object21" Alias="Object18" Column="Column9" /></Identifier></ScalarOperator></Assign><Assign><ColumnReference Database="Database1" Schema="Schema1" Table="Object17" Column="Column10" /><ScalarOperator><Identifier><ColumnReference Table="Object21" Alias="Object18" Column="Column10" /></Identifier></ScalarOperator></Assign><Assign><ColumnReference Database="Database1" Schema="Schema1" Table="Object17" Column="Column21" /><ScalarOperator><Intrinsic FunctionName="Function5"><ScalarOperator><Identifier><ColumnReference Column="Column150" /></Identifier></ScalarOperator></Intrinsic></ScalarOperator></Assign><Assign><ColumnReference Database="Database1" Schema="Schema1" Table="Object17" Column="Column22" /><ScalarOperator><Identifier><ColumnReference Column="Expr1006" /></Identifier></ScalarOperator></Assign><Assign><ColumnReference Database="Database1" Schema="Schema1" Table="Object17" Column="Column23" /><ScalarOperator><Identifier><ColumnReference Column="Column151" /></Identifier></ScalarOperator></Assign><Assign><ColumnReference Database="Database1" Schema="Schema1" Table="Object17" Column="Column8" /><ScalarOperator><Identifier><ColumnReference Table="Object21" Alias="Object18" Column="Column8" /></Identifier></ScalarOperator></Assign><Assign><ColumnReference Database="Database1" Schema="Schema1" Table="Object17" Column="Column5" /><ScalarOperator><Identifier><ColumnReference Table="Object21" Alias="Object18" Column="Column5" /></Identifier></ScalarOperator></Assign><Assign><ColumnReference Database="Database1" Schema="Schema1" Table="Object17" Column="Column14" /><ScalarOperator><Identifier><ColumnReference Column="Column152" /></Identifier></ScalarOperator></Assign><Assign><ColumnReference Database="Database1" Schema="Schema1" Table="Object17" Column="Column13" /><ScalarOperator><Identifier><ColumnReference Column="Column153" /></Identifier></ScalarOperator></Assign><Assign><ColumnReference Database="Database1" Schema="Schema1" Table="Object17" Column="Column24" /><ScalarOperator><Identifier><ColumnReference Column="Column154" /></Identifier></ScalarOperator></Assign><Assign><ColumnReference Database="Database1" Schema="Schema1" Table="Object17" Column="Column25" /><ScalarOperator><Identifier><ColumnReference Column="Column155" /></Identifier></ScalarOperator></Assign><Assign><ColumnReference Database="Database1" Schema="Schema1" Table="Object17" Column="Column26" /><ScalarOperator><Identifier><ColumnReference Column="Column156" /></Identifier></ScalarOperator></Assign><Assign><ColumnReference Database="Database1" Schema="Schema1" Table="Object17" Column="Column27" /><ScalarOperator><Identifier><ColumnReference Column="Column157" /></Identifier></ScalarOperator></Assign><Assign><ColumnReference Database="Database1" Schema="Schema1" Table="Object17" Column="Column158" /><ScalarOperator><Identifier><ColumnReference Column="Expr1004" /></Identifier></ScalarOperator></Assign><Assign><ColumnReference Database="Database1" Schema="Schema1" Table="Object17" Column="Column159" /><ScalarOperator><Intrinsic FunctionName="Function5"><ScalarOperator><Identifier><ColumnReference Column="Expr1007" /></Identifier></ScalarOperator></Intrinsic></ScalarOperator></Assign></MultipleAssign></ScalarOperator></ScalarExpressionList></ScalarOperator></SetPredicate><RelOp AvgRowSize="4073" EstimateCPU="1E-07" EstimateIO="0" EstimateRebinds="0" EstimateRewinds="0" EstimatedExecutionMode="Row" EstimateRows="1" LogicalOp="Compute Scalar" NodeId="1" Parallel="false" PhysicalOp="Compute Scalar" EstimatedTotalSubtreeCost="0.00046028"><OutputList><ColumnReference Table="Object21" Alias="Object18" Column="Column2" /><ColumnReference Table="Object21" Alias="Object18" Column="Column9" /><ColumnReference Table="Object21" Alias="Object18" Column="Column10" /><ColumnReference Table="Object21" Alias="Object18" Column="Column8" /><ColumnReference Table="Object21" Alias="Object18" Column="Column5" /><ColumnReference Column="Expr1004" /><ColumnReference Column="Expr1005" /><ColumnReference Column="Expr1006" /><ColumnReference Column="Expr1007" /></OutputList><ComputeScalar><DefinedValues><DefinedValue><ColumnReference Column="Expr1005" /><ScalarOperator ScalarString="ScalarString205"><Arithmetic Operation="SUB"><ScalarOperator><Identifier><ColumnReference Table="Object21" Alias="Object18" Column="Column10" /></Identifier></ScalarOperator><ScalarOperator><Identifier><ColumnReference Table="Object21" Alias="Object18" Column="Column9" /></Identifier></ScalarOperator></Arithmetic></ScalarOperator></DefinedValue><DefinedValue><ColumnReference Column="Expr1006" /><ScalarOperator ScalarString="ScalarString206"><Identifier><ColumnReference Column="Column160"><ScalarOperator><Arithmetic Operation="ADD"><ScalarOperator><Identifier><ColumnReference Column="Column161" /></Identifier></ScalarOperator><ScalarOperator><Identifier><ColumnReference Column="Column28" /></Identifier></ScalarOperator></Arithmetic></ScalarOperator></ColumnReference></Identifier></ScalarOperator></DefinedValue><DefinedValue><ColumnReference Column="Expr1007" /><ScalarOperator ScalarString="ScalarString143"><Identifier><ColumnReference Column="Column162"><ScalarOperator><Intrinsic FunctionName="Function3" /></ScalarOperator></ColumnReference></Identifier></ScalarOperator></DefinedValue></DefinedValues><RelOp AvgRowSize="32" EstimateCPU="1E-07" EstimateIO="0" EstimateRebinds="0" EstimateRewinds="0" EstimatedExecutionMode="Row" EstimateRows="1" LogicalOp="Compute Scalar" NodeId="2" Parallel="false" PhysicalOp="Compute Scalar" EstimatedTotalSubtreeCost="0.00046018"><OutputList><ColumnReference Table="Object21" Alias="Object18" Column="Column2" /><ColumnReference Table="Object21" Alias="Object18" Column="Column9" /><ColumnReference Table="Object21" Alias="Object18" Column="Column10" /><ColumnReference Table="Object21" Alias="Object18" Column="Column8" /><ColumnReference Table="Object21" Alias="Object18" Column="Column5" /><ColumnReference Column="Expr1004" /></OutputList><RunTimeInformation><RunTimeCountersPerThread Thread="0" ActualRows="1" Batches="0" ActualEndOfScans="1" ActualExecutions="1" ActualExecutionMode="Row" ActualElapsedms="0" ActualCPUms="0" /></RunTimeInformation><ComputeScalar ComputeSequence="true"><DefinedValues><DefinedValue><ColumnReference Column="Expr1004" /><ScalarOperator ScalarString="ScalarString207"><Intrinsic FunctionName="Function8"><ScalarOperator><Const ConstValue="Value39" /></ScalarOperator><ScalarOperator><Const ConstValue="Value40" /></ScalarOperator><ScalarOperator><Const ConstValue="Value7" /></ScalarOperator></Intrinsic></ScalarOperator></DefinedValue></DefinedValues><RelOp AvgRowSize="24" EstimateCPU="4.8E-07" EstimateIO="0" EstimateRebinds="0" EstimateRewinds="0" EstimatedExecutionMode="Row" EstimateRows="1" LogicalOp="Filter" NodeId="3" Parallel="false" PhysicalOp="Filter" EstimatedTotalSubtreeCost="0.00046008"><OutputList><ColumnReference Table="Object21" Alias="Object18" Column="Column2" /><ColumnReference Table="Object21" Alias="Object18" Column="Column9" /><ColumnReference Table="Object21" Alias="Object18" Column="Column10" /><ColumnReference Table="Object21" Alias="Object18" Column="Column8" /><ColumnReference Table="Object21" Alias="Object18" Column="Column5" /></OutputList><RunTimeInformation><RunTimeCountersPerThread Thread="0" ActualRows="1" Batches="0" ActualEndOfScans="1" ActualExecutions="1" ActualExecutionMode="Row" ActualElapsedms="0" ActualCPUms="0" /></RunTimeInformation><Filter StartupExpression="false"><RelOp AvgRowSize="24" EstimateCPU="0.0004596" EstimateIO="0" EstimateRebinds="0" EstimateRewinds="0" EstimatedExecutionMode="Row" EstimateRows="1" EstimatedRowsRead="1" LogicalOp="Index Scan" NodeId="4" Parallel="false" PhysicalOp="Index Scan" EstimatedTotalSubtreeCost="0.0004596" TableCardinality="1"><OutputList><ColumnReference Table="Object21" Alias="Object18" Column="Column2" /><ColumnReference Table="Object21" Alias="Object18" Column="Column9" /><ColumnReference Table="Object21" Alias="Object18" Column="Column10" /><ColumnReference Table="Object21" Alias="Object18" Column="Column8" /><ColumnReference Table="Object21" Alias="Object18" Column="Column5" /></OutputList><RunTimeInformation><RunTimeCountersPerThread Thread="0" ActualRows="1" Batches="0" ActualEndOfScans="1" ActualExecutions="1" ActualExecutionMode="Row" ActualElapsedms="0" ActualCPUms="0" /></RunTimeInformation><IndexScan Ordered="false" ForcedIndex="false" ForceSeek="false" ForceScan="false" NoExpandHint="false" Storage="MemoryOptimized"><DefinedValues><DefinedValue><ColumnReference Table="Object21" Alias="Object18" Column="Column2" /></DefinedValue><DefinedValue><ColumnReference Table="Object21" Alias="Object18" Column="Column9" /></DefinedValue><DefinedValue><ColumnReference Table="Object21" Alias="Object18" Column="Column10" /></DefinedValue><DefinedValue><ColumnReference Table="Object21" Alias="Object18" Column="Column8" /></DefinedValue><DefinedValue><ColumnReference Table="Object21" Alias="Object18" Column="Column5" /></DefinedValue></DefinedValues><Object Table="Object21" Index="Index17" Alias="Object18" IndexKind="NonClustered" Storage="MemoryOptimized" /></IndexScan></RelOp><Predicate><ScalarOperator ScalarString="ScalarString208"><Compare CompareOp="NE"><ScalarOperator><Identifier><ColumnReference Table="Object21" Alias="Object18" Column="Column10" /></Identifier></ScalarOperator><ScalarOperator><Identifier><ColumnReference Table="Object21" Alias="Object18" Column="Column9" /></Identifier></ScalarOperator></Compare></ScalarOperator></Predicate></Filter></RelOp></ComputeScalar></RelOp></ComputeScalar></RelOp></Update></RelOp><ParameterList><ColumnReference Column="Column157" ParameterDataType="uniqueidentifier" ParameterCompiledValue="Value7" ParameterRuntimeValue="Value7" /><ColumnReference Column="Column156" ParameterDataType="tinyint" ParameterCompiledValue="Value5" ParameterRuntimeValue="Value5" /><ColumnReference Column="Column155" ParameterDataType="int" ParameterCompiledValue="Value5" ParameterRuntimeValue="Value5" /><ColumnReference Column="Column154" ParameterDataType="int" ParameterCompiledValue="Value5" ParameterRuntimeValue="Value5" /><ColumnReference Column="Column153" ParameterDataType="int" ParameterCompiledValue="Value8" ParameterRuntimeValue="Value8" /><ColumnReference Column="Column152" ParameterDataType="int" ParameterCompiledValue="Value9" ParameterRuntimeValue="Value9" /><ColumnReference Column="Column151" ParameterDataType="nvarchar(200)" ParameterCompiledValue="Value10" ParameterRuntimeValue="Value10" /><ColumnReference Column="Column28" ParameterDataType="nvarchar(max)" ParameterRuntimeValue="Value1" /><ColumnReference Column="Column161" ParameterDataType="nvarchar(max)" ParameterCompiledValue="Value14" ParameterRuntimeValue="Value11" /><ColumnReference Column="Column150" ParameterDataType="nvarchar(250)" ParameterCompiledValue="Value10" ParameterRuntimeValue="Value10" /><ColumnReference Column="Column29" ParameterDataType="bigint" ParameterCompiledValue="Value4" ParameterRuntimeValue="Value4" /><ColumnReference Column="Column149" ParameterDataType="int" ParameterCompiledValue="Value12" ParameterRuntimeValue="Value12" /><ColumnReference Column="Column148" ParameterDataType="nvarchar(50)" ParameterCompiledValue="Value13" ParameterRuntimeValue="Value13" /><ColumnReference Column="Column30" ParameterDataType="int" ParameterCompiledValue="Value3" ParameterRuntimeValue="Value3" /><ColumnReference Column="Column147" ParameterDataType="int" ParameterCompiledValue="Value5" ParameterRuntimeValue="Value5" /></ParameterList></QueryPlan></StmtSimple></Statements></Batch></BatchSequence></ShowPlanXML>